Round 36 - Fri Mar 20 14:37:41 UTC 2026
[0;34m[14:37:41][0m Using git remote: origin
[0;34m[14:37:41][0m Pulling latest changes...
From github.com:Transformer666/es2_mudlib
 * branch            main       -> FETCH_HEAD
Already up to date.

=========================================
  ES2 Agent Pipeline v2
  Phase: all
  Start: 2026-03-20 14:37:41
=========================================

[0;34m[14:37:44][0m === Phase: Analyze ===
[0;34m[14:37:44][0m Step: Scan existing content
`docs/missing_content.json` 已更新。掃描摘要：

| 類別 | 需要 | 已實作 | 缺少 |
|------|------|--------|------|
| 種族 | 11 | 11 | 0 |
| 職業 | 7 | 7+2 | 0 |
| 門派 daemon | 18 | 18 | 1 (天月庵有區域但缺 sect daemon) |
| 技能 | — | 75 | — |
| 區域 | — | 54 | 22 個地圖地點未建 |
| 房間 | — | 459 | — |
| NPC | — | 268 | — |
| 任務 | 15 | 0 | 15 (雪亭7謎 + 五堂6謎 + 十三靈2) |

主要缺口：
- **天月庵** (`tianyue`) — 區域已有 6 房間 + 4 NPC，但缺 `daemon/sect/tianyue.c`
- **任務系統** — 完全未實作（0/15）
- **22 個地圖地點** 尚未建立（真郡大山、太乙殿、風城等）
- **8 個 stub 城鎮** 需擴展（龍安、京畿、康平等）
[0;32m[OK][0m Scan existing content
