Round 3 - Fri Mar 20 10:42:09 UTC 2026
[0;34m[10:42:09][0m Using git remote: origin
[0;34m[10:42:09][0m Pulling latest changes...
From github.com:Transformer666/es2_mudlib
 * branch            main       -> FETCH_HEAD
Already up to date.

=========================================
  ES2 Agent Pipeline v2
  Phase: all
  Start: 2026-03-20 10:42:09
=========================================

[0;34m[10:42:12][0m === Phase: Analyze ===
[0;34m[10:42:12][0m Step: Scan existing content
The existing file is already accurate — all counts match the fresh scan (11 races, 9 classes, 18 sects, 75 skills, 459 rooms, 268 NPCs, 124 NPC equipment, 54 areas, 0 quests). No changes needed.

Here's the summary:

| Category | Required | Implemented | Missing |
|----------|----------|-------------|---------|
| Races | 11 | 11 | 0 |
| Classes | 7 | 9 (+commoner, fighter) | 0 |
| Sects | 18 | 18 | 1 (tianyue daemon; tianxie is extra) |
| Skills | — | 75 | — |
| Areas | — | 54 | 21 map locations not built |
| Rooms | — | 459 | — |
| NPCs | — | 268 | — |
| Quests | 13+ | 0 | All (7 雪亭謎 + 6 五堂謎) |

**Key gaps:**
1. **tianyue (天月庵)** — area exists (6 rooms, 4 NPCs) but sect daemon missing
2. **Quest system** — 0 quests implemented; 13+ defined in wiki
3. **21 map locations** not yet built (真郡大山, 太乙殿, 風城, 水月村, etc.)
4. **8 stub towns** (longan, jingji, kangping, choyin, sanyen, weiguo, baihua, lee) have basic rooms but need expansion
[0;32m[OK][0m Scan existing content
