Round 80 - Sat Mar 21 12:09:49 UTC 2026
[0;34m[12:09:49][0m Using git remote: origin
[0;34m[12:09:49][0m Pulling latest changes...
From github.com:Transformer666/es2_mudlib
 * branch            main       -> FETCH_HEAD
Already up to date.

=========================================
  ES2 Agent Pipeline v2
  Phase: all
  Start: 2026-03-21 12:09:49
=========================================

[0;34m[12:09:51][0m === Phase: Analyze (bash-native, no agent) ===
[0;34m[12:09:52][0m Analyze complete:
[0;34m[12:09:52][0m   Races: 11/11 | Classes: 9/7 | Sects: 18/18
[0;34m[12:09:52][0m   Skills: 75 (missing: 40) | Rooms: 483 | NPCs: 287
[0;34m[12:09:52][0m   Quests: 14 | Equipment: 282
[0;34m[12:09:52][0m   Total missing: 40
[0;32m[OK][0m Analyze phase
[0;34m[12:09:52][0m === Phase: Build ===
[0;34m[12:09:52][0m Step: Audit area: stub_towns
## stub_towns 審查結果

全部 8 個 stub 城鎮已審查完畢，以下為總結：

### 審查項目一覽

| 城鎮 | 廣場 | 街道x2 | 客棧(INN) | 商店 | 城門 | 廟(TEMPLE) | 客棧老闆 | 守衛 | 商人 | 出口雙向 | objects存在 |
|------|------|--------|-----------|------|------|------------|----------|------|------|----------|-------------|
| longan 龍安 | OK | OK | OK | OK | OK | OK | OK | OK | OK | OK | OK |
| jingji 京畿 | OK | OK | OK | OK | OK | OK | OK | OK | OK | OK | OK |
| kangping 康平 | OK | OK | OK | OK | OK | OK | OK | OK | OK | OK | OK |
| sanyen 三掩 | OK | OK | OK | OK | OK | OK | OK | OK | OK | OK | OK |
| lee 李家村 | OK | OK | OK | OK | OK | OK* | OK | OK | OK | OK | OK |
| choyin 喬陰 | OK | OK | OK | OK | OK | OK | OK | OK | OK | OK | OK |
| baihua 百花 | OK | OK | OK | OK | OK | OK | OK | OK | OK | OK | OK |
| weiguo 衛國 | OK | OK | OK | OK | OK | OK | OK | OK | OK | OK | OK |

### 唯一備註

**lee（李家村）**：沒有獨立的 `temple.c`，但 `ancestral_hall.c`（李家祠堂）已正確使用 `inherit TEMPLE` + `replace_program(TEMPLE)`，功能上等同於廟。對一個小村莊來說，祠堂取代廟是合理的設計選擇。

### 詳細結果

- **出口雙向連結**：全部 8 個城鎮的所有內部出口皆為雙向，跨區外部出口也已確認雙向
- **set("objects") 檔案引用**：所有引用的 NPC 檔案皆存在，零遺失
- **客棧**：全部 8 個 `inn.c` 皆正確使用 `inherit INN`、`set("valid_startroom", 1)`、`set("no_fight", 1)`
- **廟**：全部 temple/shrine 皆正確使用 `inherit TEMPLE` + `replace_program(TEMPLE)`

**stub_towns: complete** — 無需建立新檔案。
[0;32m[OK][0m Audit area: stub_towns
[0;34m[12:13:16][0m Step: Audit skills
## 技能 Daemon 完整性審查報告

### 1. 門派引用的技能（20 個唯一技能）

| 門派 | 引用技能 | 對應 daemon |
|------|---------|-------------|
| 封山派 | fengshan sword | fengshan_sword.c ✓ |
| 冷梅莊 | lengmei sword | lengmei_sword.c ✓ |
| 哭笑門 | sword | sword.c ✓ |
| 雪吟莊 | sword | sword.c ✓ |
| 虎刀門 | tiger blade | tiger_blade.c ✓ |
| 寶蓮寺 | staff | staff.c ✓ |
| 白象寺 | diamond hammer, staff | diamond_hammer.c ✓, staff.c ✓ |
| 天師派 | taiyi sword, ziwei neigong | taiyi_sword.c ✓, ziwei_neigong.c ✓ |
| 茅山派 | maoshan sword, maoshan neigong, taoshan milu | 全部 ✓ |
| 瑯夷 | dagger | dagger.c ✓ |
| 隱教 | dagger | dagger.c ✓ |
| 龍圖丹派 | longttu neigong, needle | 全部 ✓ |
| 武陀 | five defeat needle, amazing needle | 全部 ✓ |
| 劍甲門 | sword, needle | 全部 ✓ |
| 步玄派 | three rotations | three_rotations.c ✓ |
| 玄天教 | sword | sword.c ✓ |
| 振武軍營 | tactic, pike | 全部 ✓ |
| 天邪派 | phantom sword | phantom_sword.c ✓ |

### 2. skill_improved / skill_advanced 檢查

**75/75 個 skill daemon 都有 `skill_improved()` 和 `skill_advanced()`** ✓

### 3. 戰鬥技能 actions 數量檢查

- **41 個戰鬥技能** 全部有 6-8 個 actions ✓
- 基礎武器技能（sword, blade 等）有 6-8 個
- 門派武功（fengshan_sword 等）全部有 6 個
- **spider_array.c** 無 actions mapping（特殊技能，陣法類，非標準戰鬥技能）

### 4. 審查結論

| 項目 | 結果 |
|------|------|
| 缺少的技能 daemon | **0 個** |
| 缺少 skill_improved/skill_advanced | **0 個** |
| 戰鬥技能 actions 不足 6 個 | **0 個**（spider_array 為陣法類特殊技能） |
| 本次需建立 | **0 個** |
| 剩餘待處理 | **0 個** |

**所有門派引用的技能都有對應的 daemon 檔案，且所有 daemon 都具備完整的 `skill_improved()`、`skill_advanced()` 實作，戰鬥技能的 actions 數量均符合 ≥6 的要求。技能系統完整無缺。**
[0;32m[OK][0m Audit skills
[0;34m[12:16:21][0m Step: Audit quests
Now let me compile the analysis.

## 任務系統審查結果

### 雪亭鎮 7 謎 — 對應任務

| # | 謎題 | quest flag | NPC/檔案 | 獎勵 |
|---|------|-----------|----------|------|
| 1 | 阿寶在老榕樹等的人是誰？ | `arbao_letter_done` | arbao.c | 80 |
| 2 | 瞎眼婆婆的真實身分？ | `gammer_identity_done` | gammer.c | 120 |
| 3 | 貨棧搬箱子算不算勞動？ | `foreman_crate_done` | foreman.c | 50 |
| 4 | 驛站遺失了幾封信？ | `postman_delivery_done` | postman.c | 100 |
| 5 | 想不想加入振武軍營？ | `recruiter_enlist_done` | recruiter.c | 50 |
| 6 | 破舊的老宅裡藏了什麼？ | `manor_secret_done` | manor_cellar.c | 60 |
| 7 | 黑袍老人的女兒去了哪裡？ | `darkrobe_daughter_done` | darkrobe.c | 150 |

**全部 7/7 已實作** ✓

額外任務（不在 7 謎中）：
- `old_beggar_done` — 老乞丐（200 分，多階段任務）
- `escort_guide_done` — 護送任務（30 分）

### 五堂鎮 6 謎 — 對應任務

| # | 謎題 | quest flag | NPC/檔案 | 獎勵 |
|---|------|-----------|----------|------|
| 1 | 飲血丟在了哪裡？ | `yinxue_found_done` | river_bend.c | 120 |
| 2 | 巫山之中神秘雕像有何秘密？ | `wushan_statue_done` | wushan_secret.c | 200 |
| 3 | 郭布要收的徒弟在哪裡？ | `guobu_apprentice_done` | guobu.c | 80 |
| 4 | 鎮天神廟內藏著誰？ | `temple_master_done` | temple_master.c | 150 |
| 5 | 別館內的欽差來五堂要做甚麼？ | `inspector_case_done` | inspector.c | 80 |
| 6 | 過河的船在哪裡？ | `ferryman_guide_done` | ferryman.c | 50 |

**全部 6/6 已實作** ✓

### 統計

- **已有 15 個任務**（雪亭鎮 9 個 + 五堂鎮 6 個）
- **本次新增 0 個** — 所有「雪亭鎮 7 謎」和「五堂鎮 6 謎」均已有完整的任務邏輯實作
- 所有任務均使用 `pending/` 追蹤進度、`quest/*_done` 標記完成、`gain_score("quest", N)` 給予獎勵
- `pending/` 機制也被拜師系統廣泛使用（已排除，共涉及 18 個門派 master）

任務系統完整，無缺漏。
[0;32m[OK][0m Audit quests
[0;34m[12:17:27][0m === Phase: Validate ===
[0;34m[12:17:27][0m Step: Static validation
## 靜態驗證報告

### 主測試套件 (`run_tests.sh all`)
| 結果 | 數量 |
|------|------|
| **PASS** | 3556 |
| **FAIL** | 25 |
| **WARN** | 46 |

主要 FAIL 包含：
- 部分房間缺少 inherit（如 `d/longan/temple`、`d/snow/bazar`、`d/snow/small_temple`）
- 4 個雙向出口不匹配（`ngate→entrance`、`tree→square`、`mountain_road2→mountain_path`、`gate→watchtower`）

---

### 額外檢查

**1. `set("aggressive", 1)` 誤用** — **PASS** (0 matches)
沒有任何檔案使用錯誤的 `set("aggressive", 1)`，全部正確使用 `set("attitude", "aggressive")`。

**2. skill daemon 含 `skill_improved`** — **PASS** (75/75)
所有 75 個 skill daemon 都包含 `skill_improved`，每個檔案至少 1 次。

**3. lv50+ 掌門含 `vision_of_ghost`** — **FAIL** (2 missing)

| NPC | 等級 | vision_of_ghost |
|-----|------|-----------------|
| `d/tianxie/npc/daxiedaoren.c` | 75 | **缺少** |
| `d/hudao/npc/sunyi.c` | 55 | **缺少** |

其餘 8 位 lv50+ 掌門皆已正確設置。

---

### 總結
- 主測試：**3556 PASS / 25 FAIL / 46 WARN**
- 額外檢查：**2 PASS / 1 FAIL**（2 個掌門缺少 `vision_of_ghost`）
[0;32m[OK][0m Static validation
[0;34m[12:19:20][0m Pipeline complete: 5 ok, 0 warnings.
[main cc18afc] feat: auto-implement content via pipeline v2 [2026-03-21 12:19:20]
 4 files changed, 387 insertions(+), 1 deletion(-)
 create mode 100644 docs/loop_logs/round_20260321_120949.log
To github.com:Transformer666/es2_mudlib.git
   8ebd861..cc18afc  main -> main
[0;32m[OK][0m Final commit pushed to origin.

=========================================
  Pipeline complete!
  Completed: 6 | Warnings: 0
  End: 2026-03-21 12:19:20
=========================================
