Round 37 - Fri Mar 20 14:45:44 UTC 2026
[0;34m[14:45:44][0m Using git remote: origin
[0;34m[14:45:44][0m Pulling latest changes...
From github.com:Transformer666/es2_mudlib
 * branch            main       -> FETCH_HEAD
Already up to date.

=========================================
  ES2 Agent Pipeline v2
  Phase: all
  Start: 2026-03-20 14:45:44
=========================================

[0;34m[14:45:46][0m === Phase: Analyze ===
[0;34m[14:45:46][0m Step: Scan existing content
掃描完成，摘要如下：

| 類別 | 需要 | 已有 | 缺少 |
|------|------|------|------|
| 種族 daemon | 11 | 11 | 0 |
| 職業 daemon | 7 | 9 (含 commoner/fighter) | 0 |
| 門派 daemon | 18 | 18 (tianyue 缺, tianxie 多) | 1 |
| 技能 daemon | — | 75 | — |
| 區域目錄 | — | 54 | — |
| 房間 | — | 459 | — |
| NPC | — | 268 | — |
| 任務 (Quest) | 15 | 0 | 15 |
| 未建地圖地點 | 22 | 0 | 22 |
| Stub 城鎮待擴展 | 8 | — | — |

主要缺口：
- **tianyue（天月庵）** 有區域但無 sect daemon
- **任務系統** 完全未實作（雪亭七謎 + 五堂六謎 + 十三靈任務）
- **22 個地圖地點** 尚未建置
- **8 個 stub 城鎮** 需要擴展內容
[0;32m[OK][0m Scan existing content
