Round 31 - Sat Mar 21 00:30:39 UTC 2026
[0;34m[00:30:39][0m Using git remote: origin
[0;34m[00:30:39][0m Pulling latest changes...
From github.com:Transformer666/es2_mudlib
 * branch            main       -> FETCH_HEAD
Already up to date.

=========================================
  ES2 Agent Pipeline v2
  Phase: all
  Start: 2026-03-21 00:30:39
=========================================

[0;34m[00:30:42][0m === Phase: Analyze (bash-native, no agent) ===
[0;34m[00:30:43][0m Analyze complete:
[0;34m[00:30:43][0m   Races: 11/11 | Classes: 9/7 | Sects: 18/18
[0;34m[00:30:43][0m   Skills: 75 (missing: 40) | Rooms: 480 | NPCs: 286
[0;34m[00:30:43][0m   Quests: 14 | Equipment: 282
[0;34m[00:30:43][0m   Total missing: 40
[0;32m[OK][0m Analyze phase
[0;34m[00:30:43][0m === Phase: Build ===
[0;34m[00:30:43][0m Step: Audit area: stub_towns
## 審查結果

### 8 個 stub 城鎮完整性檢查

| 城鎮 | 房間 | NPC | 物品 | INN | TEMPLE | 商店 | 城門 | 守衛 |
|------|------|-----|------|-----|--------|------|------|------|
| 龍安 longan | 14 | 12 | 2 | ✓ | ✓ | ✓ | ✓ | ✓ |
| 京畿 jingji | 13 | 10 | 3 | ✓ | ✓ | ✓ | ✓ | ✓ |
| 康平 kangping | 13 | 11 | 2 | ✓ | ✓ | ✓ | ✓ | ✓ |
| 三掩 sanyen | 11 | 8 | 2 | ✓ | ✓ | ✓ | ✓ | ✓ |
| 離 lee | 9 | 6 | 2 | ✓ | ✓ | ✓ | ✓ | ✓ |
| 喬陰 choyin | 11 | 8 | 4 | ✓ | ✓ | ✓ | ✓ | ✓ |
| 百花 baihua | 11 | 8 | 3 | ✓ | ✓ | ✓ | ✓ | ✓ |
| 衛國 weiguo | 12 | 9 | 3 | ✓ | ✓ | ✓ | ✓ | ✓ |

### 驗證通過項目 (46/48)
- 所有房間：inherit、set("short")、setup()、replace_program ✓
- 所有 NPC：#include、inherit F_*、set_name、setup() ✓
- 所有出口：雙向連結 ✓
- 所有 objects：引用的 NPC 檔案都存在 ✓
- 所有 INN：valid_startroom + no_fight ✓
- 所有 TEMPLE：replace_program(TEMPLE) ✓

### 修復的 2 個問題
1. **`mudlib/d/longan/npc/black_dragon.c`** — lv65 黑龍加入 `set_temp("apply/vision_of_ghost", 1)`
2. **`mudlib/d/kangping/npc/red_dragon.c`** — lv65 赤龍加入 `set_temp("apply/vision_of_ghost", 1)`

除了這兩個 vision_of_ghost 修復外，8 個 stub 城鎮的內容都是完整的，不需要建立新檔案。
[0;32m[OK][0m Audit area: stub_towns
[0;34m[00:38:36][0m Step: Audit skills
## 審查結果：技能 Daemon 完整性報告

### 1. 門派引用的技能清單（20 個，來自 18 個門派）

| 門派 | 引用技能 |
|------|---------|
| 步玄 | three rotations |
| 五毒 | five defeat needle, amazing needle |
| 浪一 | dagger |
| 蒹葭 | sword, needle |
| 冷梅 | lengmei sword |
| 天邪 | phantom sword |
| 白象 | diamond hammer, staff |
| 龍圖 | longttu neigong, needle |
| 血隱 | sword |
| 天師 | taiyi sword, ziwei neigong |
| 真武 | tactic, pike |
| 虎刀 | tiger blade |
| 玄天 | sword |
| 銀蛟 | dagger |
| 風山 | fengshan sword |
| 寶蓮 | staff |
| 茅山 | maoshan sword, maoshan neigong, taoshan milu |
| 苦笑 | sword |

### 2. Daemon 檔案對應檢查

**全部 20 個技能都有對應的 `.c` 檔案** — 無缺少。

### 3. skill_improved / skill_advanced 檢查

**全部 75 個 skill daemon 都有 `skill_improved` 和 `skill_advanced`** — 無遺漏。

### 4. 戰鬥技能 actions 數量檢查（需 >= 6）

| 技能 | actions 數 | 狀態 |
|------|-----------|------|
| three_rotations | 6 | OK |
| five_defeat_needle | 6 | OK |
| amazing_needle | 6 | OK |
| lengmei_sword | 6 | OK |
| phantom_sword | 6 | OK |
| diamond_hammer | 6 | OK |
| taiyi_sword | 6 | OK |
| tactic | 6 | OK |
| tiger_blade | 6 | OK |
| fengshan_sword | 6 | OK |
| maoshan_sword | 6 | OK |
| dagger | 6 | OK |
| sword | 8 | OK |
| needle | 6 | OK |
| staff | 6 | OK |
| pike | 7 | OK |

### 5. 內功技能函數檢查

全部 4 個內功（longttu_neigong, ziwei_neigong, maoshan_neigong, taoshan_milu）都有 `do_exercise`、`halt_exercise`、`exert_function`。

### 結論

- **缺少：0 個**
- **本次建立：0 個**
- **剩餘待處理：0 個**

所有門派 daemon 引用的技能都已有完整的 skill daemon 實作，且符合規範要求（skill_improved/skill_advanced、actions >= 6、內功三函數齊全）。技能系統完整性良好。
[0;32m[OK][0m Audit skills
[0;34m[00:39:48][0m Step: Audit quests
## 任務系統完整性審查結果

### 雪亭鎮 7 謎 — 全部已實作 (7/7)

| # | 謎題 | NPC/房間 | Quest Flag | 獎勵 |
|---|------|----------|------------|------|
| 1 | 阿寶在老榕樹等的人是誰？ | `arbao.c` → `square.c` | `quest/arbao_letter_done` | 80 score + 50 coins |
| 2 | 瞎眼婆婆的真實身分？ | `gammer.c` → `square.c` | `quest/gammer_identity_done` | 120 score |
| 3 | 貨棧搬箱子算不算勞動？ | `foreman.c` → `store.c` | `quest/foreman_crate_done` | 50 score + 100 coins |
| 4 | 驛站遺失了幾封信？ | `postman.c` → `post_office.c` | `quest/postman_delivery_done` | 100 score + 100 coins |
| 5 | 想不想加入振武軍營？ | `recruiter.c` → `military_camp.c` | `quest/recruiter_enlist_done` | 50 score |
| 6 | 破舊的老宅裡藏了什麼？ | `manor_cellar.c` | `quest/manor_secret_done` | 60 score + 3 silver + journal |
| 7 | 黑袍老人的女兒去了哪裡？ | `darkrobe.c` → `dilapidated_manor.c` | `quest/darkrobe_daughter_done` | 150 score + 5 silver |

額外任務：`old_beggar.c`（200 score）、`escort.c`（30 score）

### 五堂鎮 6 謎 — 全部已實作 (6/6)

| # | 謎題 | NPC/房間 | Quest Flag | 獎勵 |
|---|------|----------|------------|------|
| 1 | 飲血丟在了哪裡？ | `river_bend.c` | `quest/yinxue_found_done` | 120 score + 飲血劍 |
| 2 | 巫山之中神秘雕像有何秘密？ | `wushan_secret.c` | `quest/wushan_statue_done` | 200 score + 古卷 |
| 3 | 郭布要收的徒弟在哪裡？ | `guobu.c` → `street1.c` | `quest/guobu_apprentice_done` | 80 score + 200 coins |
| 4 | 鎮天神廟內藏著誰？ | `temple_master.c` → `temple.c` | `quest/temple_master_done` | 150 score + 玉牌 |
| 5 | 別館內的欽差來五堂要做甚麼？ | `inspector.c` → `court.c` | `quest/inspector_case_done` | 80 score + 5 silver |
| 6 | 過河的船在哪裡？ | `ferryman.c` → `dock.c` | `quest/ferryman_guide_done` | 50 score |

### 結論

- **已有 15 個任務**（雪亭 9 個 + 五堂 6 個），涵蓋所有 13 個謎題
- **本次新增 0 個** — 所有謎題均已有對應的任務實作
- 所有任務 NPC 均已正確載入到對應房間
- quest flag 命名一致（`quest/<id>_done`），pending flag 用於多步驟追蹤
- 初始 `grep -v master` 誤排了 `temple_master.c`，實際上五堂謎題 4 早已完成
[0;32m[OK][0m Audit quests
[main 2afaddb] feat: add quests
 2 files changed, 2 insertions(+)
[0;34m[00:42:27][0m === Phase: Validate ===
[0;34m[00:42:27][0m Step: Static validation
## 靜態驗證報告

### 主測試套件
| 結果 | 數量 |
|------|------|
| **PASS** | 3545 |
| **FAIL** | 23 |
| **WARN** | 46 |

FAIL 項目包含：
- **Room inherit missing** — `d/longan/temple`, `d/snow/bazar`, `d/snow/small_temple` 等（城隍廟/房間缺少正確 inherit）
- **雙向出口缺失** — 4 處單向出口：
  - `ngate`: northwest → entrance 缺 southeast 回程
  - `tree`: down → square 缺 up 回程
  - `mountain_road2`: west → mountain_path 缺 east 回程
  - `gate`: west → watchtower 缺 east 回程

### 額外檢查

| 檢查項目 | 結果 |
|----------|------|
| `set("aggressive", 1)` 誤用 | **PASS** — 0 筆（全部正確使用 attitude） |
| skill daemon 有 `skill_improved` | **PASS** — 全部 75 個 daemon 皆有 |
| lv50+ 掌門有 `vision_of_ghost` | **FAIL** — 2 個缺失 |

缺少 `vision_of_ghost` 的 NPC：
1. `d/tianxie/npc/daxiedaoren.c`
2. `d/hudao/npc/sunyi.c`
[0;32m[OK][0m Static validation
[0;34m[00:44:06][0m Pipeline complete: 5 ok, 0 warnings.
