Round 42 - Sat Mar 21 02:57:39 UTC 2026
[0;34m[02:57:39][0m Using git remote: origin
[0;34m[02:57:39][0m Pulling latest changes...
From github.com:Transformer666/es2_mudlib
 * branch            main       -> FETCH_HEAD
Already up to date.

=========================================
  ES2 Agent Pipeline v2
  Phase: all
  Start: 2026-03-21 02:57:39
=========================================

[0;34m[02:57:41][0m === Phase: Analyze (bash-native, no agent) ===
[0;34m[02:57:42][0m Analyze complete:
[0;34m[02:57:42][0m   Races: 11/11 | Classes: 9/7 | Sects: 18/18
[0;34m[02:57:42][0m   Skills: 75 (missing: 40) | Rooms: 480 | NPCs: 286
[0;34m[02:57:42][0m   Quests: 14 | Equipment: 282
[0;34m[02:57:42][0m   Total missing: 40
[0;32m[OK][0m Analyze phase
[0;34m[02:57:42][0m === Phase: Build ===
[0;34m[02:57:42][0m Step: Audit area: stub_towns
Lee's `r2.c` is a 村口 (village entrance) with a guard NPC — functionally identical to other towns' `entrance.c`. This counts as the gate.

## 審查結果：stub_towns: complete

All 8 stub towns pass the completeness audit:

| 城鎮 | 房間數 | NPC數 | 出口雙向 | 必備設施 |
|------|--------|-------|----------|---------|
| **longan** 龍安 | 13 | 12 | ✓ 全部 | 9/9 ✓ |
| **jingji** 京畿 | 15 | 10 | ✓ 全部 | 9/9 ✓ |
| **kangping** 康平 | 13 | 11 | ✓ 全部 | 9/9 ✓ |
| **sanyen** 三掩 | 11 | 9 | ✓ 全部 | 9/9 ✓ |
| **lee** 離/李家村 | 9 | 3 | ✓ 全部 | 9/9 ✓ |
| **choyin** 喬陰 | 11 | 3 | ✓ 全部 | 9/9 ✓ |
| **baihua** 百花 | 11 | 3 | ✓ 全部 | 9/9 ✓ |
| **weiguo** 衛國 | 12 | 3 | ✓ 全部 | 9/9 ✓ |

每個城鎮都具備：
- ✓ 廣場、街道x2+、客棧(INN)、商店、城門/村口、城隍廟/祠堂(TEMPLE)
- ✓ 客棧老闆、守衛、商人 NPC
- ✓ 所有出口雙向連結
- ✓ 所有 `set("objects")` 指向存在的檔案

不需要建立任何新檔案。
[0;32m[OK][0m Audit area: stub_towns
[0;34m[03:00:41][0m Step: Audit skills
## 技能 Daemon 審查結果

| 項目 | 結果 |
|---|---|
| 門派數 | 18 個 |
| 引用的唯一技能數 | 20 個 |
| 缺少的 daemon 檔案 | **0 個** |
| 缺少 `skill_improved` / `skill_advanced` | **0 個** |
| 戰鬥技能 actions < 6 | **0 個** |

### 詳細結果

**所有 20 個技能 daemon 都已存在且完整：**

- **16 個戰鬥技能** — 全部有 `skill_improved`、`skill_advanced`，且 actions >= 6
  - `sword`(8 招)、`pike`(7 招)為最多，其餘均為 6 招
- **3 個內功技能** — `longttu_neigong`、`maoshan_neigong`、`ziwei_neigong`，正確無 actions
- **1 個特殊技能** — `taoshan_milu`（茅山秘籙）

共用技能：`sword` 被哭笑門/劍甲門/玄天教/雪吟莊共用，`dagger` 被瑯夷/隱教共用，`staff` 被寶蓮寺/白象寺共用，`needle` 被劍甲門/龍圖共用。

### 結論

- 缺少 **0** 個技能
- 本次建立 **0** 個
- 剩餘 **0** 個待下輪處理

所有門派引用的技能 daemon 皆已到位且結構完整，無需修補。
[0;32m[OK][0m Audit skills
[0;34m[03:03:08][0m Step: Audit quests
## 任務系統審查結果

### 現有任務統計

**雪亭鎮 7 謎 — 全部已實作：**

| # | 謎題 | NPC/檔案 | quest flag | 獎勵分數 |
|---|------|----------|-----------|---------|
| 1 | 阿寶在老榕樹等的人是誰？ | `arbao.c` | `arbao_letter_done` | 80 |
| 2 | 瞎眼婆婆的真實身分？ | `gammer.c` | `gammer_identity_done` | 120 |
| 3 | 貨棧搬箱子算不算勞動？ | `foreman.c` | `foreman_crate_done` | 50 |
| 4 | 驛站遺失了幾封信？ | `postman.c` + `herbalist.c` | `postman_delivery_done` | 100 |
| 5 | 想不想加入振武軍營？ | `recruiter.c` | `recruiter_enlist_done` | 50 |
| 6 | 破舊的老宅裡藏了什麼？ | `manor_cellar.c` | `manor_secret_done` | 60 |
| 7 | 黑袍老人的女兒去了哪裡？ | `darkrobe.c` + `girl.c` | `darkrobe_daughter_done` | 150 |

**雪亭鎮額外任務（不在 7 謎中）：**
- `old_beggar.c` → `old_beggar_done` (200分) — 多階段對話任務
- `escort.c` → `escort_guide_done` (30分) — 護送任務

**五堂鎮 6 謎 — 全部已實作：**

| # | 謎題 | NPC/檔案 | quest flag | 獎勵分數 |
|---|------|----------|-----------|---------|
| 1 | 飲血丟在了哪裡？ | `river_bend.c` | `yinxue_found_done` | 120 |
| 2 | 巫山之中神秘雕像有何秘密？ | `wushan_secret.c` | `wushan_statue_done` | 200 |
| 3 | 郭布要收的徒弟在哪裡？ | `guobu.c` + `boy.c` | `guobu_apprentice_done` | 80 |
| 4 | 鎮天神廟內藏著誰？ | `temple_master.c` | `temple_master_done` | 150 |
| 5 | 別館內的欽差來五堂要做甚麼？ | `inspector.c` + `storyteller.c` | `inspector_case_done` | 80 |
| 6 | 過河的船在哪裡？ | `ferryman.c` | `ferryman_guide_done` | 50 |

### 架構模式

所有任務一致使用：
- `pending/<id>` (set_temp) — 追蹤進行中的階段
- `quest/<id>_done` (set) — 永久完成標記
- `gain_score("quest", N)` — 獎勵分數
- 多階段任務用 `pending` 數值 1→2→... 推進

### 結論

**已有 15 個任務（雪亭 9 + 五堂 6），雪亭鎮 7 謎和五堂鎮 6 謎全部已有對應任務實作，本次新增 0 個。** 任務系統完整，無缺失的謎題。
[0;32m[OK][0m Audit quests
[0;34m[03:04:55][0m === Phase: Validate ===
[0;34m[03:04:55][0m Step: Static validation
## 靜態驗證報告

### 主測試套件 (`run_tests.sh all`)
| 結果 | 數量 |
|------|------|
| **PASS** | 3545 |
| **FAIL** | 23 |
| **WARN** | 46 |

主要 FAIL 包含：
- **Room inherit 缺失**：`d/longan/temple`、`d/snow/bazar`、`d/snow/small_temple` 等
- **雙向出口缺失**（4 個）：
  - `ngate`: northwest→entrance 缺少 southeast 回程
  - `tree`: down→square 缺少 up 回程
  - `mountain_road2`: west→mountain_path 缺少 east 回程
  - `gate`: west→watchtower 缺少 east 回程

### 額外檢查

| 檢查項目 | 結果 |
|----------|------|
| `set("aggressive", 1)` 誤用 | **PASS** — 0 筆，全部正確使用 `attitude` |
| skill daemon 有 `skill_improved` | **PASS** — 全部 75 個 daemon 皆有 (count=1) |
| lv50+ 掌門有 `vision_of_ghost` | **FAIL** — 2 個缺失 |

缺少 `vision_of_ghost` 的掌門：
1. `d/tianxie/npc/daxiedaoren.c` — vision_of_ghost=0
2. `d/hudao/npc/sunyi.c` — vision_of_ghost=0

### 總結
- 額外檢查：**2 PASS / 1 FAIL**
- 完整報告已寫入 `docs/test_report.md`
[0;32m[OK][0m Static validation
[0;34m[03:07:00][0m Pipeline complete: 5 ok, 0 warnings.
[main 3c31a7c] feat: auto-implement content via pipeline v2 [2026-03-21 03:07:00]
 4 files changed, 327 insertions(+), 1 deletion(-)
 create mode 100644 docs/loop_logs/round_20260321_025739.log
To github.com:Transformer666/es2_mudlib.git
   f70f9da..3c31a7c  main -> main
[0;32m[OK][0m Final commit pushed to origin.

=========================================
  Pipeline complete!
  Completed: 6 | Warnings: 0
  End: 2026-03-21 03:07:00
=========================================
