Round 52 - Sun Mar 22 05:19:55 UTC 2026
[0;34m[05:19:55][0m Using git remote: origin
[0;34m[05:19:55][0m Pulling latest changes...
From github.com:Transformer666/es2_mudlib
 * branch            main       -> FETCH_HEAD
Already up to date.

=========================================
  ES2 Agent Pipeline v2
  Phase: all
  Start: 2026-03-22 05:19:55
=========================================

[0;34m[05:19:58][0m === Phase: Analyze (bash-native, no agent) ===
[0;34m[05:19:59][0m Analyze complete:
[0;34m[05:19:59][0m   Races: 11/11 | Classes: 9/7 | Sects: 18/18
[0;34m[05:19:59][0m   Skills: 75 (missing: 40) | Rooms: 494 | NPCs: 309
[0;34m[05:19:59][0m   Quests: 14 | Equipment: 288
[0;34m[05:19:59][0m   Total missing: 40
[0;32m[OK][0m Analyze phase
[0;34m[05:19:59][0m === Phase: Build ===
[0;34m[05:19:59][0m Step: Audit area: stub_towns
**stub_towns: complete**

`stub_towns` 不是一個具體的區域目錄，而是 pipeline 中的概念 — 指房間數少於 5 個的不完整區域。根據 `docs/missing_content.json` 第 17 行：

```json
"areas": { "implemented": 54, "stub_towns": [] }
```

`stub_towns` 列表為空，表示所有 54 個區域都已有 5 個以上的房間，沒有需要補完的 stub 區域。
[0;32m[OK][0m Audit area: stub_towns
[0;34m[05:20:38][0m Step: Audit skills
## 技能 Daemon 完整性審查結果

### 1. 門派引用的技能（20 個）

| 門派 | 引用的技能 |
|------|-----------|
| 虎刀門 | tiger blade |
| 寶蓮寺 | staff |
| 封山派 | fengshan sword |
| 哭笑門 | sword |
| 劍甲門 | sword, needle |
| 龍圖丹派 | longttu neigong, needle |
| 白象寺 | diamond hammer, staff |
| 冷梅莊 | lengmei sword |
| 瑯夷 | dagger |
| 步玄派 | three rotations |
| 隱教 | dagger |
| 玄天教 | sword |
| 振武軍 | tactic, pike |
| 茅山派 | maoshan sword, maoshan neigong, taoshan milu |
| 天師派 | taiyi sword, ziwei neigong |
| 雪吟莊 | sword |
| 天邪派 | phantom sword |
| 武陀 | five defeat needle, amazing needle |

### 2. Daemon 檔案對應檢查

**全部 20 個技能都有對應的 `.c` 檔案** — 缺少 0 個。

### 3. 完整性檢查

| 項目 | 結果 |
|------|------|
| `skill_improved` | 20/20 全部具備 |
| `skill_advanced` | 20/20 全部具備 |
| 戰鬥技能 actions >= 6 | 16/16 全部通過（sword 有 8 招、pike 有 7 招，其餘 6 招） |
| 內功 `do_exercise` | 4/4 全部具備 |
| 內功 `halt_exercise` | 4/4 全部具備 |
| 內功 `exert_function` | 4/4 全部具備 |

### 4. 非門派技能（55 個）

其餘 55 個 skill daemon（基礎技能如 dodge/parry/force，以及其他門派武功如 fonxansword/cloudstaff 等）也全部通過完整性檢查。

### 總結

- **缺少：0 個**
- **本次建立：0 個**
- **剩餘待處理：0 個**

所有 75 個技能 daemon 均完整，門派引用的 20 個技能全部有對應檔案且功能齊全。
[0;32m[OK][0m Audit skills
[0;34m[05:23:07][0m Step: Audit quests
審查完成。以下是任務系統完整性報告：

## 任務系統審查結果

### 已有任務：15 個（全部完整）

**雪亭鎮 — 7 謎全部對應 + 2 個額外任務（共 9 個）**

| # | 謎題 | quest flag | NPC/房間 | 獎勵 | 載入房間 |
|---|------|-----------|---------|------|---------|
| 1 | 阿寶在老榕樹等的人是誰？ | `arbao_letter_done` | arbao.c | 80 | square.c ✓ |
| 2 | 瞎眼婆婆的真實身分？ | `gammer_identity_done` | gammer.c | 120 | square.c ✓ |
| 3 | 貨棧搬箱子算不算勞動？ | `foreman_crate_done` | foreman.c | 50 | store.c ✓ |
| 4 | 驛站遺失了幾封信？ | `postman_delivery_done` | postman.c | 100 | post_office.c ✓ |
| 5 | 想不想加入振武軍營？ | `recruiter_enlist_done` | recruiter.c | 50 | military_camp.c ✓ |
| 6 | 破舊的老宅裡藏了什麼？ | `manor_secret_done` | manor_cellar.c | 60 | (房間本身) ✓ |
| 7 | 黑袍老人的女兒去了哪裡？ | `darkrobe_daughter_done` | darkrobe.c + girl.c | 150 | dilapidated_manor.c ✓ |
| - | 老乞丐的考驗 | `old_beggar_done` | old_beggar.c | 200 | square_sw.c ✓ |
| - | 護衛帶路 | `escort_guide_done` | escort.c | 30 | square_s.c ✓ |

**五堂鎮 — 6 謎全部對應（共 6 個）**

| # | 謎題 | quest flag | NPC/房間 | 獎勵 | 載入房間 |
|---|------|-----------|---------|------|---------|
| 1 | 飲血丟在了哪裡？ | `yinxue_found_done` | river_bend.c | 120 | (房間本身) ✓ |
| 2 | 巫山之中神秘雕像有何秘密？ | `wushan_statue_done` | wushan_secret.c | 200 | (房間本身) ✓ |
| 3 | 郭布要收的徒弟在哪裡？ | `guobu_apprentice_done` | guobu.c + boy.c | 80 | street1.c / river_bend.c ✓ |
| 4 | 鎮天神廟內藏著誰？ | `temple_master_done` | temple_master.c | 150 | temple.c ✓ |
| 5 | 別館內的欽差來五堂要做甚麼？ | `inspector_case_done` | inspector.c + storyteller.c | 80 | court.c / inn_hall.c ✓ |
| 6 | 過河的船在哪裡？ | `ferryman_guide_done` | ferryman.c | 50 | dock.c ✓ |

### 結論

- **已有 15 個任務**，涵蓋雪亭鎮 7 謎和五堂鎮 6 謎的全部 13 道謎題，另加 2 個額外任務
- 所有任務都具備完整的 `pending/` 追蹤 → `quest/` 完成標記 → `gain_score("quest", N)` 獎勵流程
- 所有任務 NPC 均已正確載入到對應房間
- **本次新增 0 個**（無缺失任務需要補充）
[0;32m[OK][0m Audit quests
[0;34m[05:24:41][0m === Phase: Validate ===
[0;34m[05:24:41][0m Step: Static validation
## 靜態驗證報告

### 主測試套件 (`run_tests.sh all`)
| 結果 | 數量 |
|------|------|
| **PASS** | 3681 |
| **FAIL** | 24 |
| **WARN** | 52 |

完整報告已輸出至 `docs/test_report.md`。

### 額外檢查

| 檢查項目 | 結果 |
|----------|------|
| `set("aggressive", 1)` 誤用 | **PASS** — 0 筆匹配，全部正確使用 `attitude` |
| `skill_improved` 存在於所有 skill daemon | **PASS** — 75 個 skill daemon 全部包含 `skill_improved` (count >= 1) |
| lv50+ 掌門有 `vision_of_ghost` | **PASS** — 14 位掌門級 NPC 全部設有 `vision_of_ghost=1` |

### 需關注的 24 個 FAIL

從先前輸出可見至少包含：
- `d/longan/temple` — Room inherit missing（城隍廟應 inherit TEMPLE）
- `d/snow/bazar` — Room inherit missing

建議查看 `docs/test_report.md` 了解全部 24 個 FAIL 的詳細內容。
[0;32m[OK][0m Static validation
[0;34m[05:26:54][0m Pipeline complete: 5 ok, 0 warnings.
[main 96a3973] feat: auto-implement content via pipeline v2 [2026-03-22 05:26:54]
 4 files changed, 321 insertions(+), 9 deletions(-)
 create mode 100644 docs/loop_logs/round_20260322_051955.log
To github.com:Transformer666/es2_mudlib.git
   82121d9..96a3973  main -> main
[0;32m[OK][0m Final commit pushed to origin.

=========================================
  Pipeline complete!
  Completed: 6 | Warnings: 0
  End: 2026-03-22 05:26:54
=========================================
