Round 27 - Fri Mar 20 23:32:46 UTC 2026
[0;34m[23:32:46][0m Using git remote: origin
[0;34m[23:32:46][0m Pulling latest changes...
From github.com:Transformer666/es2_mudlib
 * branch            main       -> FETCH_HEAD
Already up to date.

=========================================
  ES2 Agent Pipeline v2
  Phase: all
  Start: 2026-03-20 23:32:46
=========================================

[0;34m[23:32:49][0m === Phase: Analyze (bash-native, no agent) ===
[0;34m[23:32:49][0m Analyze complete:
[0;34m[23:32:49][0m   Races: 11/11 | Classes: 9/7 | Sects: 18/18
[0;34m[23:32:49][0m   Skills: 75 (missing: 40) | Rooms: 480 | NPCs: 286
[0;34m[23:32:49][0m   Quests: 14 | Equipment: 282
[0;34m[23:32:49][0m   Total missing: 40
[0;32m[OK][0m Analyze phase
[0;34m[23:32:49][0m === Phase: Build ===
[0;34m[23:32:49][0m Step: Audit area: stub_towns
所有區域都有 5 個以上的 `.c` 檔案，所以 pipeline 的 `stub_towns`（< 5 rooms）列表為空。

**stub_towns: complete** — 目前沒有任何區域的房間數少於 5 個，不需要建立新檔案。

如果你想對特定區域做更深入的完整性檢查（例如檢查某些只有 5-6 個房間的區域如 hell、jianjia、maoshan 等是否缺少客棧、城隍廟、NPC 等），請告訴我要審查哪個區域。
[0;32m[OK][0m Audit area: stub_towns
[0;34m[23:33:45][0m Step: Audit skills
## 技能 Daemon 完整性審查結果

### 1. 門派引用的技能（20 個）

| 門派 | 引用技能 |
|------|---------|
| 封山派 | fengshan sword |
| 冷梅莊 | lengmei sword |
| 哭笑門 | sword |
| 雪吟莊 | sword |
| 虎刀門 | tiger blade |
| 寶蓮寺 | staff |
| 白象寺 | diamond hammer, staff |
| 天師派 | taiyi sword, ziwei neigong |
| 茅山派 | maoshan sword, maoshan neigong, taoshan milu |
| 瑯夷 | dagger |
| 隱教 | dagger |
| 龍圖丹派 | longttu neigong, needle |
| 武陀 | five defeat needle, amazing needle |
| 劍甲門 | sword, needle |
| 步玄派 | three rotations |
| 玄天教 | sword |
| 振武軍營 | tactic, pike |
| 天邪派 | phantom sword |

### 2. Daemon 檔案對應檢查

**全部 20 個技能都有對應的 daemon 檔案** — 缺少 0 個。

### 3. skill_improved / skill_advanced 檢查

**全部通過** — 所有 daemon 都包含 `skill_improved()` 和 `skill_advanced()`。

### 4. 戰鬥技能 actions 數量檢查（需 >= 6）

| 技能 | actions 數 | 狀態 |
|------|-----------|------|
| sword | 8 | OK |
| pike | 7 | OK |
| dagger | 6 | OK |
| needle | 6 | OK |
| staff | 6 | OK |
| tactic | 6 | OK |
| tiger blade | 6 | OK |
| fengshan sword | 6 | OK |
| lengmei sword | 6 | OK |
| maoshan sword | 6 | OK |
| phantom sword | 6 | OK |
| taiyi sword | 6 | OK |
| three rotations | 6 | OK |
| diamond hammer | 6 | OK |
| amazing needle | 6 | OK |
| five defeat needle | 6 | OK |

**全部通過** — 所有戰鬥技能都有 >= 6 個 actions。

### 5. 內功技能功能檢查

4 個內功 daemon 都包含 `do_exercise`、`halt_exercise`、`exert_function`。**全部通過**。

### 總結

- **缺少 0 個**技能 daemon
- **本次建立 0 個**
- **剩餘 0 個**待處理

所有門派引用的技能 daemon 都已存在且完整，無需建立新檔案。
[0;32m[OK][0m Audit skills
[0;34m[23:36:01][0m Step: Audit quests
All quest NPCs are loaded. Here's the complete audit result:

## 任務系統審查報告

### 已有任務：15 個

**雪亭鎮 7 謎 — 全部已實作 (7/7)**

| # | 謎題 | quest flag | NPC/檔案 | 獎勵 | 載入房間 |
|---|------|-----------|----------|------|---------|
| 1 | 阿寶在老榕樹等的人是誰？ | `arbao_letter_done` | arbao.c | 80 分 | square.c |
| 2 | 瞎眼婆婆的真實身分？ | `gammer_identity_done` | gammer.c | 120 分 | square.c |
| 3 | 貨棧搬箱子算不算勞動？ | `foreman_crate_done` | foreman.c | 50 分 | store.c |
| 4 | 驛站遺失了幾封信？ | `postman_delivery_done` | postman.c + herbalist.c | 100 分 | post_office.c |
| 5 | 想不想加入振武軍營？ | `recruiter_enlist_done` | recruiter.c | 50 分 | military_camp.c |
| 6 | 破舊的老宅裡藏了什麼？ | `manor_secret_done` | manor_cellar.c | 60 分 | (房間本身) |
| 7 | 黑袍老人的女兒去了哪裡？ | `darkrobe_daughter_done` | darkrobe.c + girl.c | 150 分 | dilapidated_manor.c / ruin2.c |

**五堂鎮 6 謎 — 全部已實作 (6/6)**

| # | 謎題 | quest flag | NPC/檔案 | 獎勵 | 載入房間 |
|---|------|-----------|----------|------|---------|
| 1 | 飲血丟在了哪裡？ | `yinxue_found_done` | river_bend.c + storyteller.c | 120 分 | (房間本身) / inn_hall.c |
| 2 | 巫山之中神秘雕像有何秘密？ | `wushan_statue_done` | wushan_secret.c | 200 分 | (房間本身) |
| 3 | 郭布要收的徒弟在哪裡？ | `guobu_apprentice_done` | guobu.c + boy.c | 80 分 | street1.c / river_bend.c |
| 4 | 鎮天神廟內藏著誰？ | `temple_master_done` | temple_master.c | 150 分 | temple.c |
| 5 | 別館內的欽差來五堂要做甚麼？ | `inspector_case_done` | inspector.c + storyteller.c | 80 分 | court.c / inn_hall.c |
| 6 | 過河的船在哪裡？ | `ferryman_guide_done` | ferryman.c | 50 分 | dock.c |

**額外任務 (2 個)**

| quest flag | NPC | 獎勵 | 載入房間 |
|-----------|-----|------|---------|
| `old_beggar_done` | old_beggar.c | 200 分 | square_sw.c |
| `escort_guide_done` | escort.c | 30 分 | square_s.c |

### 結論

- **已有 15 個任務**（雪亭鎮 9 個、五堂鎮 6 個）
- **本次新增 0 個** — 所有 13 個謎題已全部實作完成，所有 NPC 均已正確載入房間
- 所有任務使用一致的 `quest/<id>_done` + `pending/<id>` + `gain_score("quest", N)` 模式
- 獎勵範圍：30～200 分
[0;32m[OK][0m Audit quests
[0;34m[23:37:39][0m === Phase: Validate ===
[0;34m[23:37:39][0m Step: Static validation
## 靜態驗證報告

### 主測試套件 (`run_tests.sh all`)
| 項目 | 數量 |
|------|------|
| **PASS** | 3545 |
| **FAIL** | 23 |
| **WARN** | 46 |

主要 FAIL 類型：
- **Room inherit missing** — `d/longan/temple`、`d/snow/bazar`、`d/snow/small_temple` 等房間缺少正確 inherit
- **雙向出口缺失** — 4 處單向出口：
  - `ngate`: northwest→entrance 缺 southeast 回路
  - `tree`: down→square 缺 up 回路
  - `mountain_road2`: west→mountain_path 缺 east 回路
  - `gate`: west→watchtower 缺 east 回路

### 額外檢查

| 檢查項目 | 結果 |
|----------|------|
| `set("aggressive", 1)` 誤用 | **PASS** — 0 處（全部正確使用 attitude） |
| skill daemon 有 `skill_improved` | **PASS** — 75/75 全部具備 |
| lv50+ NPC 有 `vision_of_ghost` | **PASS** — 全部 60+ 個高等級 NPC 皆已設置 |

### 總結
額外三項檢查全部 **PASS**。主測試套件的 23 個 FAIL 主要集中在少數房間的 inherit 缺失和 4 個單向出口問題。完整報告在 `docs/test_report.md`。
[0;32m[OK][0m Static validation
[0;34m[23:39:11][0m Pipeline complete: 5 ok, 0 warnings.
