Round 24 - Fri Mar 20 13:09:48 UTC 2026
[0;34m[13:09:48][0m Using git remote: origin
[0;34m[13:09:48][0m Pulling latest changes...
From github.com:Transformer666/es2_mudlib
 * branch            main       -> FETCH_HEAD
Already up to date.

=========================================
  ES2 Agent Pipeline v2
  Phase: all
  Start: 2026-03-20 13:09:48
=========================================

[0;34m[13:09:50][0m === Phase: Analyze ===
[0;34m[13:09:50][0m Step: Scan existing content
掃描完成。摘要：

| 類別 | 應有 | 已實作 | 缺少 |
|------|------|--------|------|
| 種族 | 11 | 11 | 0 |
| 職業 | 7 | 9 (含 commoner/fighter) | 0 |
| 門派 daemon | 18 | 18 檔案 | **tianyue (天月庵)** — 有區域但缺 sect daemon |
| 技能 | — | 75 | — |
| 區域 | — | 54 | 22 個地圖地點未建置 |
| 房間 | — | 459 | — |
| NPC | — | 268 | — |
| 任務 | 15 | 0 | **全部** (雪亭7謎 + 五堂6謎 + 十三靈2) |

主要發現：
- **修正前版錯誤**：舊 JSON 誤報 tianyue sect daemon 存在，實際上 `mudlib/daemon/sect/tianyue.c` 不存在（tianxie 存在但 tianyue 缺失）
- 8 個 stub 城鎮待擴展（龍安、京畿、康平、三掩、離、喬陰、百花、衛國）
- 任務系統完全未實作（0/15）
- 茅山三觀、天師四衣派的子門派特化尚未實作
[0;32m[OK][0m Scan existing content
