Round 55 - Sat Mar 21 06:09:46 UTC 2026
[0;34m[06:09:46][0m Using git remote: origin
[0;34m[06:09:46][0m Pulling latest changes...
From github.com:Transformer666/es2_mudlib
 * branch            main       -> FETCH_HEAD
Already up to date.

=========================================
  ES2 Agent Pipeline v2
  Phase: all
  Start: 2026-03-21 06:09:46
=========================================

[0;34m[06:09:48][0m === Phase: Analyze (bash-native, no agent) ===
[0;34m[06:09:49][0m Analyze complete:
[0;34m[06:09:49][0m   Races: 11/11 | Classes: 9/7 | Sects: 18/18
[0;34m[06:09:49][0m   Skills: 75 (missing: 40) | Rooms: 483 | NPCs: 287
[0;34m[06:09:49][0m   Quests: 14 | Equipment: 282
[0;34m[06:09:49][0m   Total missing: 40
[0;32m[OK][0m Analyze phase
[0;34m[06:09:49][0m === Phase: Build ===
[0;34m[06:09:49][0m Step: Audit area: stub_towns
All areas have 5+ rooms, so there are no "stub towns" by the pipeline's definition (< 5 rooms).

**stub_towns: complete**

沒有任何區域的房間數量少於 5 個（pipeline 定義的 "stub town" 門檻），`docs/missing_content.json` 中的 `stub_towns` 陣列也是空的。所有 54 個區域都已超過最低房間數量要求。
[0;32m[OK][0m Audit area: stub_towns
[0;34m[06:10:26][0m Step: Audit skills
## 技能 Daemon 完整性審查報告

### 1. 門派引用的技能（共 20 個）

所有 18 個門派 `set("skills")` 中引用的技能名稱：

| # | 技能名稱 | 門派 | Daemon 檔案 |
|---|---------|------|------------|
| 1 | amazing needle | 武陀 | amazing_needle.c ✅ |
| 2 | dagger | 銀蛟/狼邑 | dagger.c ✅ |
| 3 | diamond hammer | 百象 | diamond_hammer.c ✅ |
| 4 | fengshan sword | 封山 | fengshan_sword.c ✅ |
| 5 | five defeat needle | 武陀 | five_defeat_needle.c ✅ |
| 6 | lengmei sword | 冷梅 | lengmei_sword.c ✅ |
| 7 | longttu neigong | 龍圖 | longttu_neigong.c ✅ |
| 8 | maoshan neigong | 茅山 | maoshan_neigong.c ✅ |
| 9 | maoshan sword | 茅山 | maoshan_sword.c ✅ |
| 10 | needle | 蒹葭/龍圖 | needle.c ✅ |
| 11 | phantom sword | 天邪 | phantom_sword.c ✅ |
| 12 | pike | 真武 | pike.c ✅ |
| 13 | staff | 寶蓮/百象 | staff.c ✅ |
| 14 | sword | 玄天/苦笑/蒹葭/血隱 | sword.c ✅ |
| 15 | tactic | 真武 | tactic.c ✅ |
| 16 | taiyi sword | 天師 | taiyi_sword.c ✅ |
| 17 | taoshan milu | 茅山 | taoshan_milu.c ✅ |
| 18 | three rotations | 布玄 | three_rotations.c ✅ |
| 19 | tiger blade | 虎道 | tiger_blade.c ✅ |
| 20 | ziwei neigong | 天師 | ziwei_neigong.c ✅ |

### 2. Daemon 檔案存在性

**20/20 全部存在** — 無缺少的技能 daemon。

### 3. skill_improved / skill_advanced 檢查

**20/20 全部包含** `skill_improved()` 和 `skill_advanced()`。

### 4. 戰鬥技能 actions 數量檢查（需 ≥ 6）

| 戰鬥技能 | actions 數量 | 狀態 |
|----------|-------------|------|
| amazing_needle | 6 | ✅ |
| dagger | 6 | ✅ |
| diamond_hammer | 6 | ✅ |
| fengshan_sword | 6 | ✅ |
| five_defeat_needle | 6 | ✅ |
| lengmei_sword | 6 | ✅ |
| maoshan_sword | 6 | ✅ |
| needle | 6 | ✅ |
| phantom_sword | 6 | ✅ |
| pike | 7 | ✅ |
| staff | 6 | ✅ |
| sword | 8 | ✅ |
| tactic | 6 | ✅ |
| taiyi_sword | 6 | ✅ |
| three_rotations | 6 | ✅ |
| tiger_blade | 6 | ✅ |

4 個內功技能（longttu_neigong, maoshan_neigong, taoshan_milu, ziwei_neigong）不需要 actions mapping。

### 5. 總結

- **缺少：0 個**
- **不完整：0 個**
- **本次建立：0 個**
- **剩餘待處理：0 個**

所有門派引用的技能 daemon 均已存在且完整，包含必要的 `skill_improved`、`skill_advanced` 函式，戰鬥技能皆有 ≥ 6 個招式。
[0;32m[OK][0m Audit skills
[0;34m[06:11:29][0m Step: Audit quests
Good, I have all the data. Let me compile the analysis.

## 任務系統完整性審查結果

### 已實作任務總覽

**雪亭鎮 7 謎 — 全部已實作 (7/7)**

| # | 謎題 | 檔案 | quest flag | 獎勵 |
|---|------|------|-----------|------|
| 1 | 阿寶在老榕樹等的人是誰？ | `npc/arbao.c` + `npc/recruiter.c` | `quest/arbao_letter_done` | 80 分 |
| 2 | 瞎眼婆婆的真實身分？ | `npc/gammer.c` | `quest/gammer_identity_done` | 120 分 |
| 3 | 貨棧搬箱子算不算勞動？ | `npc/foreman.c` | `quest/foreman_crate_done` | 50 分 |
| 4 | 驛站遺失了幾封信？ | `npc/postman.c` + `npc/herbalist.c` | `quest/postman_delivery_done` | 100 分 |
| 5 | 想不想加入振武軍營？ | `npc/recruiter.c` | `quest/recruiter_enlist_done` | 50 分 |
| 6 | 破舊的老宅裡藏了什麼？ | `manor_cellar.c` | `quest/manor_secret_done` | 60 分 |
| 7 | 黑袍老人的女兒去了哪裡？ | `npc/darkrobe.c` + `npc/girl.c` | `quest/darkrobe_daughter_done` | 150 分 |

**五堂鎮 6 謎 — 全部已實作 (6/6)**

| # | 謎題 | 檔案 | quest flag | 獎勵 |
|---|------|------|-----------|------|
| 1 | 飲血丟在了哪裡？ | `river_bend.c` | `quest/yinxue_found_done` | 120 分 |
| 2 | 巫山之中神秘雕像有何秘密？ | `wushan_secret.c` | `quest/wushan_statue_done` | 200 分 |
| 3 | 郭布要收的徒弟在哪裡？ | `npc/guobu.c` + `npc/boy.c` | `quest/guobu_apprentice_done` | 80 分 |
| 4 | 鎮天神廟內藏著誰？ | `npc/temple_master.c` | `quest/temple_master_done` | 150 分 |
| 5 | 別館內的欽差來五堂要做甚麼？ | `npc/inspector.c` + `npc/storyteller.c` | `quest/inspector_case_done` | 80 分 |
| 6 | 過河的船在哪裡？ | `npc/ferryman.c` | `quest/ferryman_guide_done` | 50 分 |

**額外任務（不在謎題列表中）：**
- `snow/npc/escort.c` — 護送任務 (`quest/escort_guide_done`, 30 分)

### 統計

- **已有 14 個任務**（雪亭 8 + 五堂 6），全部使用標準三件套：
  - `pending/<id>` 追蹤進度
  - `quest/<id>_done` 標記完成
  - `gain_score("quest", N)` 給獎勵
- **本次新增 0 個** — 所有 13 個謎題均已有對應任務實作，無缺漏

任務系統完整，無需新增。
[0;32m[OK][0m Audit quests
[0;34m[06:13:01][0m === Phase: Validate ===
[0;34m[06:13:01][0m Step: Static validation
## 靜態驗證報告

### 主測試套件
| 指標 | 數量 |
|------|------|
| **PASS** | 3557 |
| **FAIL** | 24 |
| **WARN** | 46 |

### 額外檢查

**1. `set("aggressive", 1)` 誤用** — **PASS** (0 matches, 全部正確使用 `attitude`)

**2. skill daemon 含 `skill_improved`** — **PASS** (全部 75 個 skill daemon 均含 `skill_improved`)

**3. lv50+ 掌門 `vision_of_ghost`** — **FAIL** (2 個缺失)
| NPC | 狀態 |
|-----|------|
| `d/tianxie/npc/daxiedaoren.c` | 缺少 vision_of_ghost |
| `d/hudao/npc/sunyi.c` | 缺少 vision_of_ghost |

### 主要失敗項目

**Room inherit 缺失 (4):**
- `d/longan/temple` — 城隍廟缺少 TEMPLE inherit
- `d/snow/bazar`、`d/snow/small_temple`、`d/snow/temple` — 缺少正確 inherit

**雙向出口不一致 (4):**
- `ngate`: northwest→entrance 缺少 southeast 回程
- `tree`: down→square 缺少 up 回程
- `mountain_road2`: west→mountain_path 缺少 east 回程
- `gate`: west→watchtower 缺少 east 回程

其餘失敗為類似的 room inherit 和 NPC 相關問題。完整報告見 `docs/test_report.md`。
[0;32m[OK][0m Static validation
[0;34m[06:14:51][0m Pipeline complete: 5 ok, 0 warnings.
