Round 47 - Fri Mar 20 15:56:11 UTC 2026
[0;34m[15:56:11][0m Using git remote: origin
[0;34m[15:56:11][0m Pulling latest changes...
From github.com:Transformer666/es2_mudlib
 * branch            main       -> FETCH_HEAD
Already up to date.

=========================================
  ES2 Agent Pipeline v2
  Phase: all
  Start: 2026-03-20 15:56:11
=========================================

[0;34m[15:56:13][0m === Phase: Analyze ===
[0;34m[15:56:13][0m Step: Scan existing content
掃描完成，所有數字與現有檔案一致，已更新時間戳。摘要：

| 類別 | 需要 | 已實作 | 缺少 |
|------|------|--------|------|
| 種族 | 11 | 11 | 0 |
| 職業 | 7 | 7+2 | 0 |
| 門派 | 18 | 18 | 1 (天月庵 daemon) |
| 技能 | — | 75 | — |
| 區域 | — | 54 | 22 地圖位置未建 |
| 房間 | — | 459 | — |
| NPC | — | 268 | — |
| NPC裝備 | — | 124 | — |
| 任務 | 15 | 0 | 15 |

重點缺口：
- **天月庵** (`tianyue`) 有區域和 NPC 但缺 sect daemon
- **任務系統**完全未實作（雪亭七謎 + 五堂六謎 + 十三靈任務）
- **8 個 stub 城鎮**需要擴展
- **22 個地圖位置**尚未建置
[0;32m[OK][0m Scan existing content
