Round 22 - Fri Mar 20 12:55:19 UTC 2026
[0;34m[12:55:19][0m Using git remote: origin
[0;34m[12:55:19][0m Pulling latest changes...
From github.com:Transformer666/es2_mudlib
 * branch            main       -> FETCH_HEAD
Already up to date.

=========================================
  ES2 Agent Pipeline v2
  Phase: all
  Start: 2026-03-20 12:55:19
=========================================

[0;34m[12:55:22][0m === Phase: Analyze ===
[0;34m[12:55:22][0m Step: Scan existing content
`docs/missing_content.json` 已更新。摘要：

| 類別 | 需要 | 已實作 | 缺少 |
|------|------|--------|------|
| 種族 | 11 | 11 | 0 |
| 職業 | 7 | 9 (含 commoner/fighter) | 0 |
| 門派 | 18 | 18 (但 tianxie 是額外的) | 1 (天月庵 sect daemon) |
| 技能 | — | 75 | — |
| 區域 | — | 54 (459 rooms, 268 NPCs) | 22 個地圖地點未建 |
| 任務 | 15 | 0 | 15 (雪亭7謎 + 五堂6謎 + 十三靈2) |
| Stub 城鎮 | 8 | 8 (已有基礎框架) | 需擴展 |

主要缺口：
- **天月庵 (tianyue)** 區域已有 6 rooms/4 NPCs，但缺 `daemon/sect/tianyue.c`
- **任務系統** 完全未實作 (0/15)
- **22 個世界地圖地點** 尚未建立
[0;32m[OK][0m Scan existing content
