Round 1 - Fri Mar 20 10:09:55 UTC 2026
[0;34m[10:09:55][0m Using git remote: origin
[0;34m[10:09:55][0m Pulling latest changes...
From github.com:Transformer666/es2_mudlib
 * branch            main       -> FETCH_HEAD
Already up to date.

=========================================
  ES2 Agent Pipeline v2
  Phase: all
  Start: 2026-03-20 10:09:55
=========================================

[0;34m[10:09:57][0m === Phase: Analyze ===
[0;34m[10:09:57][0m Step: Scan existing content
`docs/missing_content.json` 已更新。掃描摘要：

| 類別 | 需求 | 已實作 | 缺少 |
|------|------|--------|------|
| 種族 | 11 | 11 | 0 |
| 職業 | 7 | 9 | 0 |
| 門派 | 18 | 18 | 0 |
| 技能 | ~87 | 75 | 12 |
| 區域 | - | 54 | 21 個地圖位置未建 |
| 房間 | - | 457 | - |
| NPC | - | 268 | - |
| 任務 | 13+ | 0 | 13+ |

**主要缺口：**
- **任務系統**：0 個已實作（雪亭七謎 + 五堂六謎 + 主線）
- **12 個技能**：hammer, move, magic 等通用技能未建
- **8 個 stub 城鎮**待擴展（龍安、京畿、康平等）
- **21 個地圖位置**未建（真郡大山、太乙殿、風城等）
- 茅山三觀 / 天師四衣派的子門派特化未實作
[0;32m[OK][0m Scan existing content
