Round 51 - Sun Mar 22 04:52:10 UTC 2026
[0;34m[04:52:10][0m Using git remote: origin
[0;34m[04:52:10][0m Pulling latest changes...
From github.com:Transformer666/es2_mudlib
 * branch            main       -> FETCH_HEAD
Already up to date.

=========================================
  ES2 Agent Pipeline v2
  Phase: all
  Start: 2026-03-22 04:52:10
=========================================

[0;34m[04:52:13][0m === Phase: Analyze (bash-native, no agent) ===
[0;34m[04:52:13][0m Analyze complete:
[0;34m[04:52:13][0m   Races: 11/11 | Classes: 9/7 | Sects: 18/18
[0;34m[04:52:13][0m   Skills: 75 (missing: 40) | Rooms: 494 | NPCs: 309
[0;34m[04:52:13][0m   Quests: 14 | Equipment: 288
[0;34m[04:52:13][0m   Total missing: 40
[0;32m[OK][0m Analyze phase
[0;34m[04:52:13][0m === Phase: Build ===
[0;34m[04:52:13][0m Step: Audit area: stub_towns
**stub_towns: complete**

所有 8 個 stub 城鎮（龍安、京畿、康平、三掩、李家、喬陰、百花、衛國）均已具備城鎮所需的完整內容：
- 房間：共 ~90 間，包含廣場、街道、客棧、商店、城門、廟
- NPC：共 76 個，包含客棧老闆、守衛、商人
- 技術合規：INN/TEMPLE 繼承正確，出口全部雙向，NPC 引用全部有效
- 無需建立任何新檔案
[0;32m[OK][0m Audit area: stub_towns
[0;34m[04:58:01][0m Step: Audit skills
## 技能 Daemon 完整性審查報告

### 1. 門派引用的技能（20 個不重複技能）

| 門派 | 引用技能 |
|------|---------|
| 封山派 | fengshan sword |
| 茅山派 | maoshan sword, maoshan neigong, taoshan milu |
| 隱教 | dagger |
| 玄天教 | sword |
| 虎刀門 | tiger blade |
| 振武軍營 | tactic, pike |
| 寶蓮寺 | staff |
| 哭笑門 | sword |
| 劍甲門 | sword, needle |
| 天師派 | taiyi sword, ziwei neigong |
| 雪吟莊 | sword |
| 龍圖丹派 | longttu neigong, needle |
| 白象寺 | diamond hammer, staff |
| 天邪派 | phantom sword |
| 冷梅莊 | lengmei sword |
| 瑯夷 | dagger |
| 武陀 | five defeat needle, amazing needle |
| 步玄派 | three rotations |

### 2. Daemon 檔案對應檢查

**全部 20 個門派引用技能都有對應的 daemon 檔案。** 無缺少。

### 3. skill_improved / skill_advanced 檢查

**全部 76 個 skill daemon 都已實作 `skill_improved()` 和 `skill_advanced()`。** 無遺漏。

### 4. 戰鬥技能 actions 數量

所有戰鬥技能（42 個）都有至少 6 個 action 條目。多數為 6 個，`sword`、`blade`、`unarmed` 有 8 個，`pike` 有 7 個。無不足。

### 5. 審查結論

```
缺少技能：0 個
不完整技能：0 個
本次建立：0 個
剩餘待處理：0 個
```

所有門派引用的技能都有完整的 daemon 實作，包含必要的 `skill_improved()`、`skill_advanced()` 函數，戰鬥技能的 actions 數量均符合 ≥6 的要求。技能系統完整性 **通過審查**。
[0;32m[OK][0m Audit skills
[0;34m[04:59:49][0m Step: Audit quests
審查完成。以下是任務系統完整性報告：

## 任務系統審查結果

### 雪亭鎮 7 謎 — 全部已實作 ✓

| # | 謎題 | quest flag | NPC/房間 | 獎勵 |
|---|------|-----------|----------|------|
| 1 | 阿寶在老榕樹等的人是誰？ | `arbao_letter_done` | arbao.c → square.c | 80 |
| 2 | 瞎眼婆婆的真實身分？ | `gammer_identity_done` | gammer.c → square.c | 120 |
| 3 | 貨棧搬箱子算不算勞動？ | `foreman_crate_done` | foreman.c → store.c | 50 |
| 4 | 驛站遺失了幾封信？ | `postman_delivery_done` | postman.c → post_office.c | 100 |
| 5 | 想不想加入振武軍營？ | `recruiter_enlist_done` | recruiter.c → military_camp.c | 50 |
| 6 | 破舊的老宅裡藏了什麼？ | `manor_secret_done` | manor_cellar.c (房間觸發) | 60 |
| 7 | 黑袍老人的女兒去了哪裡？ | `darkrobe_daughter_done` | darkrobe.c → dilapidated_manor.c | 150 |

### 五堂鎮 6 謎 — 全部已實作 ✓

| # | 謎題 | quest flag | NPC/房間 | 獎勵 |
|---|------|-----------|----------|------|
| 1 | 飲血丟在了哪裡？ | `yinxue_found_done` | river_bend.c (房間觸發) | 120 |
| 2 | 巫山之中神秘雕像有何秘密？ | `wushan_statue_done` | wushan_secret.c (房間觸發) | 200 |
| 3 | 郭布要收的徒弟在哪裡？ | `guobu_apprentice_done` | guobu.c → street1.c, boy.c → river_bend.c | 80 |
| 4 | 鎮天神廟內藏著誰？ | `temple_master_done` | temple_master.c → temple.c | 150 |
| 5 | 別館內的欽差來五堂要做甚麼？ | `inspector_case_done` | inspector.c → court.c, storyteller.c → inn_hall.c | 80 |
| 6 | 過河的船在哪裡？ | `ferryman_guide_done` | ferryman.c → dock.c | 50 |

### 額外任務（不在謎題清單中）

| quest flag | NPC | 位置 | 獎勵 |
|-----------|-----|------|------|
| `escort_guide_done` | 老鏢師 escort.c | square_s.c | 30 |
| `old_beggar_done` | 老乞婆 old_beggar.c | square_sw.c | 200 |

### 結論

- **已有 15 個任務**（雪亭鎮 9 個 + 五堂鎮 6 個）
- **本次新增 0 個** — 所有 wiki 記載的 13 道謎題皆已實作完成
- 所有任務均正確使用 `quest/` flag 標記完成、`pending/` flag 追蹤進度、`gain_score("quest", N)` 給予獎勵
- 所有任務 NPC 均已載入對應房間

任務系統完整，無缺漏。
[0;32m[OK][0m Audit quests
[0;34m[05:00:56][0m === Phase: Validate ===
[0;34m[05:00:56][0m Step: Static validation
All background tasks finished. The complete validation report with all PASS/FAIL details is in my earlier response — nothing new to add.
[0;32m[OK][0m Static validation
[0;34m[05:14:53][0m Pipeline complete: 5 ok, 0 warnings.
