Round 72 - Sat Mar 21 10:21:31 UTC 2026
[0;34m[10:21:31][0m Using git remote: origin
[0;34m[10:21:31][0m Pulling latest changes...
From github.com:Transformer666/es2_mudlib
 * branch            main       -> FETCH_HEAD
Already up to date.

=========================================
  ES2 Agent Pipeline v2
  Phase: all
  Start: 2026-03-21 10:21:31
=========================================

[0;34m[10:21:33][0m === Phase: Analyze (bash-native, no agent) ===
[0;34m[10:21:34][0m Analyze complete:
[0;34m[10:21:34][0m   Races: 11/11 | Classes: 9/7 | Sects: 18/18
[0;34m[10:21:34][0m   Skills: 75 (missing: 40) | Rooms: 483 | NPCs: 287
[0;34m[10:21:34][0m   Quests: 14 | Equipment: 282
[0;34m[10:21:34][0m   Total missing: 40
[0;32m[OK][0m Analyze phase
[0;34m[10:21:34][0m === Phase: Build ===
[0;34m[10:21:34][0m Step: Audit area: stub_towns
## stub_towns 審查結果

所有 8 個 stub 城鎮均為 **城鎮stub** 類型，已逐一審查。

### 總覽

| 城鎮 | 房間數 | NPC數 | 出口雙向 | NPC引用 | Inn | Temple | 必要元素 |
|------|-------|-------|---------|---------|-----|--------|---------|
| longan 龍安 | 14 | 12 | OK | OK | OK | OK | OK |
| jingji 京畿 | 13 | 10 | OK | OK | OK | OK | OK |
| kangping 康平 | 13 | 11 | OK | OK | OK | OK | OK |
| sanyen 三掩 | 11 | 8 | OK | OK | OK | OK | OK |
| lee 離 | 9 | 6 | OK | OK | OK | OK | OK |
| choyin 喬陰 | 11 | 8 | OK | OK | OK | OK | OK |
| baihua 百花 | 11 | 8 | OK | OK | OK | OK | OK |
| weiguo 衛國 | 12 | 9 | OK | OK | OK | OK | OK |

### 每個城鎮都具備必要元素：
- 廣場 (square)
- 街道 x2 (streets)
- 客棧 (inn) — 全部正確 `inherit INN` + `valid_startroom` + `no_fight`
- 商店 (shop)
- 城門/村口 (entrance/gate)
- 城隍廟/祠堂 (temple) — 全部正確 `inherit TEMPLE` + `replace_program(TEMPLE)`
- 客棧老闆、守衛、商人 NPC 皆齊全

### 所有出口雙向連結：無斷裂
### 所有 NPC 引用：無指向不存在的檔案

### 次要觀察（非缺失，不需建立檔案）：
- **sanyen**: 客棧老闆賣香和念珠（主題不太搭配，但功能正常）
- **choyin**: 縣衙描述有衙役但未實際載入 NPC
- **kangping/weiguo**: `back_street` 較空，無 NPC

---

**stub_towns: complete**

所有 8 個 stub 城鎮結構完整，無需建立新檔案。
[0;32m[OK][0m Audit area: stub_towns
[0;34m[10:24:16][0m Step: Audit skills
## 技能 Daemon 審查報告

### 完整性檢查結果

| 檢查項目 | 結果 |
|---------|------|
| 門派引用的技能數 | 20 個（18 個門派） |
| 技能 daemon 檔案存在 | 20/20 全部存在 |
| `skill_improved` 函數 | 75/75 全部具備 |
| `skill_advanced` 函數 | 75/75 全部具備 |
| 戰鬥技能 actions ≥ 6 | 41/41 全部通過 |

### 結論

- **缺少 0 個**技能 daemon
- **不完整 0 個**技能 daemon
- **本次建立 0 個**
- **剩餘 0 個**待下輪處理

所有門派 (`mudlib/daemon/sect/*.c`) 中 `set("skills")` 引用的技能名稱，都已有對應的 `mudlib/daemon/skill/<name>.c` 檔案，且每個檔案都包含 `skill_improved`、`skill_advanced`，戰鬥技能也都有至少 6 個 actions。技能 daemon 層目前完備，無需補建。
[0;32m[OK][0m Audit skills
[0;34m[10:25:49][0m Step: Audit quests
## 任務系統審查結果

### 現有任務總覽：共 15 個任務

**雪亭鎮 — 7 謎全部實作完成 + 2 個額外任務**

| # | 謎題 | quest flag | NPC/檔案 | 獎勵 |
|---|------|-----------|----------|------|
| 1 | 阿寶在老榕樹等的人是誰？ | `arbao_letter_done` | arbao.c | 80 |
| 2 | 瞎眼婆婆的真實身分？ | `gammer_identity_done` | gammer.c | 120 |
| 3 | 貨棧搬箱子算不算勞動？ | `foreman_crate_done` | foreman.c | 50 |
| 4 | 驛站遺失了幾封信？ | `postman_delivery_done` | postman.c | 100 |
| 5 | 想不想加入振武軍營？ | `recruiter_enlist_done` | recruiter.c | 50 |
| 6 | 破舊的老宅裡藏了什麼？ | `manor_secret_done` | manor_cellar.c | 60 |
| 7 | 黑袍老人的女兒去了哪裡？ | `darkrobe_daughter_done` | darkrobe.c + girl.c | 150 |
| + | 老乞丐（額外） | `old_beggar_done` | old_beggar.c | 200 |
| + | 護衛嚮導（額外） | `escort_guide_done` | escort.c | 30 |

**五堂鎮 — 6 謎全部實作完成**

| # | 謎題 | quest flag | NPC/檔案 | 獎勵 |
|---|------|-----------|----------|------|
| 1 | 飲血丟在了哪裡？ | `yinxue_found_done` | river_bend.c | 120 |
| 2 | 巫山之中神秘雕像有何秘密？ | `wushan_statue_done` | wushan_secret.c | 200 |
| 3 | 郭布要收的徒弟在哪裡？ | `guobu_apprentice_done` | guobu.c + boy.c | 80 |
| 4 | 鎮天神廟內藏著誰？ | `temple_master_done` | temple_master.c | 150 |
| 5 | 別館內的欽差來五堂要做甚麼？ | `inspector_case_done` | inspector.c + storyteller.c | 80 |
| 6 | 過河的船在哪裡？ | `ferryman_guide_done` | ferryman.c | 50 |

### 完整性檢查

每個任務都具備完整的三要素：
- **`pending/<id>`** — 追蹤進度（多段對話用 stage 1, 2, ...）
- **`quest/<id>_done`** — 標記完成（防止重複觸發）
- **`gain_score("quest", N)`** — 給予獎勵分數

### 結論

**已有 15 個任務，本次新增 0 個。** 雪亭鎮 7 謎和五堂鎮 6 謎全部已實作完成，且每個任務都有完整的 pending 追蹤、quest 完成標記和 score 獎勵。無需補充新任務。
[0;32m[OK][0m Audit quests
[0;34m[10:27:03][0m === Phase: Validate ===
[0;34m[10:27:03][0m Step: Static validation
## 靜態驗證報告

### 主測試套件 (`run_tests.sh all`)
| 結果 | 數量 |
|------|------|
| **PASS** | 3556 |
| **FAIL** | 25 |
| **WARN** | 46 |

主要失敗項包括：
- **Room inherit 缺失**：`d/longan/temple`、`d/snow/bazar`、`d/snow/small_temple` 等
- **雙向出口不一致**（4 處）：
  - `ngate`: northwest→entrance 缺少 southeast 回來
  - `tree`: down→square 缺少 up 回來
  - `mountain_road2`: west→mountain_path 缺少 east 回來
  - `gate`: west→watchtower 缺少 east 回來

完整報告見 `docs/test_report.md`。

---

### 額外檢查

**1. `set("aggressive", 1)` 違規 — PASS (0 處)**
沒有任何檔案使用錯誤的 `set("aggressive", 1)` 寫法。

**2. skill daemon 含 `skill_improved` — PASS (75/75)**
所有 75 個 `daemon/skill/*.c` 均包含 `skill_improved`。

**3. lv50+ NPC 缺少 `vision_of_ghost` — FAIL (22 處)**
以下 lv50+ NPC 缺少 `set_temp("apply/vision_of_ghost", 1)`：

| NPC | 等級 |
|-----|------|
| `d/baiyao/npc/chilong.c` | 70 |
| `d/death/npc/hundunshou.c` | 80 |
| `d/green/npc/godly_dog.c` | 50 |
| `d/hudao/npc/sunyi.c` | 55 |
| `d/ice/npc/ice_guardian.c` | 50 |
| `d/latemoon/npc/mieming.c` | 55 |
| `d/latemoon/npc/miexin.c` | 55 |
| `d/latemoon/npc/mieyu.c` | 55 |
| `d/latemoon/npc/shenwei.c` | 55 |
| `d/manglin/npc/evil_hydra.c` | 55 |
| `d/manglin/npc/qiyong.c` | 50 |
| `d/tianxie/npc/daxiedaoren.c` | 75 |
| `d/tianxie/npc/evil_daoist.c` | 75 |
| `d/tianyue/npc/canyi.c` | 70 |
| `d/waterfog/npc/centipede.c` | 60 |
| `d/wutang/npc/chong_baihu.c` | 55 |
| `d/wutang/npc/ma_zhongsheng.c` | 60 |
| `d/wutang/npc/sima_lei.c` | 50 |
| `d/zhenwu/npc/biyong.c` | 50 |
| `d/zhenwu/npc/luxinian.c` | 55 |

> 注意：部分可能不是掌門（如 `godly_dog`、`evil_hydra`、`centipede`），不一定需要 `vision_of_ghost`。建議逐一確認角色身份後再修正。

---

### 總結
| 檢查項 | 結果 |
|--------|------|
| 主測試套件 | **25 FAIL** / 3556 PASS / 46 WARN |
| `set("aggressive",1)` 違規 | **PASS** (0 處) |
| skill daemon `skill_improved` | **PASS** (75/75) |
| lv50+ vision_of_ghost | **22 處缺失**（需確認是否為掌門） |
[0;32m[OK][0m Static validation
[0;34m[10:29:01][0m Pipeline complete: 5 ok, 0 warnings.
