Round 25 - Fri Mar 20 13:17:07 UTC 2026
[0;34m[13:17:07][0m Using git remote: origin
[0;34m[13:17:07][0m Pulling latest changes...
From github.com:Transformer666/es2_mudlib
 * branch            main       -> FETCH_HEAD
Already up to date.

=========================================
  ES2 Agent Pipeline v2
  Phase: all
  Start: 2026-03-20 13:17:07
=========================================

[0;34m[13:17:09][0m === Phase: Analyze ===
[0;34m[13:17:09][0m Step: Scan existing content
`docs/missing_content.json` 已更新。摘要：

| 類別 | 需要 | 已實作 | 缺少 |
|------|------|--------|------|
| 種族 | 11 | 11 | 0 |
| 職業 | 7 | 9 (+commoner, fighter) | 0 |
| 門派 daemon | 18 | 18 (tianxie 額外) | 1 (tianyue 天月庵) |
| 技能 | — | 75 | — |
| 區域 | — | 54 | 22 地圖位置未建 |
| 房間 | — | 459 | — |
| NPC | — | 268 | — |
| NPC 裝備 | — | 124 | — |
| 任務 | 15 | 0 | 15 |

主要缺口：
- **tianyue (天月庵)** — 區域/房間/NPC 已存在，但缺 sect daemon (`daemon/sect/tianyue.c`)
- **任務系統** — 0 個任務實作（雪亭七謎 + 五堂六謎 + 十三靈共 15 個）
- **8 個 stub 城鎮** 需要擴展（龍安、京畿、康平、三掩、離、喬陰、百花、衛國）
- **22 個地圖位置** 尚未建造
[0;32m[OK][0m Scan existing content
