Round 86 - Sat Mar 21 13:30:00 UTC 2026
[0;34m[13:30:00][0m Using git remote: origin
[0;34m[13:30:00][0m Pulling latest changes...
From github.com:Transformer666/es2_mudlib
 * branch            main       -> FETCH_HEAD
Already up to date.

=========================================
  ES2 Agent Pipeline v2
  Phase: all
  Start: 2026-03-21 13:30:00
=========================================

[0;34m[13:30:03][0m === Phase: Analyze (bash-native, no agent) ===
[0;34m[13:30:04][0m Analyze complete:
[0;34m[13:30:04][0m   Races: 11/11 | Classes: 9/7 | Sects: 18/18
[0;34m[13:30:04][0m   Skills: 75 (missing: 40) | Rooms: 483 | NPCs: 287
[0;34m[13:30:04][0m   Quests: 14 | Equipment: 282
[0;34m[13:30:04][0m   Total missing: 40
[0;32m[OK][0m Analyze phase
[0;34m[13:30:04][0m === Phase: Build ===
[0;34m[13:30:04][0m Step: Audit area: stub_towns
All verification is complete. Here's the final assessment:

## stub_towns 審查結果

### 8 個城鎮 stub 逐一檢查

| 城鎮 | 廣場 | 街道x2 | 客棧(INN) | 商店 | 城門 | 廟(TEMPLE) | 客棧老闆 | 守衛 | 商人(VENDOR) |
|------|:---:|:---:|:---:|:---:|:---:|:---:|:---:|:---:|:---:|
| longan 龍安 | ✓ | ✓ | ✓ | ✓ | ✓ | ✓ | ✓ | ✓ | ✓ |
| jingji 京畿 | ✓ | ✓ | ✓ | ✓ | ✓ | ✓ | ✓ | ✓ | ✓ |
| kangping 康平 | ✓ | ✓ | ✓ | ✓ | ✓ | ✓ | ✓ | ✓ | ✓ |
| sanyen 三掩 | ✓ | ✓ | ✓ | ✓ | ✓ | ✓ | ✓ | ✓ | ✓ |
| lee 離 | ✓ | ✓ | ✓ | ✓ | ✓(r1) | ✓(祠堂) | ✓ | ✓ | ✓ |
| choyin 喬陰 | ✓ | ✓ | ✓ | ✓ | ✓(x2) | ✓ | ✓ | ✓ | ✓ |
| baihua 百花 | ✓ | ✓ | ✓ | ✓ | ✓ | ✓(祠堂) | ✓ | ✓ | ✓ |
| weiguo 衛國 | ✓ | ✓ | ✓ | ✓ | ✓ | ✓ | ✓ | ✓ | ✓ |

### 驗證細節
- **所有 NPC 檔案** — 房間 `set("objects")` 引用的 NPC 全部存在
- **所有出口雙向連結** — 8 個城鎮內部出口全部正確雙向
- **INN** — 全部有 `valid_startroom` + `no_fight`
- **TEMPLE** — 全部有 `no_fight`（lee/baihua 用祠堂代替城隍廟，同樣 inherit TEMPLE）
- **VENDOR** — 每個城鎮至少有 1 個 `F_VENDOR` NPC 含 `set("merchandise")`

**stub_towns: complete**
[0;32m[OK][0m Audit area: stub_towns
[0;34m[13:34:40][0m Step: Audit skills
## 技能 Daemon 審查報告

### 門派引用的技能（共 20 個）

所有 `mudlib/daemon/sect/*.c` 中 `set("skills")` 引用的技能名稱，按門派分組：

| 門派 | 引用技能 |
|------|---------|
| 白象寺 | diamond hammer, staff |
| 寶蓮寺 | staff |
| 步玄派 | three rotations |
| 封山派 | fengshan sword |
| 虎刀門 | tiger blade |
| 劍甲門 | sword, needle |
| 哭笑門 | sword |
| 瑯夷 | dagger |
| 冷梅莊 | lengmei sword |
| 龍圖丹派 | longttu neigong, needle |
| 茅山派 | maoshan sword, maoshan neigong, taoshan milu |
| 天師派 | taiyi sword, ziwei neigong |
| 天邪派 | phantom sword |
| 武陀 | five defeat needle, amazing needle |
| 玄天教 | sword |
| 雪吟莊 | sword |
| 隱教 | dagger |
| 振武軍營 | tactic, pike |

### 檢查結果

- **缺少的 skill daemon：0 個** — 所有 20 個被引用的技能都有對應的 `.c` 檔案
- **不完整的 skill daemon：0 個** — 全部 76 個 skill daemon 都具備 `skill_improved` 和 `skill_advanced`
- **戰鬥技能 actions 不足：0 個** — 所有戰鬥技能都有 >= 6 個 action 條目

### 總結

> 缺少 **0** 個、本次建立 **0** 個、剩餘 **0** 個待下輪處理

技能 daemon 層相對於門派引用是**完全完整**的。此外，mudlib 中還有 56 個未被門派直接引用的技能（如通用技能 `dodge`、`parry`、`force`，以及各類進階技能），這些屬於非門派綁定的通用/進階技能系統，不算缺失。
[0;32m[OK][0m Audit skills
[0;34m[13:36:08][0m Step: Audit quests
All quests are implemented. Here's the complete audit:

## 任務系統完整性審查報告

### 雪亭鎮 7 謎 — 全部已實作 ✓

| # | 謎題 | NPC/房間 | quest flag | 獎勵 |
|---|------|----------|------------|------|
| 1 | 阿寶在老榕樹等的人是誰？ | `arbao.c` | `quest/arbao_letter_done` | 50 coins + 80 pts |
| 2 | 瞎眼婆婆的真實身分？ | `gammer.c` | `quest/gammer_identity_done` | 120 pts |
| 3 | 貨棧搬箱子算不算勞動？ | `foreman.c` | `quest/foreman_crate_done` | 100 coins + 50 pts |
| 4 | 驛站遺失了幾封信？ | `postman.c` | `quest/postman_delivery_done` | 100 coins + 100 pts |
| 5 | 想不想加入振武軍營？ | `recruiter.c` | `quest/recruiter_enlist_done` | 50 pts |
| 6 | 破舊的老宅裡藏了什麼？ | `manor_cellar.c` | `quest/manor_secret_done` | 3 silver + 60 pts |
| 7 | 黑袍老人的女兒去了哪裡？ | `darkrobe.c` + `girl.c` | `quest/darkrobe_daughter_done` | 5 silver + 150 pts |

**額外任務：** `old_beggar.c`（200 pts）、`escort.c`（30 pts）

### 五堂鎮 6 謎 — 全部已實作 ✓

| # | 謎題 | NPC/房間 | quest flag | 獎勵 |
|---|------|----------|------------|------|
| 1 | 飲血丟在了哪裡？ | `river_bend.c` | `quest/yinxue_found_done` | 飲血劍 + 120 pts |
| 2 | 巫山之中神秘雕像有何秘密？ | `wushan_secret.c` | `quest/wushan_statue_done` | 古卷 + 200 pts |
| 3 | 郭布要收的徒弟在哪裡？ | `guobu.c` + `boy.c` | `quest/guobu_apprentice_done` | 200 coins + 80 pts |
| 4 | 鎮天神廟內藏著誰？ | `temple_master.c` | `quest/temple_master_done` | 玉牌 + 150 pts |
| 5 | 別館內的欽差來五堂要做甚麼？ | `inspector.c` + `storyteller.c` | `quest/inspector_case_done` | 5 silver + 80 pts |
| 6 | 過河的船在哪裡？ | `ferryman.c` | `quest/ferryman_guide_done` | 50 pts |

### 統計

- **已有任務總數：15 個**（雪亭 9 + 五堂 6，含 2 個額外任務）
- **本次新增：0 個** — 所有 13 個謎題任務及 2 個額外任務均已完整實作

### 任務系統架構一致性

所有任務遵循統一模式：
- `pending/<quest_id>` 追蹤多階段進度（臨時）
- `quest/<quest_id>_done` 標記完成（永久）
- `gain_score("quest", N)` 給予獎勵積分
- 多個任務有跨 NPC 連動（阿寶↔招兵官、御史↔說書先生、黑袍↔白衣女子、郭布↔阿虎）

**結論：兩鎮所有謎題任務系統完整，無缺漏。**
[0;32m[OK][0m Audit quests
[0;34m[13:38:16][0m === Phase: Validate ===
[0;34m[13:38:16][0m Step: Static validation
## 靜態驗證報告

### 主測試套件
| 項目 | 數量 |
|------|------|
| **PASS** | 3556 |
| **FAIL** | 25 |
| **WARN** | 46 |

主要失敗包含：
- 房間 inherit 缺失（`d/longan/temple`、`d/snow/bazar`、`d/snow/small_temple` 等）
- **4 個單向出口**：`ngate→entrance`、`tree→square`、`mountain_road2→mountain_path`、`gate→watchtower`

---

### 額外檢查

**1. `set("aggressive", 1)` 誤用 — PASS**
- 找到 **0** 個匹配，全部正確使用 `set("attitude", "aggressive")`

**2. skill daemon 皆有 `skill_improved` — PASS**
- 全部 **75 個** skill daemon 都包含 `skill_improved`（每個至少 1 處）

**3. lv50+ 掌門 `vision_of_ghost` — 2 個 FAIL**

| NPC | 等級 | vision_of_ghost |
|-----|------|-----------------|
| `d/hudao/npc/sunyi.c` | 55 | **缺失** |
| `d/tianxie/npc/daxiedaoren.c` | 75 | **缺失** |

其餘 11 位掌門級 NPC 皆已設定。

---

### 總結

| 檢查項目 | 結果 |
|----------|------|
| 主測試套件 | 3556 PASS / 25 FAIL / 46 WARN |
| aggressive 誤用 | **PASS** (0 個) |
| skill_improved 覆蓋 | **PASS** (75/75) |
| vision_of_ghost | **FAIL** (2 個缺失) |

需要修復：2 個 NPC 缺少 `vision_of_ghost`、4 個單向出口、以及若干房間 inherit 問題。要我進行修復嗎？
[0;32m[OK][0m Static validation
[0;34m[13:40:04][0m Pipeline complete: 5 ok, 0 warnings.
