Round 29 - Fri Mar 20 13:45:55 UTC 2026
[0;34m[13:45:55][0m Using git remote: origin
[0;34m[13:45:55][0m Pulling latest changes...
From github.com:Transformer666/es2_mudlib
 * branch            main       -> FETCH_HEAD
Already up to date.

=========================================
  ES2 Agent Pipeline v2
  Phase: all
  Start: 2026-03-20 13:45:55
=========================================

[0;34m[13:45:57][0m === Phase: Analyze ===
[0;34m[13:45:57][0m Step: Scan existing content
`docs/missing_content.json` 已更新。掃描摘要：

| 類別 | 應有 | 已實作 | 缺少 |
|------|------|--------|------|
| 種族 | 11 | 11 | 0 |
| 職業 | 7 | 9 (含 commoner/fighter) | 0 |
| 門派 daemon | 18 | 18 | 1 (tianyue 天月庵 — 區域已建但缺 sect daemon) |
| 技能 | — | 75 | — |
| 區域 | — | 54 (459 rooms, 268 NPCs, 124 裝備) | — |
| 任務 | 15 | 0 | 雪亭七謎(7) + 五堂六謎(6) + 十三靈(2) |
| 地圖未建地點 | 22 | — | 真郡大山、風城、水月村等 |
| Stub 城鎮 | 8 | — | 龍安、京畿、康平、三掩、離、喬陰、百花、衛國 |
[0;32m[OK][0m Scan existing content
