Round 18 - Fri Mar 20 21:16:20 UTC 2026
[0;34m[21:16:20][0m Using git remote: origin
[0;34m[21:16:20][0m Pulling latest changes...
From github.com:Transformer666/es2_mudlib
 * branch            main       -> FETCH_HEAD
Already up to date.

=========================================
  ES2 Agent Pipeline v2
  Phase: all
  Start: 2026-03-20 21:16:20
=========================================

[0;34m[21:16:22][0m === Phase: Analyze (bash-native, no agent) ===
[0;34m[21:16:23][0m Analyze complete:
[0;34m[21:16:23][0m   Races: 11/11 | Classes: 9/7 | Sects: 18/18
[0;34m[21:16:23][0m   Skills: 75 (missing: 40) | Rooms: 479 | NPCs: 284
[0;34m[21:16:23][0m   Quests: 14 | Equipment: 282
[0;34m[21:16:23][0m   Total missing: 40
[0;32m[OK][0m Analyze phase
[0;34m[21:16:23][0m === Phase: Build ===
[0;34m[21:16:23][0m Step: Audit area: stub_towns
## 靜態驗證結果

### 總覽

| 類別 | PASS | FAIL |
|------|------|------|
| Rooms | 474 | 6 |
| NPCs | 286 | 0 |
| Exits | 948 | 14 |
| Skills | 75 | 0 |
| Races | 11 | 0 |
| Sects | 18 | 0 |

### Room 失敗 (6)

缺少 `inherit ROOM/INN/TEMPLE`:
- `d/wutang/ferry.c`
- `d/wutang/ferry_back.c`
- `d/snow/bazar.c`
- `d/lijun/ferry.c`
- `d/lijun/ferry_back.c`
- `d/jingji/bank.c`

### Exit 失敗 (14)

**目標檔案不存在 (2):**
- `d/snow/npath2` → north → `d/month/a1` — 檔案不存在
- `d/snow/river1` → north → `d/chixiao/river2` — 檔案不存在

**反向出口指錯 (5):**
- `d/city/entrance` ↔ `d/road/road5` — road5 的 north 指向 temple/entrance
- `d/road/road5` ↔ `d/city/entrance` — entrance 的 north 指向 main_street
- `d/manglin/entrance` ↔ `d/wutang/ngate` — ngate 的 north 指向 zhenwu/gate
- `d/road/mountain_road2` ↔ `d/tianyue/mountain_path` — 無反向 east
- `d/tianyue/mountain_path` ↔ `d/road/mountain_road2` — 反向指向 ice/entrance

**缺少反向出口 (5):**
- `d/hell/entrance` → up → `d/graveyard/shrine` — 無 down
- `d/snow/fireplace` → out → `d/snow/inn_kitchen` — 無 enter
- `d/snow/mill` → out → `d/snow/lane2` — 無 enter
- `d/snow/tree` → down → `d/snow/square` — 無 up

**方向錯誤 (2):**
- `d/zhenwu/gate` → west → watchtower — watchtower 也用 west 回 gate（應為 east）
- `d/wutang/ngate` → northwest → manglin — manglin 無 southeast

### NPC / Skill / Race / Sect — 全部通過

---

回到 stub towns 審查結果：剛才建立的新檔案都在 **sanyen** 和 **choyin** 兩個城鎮，不在上述失敗清單中。新建的檔案：

| 檔案 | 說明 |
|------|------|
| `d/sanyen/npc/merchant.c` | 新增：市集商人 NPC (F_VENDOR) |
| `d/sanyen/market.c` | 修改：加入 merchant 到 objects |
| `d/choyin/shop.c` | 新增：雜貨鋪房間 |
| `d/choyin/npc/merchant.c` | 新增：雜貨鋪掌櫃 NPC (F_VENDOR) |
| `d/choyin/nstreet.c` | 修改：加入 west→shop 出口（雙向） |
[0;32m[OK][0m Audit area: stub_towns
[0;34m[21:23:33][0m Step: Audit skills
## 技能 Daemon 完整性審查結果

### 1. 門派引用的技能（20 個不重複技能）

| 門派 | 引用技能 |
|------|---------|
| 虎刀門 | tiger blade |
| 寶蓮寺 | staff |
| 封山派 | fengshan sword |
| 哭笑門 | sword |
| 劍甲門 | sword, needle |
| 龍圖 | longttu neigong, needle |
| 白象寺 | diamond hammer, staff |
| 冷梅莊 | lengmei sword |
| 瑯夷 | dagger |
| 步玄派 | three rotations |
| 隱教 | dagger |
| 玄天教 | sword |
| 振武軍營 | tactic, pike |
| 茅山派 | maoshan sword, maoshan neigong, taoshan milu |
| 天師派 | taiyi sword, ziwei neigong |
| 雪吟莊 | sword |
| 天邪派 | phantom sword |
| 武陀 | five defeat needle, amazing needle |

### 2. 技能 Daemon 對應檢查

全部 20 個門派技能都有對應的 `mudlib/daemon/skill/<name>.c` 檔案：

| 技能名稱 | Daemon 檔案 | 存在 |
|----------|------------|------|
| tiger blade | tiger_blade.c | ✅ |
| staff | staff.c | ✅ |
| fengshan sword | fengshan_sword.c | ✅ |
| sword | sword.c | ✅ |
| needle | needle.c | ✅ |
| longttu neigong | longttu_neigong.c | ✅ |
| diamond hammer | diamond_hammer.c | ✅ |
| lengmei sword | lengmei_sword.c | ✅ |
| dagger | dagger.c | ✅ |
| three rotations | three_rotations.c | ✅ |
| tactic | tactic.c | ✅ |
| pike | pike.c | ✅ |
| maoshan sword | maoshan_sword.c | ✅ |
| maoshan neigong | maoshan_neigong.c | ✅ |
| taoshan milu | taoshan_milu.c | ✅ |
| taiyi sword | taiyi_sword.c | ✅ |
| ziwei neigong | ziwei_neigong.c | ✅ |
| phantom sword | phantom_sword.c | ✅ |
| five defeat needle | five_defeat_needle.c | ✅ |
| amazing needle | amazing_needle.c | ✅ |

### 3 & 4. Daemon 完整性

- 全部 75 個 skill daemon 都包含 `skill_improved()` 和 `skill_advanced()` 函式
- 所有戰鬥技能（含門派武功和基礎武器技能）均有至少 6 個 actions

### 5. 結論

**缺少 0 個、本次建立 0 個、剩餘 0 個待下輪處理。**

所有門派 `set("skills")` 引用的技能都已有對應的 skill daemon，且每個 daemon 都具備完整的 `skill_improved`、`skill_advanced` 函式，戰鬥技能也都有足夠的 actions。技能系統目前是完整的。
[0;32m[OK][0m Audit skills
[0;34m[21:26:34][0m Step: Audit quests
## 任務系統完整性審查結果

### 總覽

**已有 15 個任務**，覆蓋所有 13 個謎題。本次新增 0 個。

---

### 雪亭鎮 7 謎 — 全部完成 ✅ (9 個任務)

| # | 謎題 | 任務 NPC/房間 | Quest Flag | 獎勵 |
|---|------|-------------|------------|------|
| 1 | 阿寶在老榕樹等的人是誰？ | `arbao.c` + `recruiter.c` | `quest/arbao_letter_done` | 80 pts + 50 coin |
| 2 | 瞎眼婆婆的真實身分？ | `gammer.c` | `quest/gammer_identity_done` | 120 pts |
| 3 | 貨棧搬箱子算不算勞動？ | `foreman.c` | `quest/foreman_crate_done` | 50 pts + 100 coin |
| 4 | 驛站遺失了幾封信？ | `postman.c` + `herbalist.c` | `quest/postman_delivery_done` | 100 pts + 100 coin |
| 5 | 想不想加入振武軍營？ | `recruiter.c` | `quest/recruiter_enlist_done` | 50 pts |
| 6 | 破舊的老宅裡藏了什麼？ | `manor_cellar.c` | `quest/manor_secret_done` | 60 pts + 3 silver + scroll |
| 7 | 黑袍老人的女兒去了哪裡？ | `darkrobe.c` + `girl.c` | `quest/darkrobe_daughter_done` | 150 pts + 5 silver |
| - | (額外) 老乞婆跑腿 | `old_beggar.c` | `quest/old_beggar_done` | 200 pts + 念珠 + 白袍 |
| - | (額外) 老鏢師指路 | `escort.c` | `quest/escort_guide_done` | 30 pts + 50 coin |

### 五堂鎮 6 謎 — 全部完成 ✅ (6 個任務)

| # | 謎題 | 任務 NPC/房間 | Quest Flag | 獎勵 |
|---|------|-------------|------------|------|
| 1 | 飲血丟在了哪裡？ | `river_bend.c` | `quest/yinxue_found_done` | 120 pts + 飲血劍 |
| 2 | 巫山雕像有何秘密？ | `wushan_secret.c` | `quest/wushan_statue_done` | 200 pts + scroll |
| 3 | 郭布要收的徒弟在哪裡？ | `guobu.c` + `boy.c` | `quest/guobu_apprentice_done` | 80 pts + 200 coin |
| 4 | 鎮天神廟內藏著誰？ | `temple_master.c` | `quest/temple_master_done` | 150 pts + 真天玉牌 |
| 5 | 欽差來五堂要做甚麼？ | `inspector.c` + `storyteller.c` | `quest/inspector_case_done` | 80 pts + 5 silver |
| 6 | 過河的船在哪裡？ | `ferryman.c` | `quest/ferryman_guide_done` | 50 pts |

### 任務架構模式

所有任務統一使用：
- **觸發**：`relay_say()` 關鍵字匹配 或 `add_action()` 動作指令
- **追蹤**：`pending/<quest_id>` (temp flag，完成後清除)
- **完成**：`quest/<quest_id>_done` (永久 flag)
- **獎勵**：`gain_score("quest", N)` + 物品/金錢

### 結論

**已有 15 個任務，本次新增 0 個。** 雪亭鎮 7 謎和五堂鎮 6 謎全部已有對應任務實作。初始掃描因 `grep -v master` 排除了 `temple_master.c`，導致看似缺少謎題 4，但實際上該任務已完整實作（含 3 階段對話 + 真天玉牌獎勵 + 150 quest 分數）。
[0;32m[OK][0m Audit quests
[main 8ad93c8] feat: add quests
 5 files changed, 90 insertions(+)
 create mode 100644 mudlib/d/choyin/npc/merchant.c
 create mode 100644 mudlib/d/choyin/shop.c
 create mode 100644 mudlib/d/sanyen/npc/merchant.c
[0;34m[21:29:39][0m === Phase: Validate ===
[0;34m[21:29:39][0m Step: Static validation
## 靜態驗證報告

### 主測試套件
| 項目 | 數量 |
|------|------|
| **PASS** | 3545 |
| **FAIL** | 23 |
| **WARN** | 46 |

主要失敗類型：
- **Room inherit 缺失**：`d/longan/temple`、`d/snow/bazar`、`d/snow/small_temple` 等
- **雙向出口缺失**（4 處）：
  - `ngate`: northwest→entrance 缺 southeast 返回
  - `tree`: down→square 缺 up 返回
  - `mountain_road2`: west→mountain_path 缺 east 返回
  - `gate`: west→watchtower 缺 east 返回

### 額外檢查

| 檢查項目 | 結果 |
|----------|------|
| `set("aggressive", 1)` 誤用 | **PASS** — 0 處找到 |
| skill daemon 含 `skill_improved` | **PASS** — 全部 75 個 daemon 皆有 |
| lv50+ 掌門有 `vision_of_ghost` | **FAIL** — 2 處缺失 |

缺少 `vision_of_ghost` 的掌門：
1. `mudlib/d/tianxie/npc/daxiedaoren.c`
2. `mudlib/d/hudao/npc/sunyi.c`

### 總結
- **3545 PASS** / **23 FAIL** / **46 WARN**
- 需修復：2 個掌門缺 `vision_of_ghost`、數個房間 inherit 缺失、4 處單向出口
[0;32m[OK][0m Static validation
[0;34m[21:31:10][0m Pipeline complete: 5 ok, 0 warnings.
[main 7a101ca] feat: auto-implement content via pipeline v2 [2026-03-20 21:31:10]
 4 files changed, 486 insertions(+), 2 deletions(-)
 create mode 100644 docs/loop_logs/round_20260320_211620.log
To github.com:Transformer666/es2_mudlib.git
   02f65c6..7a101ca  main -> main
[0;32m[OK][0m Final commit pushed to origin.

=========================================
  Pipeline complete!
  Completed: 6 | Warnings: 0
  End: 2026-03-20 21:31:10
=========================================
