Round 16 - Fri Mar 20 12:11:16 UTC 2026
[0;34m[12:11:16][0m Using git remote: origin
[0;34m[12:11:16][0m Pulling latest changes...
From github.com:Transformer666/es2_mudlib
 * branch            main       -> FETCH_HEAD
Already up to date.

=========================================
  ES2 Agent Pipeline v2
  Phase: all
  Start: 2026-03-20 12:11:16
=========================================

[0;34m[12:11:18][0m === Phase: Analyze ===
[0;34m[12:11:18][0m Step: Scan existing content
`docs/missing_content.json` 已更新。掃描摘要：

| 類別 | 需求 | 已實作 | 缺少 |
|------|------|--------|------|
| 種族 | 11 | 11 | 0 |
| 職業 | 7 | 9 (含 commoner/fighter) | 0 |
| 門派 | 18 | 18 (缺 tianyue daemon) | 1 |
| 技能 | — | 75 | — |
| 區域 | — | 54 | — |
| 房間 | — | 459 | — |
| NPC | — | 268 | — |
| 任務 | 15 | 0 | 15 |

**主要缺口：**
- **天月庵 (tianyue)** — 區域已有 6 房間 + 4 NPC，但 `daemon/sect/tianyue.c` 不存在
- **任務系統** — 0 個任務實作（雪亭七謎、五堂六謎、十三靈任務共 15 個）
- **未建地圖位置** — 22 個（真郡大山、太乙殿、風城等）
- **門派子系統** — 茅山三觀、天師四衣派特化未實作
[0;32m[OK][0m Scan existing content
