Round 49 - Fri Mar 20 16:10:09 UTC 2026
[0;34m[16:10:09][0m Using git remote: origin
[0;34m[16:10:09][0m Pulling latest changes...
From github.com:Transformer666/es2_mudlib
 * branch            main       -> FETCH_HEAD
Already up to date.

=========================================
  ES2 Agent Pipeline v2
  Phase: all
  Start: 2026-03-20 16:10:09
=========================================

[0;34m[16:10:12][0m === Phase: Analyze ===
[0;34m[16:10:12][0m Step: Scan existing content
掃描完成，所有數據與現有檔案一致，已更新時間戳。摘要如下：

| 類別 | 應有 | 已實作 | 缺少 |
|------|------|--------|------|
| 種族 | 11 | 11 | 0 |
| 職業 | 7 | 9 (含 commoner, fighter) | 0 |
| 門派 | 18 | 18 (tianxie 多出, tianyue daemon 缺) | 1 |
| 技能 | — | 75 | — |
| 區域 | — | 54 | 22 個地圖地點未建 |
| 房間 | — | 459 | — |
| NPC | — | 268 | — |
| 任務 | 15+ | 0 | 全部 |

主要缺口：
- **tianyue (天月庵)** — 區域和 NPC 已存在，但缺少 `daemon/sect/tianyue.c`
- **任務系統** — 完全未實作（雪亭七謎、五堂六謎、十三靈任務）
- **8 個 stub 城鎮** 需要擴展內容
- **22 個世界地圖地點** 尚未建立（真郡大山、太乙殿、風城等）
[0;32m[OK][0m Scan existing content
