Round 79 - Sat Mar 21 11:56:16 UTC 2026
[0;34m[11:56:16][0m Using git remote: origin
[0;34m[11:56:16][0m Pulling latest changes...
From github.com:Transformer666/es2_mudlib
 * branch            main       -> FETCH_HEAD
Already up to date.

=========================================
  ES2 Agent Pipeline v2
  Phase: all
  Start: 2026-03-21 11:56:16
=========================================

[0;34m[11:56:18][0m === Phase: Analyze (bash-native, no agent) ===
[0;34m[11:56:19][0m Analyze complete:
[0;34m[11:56:19][0m   Races: 11/11 | Classes: 9/7 | Sects: 18/18
[0;34m[11:56:19][0m   Skills: 75 (missing: 40) | Rooms: 483 | NPCs: 287
[0;34m[11:56:19][0m   Quests: 14 | Equipment: 282
[0;34m[11:56:19][0m   Total missing: 40
[0;32m[OK][0m Analyze phase
[0;34m[11:56:19][0m === Phase: Build ===
[0;34m[11:56:19][0m Step: Audit area: stub_towns
## stub_towns 審查結果：complete

所有 8 個 stub 城鎮都滿足最低要求：

| 城鎮 | 廣場 | 街道×2 | 客棧(INN) | 商店 | 入口/城門 | 廟(TEMPLE) | 老闆 | 守衛 | 商人 |
|------|:---:|:------:|:---------:|:---:|:---------:|:----------:|:---:|:---:|:---:|
| longan 龍安 | ✓ | ✓ | ✓ | ✓ | ✓ | ✓ | ✓ | ✓ | ✓ |
| jingji 京畿 | ✓ | ✓ | ✓ | ✓ | ✓ | ✓ | ✓ | ✓ | ✓ |
| kangping 康平 | ✓ | ✓ | ✓ | ✓ | ✓ | ✓ | ✓ | ✓ | ✓ |
| sanyen 三掩 | ✓ | ✓ | ✓ | ✓ | ✓ | ✓ | ✓ | ✓ | ✓ |
| lee 李家村 | ✓ | ✓ | ✓ | ✓ | ✓ (r2) | ✓ (祠堂) | ✓ | ✓ | ✓ |
| choyin 喬陰 | ✓ | ✓ | ✓ | ✓ | ✓ (南北門) | ✓ | ✓ | ✓ | ✓ |
| baihua 百花 | ✓ | ✓ | ✓ | ✓ | ✓ | ✓ (神龕) | ✓ | ✓ | ✓ |
| weiguo 衛國 | ✓ | ✓ | ✓ | ✓ | ✓ | ✓ | ✓ | ✓ | ✓ |

**出口雙向連結**：全部驗證通過，包含外部道路連接（road/、snow/、oldpine/、heifeng/）。

初步報告中的三個「問題」經驗證均為誤報：
- **LEE** 的 `r2.c`（"村口"）就是入口，有守衛 NPC
- **KANGPING** 的廟通過 `well.c` 雙向連接主鎮（square↔well↔temple）
- **SANYEN** 的 `west_street` 是正常的死巷房間

**stub_towns: complete** — 不需要建立新檔案。
[0;32m[OK][0m Audit area: stub_towns
[0;34m[12:00:09][0m Step: Audit skills
## 技能 Daemon 審查結果

### 1. 門派引用的技能清單

從 18 個門派 daemon 中提取的所有技能（去重後 20 個）：

| 門派 | 引用技能 |
|------|---------|
| 虎刀門 | tiger blade |
| 寶蓮寺 | staff |
| 封山派 | fengshan sword |
| 哭笑門 | sword |
| 劍甲門 | sword, needle |
| 龍圖丹派 | longttu neigong, needle |
| 白象寺 | diamond hammer, staff |
| 冷梅莊 | lengmei sword |
| 瑯夷 | dagger |
| 步玄派 | three rotations |
| 隱教 | dagger |
| 玄天教 | sword |
| 振武軍營 | tactic, pike |
| 茅山派 | maoshan sword, maoshan neigong, taoshan milu |
| 天師派 | taiyi sword, ziwei neigong |
| 雪吟莊 | sword |
| 天邪派 | phantom sword |
| 武陀 | five defeat needle, amazing needle |

### 2. 對應 daemon 檔案檢查

全部 20 個技能名稱都有對應的 `mudlib/daemon/skill/<name>.c` 檔案。**缺少：0 個。**

### 3. skill_improved / skill_advanced 檢查

全部 75 個 skill daemon 都包含 `skill_improved()` 和 `skill_advanced()` 函數。**不完整：0 個。**

### 4. 戰鬥技能 actions 數量

41 個戰鬥技能全部有 6 個以上 actions（範圍 6-8）。**不足：0 個。**

### 5. 總結

- **缺少：0 個** — 所有門派引用的技能都有對應 daemon
- **不完整：0 個** — 所有 daemon 都有 skill_improved + skill_advanced
- **actions 不足：0 個** — 所有戰鬥技能都有 >= 6 個 actions
- **本次建立：0 個**
- **剩餘待處理：0 個**

技能系統完整，無需補建。
[0;32m[OK][0m Audit skills
[0;34m[12:01:34][0m Step: Audit quests
## 任務系統完整性審查結果

### 雪亭鎮 7 謎 — 全部已實作

| # | 謎題 | quest flag | 檔案 | 獎勵 |
|---|------|-----------|------|------|
| 1 | 阿寶在老榕樹等的人是誰？ | `arbao_letter_done` | `arbao.c` | 80 |
| 2 | 瞎眼婆婆的真實身分？ | `gammer_identity_done` | `gammer.c` | 120 |
| 3 | 貨棧搬箱子算不算勞動？ | `foreman_crate_done` | `foreman.c` | 50 |
| 4 | 驛站遺失了幾封信？ | `postman_delivery_done` | `postman.c` | 100 |
| 5 | 想不想加入振武軍營？ | `recruiter_enlist_done` | `recruiter.c` | 50 |
| 6 | 破舊的老宅裡藏了什麼？ | `manor_secret_done` | `manor_cellar.c` | 60 |
| 7 | 黑袍老人的女兒去了哪裡？ | `darkrobe_daughter_done` | `darkrobe.c` + `girl.c` | 150 |

### 五堂鎮 6 謎 — 全部已實作

| # | 謎題 | quest flag | 檔案 | 獎勵 |
|---|------|-----------|------|------|
| 1 | 飲血丟在了哪裡？ | `yinxue_found_done` | `river_bend.c` + `storyteller.c` | 120 |
| 2 | 巫山之中神秘雕像有何秘密？ | `wushan_statue_done` | `wushan_secret.c` | 200 |
| 3 | 郭布要收的徒弟在哪裡？ | `guobu_apprentice_done` | `guobu.c` + `boy.c` | 80 |
| 4 | 鎮天神廟內藏著誰？ | `temple_master_done` | `temple_master.c` | 150 |
| 5 | 別館內的欽差來五堂要做甚麼？ | `inspector_case_done` | `inspector.c` + `storyteller.c` | 80 |
| 6 | 過河的船在哪裡？ | `ferryman_guide_done` | `ferryman.c` | 50 |

### 額外任務（不在謎題清單內）

| quest flag | 檔案 | 獎勵 |
|-----------|------|------|
| `escort_guide_done` | `escort.c` | 30 |
| `old_beggar_done` | `old_beggar.c` | 200 |

### 任務機制一致性

所有 15 個任務均使用統一模式：
- `pending/<id>` (set_temp) 追蹤進度
- `quest/<id>_done` (set) 標記永久完成
- `gain_score("quest", N)` 給予獎勵
- 完成前檢查 `query("quest/<id>_done")` 防止重複

**結論：已有 15 個任務（雪亭 9 + 五堂 6），13 謎全數覆蓋，本次新增 0 個。**
[0;32m[OK][0m Audit quests
[0;34m[12:02:36][0m === Phase: Validate ===
[0;34m[12:02:36][0m Step: Static validation
## 靜態驗證結果報告

### 主測試套件 (`run_tests.sh all`)
| 項目 | 數量 |
|------|------|
| **PASS** | 3556 |
| **FAIL** | 25 |
| **WARN** | 46 |

完整報告：`docs/test_report.md`

### 額外檢查

**1. `set("aggressive", 1)` 誤用 — PASS**
- 在 `mudlib/d/` 中找到 **0** 處，全部正確使用 `set("attitude", "aggressive")`。

**2. `skill_improved` 覆蓋率 — PASS**
- 所有 **75 個** skill daemon 都包含 `skill_improved`（每個至少 1 處）。

**3. LV50+ NPC 缺少 `vision_of_ghost` — FAIL (20 個)**
以下 20 個 LV50+ NPC 缺少 `set_temp("apply/vision_of_ghost", 1)`：

| 區域 | NPC 檔案 |
|------|----------|
| wutang | `chong_baihu.c`, `sima_lei.c`, `ma_zhongsheng.c` |
| manglin | `evil_hydra.c`, `qiyong.c` |
| tianxie | `evil_daoist.c`, `daxiedaoren.c` |
| ice | `ice_guardian.c` |
| baiyao | `chilong.c` |
| green | `godly_dog.c` |
| hudao | `sunyi.c` |
| death | `hundunshou.c` |
| tianyue | `canyi.c` |
| latemoon | `mieyu.c`, `miexin.c`, `shenwei.c`, `mieming.c` |
| zhenwu | `luxinian.c`, `biyong.c` |
| waterfog | `centipede.c` |

### 雙向出口缺失 (4 個 FAIL)
- `snow/ngate` → northwest → entrance 缺 southeast 回程
- `snow/tree` → down → square 缺 up 回程
- `mountain_road2` → west → mountain_path 缺 east 回程
- `gate` → west → watchtower 缺 east 回程

需要我修復這些問題嗎？
[0;32m[OK][0m Static validation
[0;34m[12:04:47][0m Pipeline complete: 5 ok, 0 warnings.
[main 8ebd861] feat: auto-implement content via pipeline v2 [2026-03-21 12:04:47]
 4 files changed, 387 insertions(+), 1 deletion(-)
 create mode 100644 docs/loop_logs/round_20260321_115616.log
To github.com:Transformer666/es2_mudlib.git
   90c73f0..8ebd861  main -> main
[0;32m[OK][0m Final commit pushed to origin.

=========================================
  Pipeline complete!
  Completed: 6 | Warnings: 0
  End: 2026-03-21 12:04:47
=========================================
