Round 50 - Fri Mar 20 16:17:22 UTC 2026
[0;34m[16:17:22][0m Using git remote: origin
[0;34m[16:17:22][0m Pulling latest changes...
From github.com:Transformer666/es2_mudlib
 * branch            main       -> FETCH_HEAD
Already up to date.

=========================================
  ES2 Agent Pipeline v2
  Phase: all
  Start: 2026-03-20 16:17:22
=========================================

[0;34m[16:17:24][0m === Phase: Analyze ===
[0;34m[16:17:24][0m Step: Scan existing content
掃描完成。摘要如下：

| 類別 | 需求 | 已實作 | 缺少 |
|------|------|--------|------|
| 種族 | 11 | 11 | 0 |
| 職業 | 7 | 7+2 | 0 |
| 門派 | 18 | 18 daemon | 1（天月庵 tianyue 有區域但缺 sect daemon） |
| 技能 | — | 75 | — |
| 區域 | — | 54 | 22 個地圖位置未建 |
| 房間 | — | 459 | — |
| NPC | — | 268 | — |
| 任務 | 15+ | 0 | 雪亭七謎(7) + 五堂六謎(6) + 十三靈(2) |

**主要缺口：**
- **任務系統**：完全未實作（0/15+）
- **天月庵 sect daemon**：區域存在但缺 `daemon/sect/tianyue.c`
- **22 個地圖城鎮/區域**未建（真郡大山、風城、水月村、羅城等）
- **8 個 stub 城鎮**需擴展（龍安、京畿、康平、三掩、離、喬陰、百花、衛國）
- **茅山/天師子門派**特化未實作
[0;32m[OK][0m Scan existing content
