Round 2 - Fri Mar 20 16:32:18 UTC 2026
[0;34m[16:32:18][0m Using git remote: origin
[0;34m[16:32:18][0m Pulling latest changes...
From github.com:Transformer666/es2_mudlib
 * branch            main       -> FETCH_HEAD
   39c3fc8..081da87  main       -> origin/main
Updating 39c3fc8..081da87
Fast-forward
 automation/run_loop.sh     | 10 ++++++----
 automation/run_pipeline.sh | 32 +++++++++++++++++++++++---------
 2 files changed, 29 insertions(+), 13 deletions(-)

=========================================
  ES2 Agent Pipeline v2
  Phase: all
  Start: 2026-03-20 16:32:18
=========================================

[0;34m[16:32:21][0m === Phase: Analyze (bash-native, no agent) ===
[0;34m[16:32:22][0m Analyze complete:
[0;34m[16:32:22][0m   Races: 11/11 | Classes: 9/7 | Sects: 18/18
[0;34m[16:32:22][0m   Skills: 75 (missing: 40) | Rooms: 459 | NPCs: 268
[0;34m[16:32:22][0m   Quests: 6 | Equipment: 275
[0;34m[16:32:22][0m   Total missing: 40
[0;32m[OK][0m Analyze phase
