Round 48 - Sat Mar 21 04:22:29 UTC 2026
[0;34m[04:22:29][0m Using git remote: origin
[0;34m[04:22:29][0m Pulling latest changes...
From github.com:Transformer666/es2_mudlib
 * branch            main       -> FETCH_HEAD
Already up to date.

=========================================
  ES2 Agent Pipeline v2
  Phase: all
  Start: 2026-03-21 04:22:29
=========================================

[0;34m[04:22:31][0m === Phase: Analyze (bash-native, no agent) ===
[0;34m[04:22:32][0m Analyze complete:
[0;34m[04:22:32][0m   Races: 11/11 | Classes: 9/7 | Sects: 18/18
[0;34m[04:22:32][0m   Skills: 75 (missing: 40) | Rooms: 480 | NPCs: 286
[0;34m[04:22:32][0m   Quests: 14 | Equipment: 282
[0;34m[04:22:32][0m   Total missing: 40
[0;32m[OK][0m Analyze phase
[0;34m[04:22:32][0m === Phase: Build ===
[0;34m[04:22:32][0m Step: Audit area: stub_towns
## 世界地圖連通性驗證結果

### 總覽

| 指標 | 數值 |
|------|------|
| 總房間數 | **481** |
| 從雪亭鎮可達 | **458** (95.2%) |
| 孤島房間 | **23** |
| 斷路（目標不存在） | **0** |
| 單向出口 | **4** |

### 單向出口（4 處）

1. `/d/hell/entrance.c` → `up` → `/d/graveyard/shrine.c` — 地獄入口可上到墓園祠堂，但祠堂無 `down` 返回
2. `/d/snow/fireplace.c` → `out` → `/d/snow/inn_kitchen.c` — 壁爐出口到廚房，廚房無返回路徑
3. `/d/snow/mill.c` → `out` → `/d/snow/lane2.c` — 磨坊出口到巷子，巷子無返回路徑
4. `/d/snow/tree.c` → `down` → `/d/snow/square.c` — 樹頂只有 `down`，廣場透過 `climb` 動作進入（非 set("exits")）

### 孤島房間（23 間，按區域分組）

| 區域 | 房間數 | 原因 |
|------|--------|------|
| **death** | 6 | 死亡轉生區域，透過遊戲機制（死亡）進入 |
| **hell** | 5 | 地獄區域，透過特殊機制進入 |
| **snow** | 8 | `tree`, `fireplace`, `mill` 等透過 `climb`/`enter` 動作進入 |
| **lijun/wutang** | 4 | 渡船過渡房間（ferry），非步行房間 |

### 結論

- 世界連通性良好，所有孤島都是設計上的合理隔離（死亡區域、渡船過渡、動作觸發房間）
- **零斷路** — 所有出口目標檔案都存在
- 渡船系統正確連接五堂鎮碼頭和鯉君渡
- 單向出口 #2 和 #3（`fireplace` 和 `mill`）可能需要修復，讓巷子/廚房有返回出口

需要我修復那 2 個雪亭鎮的單向出口嗎？
[0;32m[OK][0m Audit area: stub_towns
[0;34m[04:28:21][0m Step: Audit skills
## 技能 Daemon 完整性審查結果

### 1. 門派引用的技能（20 個唯一技能）

| 技能名稱 | 引用門派 | daemon 檔案 | skill_improved | skill_advanced | actions |
|----------|----------|-------------|:-:|:-:|:-:|
| tiger blade | 虎刀門 | tiger_blade.c | ✅ | ✅ | 6 |
| staff | 寶蓮寺、白象寺 | staff.c | ✅ | ✅ | 6 |
| fengshan sword | 封山派 | fengshan_sword.c | ✅ | ✅ | 6 |
| sword | 哭笑門、劍甲門、玄天教、雪吟莊 | sword.c | ✅ | ✅ | 8 |
| needle | 劍甲門、龍圖 | needle.c | ✅ | ✅ | 6 |
| longttu neigong | 龍圖 | longttu_neigong.c | ✅ | ✅ | 內功 |
| diamond hammer | 白象寺 | diamond_hammer.c | ✅ | ✅ | 6 |
| lengmei sword | 冷梅莊 | lengmei_sword.c | ✅ | ✅ | 6 |
| dagger | 瑯夷、隱教 | dagger.c | ✅ | ✅ | 6 |
| three rotations | 步玄派 | three_rotations.c | ✅ | ✅ | 6 |
| tactic | 振武軍營 | tactic.c | ✅ | ✅ | 6 |
| pike | 振武軍營 | pike.c | ✅ | ✅ | 7 |
| maoshan sword | 茅山派 | maoshan_sword.c | ✅ | ✅ | 6 |
| maoshan neigong | 茅山派 | maoshan_neigong.c | ✅ | ✅ | 內功 |
| taoshan milu | 茅山派 | taoshan_milu.c | ✅ | ✅ | 內功 |
| taiyi sword | 天師派 | taiyi_sword.c | ✅ | ✅ | 6 |
| ziwei neigong | 天師派 | ziwei_neigong.c | ✅ | ✅ | 內功 |
| phantom sword | 天邪派 | phantom_sword.c | ✅ | ✅ | 6 |
| five defeat needle | 武陀 | five_defeat_needle.c | ✅ | ✅ | 6 |
| amazing needle | 武陀 | amazing_needle.c | ✅ | ✅ | 6 |

### 2. 總體統計

- **門派數量**：18 個
- **門派引用技能**：20 個唯一技能
- **已存在的 skill daemon**：75 個（含基礎武功、輕功、法術等）
- **所有 75 個 daemon 均具備** `skill_improved()` 和 `skill_advanced()`
- **所有 41 個戰鬥技能均具備** ≥ 6 個 actions

### 3. 結論

- **缺少 0 個**技能 daemon — 所有門派引用的技能皆已實作
- **不完整 0 個** — 所有 daemon 均有 `skill_improved`、`skill_advanced`，戰鬥技能均有 ≥ 6 actions
- **本次建立 0 個**，**剩餘 0 個**待處理

技能 daemon 系統完整，無需修補。
[0;32m[OK][0m Audit skills
[0;34m[04:29:22][0m Step: Audit quests
任務系統審查完成。以下是完整報告：

## 任務系統審查結果

### 雪亭鎮 7 謎 — 全部已實作 ✅

| # | 謎題 | quest flag | NPC 檔案 | 所在房間 | 獎勵 |
|---|------|-----------|----------|---------|------|
| 1 | 阿寶在老榕樹等的人是誰？ | `arbao_letter_done` | arbao.c | square.c | 80 分 |
| 2 | 瞎眼婆婆的真實身分？ | `gammer_identity_done` | gammer.c | square.c | 120 分 |
| 3 | 貨棧搬箱子算不算勞動？ | `foreman_crate_done` | foreman.c | store.c | 50 分 |
| 4 | 驛站遺失了幾封信？ | `postman_delivery_done` | postman.c + herbalist.c | post_office.c | 100 分 |
| 5 | 想不想加入振武軍營？ | `recruiter_enlist_done` | recruiter.c | military_camp.c | 50 分 |
| 6 | 破舊的老宅裡藏了什麼？ | `manor_secret_done` | manor_cellar.c (房間觸發) | manor_cellar.c | 60 分 |
| 7 | 黑袍老人的女兒去了哪裡？ | `darkrobe_daughter_done` | darkrobe.c + girl.c | dilapidated_manor.c + ruin2.c | 150 分 |

額外雪亭任務（非七謎）：
- `escort_guide_done` — 老鏢師 (square_s.c) — 30 分
- `old_beggar_done` — 老乞婆 (square_sw.c) — 200 分

### 五堂鎮 6 謎 — 全部已實作 ✅

| # | 謎題 | quest flag | NPC 檔案 | 所在房間 | 獎勵 |
|---|------|-----------|----------|---------|------|
| 1 | 飲血丟在了哪裡？ | `yinxue_found_done` | river_bend.c (房間觸發) | river_bend.c | 120 分 |
| 2 | 巫山神秘雕像有何秘密？ | `wushan_statue_done` | wushan_secret.c (房間觸發) | wushan_secret.c | 200 分 |
| 3 | 郭布要收的徒弟在哪裡？ | `guobu_apprentice_done` | guobu.c + boy.c | street1.c + river_bend.c | 80 分 |
| 4 | 鎮天神廟內藏著誰？ | `temple_master_done` | temple_master.c | temple.c | 150 分 |
| 5 | 別館內的欽差來五堂要做甚麼？ | `inspector_case_done` | inspector.c + storyteller.c | court.c + inn_hall.c | 80 分 |
| 6 | 過河的船在哪裡？ | `ferryman_guide_done` | ferryman.c | dock.c | 50 分 |

### 統計

- **已有 15 個任務**（雪亭 9 個 + 五堂 6 個）
- **雪亭鎮 7 謎：7/7 完成**
- **五堂鎮 6 謎：6/6 完成**
- **本次新增 0 個**（所有謎題均已有對應任務實作）

所有任務均具備完整的三段式機制：`pending/` 追蹤進度 → `quest/` 標記完成 → `gain_score("quest", N)` 給予獎勵。所有任務 NPC 均已正確載入到對應房間。
[0;32m[OK][0m Audit quests
[0;34m[04:30:37][0m === Phase: Validate ===
[0;34m[04:30:37][0m Step: Static validation
## 靜態驗證報告

### 總覽

| 項目 | 數量 |
|------|------|
| **PASS** | 3545 |
| **FAIL** | 23 |
| **WARN** | 46 |

---

### FAIL 明細 (23 項)

**Room inherit 缺失 (18 項)** — 這些房間缺少正確的 inherit 語句：
- `d/longan/temple`, `d/wutang/ferry`, `d/wutang/ferry_back`, `d/wutang/temple`
- `d/lee/ancestral_hall`, `d/sanyen/temple`, `d/snow/bazar`, `d/snow/small_temple`
- `d/lijun/ferry`, `d/lijun/ferry_back`, `d/weiguo/temple`, `d/baihua/shrine`
- `d/village/temple`, `d/jingji/bank`, `d/jingji/temple`, `d/choyin/temple`
- `d/kangping/temple`, `d/chixiao/temple`

**Equipment setup() 缺失 (1 項)：**
- `d/snow/npc/obj/invitation`

**雙向出口缺失 (4 項)：**
- `ngate`: northwest → entrance 缺少 southeast 回程
- `tree`: down → square 缺少 up 回程
- `mountain_road2`: west → mountain_path 缺少 east 回程
- `gate`: west → watchtower 缺少 east 回程

---

### 額外檢查

| 檢查項目 | 結果 |
|----------|------|
| `set("aggressive", 1)` 誤用 | **PASS** — 0 處，全部正確使用 `attitude` |
| `skill_improved` 存在性 | **FAIL** — 75 個 skill daemon 全部使用 `grep -L` 匹配（但 `grep -c` 顯示每個檔案都有 1 次匹配）|
| lv50+ 掌門 `vision_of_ghost` | **FAIL** — 1 處缺失 |

**`skill_improved` 補充說明：** 75 個 skill daemon 檔案每個都包含 `skill_improved` 字串（各出現 1 次），但 `grep -L`（列出不匹配的檔案）也回報了所有 75 個檔案。經核實，這是因為 `grep -qL` 的邏輯反轉 — 實際上 **75/75 個 skill daemon 都有 `skill_improved`，全部 PASS**。

**`vision_of_ghost` 缺失：**
- `d/tianxie/npc/daxiedaoren.c` — 大邪道人 (Level 75, 天邪派前任掌門) 缺少 `set_temp("apply/vision_of_ghost", 1)`

---

### 總結

| 類別 | 狀態 |
|------|------|
| aggressive 誤用 | ✅ PASS (0 處) |
| skill_improved 覆蓋 | ✅ PASS (75/75) |
| vision_of_ghost | ❌ 1 處缺失 (`tianxie/npc/daxiedaoren.c`) |
| 整體驗證 | 3545 PASS / 23 FAIL / 46 WARN |
[0;32m[OK][0m Static validation
[0;34m[04:39:10][0m Pipeline complete: 5 ok, 0 warnings.
