Round 26 - Fri Mar 20 13:24:37 UTC 2026
[0;34m[13:24:37][0m Using git remote: origin
[0;34m[13:24:37][0m Pulling latest changes...
From github.com:Transformer666/es2_mudlib
 * branch            main       -> FETCH_HEAD
Already up to date.

=========================================
  ES2 Agent Pipeline v2
  Phase: all
  Start: 2026-03-20 13:24:37
=========================================

[0;34m[13:24:39][0m === Phase: Analyze ===
[0;34m[13:24:39][0m Step: Scan existing content
掃描完成，結果與現有資料一致。摘要：

| 類別 | 應有 | 已有 | 缺少 |
|------|------|------|------|
| 種族 | 11 | 11 | 0 |
| 職業 | 7 | 9 (含 commoner/fighter) | 0 |
| 門派 daemon | 19 | 18 | 1 (天月庵 tianyue) |
| 技能 | — | 75 | — |
| 區域 | — | 54 | 22 個地圖地點未建 |
| 房間 | — | 459 | — |
| NPC | — | 268 | — |
| 任務 | 15 | 0 | 15 |
| Stub 城鎮 | — | 8 | 需擴展 |

主要缺口：
- **天月庵 (tianyue)** 有區域/房間/NPC，但缺少 `daemon/sect/tianyue.c`
- **任務系統** 完全未實作（雪亭七謎 + 五堂六謎 + 十三靈任務）
- **22 個地圖地點** 尚未建立（真郡大山、太乙殿、風城等）
- **8 個 stub 城鎮** 需要內容擴展
[0;32m[OK][0m Scan existing content
