Round 21 - Fri Mar 20 12:46:36 UTC 2026
[0;34m[12:46:36][0m Using git remote: origin
[0;34m[12:46:36][0m Pulling latest changes...
From github.com:Transformer666/es2_mudlib
 * branch            main       -> FETCH_HEAD
Already up to date.

=========================================
  ES2 Agent Pipeline v2
  Phase: all
  Start: 2026-03-20 12:46:36
=========================================

[0;34m[12:46:39][0m === Phase: Analyze ===
[0;34m[12:46:39][0m Step: Scan existing content
File is up to date. Here's the summary:

## 掃描結果摘要

| 類別 | 需要 | 已實作 | 缺少 |
|------|------|--------|------|
| 種族 | 11 | 11 | 0 |
| 職業 | 7 | 7 (+2 系統) | 0 |
| 門派 | 18 | 18 (daemon) | **1** (天月庵 tianyue) |
| 技能 | — | 75 | — |
| 區域 | — | 54 | 22 地圖地點 |
| 房間 | — | 459 | — |
| NPC | — | 268 | — |
| 任務 | 15+ | **0** | 全部 |

### 關鍵缺口

1. **天月庵 (tianyue) 門派 daemon** — 區域有 6 房間 + 4 NPC，但 `daemon/sect/tianyue.c` 不存在
2. **任務系統** — 完全未實作（雪亭鎮七謎、五堂鎮六謎、十三靈任務）
3. **8 個 stub 城鎮** 需要擴展（龍安、京畿、康平、三掩、離、喬陰、百花、衛國）
4. **22 個地圖地點** 尚未建立（真郡大山、太乙殿、風城等）

JSON 已更新至 `docs/missing_content.json`。
[0;32m[OK][0m Scan existing content
