Round 28 - Fri Mar 20 13:39:40 UTC 2026
[0;34m[13:39:40][0m Using git remote: origin
[0;34m[13:39:40][0m Pulling latest changes...
From github.com:Transformer666/es2_mudlib
 * branch            main       -> FETCH_HEAD
Already up to date.

=========================================
  ES2 Agent Pipeline v2
  Phase: all
  Start: 2026-03-20 13:39:40
=========================================

[0;34m[13:39:42][0m === Phase: Analyze ===
[0;34m[13:39:42][0m Step: Scan existing content
JSON 已更新。掃描摘要：

| 類別 | 應有 | 已實作 | 缺少 |
|------|------|--------|------|
| 種族 | 11 | 11 | 0 |
| 職業 | 7 | 9 (含 commoner/fighter) | 0 |
| 門派 daemon | 18 | 18 | 1 (tianyue 天月庵有區域但缺 daemon) |
| 技能 | — | 75 | — |
| 區域 | — | 54 | 22 個地圖位置未建 |
| 房間 | — | 459 | — |
| NPC | — | 268 | — |
| NPC 裝備 | — | 124 | — |
| 任務 | 15 | 0 | 15 (雪亭7謎 + 五堂6謎 + 十三靈2) |
| Stub 城鎮 | 8 | 8 (需擴展) | 龍安/京畿/康平/三掩/離/喬陰/百花/衛國 |

主要缺口：
- **tianyue (天月庵)** sect daemon 缺失（區域和 NPC 已存在）
- **任務系統**完全未實作（0/15）
- **22 個地圖位置**尚未建設
- **8 個 stub 城鎮**需要內容擴展
[0;32m[OK][0m Scan existing content
