Round 40 - Fri Mar 20 15:06:08 UTC 2026
[0;34m[15:06:08][0m Using git remote: origin
[0;34m[15:06:08][0m Pulling latest changes...
From github.com:Transformer666/es2_mudlib
 * branch            main       -> FETCH_HEAD
Already up to date.

=========================================
  ES2 Agent Pipeline v2
  Phase: all
  Start: 2026-03-20 15:06:08
=========================================

[0;34m[15:06:11][0m === Phase: Analyze ===
[0;34m[15:06:11][0m Step: Scan existing content
`docs/missing_content.json` 已更新。掃描摘要：

| 類別 | 應有 | 已實作 | 缺少 |
|------|------|--------|------|
| 種族 | 11 | 11 | 0 |
| 職業 | 7 | 9 (+commoner, fighter) | 0 |
| 門派 | 18 | 18 (tianxie extra) | 1 (tianyue daemon) |
| 技能 | — | 75 | — |
| 區域 | — | 54 (459 rooms) | 22 地圖位置 |
| NPC | — | 268 | — |
| 任務 | 15 | 0 | 15 |

主要缺口：
- **天月庵 (tianyue)** — 區域/房間/NPC 都有，但缺 `daemon/sect/tianyue.c`
- **任務系統** — 0 個任務實作（雪亭七謎 + 五堂六謎 + 十三靈任務共 15 個）
- **22 個地圖位置** 尚未建置（真郡大山、太乙殿、風城等）
- **8 個 stub 城鎮** 需要擴展內容
[0;32m[OK][0m Scan existing content
