Round 15 - Sat Mar 21 19:50:10 UTC 2026
[0;34m[19:50:10][0m Using git remote: origin
[0;34m[19:50:10][0m Pulling latest changes...
From github.com:Transformer666/es2_mudlib
 * branch            main       -> FETCH_HEAD
Already up to date.

=========================================
  ES2 Agent Pipeline v2
  Phase: all
  Start: 2026-03-21 19:50:10
=========================================

[0;34m[19:50:12][0m === Phase: Analyze (bash-native, no agent) ===
[0;34m[19:50:13][0m Analyze complete:
[0;34m[19:50:13][0m   Races: 11/11 | Classes: 9/7 | Sects: 18/18
[0;34m[19:50:13][0m   Skills: 75 (missing: 40) | Rooms: 484 | NPCs: 288
[0;34m[19:50:13][0m   Quests: 14 | Equipment: 282
[0;34m[19:50:13][0m   Total missing: 40
[0;32m[OK][0m Analyze phase
[0;34m[19:50:13][0m === Phase: Build ===
[0;34m[19:50:13][0m Step: Audit area: stub_towns
## 審查結果：stub_towns: complete

所有 8 個城鎮 stub 都已完整，通過全部檢查：

| 城鎮 | 廣場 | 街道x2 | 客棧 | 商店 | 城門 | 城隍廟 | 客棧老闆 | 守衛 | 商人 | 出口雙向 | NPC引用 | Inn繼承 | Temple繼承 |
|------|:---:|:---:|:---:|:---:|:---:|:---:|:---:|:---:|:---:|:---:|:---:|:---:|:---:|
| **longan** 龍安 | OK | OK | OK | OK | OK | OK | OK | OK | OK | OK | OK | OK | OK |
| **jingji** 京畿 | OK | OK | OK | OK | OK | OK | OK | OK | OK | OK | OK | OK | OK |
| **kangping** 康平 | OK | OK | OK | OK | OK | OK | OK | OK | OK | OK | OK | OK | OK |
| **sanyen** 三掩 | OK | OK | OK | OK | OK | OK | OK | OK | OK | OK | OK | OK | OK |
| **lee** 李家村 | OK | OK | OK | OK | OK | OK | OK | OK | OK | OK | OK | OK | OK |
| **choyin** 喬陰 | OK | OK | OK | OK | OK | OK | OK | OK | OK | OK | OK | OK | OK |
| **baihua** 百花 | OK | OK | OK | OK | OK | OK | OK | OK | OK | OK | OK | OK | OK |
| **weiguo** 衛國 | OK | OK | OK | OK | OK | OK | OK | OK | OK | OK | OK | OK | OK |

**詳細摘要：**
- **出口雙向連結**: 全部通過。所有內部房間出口都有對應的反向出口。
- **NPC 檔案引用**: 全部通過。所有 `set("objects")` 路徑都指向存在的 NPC 檔案。
- **Inn 繼承**: 全部 `inherit INN` + `valid_startroom` + `no_fight` 正確。
- **Temple 繼承**: 全部 `inherit TEMPLE` 正確（百花用 shrine.c 繼承 TEMPLE）。
- **必要元素**: 每個城鎮都有廣場、至少2條街道、客棧、商店、城門、廟、客棧老闆、守衛、商人。

不需要建立任何新檔案。
[0;32m[OK][0m Audit area: stub_towns
[0;34m[19:53:46][0m Step: Audit skills
## 技能 Daemon 審查報告

### 審查結果

| 項目 | 結果 |
|------|------|
| 門派數量 | 18 個 |
| 引用的技能 | 20 個（部分共用如 `sword`, `dagger`, `staff`, `needle`） |
| 缺少的 daemon | **0 個** |
| 不完整的 daemon | **0 個** |

### 詳細說明

**所有門派引用的技能都有對應的 daemon 檔案**，且每個 daemon 都具備：
- `skill_improved()` 函數
- `skill_advanced()` 函數
- 戰鬥技能至少 6 個 actions

### 值得注意的問題

1. **部分門派只引用了通用技能**：例如哭笑門、雪吟莊只引用 `sword`，瑯夷、隱教只引用 `dagger`。這些門派應該有獨門武功，但目前只用了通用技能。

2. **53 個額外 skill daemon 未被任何門派引用**，其中多個看起來是門派專屬武功（如 `snowshade_sword.c`、`jingang_staff.c`、`six_chaos_sword.c`、`shortsong_blade.c` 等），可能需要連接到對應門派的 `set("skills")` 中。

### 結論

**缺少 0 個、本次建立 0 個、剩餘 0 個待處理。**

所有被門派 daemon 引用的技能都已有完整的 skill daemon。如需進一步處理，建議下一步檢查那些只用通用技能的門派，為它們補上獨門武功的引用。
[0;32m[OK][0m Audit skills
[0;34m[19:55:41][0m Step: Audit quests
All NPCs are properly loaded in rooms. Let me compile the final summary.

## 任務系統審查結果

### 雪亭鎮 7 謎 — **7/7 全部完成**

| # | 謎題 | Quest Flag | NPC/房間 | 獎勵分數 | 房間載入 |
|---|-------|-----------|---------|---------|---------|
| 1 | 阿寶在老榕樹等的人是誰？ | `arbao_letter_done` | `arbao.c` → `square.c` | 80 | OK |
| 2 | 瞎眼婆婆的真實身分？ | `gammer_identity_done` | `gammer.c` → `square.c` | 120 | OK |
| 3 | 貨棧搬箱子算不算勞動？ | `foreman_crate_done` | `foreman.c` → `store.c` | 50 | OK |
| 4 | 驛站遺失了幾封信？ | `postman_delivery_done` | `postman.c` → `post_office.c` | 100 | OK |
| 5 | 想不想加入振武軍營？ | `recruiter_enlist_done` | `recruiter.c` → `military_camp.c` | 50 | OK |
| 6 | 破舊的老宅裡藏了什麼？ | `manor_secret_done` | `manor_cellar.c` | 60 | OK |
| 7 | 黑袍老人的女兒去了哪裡？ | `darkrobe_daughter_done` | `darkrobe.c` → `dilapidated_manor.c` | 150 | OK |

### 五堂鎮 6 謎 — **6/6 全部完成**

| # | 謎題 | Quest Flag | NPC/房間 | 獎勵分數 | 房間載入 |
|---|-------|-----------|---------|---------|---------|
| 1 | 飲血丟在了哪裡？ | `yinxue_found_done` | `river_bend.c` | 120 | OK |
| 2 | 巫山之中神秘雕像有何秘密？ | `wushan_statue_done` | `wushan_secret.c` | 200 | OK |
| 3 | 郭布要收的徒弟在哪裡？ | `guobu_apprentice_done` | `guobu.c` → `street1.c` | 80 | OK |
| 4 | 鎮天神廟內藏著誰？ | `temple_master_done` | `temple_master.c` → `temple.c` | 150 | OK |
| 5 | 別館內的欽差來五堂要做甚麼？ | `inspector_case_done` | `inspector.c` → `court.c` | 80 | OK |
| 6 | 過河的船在哪裡？ | `ferryman_guide_done` | `ferryman.c` → `dock.c` | 50 | OK |

### 額外任務（非謎題）

| Quest Flag | NPC | 房間 | 獎勵分數 |
|-----------|-----|------|---------|
| `old_beggar_done` | `old_beggar.c` | `square_sw.c` | 200 |
| `escort_guide_done` | `escort.c` | `square_s.c` | 30 |

### 統計

- **已有任務：15 個**（雪亭 7 + 額外 2，五堂 6）
- **本次新增：0 個**
- 所有任務均具備完整結構：`pending/` 進度追蹤、`quest/*_done` 完成標記、`gain_score("quest", N)` 獎勵、NPC 正確載入房間
- 獎勵分數範圍：30～200，難度與獎勵成正比

**結論：雪亭鎮 7 謎和五堂鎮 6 謎的任務已全部實作完畢，無缺漏。**
[0;32m[OK][0m Audit quests
[0;34m[19:57:07][0m === Phase: Validate ===
[0;34m[19:57:07][0m Step: Static validation
## 靜態驗證報告

### 主測試套件
| 項目 | 數量 |
|------|------|
| **PASS** | 3562 |
| **FAIL** | 26 |
| **WARN** | 46 |

主要失敗項目包含：
- **Room inherit 缺失** — `d/longan/temple`, `d/snow/bazar`, `d/snow/small_temple` 等缺少正確的 inherit 語句
- **雙向出口不匹配** — 4 處單向出口：
  - `ngate`: northwest→entrance 缺 southeast 回程
  - `tree`: down→square 缺 up 回程
  - `mountain_road2`: west→mountain_path 缺 east 回程
  - `gate`: west→watchtower 缺 east 回程

### 額外檢查

| 檢查項 | 結果 |
|--------|------|
| `set("aggressive", 1)` 誤用 | **PASS** — 0 筆（全部正確使用 attitude） |
| skill daemon 含 `skill_improved` | **PASS** — 全部 75 個 skill daemon 皆有 |
| lv50+ 掌門有 `vision_of_ghost` | **FAIL** — 2 個缺失 |

缺少 `vision_of_ghost` 的掌門級 NPC：
1. `d/tianxie/npc/daxiedaoren.c`
2. `d/hudao/npc/sunyi.c`
[0;32m[OK][0m Static validation
[0;34m[19:58:42][0m Pipeline complete: 5 ok, 0 warnings.
[main 59f6116] feat: auto-implement content via pipeline v2 [2026-03-21 19:58:42]
 4 files changed, 319 insertions(+), 1 deletion(-)
 create mode 100644 docs/loop_logs/round_20260321_195010.log
To github.com:Transformer666/es2_mudlib.git
   6ced68f..59f6116  main -> main
[0;32m[OK][0m Final commit pushed to origin.

=========================================
  Pipeline complete!
  Completed: 6 | Warnings: 0
  End: 2026-03-21 19:58:42
=========================================
