Round 8 - Fri Mar 20 11:16:54 UTC 2026
[0;34m[11:16:54][0m Using git remote: origin
[0;34m[11:16:54][0m Pulling latest changes...
From github.com:Transformer666/es2_mudlib
 * branch            main       -> FETCH_HEAD
Already up to date.

=========================================
  ES2 Agent Pipeline v2
  Phase: all
  Start: 2026-03-20 11:16:54
=========================================

[0;34m[11:16:57][0m === Phase: Analyze ===
[0;34m[11:16:57][0m Step: Scan existing content
掃描完成，以下是摘要：

### 內容統計

| 類別 | 需求 | 已實作 | 缺少 |
|------|------|--------|------|
| 種族 | 11 | 11 | 0 |
| 職業 | 7 | 9 (含 commoner, fighter) | 0 |
| 門派 | 18 | 17/18 + 1 extra | **tianyue 天月庵** 缺 sect daemon |
| 技能 | - | 75 | - |
| 區域 | - | 54 (459 rooms, 268 NPCs) | 21 地圖地點未建 |
| 任務 | 13+ | 0 | **全部缺少** (雪亭7謎 + 五堂6謎) |

### 主要缺口
1. **天月庵 sect daemon** — `d/tianyue/` 有 6 房間 4 NPC，但 `daemon/sect/tianyue.c` 不存在
2. **任務系統** — 0 個 quest daemon，雪亭鎮七謎 + 五堂鎮六謎 均未實作
3. **8 個 stub 城鎮**需擴展（龍安、京畿、康平、喬陰、三掩、衛國、百花、離）
4. **21 個地圖地點**尚未建設（真郡大山、太乙殿、風城等）

已更新 `docs/missing_content.json`。
[0;32m[OK][0m Scan existing content
