Round 3 - Fri Mar 20 17:29:45 UTC 2026
[0;34m[17:29:45][0m Using git remote: origin
[0;34m[17:29:45][0m Pulling latest changes...
From github.com:Transformer666/es2_mudlib
 * branch            main       -> FETCH_HEAD
Already up to date.

=========================================
  ES2 Agent Pipeline v2
  Phase: all
  Start: 2026-03-20 17:29:45
=========================================

[0;34m[17:29:47][0m === Phase: Analyze (bash-native, no agent) ===
[0;34m[17:29:48][0m Analyze complete:
[0;34m[17:29:48][0m   Races: 11/11 | Classes: 9/7 | Sects: 18/18
[0;34m[17:29:48][0m   Skills: 75 (missing: 40) | Rooms: 473 | NPCs: 281
[0;34m[17:29:48][0m   Quests: 11 | Equipment: 280
[0;34m[17:29:48][0m   Total missing: 40
[0;32m[OK][0m Analyze phase
[0;34m[17:29:48][0m === Phase: Build ===
[0;34m[17:29:48][0m Step: Audit area: stub_towns
## stub_towns 審查結果：complete

8 個城鎮stub 全部通過完整性檢查。

### 逐項檢查清單

| 城鎮 | 廣場 | 街道x2 | 客棧(INN) | 商店 | 城門 | 廟(TEMPLE) | 客棧老闆 | 守衛 | 商人 | 外部連接 |
|------|:----:|:------:|:---------:|:----:|:----:|:----------:|:-------:|:----:|:----:|:--------:|
| baihua | square | street+back_street | inn | shop | entrance | shrine | innkeeper | guard | shopkeeper+flowergirl+melon_farmer | road/road4 |
| choyin | square | nstreet+sstreet | inn | bookshop | ngate+sgate | temple | innkeeper | cityguard | bookshop_owner | oldpine/road4, wutang/sgate, baolian |
| jingji | square | street+back_alley | inn | market+weapon_shop | entrance | temple | innkeeper | gate_guard | silk_merchant+weapon_vendor | road/road4, jail/entrance |
| kangping | square | street+back_street | inn | shop | entrance | temple | innkeeper | guard | herbalist+merchant | oldpine/road3 |
| lee | street(中心) | street+back_street | inn | shop | r2(村口) | ancestral_hall | innkeeper | guard | shopkeeper | snow/egate |
| longan | square | street+back_street | inn | market+weapon_shop | entrance | temple | innkeeper | guard | merchant+weaponsmith+tea_vendor | road/road2 |
| sanyen | street(中心) | street+back_alley | inn | weapon_shop+market | entrance | temple | innkeeper | guard | weapon_vendor | heifeng/road2 |
| weiguo | square | street+back_street | inn | smithy | entrance | temple | innkeeper | sentry | smith+armorer | road/wild_path1 |

### 雙向連接驗證（全部通過）

- baihua/road ↔ road/road4
- choyin/ngate ↔ oldpine/road4, choyin/choyin_road ↔ wutang/sgate, choyin/temple ↔ baolian/mountain_path
- jingji/entrance ↔ road/road4, jingji/yamen ↔ jail/entrance
- kangping/entrance ↔ oldpine/road3
- lee/r1 ↔ snow/egate
- longan/entrance ↔ road/road2
- sanyen/entrance ↔ heifeng/road2
- weiguo/entrance ↔ road/wild_path1

### 備註

- **lee** 和 **sanyen** 沒有獨立的 `square.c`，但中心 `street.c` 作為多出口樞紐，功能等同於廣場（小村莊不需要獨立廣場）
- 所有 INN 都有 `valid_startroom` + `no_fight`
- 所有 TEMPLE 都有 `no_fight`
- 所有房間內部出口雙向連結正確
- 所有 NPC 都有對應房間的 `set("objects")` 載入

**stub_towns: complete** — 不需要建立新檔案。
[0;32m[OK][0m Audit area: stub_towns
[0;34m[17:34:35][0m Step: Audit skills
## 技能 Daemon 審查結果

### 1. 門派引用的技能（20 個）

所有 18 個門派 daemon 共引用 20 個不重複技能名稱。

### 2. Daemon 檔案檢查：全部存在

| 技能 | 檔案 | 門派 |
|------|------|------|
| tiger blade | tiger_blade.c | 虎刀門 |
| staff | staff.c | 寶蓮寺、白象寺 |
| fengshan sword | fengshan_sword.c | 封山派 |
| sword | sword.c | 哭笑門、劍甲門、玄天教、雪吟莊 |
| needle | needle.c | 劍甲門、龍圖丹派 |
| longttu neigong | longttu_neigong.c | 龍圖丹派 |
| diamond hammer | diamond_hammer.c | 白象寺 |
| lengmei sword | lengmei_sword.c | 冷梅莊 |
| dagger | dagger.c | 瑯夷、隱教 |
| three rotations | three_rotations.c | 步玄派 |
| tactic | tactic.c | 振武軍營 |
| pike | pike.c | 振武軍營 |
| maoshan sword | maoshan_sword.c | 茅山派 |
| maoshan neigong | maoshan_neigong.c | 茅山派 |
| taoshan milu | taoshan_milu.c | 茅山派 |
| taiyi sword | taiyi_sword.c | 天師派 |
| ziwei neigong | ziwei_neigong.c | 天師派 |
| phantom sword | phantom_sword.c | 天邪派 |
| five defeat needle | five_defeat_needle.c | 武陀 |
| amazing needle | amazing_needle.c | 武陀 |

### 3 & 4. 完整性檢查：全部通過

- **skill_improved**: 20/20 皆有
- **skill_advanced**: 20/20 皆有
- **戰鬥技能 actions >= 6**: 全部通過（sword 有 8 招、pike 有 7 招，其餘 6 招）
- **內功三函數** (do_exercise / halt_exercise / exert_function): longttu_neigong、maoshan_neigong、ziwei_neigong、taoshan_milu 皆齊全

### 5. 結論

- 缺少：**0 個**
- 不完整：**0 個**
- 本次建立：**0 個**
- 剩餘待處理：**0 個**

所有門派引用的技能 daemon 均已存在且結構完整，無需補建。
[0;32m[OK][0m Audit skills
[0;34m[17:36:16][0m Step: Audit quests

[0;32m[OK][0m Audit quests
[main 8b55d0a] feat: add quests
 4 files changed, 198 insertions(+), 2 deletions(-)
 create mode 100644 mudlib/d/wutang/npc/obj/ancient_scroll.c
 create mode 100644 mudlib/d/wutang/npc/obj/jade_token.c
[0;34m[17:41:59][0m === Phase: Validate ===
[0;34m[17:41:59][0m Step: Static validation
## 靜態驗證報告

### 主測試套件 (`run_tests.sh all`)
| 項目 | 數量 |
|------|------|
| **PASS** | 3504 |
| **FAIL** | 24 |
| **WARN** | 46 |

### 24 個 FAIL 明細

**Room inherit 缺失 (18)**：城隍廟/渡口/特殊房間未正確 inherit TEMPLE/FERRY 等
- `d/longan/temple`, `d/wutang/ferry`, `d/wutang/ferry_back`, `d/wutang/temple`, `d/lee/ancestral_hall`, `d/sanyen/temple`, `d/snow/bazar`, `d/snow/small_temple`, `d/lijun/ferry`, `d/lijun/ferry_back`, `d/weiguo/temple`, `d/baihua/shrine`, `d/village/temple`, `d/jingji/bank`, `d/jingji/temple`, `d/choyin/temple`, `d/kangping/temple`, `d/chixiao/temple`

**裝備 setup() 缺失 (1)**：`d/snow/npc/obj/invitation`

**雙向出口缺失 (5)**：
- `ngate`: northwest→entrance 缺 southeast 回路
- `tree`: down→square 缺 up 回路
- `mountain_road2`: west→mountain_path 缺 east 回路
- `road2`: west→entrance 缺 east 回路
- `gate`: west→watchtower 缺 east 回路

---

### 額外檢查

| 檢查項目 | 結果 |
|----------|------|
| `set("aggressive", 1)` 誤用 | **PASS** — 0 筆（全部正確使用 attitude） |
| skill daemon 有 `skill_improved` | **PASS** — 全部 75 個 daemon 皆有 |
| lv50+ 掌門有 `vision_of_ghost` | **FAIL** — 2 個缺失 |

**缺少 `vision_of_ghost` 的 lv50+ 掌門/門主**：
1. `d/tianxie/npc/daxiedaoren.c`
2. `d/hudao/npc/sunyi.c`

---

### 總結
- **3504 PASS / 24 FAIL / 46 WARN**
- 主要問題：18 個城隍廟/渡口房間缺少正確 inherit、5 個單向出口、2 個高等級 NPC 缺 `vision_of_ghost`
[0;32m[OK][0m Static validation
[0;34m[17:48:01][0m Pipeline complete: 5 ok, 0 warnings.
[main d2e6a3a] feat: auto-implement content via pipeline v2 [2026-03-20 17:48:01]
 5 files changed, 342 insertions(+), 14 deletions(-)
 create mode 100644 docs/loop_logs/round_20260320_172945.log
To github.com:Transformer666/es2_mudlib.git
   c91a55e..d2e6a3a  main -> main
[0;32m[OK][0m Final commit pushed to origin.

=========================================
  Pipeline complete!
  Completed: 6 | Warnings: 0
  End: 2026-03-20 17:48:01
=========================================
