Round 24 - Fri Mar 20 22:52:11 UTC 2026
[0;34m[22:52:11][0m Using git remote: origin
[0;34m[22:52:11][0m Pulling latest changes...
From github.com:Transformer666/es2_mudlib
 * branch            main       -> FETCH_HEAD
Already up to date.

=========================================
  ES2 Agent Pipeline v2
  Phase: all
  Start: 2026-03-20 22:52:11
=========================================

[0;34m[22:52:13][0m === Phase: Analyze (bash-native, no agent) ===
[0;34m[22:52:14][0m Analyze complete:
[0;34m[22:52:14][0m   Races: 11/11 | Classes: 9/7 | Sects: 18/18
[0;34m[22:52:14][0m   Skills: 75 (missing: 40) | Rooms: 480 | NPCs: 286
[0;34m[22:52:14][0m   Quests: 14 | Equipment: 282
[0;34m[22:52:14][0m   Total missing: 40
[0;32m[OK][0m Analyze phase
[0;34m[22:52:14][0m === Phase: Build ===
[0;34m[22:52:14][0m Step: Audit area: stub_towns
**stub_towns: complete**

`stub_towns` 不是一個實際的遊戲區域目錄。它是 pipeline 自動化系統中的一個變數名稱，用來追蹤「房間數量少於 5 個的未完成區域」。

根據 `docs/missing_content.json`，`stub_towns` 陣列為空 `[]`，表示目前所有 54 個已實作的區域都有 5 個以上的房間，沒有任何區域被標記為 stub。不需要建立新檔案。
[0;32m[OK][0m Audit area: stub_towns
[0;34m[22:52:41][0m Step: Audit skills
## 技能 Daemon 審查結果

### 1. 門派引用的技能（共 20 個）

| 技能名稱 | 門派 | daemon 檔案 |
|----------|------|------------|
| dagger | 銀蛟、浪翼 | dagger.c ✅ |
| sword | 玄天、枯嘯、蒹葭、血隱 | sword.c ✅ |
| tiger blade | 虎刀 | tiger_blade.c ✅ |
| tactic | 鎮武 | tactic.c ✅ |
| pike | 鎮武 | pike.c ✅ |
| staff | 寶蓮、白象 | staff.c ✅ |
| fengshan sword | 風山 | fengshan_sword.c ✅ |
| maoshan sword | 茅山 | maoshan_sword.c ✅ |
| maoshan neigong | 茅山 | maoshan_neigong.c ✅ |
| taoshan milu | 茅山 | taoshan_milu.c ✅ |
| needle | 蒹葭、龍圖、五陀 | needle.c ✅ |
| taiyi sword | 天師 | taiyi_sword.c ✅ |
| ziwei neigong | 天師 | ziwei_neigong.c ✅ |
| longttu neigong | 龍圖 | longttu_neigong.c ✅ |
| diamond hammer | 白象 | diamond_hammer.c ✅ |
| phantom sword | 天邪 | phantom_sword.c ✅ |
| lengmei sword | 冷梅 | lengmei_sword.c ✅ |
| five defeat needle | 五陀 | five_defeat_needle.c ✅ |
| amazing needle | 五陀 | amazing_needle.c ✅ |
| three rotations | 步玄 | three_rotations.c ✅ |

### 2. skill_improved / skill_advanced 檢查

全部 **75 個** skill daemon 都具備 `skill_improved()` 和 `skill_advanced()` ✅

### 3. 戰鬥技能 actions 檢查

全部 **41 個**戰鬥技能 daemon 都有至少 6 個 actions ✅（最低 6 個，最高 8 個）

### 4. 總結

- **缺少：0 個** — 所有門派引用的技能都有對應的 daemon 檔案
- **不完整：0 個** — 所有 daemon 都有完整的 skill_improved、skill_advanced，戰鬥技能 actions ≥ 6
- **本次建立：0 個**
- **剩餘待處理：0 個**

所有技能 daemon 完整無缺。
[0;32m[OK][0m Audit skills
[0;34m[22:54:08][0m Step: Audit quests
## 任務系統審查結果

### 掃描統計

**共找到 15 個已實作的任務**（使用 `quest/*_done` flag）：

#### 雪亭鎮 — 9 個任務

| # | 謎題 | quest flag | NPC/房間 | 獎勵 |
|---|------|-----------|----------|------|
| 1 | 阿寶在老榕樹等的人是誰？ | `arbao_letter_done` | arbao.c + recruiter.c | 80 |
| 2 | 瞎眼婆婆的真實身分？ | `gammer_identity_done` | gammer.c | 120 |
| 3 | 貨棧搬箱子算不算勞動？ | `foreman_crate_done` | foreman.c | 50 |
| 4 | 驛站遺失了幾封信？ | `postman_delivery_done` | postman.c + herbalist.c | 100 |
| 5 | 想不想加入振武軍營？ | `recruiter_enlist_done` | recruiter.c | 50 |
| 6 | 破舊的老宅裡藏了什麼？ | `manor_secret_done` | manor_cellar.c | 60 |
| 7 | 黑袍老人的女兒去了哪裡？ | `darkrobe_daughter_done` | darkrobe.c + girl.c | 150 |
| - | （新手引導）拜師指引 | `escort_guide_done` | escort.c | 30 |
| - | （額外）老乞丐 | `old_beggar_done` | old_beggar.c | 200 |

#### 五堂鎮 — 6 個任務

| # | 謎題 | quest flag | NPC/房間 | 獎勵 |
|---|------|-----------|----------|------|
| 1 | 飲血丟在了哪裡？ | `yinxue_found_done` | river_bend.c + storyteller 提示 | 120 |
| 2 | 巫山之中神秘雕像有何秘密？ | `wushan_statue_done` | wushan_secret.c | 200 |
| 3 | 郭布要收的徒弟在哪裡？ | `guobu_apprentice_done` | guobu.c + boy.c | 80 |
| 4 | 鎮天神廟內藏著誰？ | `temple_master_done` | temple_master.c | 150 |
| 5 | 別館內的欽差來五堂要做甚麼？ | `inspector_case_done` | inspector.c + storyteller.c | 80 |
| 6 | 過河的船在哪裡？ | `ferryman_guide_done` | ferryman.c | 50 |

### 結論

**已有 15 個任務，雪亭鎮 7 謎和五堂鎮 6 謎全部已有對應任務實作，本次新增 0 個。**

所有任務均具備：
- `pending/*` temp flag 追蹤進度
- `quest/*_done` 永久 flag 標記完成
- `gain_score("quest", N)` 獎勵（總計 1,290 quest 分）
- NPC 已正確載入到對應房間

任務系統完整，無缺失。
[0;32m[OK][0m Audit quests
[0;34m[22:55:51][0m === Phase: Validate ===
[0;34m[22:55:51][0m Step: Static validation
## 靜態驗證報告

### 主測試套件 (`run_tests.sh all`)
| 結果 | 數量 |
|------|------|
| **PASS** | 3545 |
| **FAIL** | 23 |
| **WARN** | 46 |

主要失敗項：
- **Room inherit 缺失**：`d/longan/temple`、`d/snow/bazar`、`d/snow/small_temple` 等
- **雙向出口不一致**（4 處）：
  - `ngate`: northwest → entrance 缺 southeast 回程
  - `tree`: down → square 缺 up 回程
  - `mountain_road2`: west → mountain_path 缺 east 回程
  - `gate`: west → watchtower 缺 east 回程

### 額外檢查

| 檢查項目 | 結果 |
|----------|------|
| `set("aggressive", 1)` 誤用 | **PASS** — 0 處發現 |
| skill daemon 含 `skill_improved` | **PASS** — 全部 75 個 daemon 皆有 |
| lv50+ 掌門有 `vision_of_ghost` | **FAIL** — 2 處缺失 |

缺少 `vision_of_ghost` 的掌門：
1. **`d/tianxie/npc/daxiedaoren.c:18`** — lv75，有「掌門」但無 vision_of_ghost
2. **`d/hudao/npc/sunyi.c:18`** — lv55，有「掌門」但無 vision_of_ghost

### 總結
- 主套件：**3545 PASS / 23 FAIL / 46 WARN**
- 額外檢查：**2 PASS / 1 FAIL**（2 個掌門缺 vision_of_ghost）

需要我修復這些問題嗎？
[0;32m[OK][0m Static validation
[0;34m[22:57:21][0m Pipeline complete: 5 ok, 0 warnings.
[main 1432f0d] feat: auto-implement content via pipeline v2 [2026-03-20 22:57:21]
 4 files changed, 323 insertions(+), 1 deletion(-)
 create mode 100644 docs/loop_logs/round_20260320_225211.log
To github.com:Transformer666/es2_mudlib.git
   b181574..1432f0d  main -> main
[0;32m[OK][0m Final commit pushed to origin.

=========================================
  Pipeline complete!
  Completed: 6 | Warnings: 0
  End: 2026-03-20 22:57:21
=========================================
