Round 10 - Sat Mar 21 18:40:27 UTC 2026
[0;34m[18:40:27][0m Using git remote: origin
[0;34m[18:40:27][0m Pulling latest changes...
From github.com:Transformer666/es2_mudlib
 * branch            main       -> FETCH_HEAD
Already up to date.

=========================================
  ES2 Agent Pipeline v2
  Phase: all
  Start: 2026-03-21 18:40:27
=========================================

[0;34m[18:40:30][0m === Phase: Analyze (bash-native, no agent) ===
[0;34m[18:40:30][0m Analyze complete:
[0;34m[18:40:30][0m   Races: 11/11 | Classes: 9/7 | Sects: 18/18
[0;34m[18:40:30][0m   Skills: 75 (missing: 40) | Rooms: 484 | NPCs: 288
[0;34m[18:40:30][0m   Quests: 14 | Equipment: 282
[0;34m[18:40:30][0m   Total missing: 40
[0;32m[OK][0m Analyze phase
[0;34m[18:40:30][0m === Phase: Build ===
[0;34m[18:40:30][0m Step: Audit area: stub_towns
**stub_towns: complete**

所有 8 個 stub 城鎮都已具備城鎮類型的必備內容：廣場、街道x2+、客棧(INN with valid_startroom + no_fight)、商店、城門/入口、廟(TEMPLE)、客棧老闆、守衛、商人(F_VENDOR)。出口雙向連結正確，NPC 檔案引用均有效。無需建立任何新檔案。
[0;32m[OK][0m Audit area: stub_towns
[0;34m[18:44:15][0m Step: Audit skills
All neigong skills have the required functions too. The grep earlier was a false negative (likely because the functions use underscores in the function names but my regex matched). Let me compile the full audit results.

## 技能 Daemon 完整性審查結果

### 1. 門派引用的技能（20 個）

| 門派 | 引用技能 |
|------|---------|
| 封山派 | fengshan sword |
| 冷梅莊 | lengmei sword |
| 哭笑門 | sword |
| 雪吟莊 | sword |
| 玄天教 | sword |
| 虎刀門 | tiger blade |
| 白象寺 | diamond hammer, staff |
| 寶蓮寺 | staff |
| 步玄派 | three rotations |
| 劍甲門 | sword, needle |
| 瑯夷 | dagger |
| 隱教 | dagger |
| 振武軍營 | tactic, pike |
| 茅山派 | maoshan sword, maoshan neigong, taoshan milu |
| 天師派 | taiyi sword, ziwei neigong |
| 天邪派 | phantom sword |
| 龍圖 | longttu neigong, needle |
| 武陀 | five defeat needle, amazing needle |

### 2. 檔案對應檢查 — 全部通過

所有 20 個技能名稱都有對應的 `mudlib/daemon/skill/<name>.c` 檔案。

### 3. skill_improved / skill_advanced — 全部通過

所有 75 個 skill daemon 都包含 `skill_improved()` 和 `skill_advanced()`。

### 4. 戰鬥技能 actions 數量 — 全部通過

所有 16 個戰鬥技能的 `"action"` 數量均 >= 6：

| 技能 | actions 數 |
|------|-----------|
| sword | 8 |
| pike | 7 |
| 其餘 14 個 | 各 6 |

### 5. 內功技能完整性 — 全部通過

4 個內功/玄功技能都有 `do_exercise()` + `halt_exercise()` + `exert_function()`：
- maoshan_neigong, longttu_neigong, ziwei_neigong, taoshan_milu

---

**結論：缺少 0 個、本次建立 0 個、剩餘 0 個待處理。**

所有門派 daemon 引用的技能都有完整的 skill daemon 實作，且全部通過完整性檢查。
[0;32m[OK][0m Audit skills
[0;34m[18:45:49][0m Step: Audit quests
## 任務系統完整性審查結果

### 已有任務總覽：15 個任務

#### 雪亭鎮 7 謎 — 全部已實作

| # | 謎題 | Quest Flag | NPC/檔案 | 獎勵 |
|---|------|-----------|----------|------|
| 1 | 阿寶在老榕樹等的人是誰？ | `arbao_letter_done` | `arbao.c` | 80 分 |
| 2 | 瞎眼婆婆的真實身分？ | `gammer_identity_done` | `gammer.c` | 120 分 |
| 3 | 貨棧搬箱子算不算勞動？ | `foreman_crate_done` | `foreman.c` | 50 分 |
| 4 | 驛站遺失了幾封信？ | `postman_delivery_done` | `postman.c` + `herbalist.c` | 100 分 |
| 5 | 想不想加入振武軍營？ | `recruiter_enlist_done` | `recruiter.c` | 50 分 |
| 6 | 破舊的老宅裡藏了什麼？ | `manor_secret_done` | `manor_cellar.c` | 60 分 |
| 7 | 黑袍老人的女兒去了哪裡？ | `darkrobe_daughter_done` | `darkrobe.c` + `girl.c` | 150 分 |

#### 雪亭鎮額外任務（不在 7 謎中）

| Quest Flag | NPC/檔案 | 獎勵 |
|-----------|----------|------|
| `old_beggar_done` | `old_beggar.c` | 200 分 |
| `escort_guide_done` | `escort.c` | 30 分 |

#### 五堂鎮 6 謎 — 全部已實作

| # | 謎題 | Quest Flag | NPC/檔案 | 獎勵 |
|---|------|-----------|----------|------|
| 1 | 飲血丟在了哪裡？ | `yinxue_found_done` | `river_bend.c` + `storyteller.c` | 120 分 |
| 2 | 巫山之中神秘雕像有何秘密？ | `wushan_statue_done` | `wushan_secret.c` | 200 分 |
| 3 | 郭布要收的徒弟在哪裡？ | `guobu_apprentice_done` | `guobu.c` + `boy.c` | 80 分 |
| 4 | 鎮天神廟內藏著誰？ | `temple_master_done` | `temple_master.c` | 150 分 |
| 5 | 別館內的欽差來五堂要做甚麼？ | `inspector_case_done` | `inspector.c` + `storyteller.c` | 80 分 |
| 6 | 過河的船在哪裡？ | `ferryman_guide_done` | `ferryman.c` | 50 分 |

### 系統完整性檢查

- **quest/ flag**：全部 15 個任務都使用 `set("quest/<id>_done", 1)` 標記完成
- **pending/ flag**：任務進度追蹤使用 `set_temp("pending/<id>", N)` 多階段追蹤，正確使用 `set_temp`（臨時資料，登出重置）
- **gain_score**：全部 15 個任務都有 `gain_score("quest", N)` 獎勵（30~200 分）
- **NPC 載入**：所有任務 NPC 都位於對應區域的 `npc/` 目錄，由房間的 `set("objects", ...)` 載入

### 結論

**已有 15 個任務，本次新增 0 個。** 雪亭鎮 7 謎和五堂鎮 6 謎全部已有對應的任務實作，且所有任務都具備完整的三要素：pending 進度追蹤、quest 完成標記、gain_score 獎勵。
[0;32m[OK][0m Audit quests
[0;34m[18:46:51][0m === Phase: Validate ===
[0;34m[18:46:51][0m Step: Static validation
## 靜態驗證報告

### 主測試套件 (`run_tests.sh all`)
| 結果 | 數量 |
|------|------|
| **PASS** | 3562 |
| **FAIL** | 26 |
| **WARN** | 46 |

主要 FAIL 包含：
- **Room inherit missing**: `d/longan/temple`, `d/snow/bazar`, `d/snow/small_temple` 等（城隍廟/房間缺少正確 inherit）
- **雙向出口缺失** (4 處):
  - `ngate`: northwest → entrance 無 southeast 回程
  - `tree`: down → square 無 up 回程
  - `mountain_road2`: west → mountain_path 無 east 回程
  - `gate`: west → watchtower 無 east 回程

---

### 額外檢查

| 檢查項目 | 結果 |
|----------|------|
| `set("aggressive", 1)` 誤用 | **PASS** — 0 處發現 |
| skill daemon 含 `skill_improved` | **PASS** — 全部 75 個 daemon 皆有 (count=1) |
| lv50+ 掌門有 `vision_of_ghost` | **FAIL** — 2 處缺失 |

缺少 `vision_of_ghost` 的掌門級 NPC：
1. `d/tianxie/npc/daxiedaoren.c` — vision_of_ghost=0
2. `d/hudao/npc/sunyi.c` — vision_of_ghost=0

---

### 總結
- **3562 PASS / 26 FAIL / 46 WARN**
- 需修復：26 個 room 問題（inherit 缺失 + 單向出口）+ 2 個掌門缺 `vision_of_ghost`
[0;32m[OK][0m Static validation
[0;34m[18:48:27][0m Pipeline complete: 5 ok, 0 warnings.
