Round 50 - Sun Mar 22 04:32:13 UTC 2026
[0;34m[04:32:13][0m Using git remote: origin
[0;34m[04:32:13][0m Pulling latest changes...
From github.com:Transformer666/es2_mudlib
 * branch            main       -> FETCH_HEAD
Already up to date.

=========================================
  ES2 Agent Pipeline v2
  Phase: all
  Start: 2026-03-22 04:32:13
=========================================

[0;34m[04:32:15][0m === Phase: Analyze (bash-native, no agent) ===
[0;34m[04:32:16][0m Analyze complete:
[0;34m[04:32:16][0m   Races: 11/11 | Classes: 9/7 | Sects: 18/18
[0;34m[04:32:16][0m   Skills: 75 (missing: 40) | Rooms: 494 | NPCs: 309
[0;34m[04:32:16][0m   Quests: 14 | Equipment: 288
[0;34m[04:32:16][0m   Total missing: 40
[0;32m[OK][0m Analyze phase
[0;34m[04:32:16][0m === Phase: Build ===
[0;34m[04:32:16][0m Step: Audit area: stub_towns
## stub_towns: complete

所有 8 個 stub 城鎮全部通過審查，無缺少內容。

### 審查結果摘要

| 城鎮 | 房間數 | NPC數 | 出口雙向 | NPC引用 | 客棧 | 城隍廟 | 守衛 | 商人 | 客棧老闆 |
|------|--------|-------|----------|---------|------|--------|------|------|----------|
| 龍安 longan | 14 | 12 | ✓ | ✓ | ✓ | ✓ | ✓ | ✓ | ✓ |
| 京畿 jingji | 13 | 10 | ✓ | ✓ | ✓ | ✓ | ✓ | ✓ | ✓ |
| 康平 kangping | 13 | 11 | ✓ | ✓ | ✓ | ✓ | ✓ | ✓ | ✓ |
| 三掩 sanyen | 11 | 8 | ✓ | ✓ | ✓ | ✓ | ✓ | ✓ | ✓ |
| 離 lee | 10 | 7 | ✓ | ✓ | ✓ | ✓ | ✓ | ✓ | ✓ |
| 喬陰 choyin | 10 | 8 | ✓ | ✓ | ✓ | ✓ | ✓ | ✓ | ✓ |
| 百花 baihua | 11 | 8 | ✓ | ✓ | ✓ | ✓ | ✓ | ✓ | ✓ |
| 衛國 weiguo | 12 | 10 | ✓ | ✓ | ✓ | ✓ | ✓ | ✓ | ✓ |

每個城鎮都滿足：
- **廣場** + **街道 x2+** + **城門/入口**
- **客棧** (inherit INN + valid_startroom + no_fight)
- **城隍廟/土地廟** (inherit TEMPLE + replace_program(TEMPLE))
- **客棧老闆、守衛、商人** NPC 齊全
- **所有出口雙向連結**，無斷鏈
- **所有 NPC 引用**指向存在的檔案

不需要建立任何新檔案。
[0;32m[OK][0m Audit area: stub_towns
[0;34m[04:35:08][0m Step: Audit skills
## 技能 Daemon 審查結果

### 完整性檢查通過

| 檢查項目 | 結果 |
|----------|------|
| 門派引用的技能數 | 20 個（跨 18 個門派） |
| 缺少的 skill daemon | **0 個** |
| 缺少 `skill_improved` | **0 個** |
| 缺少 `skill_advanced` | **0 個** |
| 戰鬥技能 actions < 6 | **0 個** |

### 詳細對照

所有 20 個門派引用的技能都有對應的 daemon 檔案：
- tiger_blade, fengshan_sword, lengmei_sword, phantom_sword, maoshan_sword, taiyi_sword — 門派劍/刀法
- diamond_hammer, three_rotations, tactic — 特殊武功
- five_defeat_needle, amazing_needle — 武陀針法
- longttu_neigong, maoshan_neigong, ziwei_neigong, taoshan_milu — 內功
- sword, dagger, needle, staff, pike — 基礎武器技能

所有 75 個 skill daemon 都包含 `skill_improved` 和 `skill_advanced`，所有 41 個戰鬥技能都有 6 個以上 actions。

### 備註

目前共 75 個 skill daemon，其中 55 個未被任何門派的 `set("skills")` 引用（如 `bloodystrike`、`celestrike`、`fonxansword` 等），這些可能是進階路線技能、任務獎勵技能或 NPC 專用技能。

**結論：缺少 0 個、本次建立 0 個、剩餘 0 個待處理。技能系統完整。**
[0;32m[OK][0m Audit skills
[0;34m[04:37:09][0m Step: Audit quests
所有資料已收集完成，以下是審查結果：

## 任務系統完整性報告

### 雪亭鎮 7 謎 — 全部已實作 ✓

| # | 謎題 | 任務檔案 | quest flag | 獎勵 |
|---|------|---------|------------|------|
| 1 | 阿寶在老榕樹等的人是誰？ | `arbao.c` | `quest/arbao_letter_done` | 80 分 |
| 2 | 瞎眼婆婆的真實身分？ | `gammer.c` | `quest/gammer_identity_done` | 120 分 |
| 3 | 貨棧搬箱子算不算勞動？ | `foreman.c` | `quest/foreman_crate_done` | 50 分 |
| 4 | 驛站遺失了幾封信？ | `postman.c` + `herbalist.c` | `quest/postman_delivery_done` | 100 分 |
| 5 | 想不想加入振武軍營？ | `recruiter.c` | `quest/recruiter_enlist_done` | 50 分 |
| 6 | 破舊的老宅裡藏了什麼？ | `manor_cellar.c` | `quest/manor_secret_done` | 60 分 |
| 7 | 黑袍老人的女兒去了哪裡？ | `darkrobe.c` + `girl.c` | `quest/darkrobe_daughter_done` | 150 分 |

額外任務：
- `escort.c` — 護送任務（`quest/escort_guide_done`, 30 分）
- `old_beggar.c` — 老乞丐多階段任務（`quest/old_beggar_done`, 200 分）

### 五堂鎮 6 謎 — 全部已實作 ✓

| # | 謎題 | 任務檔案 | quest flag | 獎勵 |
|---|------|---------|------------|------|
| 1 | 飲血丟在了哪裡？ | `river_bend.c` | `quest/yinxue_found_done` | 120 分 |
| 2 | 巫山之中神秘雕像有何秘密？ | `wushan_secret.c` | `quest/wushan_statue_done` | 200 分 |
| 3 | 郭布要收的徒弟在哪裡？ | `guobu.c` + `boy.c` | `quest/guobu_apprentice_done` | 80 分 |
| 4 | 鎮天神廟內藏著誰？ | `temple_master.c` | `quest/temple_master_done` | 150 分 |
| 5 | 別館內的欽差來五堂要做甚麼？ | `inspector.c` + `storyteller.c` | `quest/inspector_case_done` | 80 分 |
| 6 | 過河的船在哪裡？ | `ferryman.c` | `quest/ferryman_guide_done` | 50 分 |

### 統計

- **已有 15 個任務**（雪亭鎮 9 個 + 五堂鎮 6 個）
- **本次新增 0 個** — 所有 13 道謎題均已有對應任務實作
- 所有任務均使用一致的模式：`pending/<id>` 追蹤進度、`quest/<id>_done` 標記完成、`gain_score("quest", N)` 給獎勵
- 拜師系統的 `pending/` flags（master NPC）已正確排除，不算在任務系統中
[0;32m[OK][0m Audit quests
[0;34m[04:38:07][0m === Phase: Validate ===
[0;34m[04:38:07][0m Step: Static validation
Already retrieved — same 24 FAILs as reported above. All results are accounted for.
[0;32m[OK][0m Static validation
[0;34m[04:47:08][0m Pipeline complete: 5 ok, 0 warnings.
[main e6ed60f] feat: auto-implement content via pipeline v2 [2026-03-22 04:47:08]
 4 files changed, 267 insertions(+), 1 deletion(-)
 create mode 100644 docs/loop_logs/round_20260322_043213.log
To github.com:Transformer666/es2_mudlib.git
   92bedb4..e6ed60f  main -> main
[0;32m[OK][0m Final commit pushed to origin.

=========================================
  Pipeline complete!
  Completed: 6 | Warnings: 0
  End: 2026-03-22 04:47:08
=========================================
