Round 2 - Fri Mar 20 10:34:00 UTC 2026
[0;34m[10:34:00][0m Using git remote: origin
[0;34m[10:34:00][0m Pulling latest changes...
From github.com:Transformer666/es2_mudlib
 * branch            main       -> FETCH_HEAD
Already up to date.

=========================================
  ES2 Agent Pipeline v2
  Phase: all
  Start: 2026-03-20 10:34:00
=========================================

[0;34m[10:34:02][0m === Phase: Analyze ===
[0;34m[10:34:02][0m Step: Scan existing content
`docs/missing_content.json` 已更新。摘要：

| 類別 | 應有 | 已實作 | 缺少 |
|------|------|--------|------|
| 種族 | 11 | 11 | 0 |
| 職業 | 7 | 7+2 | 0 |
| 門派 | 18 | 18 | 1 (tianyue 有區域但缺 daemon) |
| 技能 | — | 75 | — |
| 區域 | — | 54 目錄 | 21 個地圖地點未建 |
| 房間 | — | 459 | — |
| NPC | — | 268 | — |
| 裝備 | — | 124 | — |
| 任務 | 13+ | 0 | 全部 (雪亭7謎 + 五堂6謎) |

主要缺口：
- **tianyue (天月庵)** — 區域已有 6 房間 4 NPC，但缺門派 daemon
- **任務系統** — 完全未實作 (0/13+)
- **21 個地圖地點未建** — 真郡大山、太乙殿、風城、水月村等
- **茅山/天師子派系統** — 靈雲觀/隱風觀/幻霧觀、四衣派尚未實作
[0;32m[OK][0m Scan existing content
