Round 50 - Sat Mar 21 04:56:53 UTC 2026
[0;34m[04:56:53][0m Using git remote: origin
[0;34m[04:56:53][0m Pulling latest changes...
From github.com:Transformer666/es2_mudlib
 * branch            main       -> FETCH_HEAD
Already up to date.

=========================================
  ES2 Agent Pipeline v2
  Phase: all
  Start: 2026-03-21 04:56:53
=========================================

[0;34m[04:56:55][0m === Phase: Analyze (bash-native, no agent) ===
[0;34m[04:56:56][0m Analyze complete:
[0;34m[04:56:56][0m   Races: 11/11 | Classes: 9/7 | Sects: 18/18
[0;34m[04:56:56][0m   Skills: 75 (missing: 40) | Rooms: 480 | NPCs: 286
[0;34m[04:56:56][0m   Quests: 14 | Equipment: 282
[0;34m[04:56:56][0m   Total missing: 40
[0;32m[OK][0m Analyze phase
[0;34m[04:56:56][0m === Phase: Build ===
[0;34m[04:56:56][0m Step: Audit area: stub_towns
## stub_towns 審查結果

8 個 stub 城鎮各自為獨立目錄，已全部審查完畢：

| 城鎮 | 房間數 | NPC數 | 廣場 | 街道x2 | 客棧(INN) | 商店 | 城門 | 城隍廟(TEMPLE) | 客棧老闆 | 守衛 | 商人 | 出口雙向 | 檔案引用 |
|------|--------|--------|------|--------|-----------|------|------|---------------|---------|------|------|---------|---------|
| **longan** 龍安 | 14 | 12 | ✓ | ✓(3) | ✓ | ✓(4) | ✓ | ✓ | ✓ | ✓ | ✓(4) | ✓ | ✓ |
| **jingji** 京畿 | 13 | 10 | ✓ | ✓(2) | ✓ | ✓(2) | ✓ | ✓ | ✓ | ✓(3) | ✓(2) | ✓ | ✓ |
| **kangping** 康平 | 12 | 11 | ✓ | ✓(2) | ✓ | ✓ | ✓ | ✓ | ✓ | ✓ | ✓(2) | ✓ | ✓ |
| **sanyen** 三掩 | 11 | 8 | ✓ | ✓(2) | ✓ | ✓(2) | ✓ | ✓ | ✓ | ✓ | ✓(3) | ✓ | ✓ |
| **lee** 李家村 | 9 | 6 | ✓ | ✓(2) | ✓ | ✓ | ✓ | ✓ | ✓ | ✓ | ✓(2) | ✓ | ✓ |
| **choyin** 喬陰 | 11 | 8 | ✓ | ✓(2) | ✓ | ✓ | ✓(2) | ✓ | ✓ | ✓(3) | ✓(3) | ✓ | ✓ |
| **baihua** 百花 | 11 | 8 | ✓ | ✓(2) | ✓ | ✓ | ✓ | ✓ | ✓ | ✓ | ✓(3) | ✓ | ✓ |
| **weiguo** 衛國 | 12 | 9 | ✓ | ✓(2) | ✓ | ✓ | ✓ | ✓ | ✓ | ✓(2) | ✓(3) | ✓ | ✓ |

### 各城鎮重點

- **所有客棧** 都正確 `inherit INN` + `valid_startroom` + `no_fight`
- **所有城隍廟** 都正確 `inherit TEMPLE` + `no_fight`
- **所有出口** 都已雙向連結
- **所有 `set("objects")` 引用的 NPC 檔案** 都存在
- 多數城鎮還額外包含氣氛 NPC（乞丐、說書人、村民等）和隱藏 Boss

**stub_towns: complete**

8 個 stub 城鎮全部符合最低要求，無需建立任何新檔案。
[0;32m[OK][0m Audit area: stub_towns
[0;34m[04:59:13][0m Step: Audit skills
All checks pass. Here's the complete audit result:

## 技能 Daemon 完整性審查報告

### 1. 門派引用的技能（20 個）

| 門派 | 技能 |
|------|------|
| 寶蓮寺 | staff |
| 白象寺 | diamond hammer, staff |
| 步玄派 | three rotations |
| 封山派 | fengshan sword |
| 虎刀門 | tiger blade |
| 劍甲門 | sword, needle |
| 哭笑門 | sword |
| 瑯夷 | dagger |
| 冷梅莊 | lengmei sword |
| 龍圖 | longttu neigong, needle |
| 茅山派 | maoshan sword, maoshan neigong, taoshan milu |
| 天師派 | taiyi sword, ziwei neigong |
| 天邪派 | phantom sword |
| 武陀 | five defeat needle, amazing needle |
| 玄天教 | sword |
| 雪吟莊 | sword |
| 隱教 | dagger |
| 振武軍營 | tactic, pike |

### 2. Daemon 檔案存在性
**20/20 全部存在** — 無缺少的 daemon 檔案。

### 3. skill_improved / skill_advanced
**全部 75 個 skill daemon 都有** `skill_improved` 和 `skill_advanced` — 無遺漏。

### 4. 戰鬥技能 actions 數量（門派武功）
所有戰鬥技能都有 **6 個以上** actions：
- sword (8), blade (8), unarmed (8), pike (7)
- 其餘戰鬥技能各有 6 個

### 5. 內功技能完整性
3 個內功 daemon（longttu_neigong, ziwei_neigong, taoshan_milu）及 maoshan_neigong 都具備 `do_exercise`、`halt_exercise`、`exert_function`。

### 結論

- **缺少 0 個**技能 daemon
- **本次建立 0 個**
- **剩餘 0 個**待處理

所有門派引用的技能 daemon 完整且符合規範。
[0;32m[OK][0m Audit skills
[0;34m[05:00:17][0m Step: Audit quests
## 任務系統完整性審查報告

### 掃描結果

共找到 **15 個** quest 完成標記（`quest/*_done` flags），分佈在雪亭鎮和五堂鎮。

---

### 雪亭鎮 7 謎 — 全部已實作 ✓

| # | 謎題 | quest flag | NPC/房間 | 獎勵 |
|---|-------|-----------|----------|------|
| 1 | 阿寶在老榕樹等的人是誰？ | `quest/arbao_letter_done` | `arbao.c` | 80 分 + 50 coin |
| 2 | 瞎眼婆婆的真實身分？ | `quest/gammer_identity_done` | `gammer.c` | 120 分 |
| 3 | 貨棧搬箱子算不算勞動？ | `quest/foreman_crate_done` | `foreman.c` | 50 分 + 100 coin |
| 4 | 驛站遺失了幾封信？ | `quest/postman_delivery_done` | `postman.c` | 100 分 + 100 coin |
| 5 | 想不想加入振武軍營？ | `quest/recruiter_enlist_done` | `recruiter.c` | 50 分 + 轉職 |
| 6 | 破舊的老宅裡藏了什麼？ | `quest/manor_secret_done` | `manor_cellar.c` | 60 分 + 手札 + 3 silver |
| 7 | 黑袍老人的女兒去了哪裡？ | `quest/darkrobe_daughter_done` | `darkrobe.c` + `girl.c` | 150 分 + 5 silver |

額外任務（非謎題）：
- `quest/escort_guide_done` — 老鏢師指路（30 分）
- `quest/old_beggar_done` — 老乞婆三件跑腿（200 分 + 念珠 + 白長袍）

---

### 五堂鎮 6 謎 — 全部已實作 ✓

| # | 謎題 | quest flag | NPC/房間 | 獎勵 |
|---|-------|-----------|----------|------|
| 1 | 飲血丟在了哪裡？ | `quest/yinxue_found_done` | `river_bend.c` | 120 分 + 飲血劍 |
| 2 | 巫山之中神秘雕像有何秘密？ | `quest/wushan_statue_done` | `wushan_secret.c` | 200 分 + 古卷 |
| 3 | 郭布要收的徒弟在哪裡？ | `quest/guobu_apprentice_done` | `guobu.c` + `boy.c` | 80 分 + 200 coin |
| 4 | 鎮天神廟內藏著誰？ | `quest/temple_master_done` | `temple_master.c` | 150 分 + 真天玉牌 |
| 5 | 別館內的欽差來五堂要做甚麼？ | `quest/inspector_case_done` | `inspector.c` + `storyteller.c` | 80 分 + 5 silver |
| 6 | 過河的船在哪裡？ | `quest/ferryman_guide_done` | `ferryman.c` | 50 分 |

---

### 任務系統架構確認

所有任務遵循統一模式：
- **觸發**：`init()` 打招呼 + `relay_say()` 關鍵字偵測
- **進度追蹤**：`pending/<quest_id>` temp flag（多階段用數值遞增）
- **完成標記**：`quest/<quest_id>_done` 永久 flag
- **獎勵**：`gain_score("quest", N)` + 物品/金錢
- **防重複**：進入時檢查 `quest/*_done` 阻止重複觸發

### 結論

**已有 15 個任務，本次新增 0 個。** 雪亭鎮 7 謎和五堂鎮 6 謎全數已有對應任務實作，無缺漏。所有任務 NPC 均已透過房間的 `set("objects", ([...]))` 載入到對應房間。
[0;32m[OK][0m Audit quests
[0;34m[05:02:16][0m === Phase: Validate ===
[0;34m[05:02:16][0m Step: Static validation
## 靜態驗證結果報告

### 主測試套件
| 項目 | 數量 |
|------|------|
| **PASS** | 3545 |
| **FAIL** | 23 |
| **WARN** | 46 |

### 額外檢查

#### 1. `set("aggressive", 1)` 違規檢查
**PASS** — 0 個違規。所有 NPC 均使用正確的 `set("attitude", "aggressive")`。

#### 2. skill daemon `skill_improved` 檢查
**PASS** — 全部 75 個 skill daemon 都包含 `skill_improved`（每個檔案 count=1）。

#### 3. lv50+ 掌門 `vision_of_ghost` 檢查
**FAIL** — 2 個缺失：

| NPC | 狀態 |
|-----|------|
| `d/tianxie/npc/daxiedaoren.c` | 缺少 vision_of_ghost |
| `d/hudao/npc/sunyi.c` | 缺少 vision_of_ghost |

其餘 12 個 lv50+ 掌門均已正確設定。

### 主測試失敗摘要
- **Room inherit 缺失** (5): `d/longan/temple`, `d/snow/bazar`, `d/snow/small_temple` 等
- **雙向出口缺失** (4): `ngate→entrance`, `tree→square`, `mountain_road2→mountain_path`, `gate→watchtower`
- 其餘為 NPC/裝備的小問題

完整報告已寫入 `docs/test_report.md`。需要我修復這些問題嗎？
[0;32m[OK][0m Static validation
[0;34m[05:04:13][0m Pipeline complete: 5 ok, 0 warnings.
