Round 53 - Sat Mar 21 05:40:03 UTC 2026
[0;34m[05:40:03][0m Using git remote: origin
[0;34m[05:40:03][0m Pulling latest changes...
From github.com:Transformer666/es2_mudlib
 * branch            main       -> FETCH_HEAD
Already up to date.

=========================================
  ES2 Agent Pipeline v2
  Phase: all
  Start: 2026-03-21 05:40:03
=========================================

[0;34m[05:40:05][0m === Phase: Analyze (bash-native, no agent) ===
[0;34m[05:40:06][0m Analyze complete:
[0;34m[05:40:06][0m   Races: 11/11 | Classes: 9/7 | Sects: 18/18
[0;34m[05:40:06][0m   Skills: 75 (missing: 40) | Rooms: 483 | NPCs: 287
[0;34m[05:40:06][0m   Quests: 14 | Equipment: 282
[0;34m[05:40:06][0m   Total missing: 40
[0;32m[OK][0m Analyze phase
[0;34m[05:40:06][0m === Phase: Build ===
[0;34m[05:40:06][0m Step: Audit area: stub_towns
## 驗證結果總結

### Rooms（94 檔案）
| 城鎮 | 數量 | 結果 |
|------|------|------|
| 龍安 | 14 | **ALL PASS** |
| 京畿 | 13 | **ALL PASS** |
| 康平 | 13 | **ALL PASS** |
| 三掩 | 11 | **ALL PASS** |
| 李 | 9 | **ALL PASS** |
| 喬陰 | 11 | **ALL PASS** |
| 百花 | 11 | **ALL PASS** |
| 衛國 | 12 | **ALL PASS** |

所有房間 inherit/short/setup/replace_program 正確。INN 有 valid_startroom + no_fight，TEMPLE 有 replace_program(TEMPLE) + no_fight。

### NPCs（66 檔案）
**66/66 PASS** — 所有 NPC 都有 `#include <npc.h>`、正確 inherit、`set_name`、`setup`、`set("age")`、`set("gender")`、`set_level`。無錯誤的 `set("aggressive",1)` 或 `set_gender()` 用法。所有 vendor 都有 `set("merchandise")`。

### Exits 雙向連結（178 條內部出口）
**178/178 PASS** — 所有內部出口都有正確的反向出口。

11 條外部連接（未驗證外部檔案）：
- 龍安 → `/d/road/road2`
- 京畿 → `/d/road/road4`、`/d/jail/entrance`
- 康平 → `/d/oldpine/road3`
- 三掩 → `/d/heifeng/road2`
- 李 → `/d/snow/egate`
- 喬陰 → `/d/oldpine/road4`、`/d/wutang/sgate`、`/d/baolian/mountain_path`
- 百花 → `/d/road/road4`
- 衛國 → `/d/road/wild_path1`

### Objects 引用（78 條 NPC 引用）
**78/78 PASS** — 所有房間的 `set("objects")` 都指向存在的 NPC 檔案。

### 完整性檢查（城鎮最低需求）

| 需求 | 龍安 | 京畿 | 康平 | 三掩 | 李 | 喬陰 | 百花 | 衛國 |
|------|------|------|------|------|---|------|------|------|
| 廣場 | v | v | v | v | v | v | v | v |
| 街道x2 | v | v | v | v | v | v | v | v |
| 客棧(INN) | v | v | v | v | v | v | v | v |
| 商店 | v | v | v | v | v | v | v | v |
| 城門 | v | v | v | v | v | v | v | v |
| 廟(TEMPLE) | v | v | v | v | v | v | v | v |
| 客棧老闆 | v | v | v | v | v | v | v | v |
| 守衛 | v | v | v | v | v | v | v | v |
| 商人(F_VENDOR) | v | v | v | v | v | v | v | v |

---

**stub_towns: complete**

所有 8 個城鎮 stub（龍安、京畿、康平、三掩、李、喬陰、百花、衛國）都滿足城鎮最低需求，94 個房間和 66 個 NPC 全部通過靜態驗證，無需建立額外檔案。
[0;32m[OK][0m Audit area: stub_towns
[0;34m[05:46:04][0m Step: Audit skills
## 技能 Daemon 完整性審查結果

### 1. 門派引用的技能（20 個）

| 門派 | 技能 | 檔案存在 | skill_improved | skill_advanced | actions |
|------|------|---------|----------------|----------------|---------|
| 虎刀門 | tiger blade | ✅ | ✅ | ✅ | 6 |
| 寶蓮寺 | staff | ✅ | ✅ | ✅ | 6 |
| 封山派 | fengshan sword | ✅ | ✅ | ✅ | 6 |
| 哭笑門 | sword | ✅ | ✅ | ✅ | 8 |
| 劍甲門 | sword, needle | ✅ | ✅ | ✅ | 8/6 |
| 龍圖 | longttu neigong, needle | ✅ | ✅ | ✅ | 內功/6 |
| 白象寺 | diamond hammer, staff | ✅ | ✅ | ✅ | 6/6 |
| 冷梅莊 | lengmei sword | ✅ | ✅ | ✅ | 6 |
| 瑯夷 | dagger | ✅ | ✅ | ✅ | 6 |
| 步玄派 | three rotations | ✅ | ✅ | ✅ | 6 |
| 隱教 | dagger | ✅ | ✅ | ✅ | 6 |
| 玄天教 | sword | ✅ | ✅ | ✅ | 8 |
| 振武軍營 | tactic, pike | ✅ | ✅ | ✅ | 6/7 |
| 茅山派 | maoshan sword, maoshan neigong, taoshan milu | ✅ | ✅ | ✅ | 6/內功/內功 |
| 天師派 | taiyi sword, ziwei neigong | ✅ | ✅ | ✅ | 6/內功 |
| 雪吟莊 | sword | ✅ | ✅ | ✅ | 8 |
| 天邪派 | phantom sword | ✅ | ✅ | ✅ | 6 |
| 武陀 | five defeat needle, amazing needle | ✅ | ✅ | ✅ | 6/6 |

### 2. 總結

- **缺少 0 個** — 所有門派引用的技能都有對應的 daemon 檔案
- **不完整 0 個** — 所有 75 個 skill daemon 都有 `skill_improved` 和 `skill_advanced`
- **所有戰鬥技能都有 ≥6 個 actions**
- **本次建立 0 個，剩餘 0 個待處理**

技能 daemon 完整性檢查通過，無需建立新檔案。
[0;32m[OK][0m Audit skills
[0;34m[05:47:08][0m Step: Audit quests
## 任務系統審查結果

### 已有任務總覽

所有 **13 個謎題**（雪亭鎮 7 + 五堂鎮 6）**全部已實作**，另有 2 個額外任務。

#### 雪亭鎮 7 謎 — 全部完成

| # | 謎題 | quest flag | NPC/檔案 | 獎勵 |
|---|------|-----------|----------|------|
| 1 | 阿寶在老榕樹等的人是誰？ | `quest/arbao_letter_done` | arbao.c + recruiter.c | 80 |
| 2 | 瞎眼婆婆的真實身分？ | `quest/gammer_identity_done` | gammer.c | 120 |
| 3 | 貨棧搬箱子算不算勞動？ | `quest/foreman_crate_done` | foreman.c | 50 |
| 4 | 驛站遺失了幾封信？ | `quest/postman_delivery_done` | postman.c + herbalist.c | 100 |
| 5 | 想不想加入振武軍營？ | `quest/recruiter_enlist_done` | recruiter.c | 50 |
| 6 | 破舊的老宅裡藏了什麼？ | `quest/manor_secret_done` | manor_cellar.c | 60 |
| 7 | 黑袍老人的女兒去了哪裡？ | `quest/darkrobe_daughter_done` | darkrobe.c + girl.c | 150 |

額外任務：
- `quest/escort_guide_done` — escort.c（30 分）
- `quest/old_beggar_done` — old_beggar.c（200 分）

#### 五堂鎮 6 謎 — 全部完成

| # | 謎題 | quest flag | NPC/檔案 | 獎勵 |
|---|------|-----------|----------|------|
| 1 | 飲血丟在了哪裡？ | `quest/yinxue_found_done` | river_bend.c | 120 |
| 2 | 巫山之中神秘雕像有何秘密？ | `quest/wushan_statue_done` | wushan_secret.c | 200 |
| 3 | 郭布要收的徒弟在哪裡？ | `quest/guobu_apprentice_done` | guobu.c + boy.c | 80 |
| 4 | 鎮天神廟內藏著誰？ | `quest/temple_master_done` | temple_master.c | 150 |
| 5 | 別館內的欽差來五堂要做甚麼？ | `quest/inspector_case_done` | inspector.c + storyteller.c | 80 |
| 6 | 過河的船在哪裡？ | `quest/ferryman_guide_done` | ferryman.c | 50 |

### 結構完整性

所有 15 個任務均具備：
- `pending/xxx` 進度追蹤（`set_temp` / `query_temp`）
- `quest/xxx_done` 完成標記（`set` / `query` 防重複）
- `gain_score("quest", N)` 獎勵分數

**已有 15 個任務，本次新增 0 個**——所有 wiki 記載的謎題均已有對應任務實作，無缺漏。
[0;32m[OK][0m Audit quests
[0;34m[05:48:06][0m === Phase: Validate ===
[0;34m[05:48:06][0m Step: Static validation
## 靜態驗證報告

### 主測試套件
| 項目 | 數量 |
|------|------|
| **PASS** | 3557 |
| **FAIL** | 24 |
| **WARN** | 46 |

主要失敗集中在：
- **Room inherit 缺失**：`d/longan/temple`、`d/snow/bazar`、`d/snow/small_temple` 等
- **雙向出口缺失** (4 個)：
  - `ngate`: northwest → entrance 缺 southeast 回程
  - `tree`: down → square 缺 up 回程
  - `mountain_road2`: west → mountain_path 缺 east 回程
  - `gate`: west → watchtower 缺 east 回程

### 額外檢查

| 檢查項目 | 結果 |
|----------|------|
| `set("aggressive", 1)` 誤用 | **PASS** — 0 個匹配 |
| skill daemon 含 `skill_improved` | **PASS** — 全部 75 個 skill daemon 皆有 |
| lv50+ 掌門有 `vision_of_ghost` | **FAIL** — 2 個缺失 |

缺少 `vision_of_ghost` 的掌門級 NPC：
1. `d/tianxie/npc/daxiedaoren.c` — vision_of_ghost=0
2. `d/hudao/npc/sunyi.c` — vision_of_ghost=0

### 總結
- 核心規範（aggressive 用法、skill daemon 結構）全部通過
- 需要修復：2 個掌門缺 `vision_of_ghost`、4 個單向出口、若干房間 inherit 問題
[0;32m[OK][0m Static validation
[0;34m[05:49:51][0m Pipeline complete: 5 ok, 0 warnings.
