Round 28 - Sat Mar 21 22:46:31 UTC 2026
[0;34m[22:46:31][0m Using git remote: origin
[0;34m[22:46:31][0m Pulling latest changes...
From github.com:Transformer666/es2_mudlib
 * branch            main       -> FETCH_HEAD
Already up to date.

=========================================
  ES2 Agent Pipeline v2
  Phase: all
  Start: 2026-03-21 22:46:31
=========================================

[0;34m[22:46:33][0m === Phase: Analyze (bash-native, no agent) ===
[0;34m[22:46:34][0m Analyze complete:
[0;34m[22:46:34][0m   Races: 11/11 | Classes: 9/7 | Sects: 18/18
[0;34m[22:46:34][0m   Skills: 75 (missing: 40) | Rooms: 484 | NPCs: 305
[0;34m[22:46:34][0m   Quests: 14 | Equipment: 284
[0;34m[22:46:34][0m   Total missing: 40
[0;32m[OK][0m Analyze phase
[0;34m[22:46:34][0m === Phase: Build ===
[0;34m[22:46:34][0m Step: Audit area: stub_towns
## 審查結果：stub_towns 區域完整性

所有 8 個城鎮stub 已分別存在於 `mudlib/d/` 下的獨立目錄中：

| 城鎮 | 狀態 | 廣場 | 街道 | 客棧(INN) | 商店 | 城門 | 廟(TEMPLE) | 客棧老闆 | 守衛 | 商人 |
|------|------|------|------|-----------|------|------|------------|---------|------|------|
| **longan** 龍安 | ✅ | ✅ | ✅(2) | ✅ | ✅ | ✅ | ✅ | ✅ | ✅ | ✅ |
| **jingji** 京畿 | ✅ | ✅ | ✅(2) | ✅ | ✅ | ✅ | ✅ | ✅ | ✅ | ✅ |
| **kangping** 康平 | ✅ | ✅ | ✅(2) | ✅ | ✅ | ✅ | ✅ | ✅ | ✅ | ✅ |
| **sanyen** 三掩 | ✅ | ✅ | ✅(2) | ✅ | ✅ | ✅ | ✅(x2) | ✅ | ✅ | ✅ |
| **lee** 離 | ✅ | ✅ | ✅(4) | ✅ | ✅ | ✅* | ✅(x2) | ✅ | ✅ | ✅ |
| **choyin** 喬陰 | ✅ | ✅ | ✅(3) | ✅ | ✅ | ✅(x2) | ✅ | ✅ | ✅ | ✅ |
| **baihua** 百花 | ✅ | ✅ | ✅(3) | ✅ | ✅ | ✅ | ✅ | ✅ | ✅ | ✅ |
| **weiguo** 衛國 | ✅ | ✅ | ✅(2) | ✅ | ✅ | ✅ | ✅ | ✅ | ✅ | ✅ |

**stub_towns: complete**

所有 8 個城鎮都具備完整的必要元素：
- 客棧均正確 inherit INN，有 `valid_startroom` 和 `no_fight`
- 廟宇均正確 inherit TEMPLE
- 客棧老闆均有 F_VENDOR + merchandise
- 守衛均為 F_SOLDIER
- 商人均有 F_VENDOR

*唯一小問題：lee 的城門檔名為 `r2.c`（"村口"），功能完整但命名不夠明確，屬於風格問題而非缺漏。
[0;32m[OK][0m Audit area: stub_towns
[0;34m[22:49:16][0m Step: Audit skills
## 技能 Daemon 審查結果

### 統計總覽

| 項目 | 數量 |
|------|------|
| 門派總數 | 18 |
| 門派引用的技能（去重） | 20 |
| 技能 daemon 檔案總數 | 75 |

### 審查結論

**所有技能 daemon 均完整，無缺漏。**

1. **缺少的 daemon 檔案：0 個** — 所有 20 個門派引用的技能都有對應的 `mudlib/daemon/skill/<name>.c`
2. **缺少 `skill_improved` / `skill_advanced`：0 個** — 75 個 daemon 全部具備
3. **戰鬥技能 actions 不足 6 個：0 個** — 所有戰鬥技能均有 6~8 個招式

### 各門派技能對照

| 門派 | 技能 | 狀態 |
|------|------|------|
| 封山派 | fengshan sword | OK |
| 冷梅莊 | lengmei sword | OK |
| 哭笑門 | sword | OK |
| 雪吟莊 | sword | OK |
| 虎刀門 | tiger blade | OK |
| 天邪派 | phantom sword | OK |
| 寶蓮寺 | staff | OK |
| 白象寺 | diamond hammer, staff | OK |
| 天師派 | taiyi sword, ziwei neigong | OK |
| 茅山派 | maoshan sword, maoshan neigong, taoshan milu | OK |
| 瑯夷 | dagger | OK |
| 隱教 | dagger | OK |
| 龍圖丹派 | longttu neigong, needle | OK |
| 武陀 | five defeat needle, amazing needle | OK |
| 劍甲門 | sword, needle | OK |
| 步玄派 | three rotations | OK |
| 玄天教 | sword | OK |
| 振武軍營 | tactic, pike | OK |

### 備註

部分門派的 wiki 描述提及額外技能（如隱教的輕功/內功/拳法、哭笑門的刀法），但 `set("skills")` 中僅列出基礎技能。這可能是設計如此（通用技能由其他途徑習得），也可能是門派技能列表尚未擴充，屬於遊戲設計層面的決策。

**缺少 0 個、本次建立 0 個、剩餘 0 個待下輪處理。**
[0;32m[OK][0m Audit skills
[0;34m[22:51:48][0m Step: Audit quests
Here's the complete audit result:

## 任務系統審查報告

### 已有任務統計：15 個任務

#### 雪亭鎮 7 謎 — 全部已實作 (7/7)

| # | 謎題 | quest flag | NPC/檔案 | 載入房間 | 獎勵 |
|---|------|-----------|----------|---------|------|
| 1 | 阿寶在老榕樹等的人是誰？ | `arbao_letter_done` | arbao.c | square.c | 80分 |
| 2 | 瞎眼婆婆的真實身分？ | `gammer_identity_done` | gammer.c | square.c | 120分 |
| 3 | 貨棧搬箱子算不算勞動？ | `foreman_crate_done` | foreman.c | store.c | 50分 |
| 4 | 驛站遺失了幾封信？ | `postman_delivery_done` | postman.c | post_office.c | 100分 |
| 5 | 想不想加入振武軍營？ | `recruiter_enlist_done` | recruiter.c | military_camp.c | 50分 |
| 6 | 破舊的老宅裡藏了什麼？ | `manor_secret_done` | manor_cellar.c | (房間本身) | 60分 |
| 7 | 黑袍老人的女兒去了哪裡？ | `darkrobe_daughter_done` | darkrobe.c + girl.c | dilapidated_manor.c + ruin2.c | 150分 |

#### 五堂鎮 6 謎 — 全部已實作 (6/6)

| # | 謎題 | quest flag | NPC/檔案 | 載入房間 | 獎勵 |
|---|------|-----------|----------|---------|------|
| 1 | 飲血丟在了哪裡？ | `yinxue_found_done` | river_bend.c + storyteller.c | (房間本身) + inn_hall.c | 120分 |
| 2 | 巫山之中神秘雕像有何秘密？ | `wushan_statue_done` | wushan_secret.c | (房間本身) | 200分 |
| 3 | 郭布要收的徒弟在哪裡？ | `guobu_apprentice_done` | guobu.c + boy.c | street1.c + river_bend.c | 80分 |
| 4 | 鎮天神廟內藏著誰？ | `temple_master_done` | temple_master.c | temple.c | 150分 |
| 5 | 別館內的欽差來五堂要做甚麼？ | `inspector_case_done` | inspector.c + storyteller.c | court.c + inn_hall.c | 80分 |
| 6 | 過河的船在哪裡？ | `ferryman_guide_done` | ferryman.c | dock.c | 50分 |

#### 額外任務（不在謎題列表中）

| quest flag | NPC | 載入房間 | 獎勵 |
|-----------|-----|---------|------|
| `old_beggar_done` | old_beggar.c | square_sw.c | 200分 |
| `escort_guide_done` | escort.c | square_s.c | 30分 |

### 完整性檢查結果

- **所有 15 個任務 NPC 都已載入到對應房間** — 無遺漏
- **所有任務都使用 `pending/` flag 追蹤進度**
- **所有任務都使用 `quest/*_done` 標記完成**
- **所有任務都呼叫 `gain_score("quest", N)` 給予獎勵**
- **雪亭鎮 7 謎 + 五堂鎮 6 謎 = 13 個謎題全部已有對應任務**

### 結論

**已有 15 個任務，本次新增 0 個。** 所有 13 個城鎮謎題均已完整實作，任務系統結構一致（pending → quest → gain_score），所有 NPC 正確載入房間。無需補充。
[0;32m[OK][0m Audit quests
[0;34m[22:53:18][0m === Phase: Validate ===
[0;34m[22:53:18][0m Step: Static validation
## 靜態驗證報告

### 主測試套件
| 項目 | 數量 |
|------|------|
| **PASS** | 3633 |
| **FAIL** | 22 |
| **WARN** | 48 |

### 額外檢查

| 檢查項目 | 結果 |
|----------|------|
| `set("aggressive", 1)` 誤用 | **PASS** — 0 處（全部正確使用 `attitude`） |
| skill daemon 含 `skill_improved` | **PASS** — 全部 75 個 daemon 皆有 (count=1) |
| lv50+ 掌門有 `vision_of_ghost` | **PASS** — 全部 13 位掌門皆已設定 |

### 22 個 FAIL 項目

主要是部分房間缺少 inherit 行（測試框架檢測到 `inherit` 缺失），涉及的檔案包括：
- `d/longan/temple` — 城隍廟缺 Room inherit
- `d/snow/bazar` — 缺 Room inherit
- `d/snow/small_temple` — 缺 Room inherit

完整報告已輸出至 `docs/test_report.md`。需要我修復這些 FAIL 項目嗎？
[0;32m[OK][0m Static validation
[0;34m[22:54:54][0m Pipeline complete: 5 ok, 0 warnings.
