Round 14 - Fri Mar 20 11:57:39 UTC 2026
[0;34m[11:57:39][0m Using git remote: origin
[0;34m[11:57:39][0m Pulling latest changes...
From github.com:Transformer666/es2_mudlib
 * branch            main       -> FETCH_HEAD
Already up to date.

=========================================
  ES2 Agent Pipeline v2
  Phase: all
  Start: 2026-03-20 11:57:39
=========================================

[0;34m[11:57:41][0m === Phase: Analyze ===
[0;34m[11:57:41][0m Step: Scan existing content
`docs/missing_content.json` 已更新。摘要：

| 類別 | 需要 | 已實作 | 缺少 |
|------|------|--------|------|
| 種族 | 11 | 11 | 0 |
| 職業 | 7 | 7+2 | 0 |
| 門派 | 18 | 17 | 1 (天月庵 tianyue — 區域已建但缺 sect daemon) |
| 技能 | — | 75 | — |
| 區域 | — | 54 | 21 個地圖位置未建 |
| 房間 | — | 459 | — |
| NPC | — | 268 | — |
| 任務 | 13+ | 0 | 雪亭七謎 + 五堂六謎皆未實作 |

主要缺口：
1. **門派 daemon**: `daemon/sect/tianyue.c` 未建立（天月庵，和尚系治療門派）
2. **任務系統**: 完全未實作（0 quests）
3. **未建地圖位置**: 21 處（真郡大山、太乙殿、風城、水月村等）
4. **子門派分支**: 茅山三觀、天師四衣派尚未細分
[0;32m[OK][0m Scan existing content
