Round 10 - Fri Mar 20 11:30:36 UTC 2026
[0;34m[11:30:36][0m Using git remote: origin
[0;34m[11:30:36][0m Pulling latest changes...
From github.com:Transformer666/es2_mudlib
 * branch            main       -> FETCH_HEAD
Already up to date.

=========================================
  ES2 Agent Pipeline v2
  Phase: all
  Start: 2026-03-20 11:30:36
=========================================

[0;34m[11:30:38][0m === Phase: Analyze ===
[0;34m[11:30:38][0m Step: Scan existing content
`docs/missing_content.json` 已更新。摘要：

| 類別 | 需求 | 已實作 | 缺少 |
|------|------|--------|------|
| 種族 | 11 | 11 | 0 |
| 職業 | 7 | 7+2 | 0 |
| 門派 daemon | 18 | 17 | 1 (`tianyue` 天月庵) |
| 技能 | — | 75 | — |
| 區域 | — | 54 | 21 個地圖地點未建 |
| 房間 | — | 459 | — |
| NPC | — | 268 | — |
| 任務 | 13+ | 0 | 全部 |

主要缺口：
- **tianyue (天月庵)** — 區域目錄存在（6 房間 4 NPC），但缺 `daemon/sect/tianyue.c`
- **任務系統** — 完全未實作（雪亭七謎 + 五堂六謎 = 13 個任務）
- **8 個 stub 城鎮** 規模偏小，需擴展
- **21 個地圖地點** 尚未建置（真郡大山、太乙殿、風城等）
[0;32m[OK][0m Scan existing content
