Round 46 - Fri Mar 20 15:49:46 UTC 2026
[0;34m[15:49:46][0m Using git remote: origin
[0;34m[15:49:46][0m Pulling latest changes...
From github.com:Transformer666/es2_mudlib
 * branch            main       -> FETCH_HEAD
Already up to date.

=========================================
  ES2 Agent Pipeline v2
  Phase: all
  Start: 2026-03-20 15:49:46
=========================================

[0;34m[15:49:49][0m === Phase: Analyze ===
[0;34m[15:49:49][0m Step: Scan existing content
`docs/missing_content.json` 已更新。掃描摘要：

| 類別 | 需求 | 已實作 | 缺少 |
|------|------|--------|------|
| 種族 | 11 | 11 | 0 |
| 職業 | 7 | 7 (+2 utility) | 0 |
| 門派 | 18 | 17/18 | **tianyue 天月庵** (區域已有，sect daemon 缺) |
| 技能 | — | 75 | — |
| 區域 | — | 54 | 22 個地圖地點未建 |
| 房間 | — | 459 | — |
| NPC | — | 268 | — |
| 任務 | 15 | **0** | 雪亭7謎 + 五堂6謎 + 十三靈2任務 |
| Stub城鎮 | 8 | 8 (待擴展) | longan/jingji/kangping/sanyen/lee/choyin/baihua/weiguo |

主要缺口：
1. **天月庵 sect daemon** — 區域和 NPC 已存在，但 `daemon/sect/tianyue.c` 不存在
2. **任務系統** — 完全未實作（0/15）
3. **22 個地圖地點** 尚未建立（真郡大山、太乙殿、風城等）
4. **8 個 stub 城鎮** 需要擴展內容
[0;32m[OK][0m Scan existing content
