Round 5 - Fri Mar 20 10:55:42 UTC 2026
[0;34m[10:55:42][0m Using git remote: origin
[0;34m[10:55:42][0m Pulling latest changes...
From github.com:Transformer666/es2_mudlib
 * branch            main       -> FETCH_HEAD
Already up to date.

=========================================
  ES2 Agent Pipeline v2
  Phase: all
  Start: 2026-03-20 10:55:42
=========================================

[0;34m[10:55:45][0m === Phase: Analyze ===
[0;34m[10:55:45][0m Step: Scan existing content
`docs/missing_content.json` 已更新。掃描摘要：

| 類別 | 需求 | 已實作 | 缺少 |
|------|------|--------|------|
| 種族 | 11 | 11 | 0 |
| 職業 | 7 | 7 (+2 系統) | 0 |
| 門派 | 18 | 18 (含 tianxie) | 1 (天月庵 sect daemon) |
| 技能 | — | 75 | — |
| 區域 | — | 55 (459 rooms, 268 NPCs) | 21 地圖地點未建 |
| 任務 | 13+ | 0 | 13 (雪亭7謎 + 五堂6謎) |
| Stub 城鎮 | — | 8 | 需擴充內容 |

主要缺口：
- **天月庵 (tianyue)** 區域已有 6 房間 + 4 NPC，但缺 sect daemon
- **任務系統**完全未實作（0/13+）
- **8 個 stub 城鎮**需要擴充（龍安、京畿、康平、喬陰、三掩、衛國、百花、離）
- **21 個地圖地點**尚未建置
[0;32m[OK][0m Scan existing content
