Round 39 - Fri Mar 20 14:59:52 UTC 2026
[0;34m[14:59:52][0m Using git remote: origin
[0;34m[14:59:52][0m Pulling latest changes...
From github.com:Transformer666/es2_mudlib
 * branch            main       -> FETCH_HEAD
Already up to date.

=========================================
  ES2 Agent Pipeline v2
  Phase: all
  Start: 2026-03-20 14:59:52
=========================================

[0;34m[14:59:55][0m === Phase: Analyze ===
[0;34m[14:59:55][0m Step: Scan existing content
`docs/missing_content.json` 已更新。掃描摘要：

| 類別 | 需要 | 已實作 | 缺少 |
|------|------|--------|------|
| 種族 | 11 | 11 | 0 |
| 職業 | 7 | 9 (含 commoner/fighter) | 0 |
| 門派 daemon | 18 | 18 | 1 (tianyue 天月庵有區域但缺 sect daemon；tianxie 天邪派為額外) |
| 技能 | — | 75 | — |
| 區域 | — | 54 | 22 個地圖地點未建 |
| 房間 | — | 459 | — |
| NPC | — | 268 | — |
| 任務 | 15 | 0 | 15 (雪亭七謎 + 五堂六謎 + 十三靈×2) |
| Stub 城鎮 | — | 8 | 龍安/京畿/康平/三掩/離/喬陰/百花/衛國需擴展 |
[0;32m[OK][0m Scan existing content
