Round 71 - Sat Mar 21 10:11:05 UTC 2026
[0;34m[10:11:05][0m Using git remote: origin
[0;34m[10:11:05][0m Pulling latest changes...
From github.com:Transformer666/es2_mudlib
 * branch            main       -> FETCH_HEAD
Already up to date.

=========================================
  ES2 Agent Pipeline v2
  Phase: all
  Start: 2026-03-21 10:11:05
=========================================

[0;34m[10:11:08][0m === Phase: Analyze (bash-native, no agent) ===
[0;34m[10:11:08][0m Analyze complete:
[0;34m[10:11:08][0m   Races: 11/11 | Classes: 9/7 | Sects: 18/18
[0;34m[10:11:08][0m   Skills: 75 (missing: 40) | Rooms: 483 | NPCs: 287
[0;34m[10:11:08][0m   Quests: 14 | Equipment: 282
[0;34m[10:11:08][0m   Total missing: 40
[0;32m[OK][0m Analyze phase
[0;34m[10:11:08][0m === Phase: Build ===
[0;34m[10:11:08][0m Step: Audit area: stub_towns
No areas have fewer than 5 rooms — that's why `stub_towns` is empty. All areas are sufficiently populated. But the user asked to audit `stub_towns` specifically. Since there are no stub towns (all areas have 5+ rooms), the result is:

**stub_towns: complete**

所有區域都已有 5 個以上的房間檔案，沒有任何區域被標記為 stub town。`docs/missing_content.json` 中的 `stub_towns` 陣列也是空的，確認無缺少的內容。
[0;32m[OK][0m Audit area: stub_towns
[0;34m[10:11:41][0m Step: Audit skills
## 技能 Daemon 完整性審查報告

### 1. 門派引用的技能名稱（20 個不重複）

| 門派 | 引用技能 |
|------|----------|
| 虎刀門 | tiger blade |
| 寶蓮寺 | staff |
| 封山派 | fengshan sword |
| 哭笑門 | sword |
| 劍甲門 | sword, needle |
| 龍圖 | longttu neigong, needle |
| 白象寺 | diamond hammer, staff |
| 冷梅莊 | lengmei sword |
| 瑯夷 | dagger |
| 步玄派 | three rotations |
| 隱教 | dagger |
| 玄天教 | sword |
| 振武軍營 | tactic, pike |
| 茅山派 | maoshan sword, maoshan neigong, taoshan milu |
| 天師派 | taiyi sword, ziwei neigong |
| 雪吟莊 | sword |
| 天邪派 | phantom sword |
| 武陀 | five defeat needle, amazing needle |

### 2. 技能檔案對應檢查

所有 20 個門派技能都有對應的 `mudlib/daemon/skill/<name>.c` 檔案 — **無缺少**。

### 3. skill_improved / skill_advanced 檢查

全部 75 個 skill daemon 都包含 `skill_improved()` 和 `skill_advanced()` — **全部完整**。

### 4. 戰鬥技能 actions 數量檢查

所有戰鬥技能（含門派武功）都有 6-8 個 actions — **全部達標**。

- 6 actions: amazing_needle, axe, blade, bloodystrike, bolomiduo, celestrike, cloudstaff, dagger, deisword, diamond_hammer, fengshan_sword, five_defeat_needle, fonxansword, fork, gouyee, jingang_staff, lengmei_sword, liuh_ken, maoshan_sword, needle, phantom_sword, scratching, shortsong_blade, six_chaos_sword, snowshade_sword, snowwhip, spicyclaw, spring_blade, staff, stormdance, tactic, taiyi_sword, tenderzhi, three_rotations, tiger_blade, ts_fist, whip, wu_shun
- 7 actions: pike
- 8 actions: blade, sword, unarmed

非戰鬥技能（內功、輕功、法術、輔助）正確地沒有 actions mapping。

### 結論

- **缺少：0 個**
- **本次建立：0 個**
- **剩餘待處理：0 個**

所有門派引用的技能皆已有對應 daemon，且所有 daemon 結構完整（skill_improved、skill_advanced、actions 數量均符合規範）。技能系統目前完整無缺。
[0;32m[OK][0m Audit skills
[0;34m[10:13:12][0m Step: Audit quests
## 任務系統審查結果

### 已實作任務總覽：共 15 個任務

#### 雪亭鎮 7 謎 — 全部已實作

| # | 謎題 | quest flag | NPC/檔案 | 獎勵 |
|---|------|-----------|----------|------|
| 1 | 阿寶在老榕樹等的人是誰？ | `quest/arbao_letter_done` | arbao.c + recruiter.c | 80 分 + 50 coin |
| 2 | 瞎眼婆婆的真實身分？ | `quest/gammer_identity_done` | gammer.c | 120 分 |
| 3 | 貨棧搬箱子算不算勞動？ | `quest/foreman_crate_done` | foreman.c | 50 分 |
| 4 | 驛站遺失了幾封信？ | `quest/postman_delivery_done` | postman.c + herbalist.c | 100 分 + 100 coin |
| 5 | 想不想加入振武軍營？ | `quest/recruiter_enlist_done` | recruiter.c | 50 分 |
| 6 | 破舊的老宅裡藏了什麼？ | `quest/manor_secret_done` | manor_cellar.c | 60 分 |
| 7 | 黑袍老人的女兒去了哪裡？ | `quest/darkrobe_daughter_done` | darkrobe.c + girl.c | 150 分 |

#### 五堂鎮 6 謎 — 全部已實作

| # | 謎題 | quest flag | NPC/檔案 | 獎勵 |
|---|------|-----------|----------|------|
| 1 | 飲血丟在了哪裡？ | `quest/yinxue_found_done` | river_bend.c | 120 分 |
| 2 | 巫山之中神秘雕像有何秘密？ | `quest/wushan_statue_done` | wushan_secret.c | 200 分 |
| 3 | 郭布要收的徒弟在哪裡？ | `quest/guobu_apprentice_done` | guobu.c + boy.c | 80 分 |
| 4 | 鎮天神廟內藏著誰？ | `quest/temple_master_done` | temple_master.c | 150 分 + 玉牌 |
| 5 | 別館內的欽差來五堂要做甚麼？ | `quest/inspector_case_done` | inspector.c + storyteller.c | 80 分 |
| 6 | 過河的船在哪裡？ | `quest/ferryman_guide_done` | ferryman.c | 50 分 |

#### 額外任務（不在謎題列表中）

| 任務 | quest flag | NPC | 獎勵 |
|------|-----------|-----|------|
| 老乞婆三件物品 | `quest/old_beggar_done` | old_beggar.c | 200 分 + 念珠 + 白長袍 |
| 老鏢師拜師指引 | `quest/escort_guide_done` | escort.c | 30 分 + 50 coin |

### 任務架構一致性

所有 15 個任務均使用統一模式：
- `pending/<quest_id>` — temp flag 追蹤進度階段
- `quest/<quest_id>_done` — 永久 flag 標記完成
- `gain_score("quest", N)` — 獎勵積分（30~200 分）
- NPC 透過 `init()` 或 `relay_say()` 觸發對話
- 所有任務 NPC 已透過房間 `set("objects", ...)` 載入

### 結論

**已有 15 個任務，本次新增 0 個。** 雪亭鎮 7 謎和五堂鎮 6 謎全部已有對應的任務實作，無缺漏。
[0;32m[OK][0m Audit quests
[0;34m[10:14:40][0m === Phase: Validate ===
[0;34m[10:14:40][0m Step: Static validation
## 靜態驗證報告

### 主測試套件結果
| 類別 | 數量 |
|------|------|
| **PASS** | 3556 |
| **FAIL** | 25 |
| **WARN** | 46 |

### 額外檢查

#### 1. `set("aggressive", 1)` 誤用檢查
**PASS** — `mudlib/d/` 中找到 **0** 筆，全部正確使用 `set("attitude", "aggressive")`。

#### 2. Skill daemon `skill_improved` 檢查
**PASS** — 全部 **75** 個 skill daemon 都包含 `skill_improved`（每個檔案 count=1）。

#### 3. lv50+ 掌門 `vision_of_ghost` 檢查
**FAIL** — 2 個掌門/長老缺少 `vision_of_ghost`：
- `d/tianxie/npc/daxiedaoren.c` — **缺少**
- `d/hudao/npc/sunyi.c` — **缺少**

### 主測試套件 FAIL 項目（摘要）

主要失敗類型：
- **Room inherit missing** — 部分房間（如 `d/longan/temple`, `d/snow/bazar`, `d/snow/small_temple`）缺少正確的 inherit
- **單向出口** — 4 處出口缺少反向連結：
  - `ngate`: northwest → entrance 缺 southeast 回程
  - `tree`: down → square 缺 up 回程
  - `mountain_road2`: west → mountain_path 缺 east 回程
  - `gate`: west → watchtower 缺 east 回程

需要修復嗎？
[0;32m[OK][0m Static validation
[0;34m[10:16:28][0m Pipeline complete: 5 ok, 0 warnings.
[main b753089] feat: auto-implement content via pipeline v2 [2026-03-21 10:16:28]
 4 files changed, 343 insertions(+), 1 deletion(-)
 create mode 100644 docs/loop_logs/round_20260321_101105.log
To github.com:Transformer666/es2_mudlib.git
   ec51209..b753089  main -> main
[0;32m[OK][0m Final commit pushed to origin.

=========================================
  Pipeline complete!
  Completed: 6 | Warnings: 0
  End: 2026-03-21 10:16:28
=========================================
