Round 19 - Fri Mar 20 21:36:12 UTC 2026
[0;34m[21:36:12][0m Using git remote: origin
[0;34m[21:36:12][0m Pulling latest changes...
From github.com:Transformer666/es2_mudlib
 * branch            main       -> FETCH_HEAD
Already up to date.

=========================================
  ES2 Agent Pipeline v2
  Phase: all
  Start: 2026-03-20 21:36:12
=========================================

[0;34m[21:36:14][0m === Phase: Analyze (bash-native, no agent) ===
[0;34m[21:36:15][0m Analyze complete:
[0;34m[21:36:15][0m   Races: 11/11 | Classes: 9/7 | Sects: 18/18
[0;34m[21:36:15][0m   Skills: 75 (missing: 40) | Rooms: 480 | NPCs: 286
[0;34m[21:36:15][0m   Quests: 14 | Equipment: 282
[0;34m[21:36:15][0m   Total missing: 40
[0;32m[OK][0m Analyze phase
[0;34m[21:36:15][0m === Phase: Build ===
[0;34m[21:36:15][0m Step: Audit area: stub_towns
## stub_towns 審查結果

所有 8 個 stub 城鎮（龍安、京畿、康平、三掩、離、喬陰、百花、衛國）的**必要內容皆已齊全**：

| 城鎮 | 廣場 | 街道x2 | 客棧INN | 商店 | 城門 | 城隍廟 | 客棧老闆 | 守衛 | 商人 | 出口雙向 |
|------|:----:|:------:|:-------:|:----:|:----:|:------:|:--------:|:----:|:----:|:--------:|
| 龍安 longan | v | v | v | v | v | v | v | v | v | v |
| 京畿 jingji | v | v | v | v | v | v | v | v | v | v |
| 康平 kangping | v | v | v | v | v | v | v | v | v | v |
| 三掩 sanyen | v | v | v | v | v | v | v | v | v | v |
| 離 lee | v | v | v | v | v | v | v | v | v | v |
| 喬陰 choyin | v | v | v | v | v | v | v | v | v | v |
| 百花 baihua | v | v | v | v | v | v | v | v | v | v |
| 衛國 weiguo | v | v | v | v | v | v | v | v | v | v |

### 已修正的代碼品質問題（11 個檔案）

**缺少 `replace_program(ROOM)` — 已補上：**
- `d/longan/teahouse.c`、`weapon_shop.c`、`alley.c`
- `d/jingji/market.c`、`library.c`
- `d/weiguo/armory.c`、`watchtower.c`、`smithy.c`、`stable.c`

**缺少 `replace_program(BANK)` — 已補上：**
- `d/jingji/bank.c`

**NPC 缺少 `set("gender")` — 已補上：**
- `d/baihua/npc/stone_lion.c`

**未建立新檔案** — 所有必要的房間和 NPC 已存在。
[0;32m[OK][0m Audit area: stub_towns
[0;34m[21:42:12][0m Step: Audit skills
## 技能 Daemon 完整性審查結果

### 1. 門派引用的技能（20 個唯一技能）

| 門派 | 引用技能 |
|------|---------|
| 白象寺 baixiang | diamond hammer, staff |
| 寶蓮寺 baolian | staff |
| 步玄派 buxuan | three rotations |
| 封山派 fengshan | fengshan sword |
| 虎刀門 hudao | tiger blade |
| 劍甲門 jianjia | sword, needle |
| 哭笑門 kuxiao | sword |
| 瑯夷 langyi | dagger |
| 冷梅莊 lengmei | lengmei sword |
| 龍圖 longttu | longttu neigong, needle |
| 茅山派 maoshan | maoshan sword, maoshan neigong, taoshan milu |
| 天師派 tianshi | taiyi sword, ziwei neigong |
| 天邪派 tianxie | phantom sword |
| 武陀 wutuo | five defeat needle, amazing needle |
| 玄天教 xuantian | sword |
| 雪吟莊 xueyin | sword |
| 隱教 yinjiao | dagger |
| 振武 zhenwu | tactic, pike |

### 2. 門派技能對應 Daemon 檔案檢查

**全部 20 個門派引用技能都有對應的 daemon 檔案。缺少 0 個。**

### 3. skill_improved / skill_advanced 檢查

- **所有 75 個技能 daemon 都有 `skill_improved`** ✓
- **54 個有 `skill_advanced`**，**21 個缺少 `skill_advanced`**

缺少 `skill_advanced` 的技能（均為基礎/輔助技能，非門派武功）：

| 技能 | 類型 |
|------|------|
| taoism | 道術 |
| buddhism | 佛法 |
| spells | 法術 |
| essencemagic | 精元法術 |
| chanting | 唸咒 |
| tao_mystery | 道法 |
| chaos_steps | 輕功 |
| fall_steps | 輕功 |
| linbo_steps | 輕功 |
| notraces | 輕功 |
| pyrobat_steps | 輕功 |
| perception | 感知 |
| stealing | 偷竊 |
| literate | 讀書 |
| yirong | 易容 |
| throwing | 暗器 |
| instruments | 樂器 |
| iron_cloth | 鐵布衫 |
| spider_array | 蜘蛛陣 |

### 4. 戰鬥技能 actions 數量檢查

**所有戰鬥技能（含 actions 陣列的）都有 6 個以上的 actions** ✓

| actions 數 | 技能數 |
|-----------|--------|
| 8 個 | blade, sword, unarmed |
| 7 個 | pike |
| 6 個 | 其餘 37 個戰鬥技能 |

### 5. 總結

| 項目 | 數量 |
|------|------|
| 門派引用技能總數 | 20 |
| **缺少 daemon 檔案** | **0** |
| 缺少 skill_advanced | 21（均為基礎/輔助技能） |
| 戰鬥技能 actions < 6 | 0 |

**缺少 0 個、本次建立 0 個、剩餘 0 個待處理。**

所有門派引用的技能 daemon 都已存在且完整（有 skill_improved、skill_advanced、6+ actions）。21 個缺少 `skill_advanced` 的技能都是基礎/輔助類技能（輕功、法術、生活技能等），非門派專屬武功，是否需要補全這些技能的 `skill_advanced`？
[0;32m[OK][0m Audit skills
[0;34m[21:45:30][0m Step: Audit quests
All quest NPCs are loaded into rooms. Here's the complete audit:

## 任務系統審查結果

### 已有任務：15 個

**雪亭鎮 — 9 個任務（7 謎全覆蓋 + 2 額外）**

| # | 謎題 | quest flag | NPC/房間 | 所在房間 | 獎勵 |
|---|------|-----------|---------|---------|------|
| 1 | 阿寶在老榕樹等的人是誰？ | `arbao_letter_done` | arbao.c | square.c | 80 pts |
| 2 | 瞎眼婆婆的真實身分？ | `gammer_identity_done` | gammer.c | square.c | 120 pts |
| 3 | 貨棧搬箱子算不算勞動？ | `foreman_crate_done` | foreman.c | store.c | 50 pts |
| 4 | 驛站遺失了幾封信？ | `postman_delivery_done` | postman.c | post_office.c | 100 pts |
| 5 | 想不想加入振武軍營？ | `recruiter_enlist_done` | recruiter.c | military_camp.c | 50 pts |
| 6 | 破舊的老宅裡藏了什麼？ | `manor_secret_done` | manor_cellar.c | (房間自身) | 60 pts |
| 7 | 黑袍老人的女兒去了哪裡？ | `darkrobe_daughter_done` | darkrobe.c + girl.c | dilapidated_manor.c / ruin2.c | 150 pts |
| + | 護鏢任務 | `escort_guide_done` | escort.c | square_s.c | 30 pts |
| + | 老乞丐任務 | `old_beggar_done` | old_beggar.c | square_sw.c | 200 pts |

**五堂鎮 — 6 個任務（6 謎全覆蓋）**

| # | 謎題 | quest flag | NPC/房間 | 所在房間 | 獎勵 |
|---|------|-----------|---------|---------|------|
| 1 | 飲血丟在了哪裡？ | `yinxue_found_done` | river_bend.c | (房間自身) | 120 pts |
| 2 | 巫山之中神秘雕像有何秘密？ | `wushan_statue_done` | wushan_secret.c | (房間自身) | 200 pts |
| 3 | 郭布要收的徒弟在哪裡？ | `guobu_apprentice_done` | guobu.c | street1.c | 80 pts |
| 4 | 鎮天神廟內藏著誰？ | `temple_master_done` | temple_master.c | temple.c | 150 pts |
| 5 | 別館內的欽差來五堂要做甚麼？ | `inspector_case_done` | inspector.c + storyteller.c | court.c / inn_hall.c | 80 pts |
| 6 | 過河的船在哪裡？ | `ferryman_guide_done` | ferryman.c | dock.c | 50 pts |

### 完整性檢查

- **quest/ flag**：所有 15 個任務都使用 `quest/<id>_done` 標記完成
- **pending/ flag**：多階段任務（inspector、temple_master、gammer 等）正確使用 `pending/` 追蹤進度
- **gain_score**：所有任務都有 `gain_score("quest", N)` 獎勵
- **NPC 載入**：所有任務 NPC 都已在對應房間的 `set("objects", ...)` 中載入
- **跨 NPC 連動**：inspector ↔ storyteller、darkrobe ↔ girl、guobu ↔ boy 的交叉引用一致

### 結論

**已有 15 個任務，本次新增 0 個。** 雪亭鎮 7 謎和五堂鎮 6 謎全部已有對應任務實作，無缺漏。
[0;32m[OK][0m Audit quests
[main f7cc0f9] feat: add quests
 11 files changed, 11 insertions(+)
[0;34m[21:47:59][0m === Phase: Validate ===
[0;34m[21:47:59][0m Step: Static validation
## 靜態驗證報告

### 主測試套件 (`run_tests.sh all`)
| 結果 | 數量 |
|------|------|
| **PASS** | 3545 |
| **FAIL** | 23 |
| **WARN** | 46 |

失敗項中包含的雙向出口問題（最後 4 個）：
- `d/snow/ngate`: northwest → entrance 缺少 southeast 回程
- `d/snow/tree`: down → square 缺少 up 回程
- `d/snow/mountain_road2`: west → mountain_path 缺少 east 回程
- `d/snow/gate`: west → watchtower 缺少 east 回程

### 額外檢查

| 檢查項 | 結果 |
|--------|------|
| `set("aggressive", 1)` 誤用 | **PASS** — 0 筆（全部正確使用 attitude） |
| `skill_improved` 覆蓋率 | **PASS** — 全部 75 個 skill daemon 皆有 `skill_improved` |
| lv50+ 掌門 `vision_of_ghost` | **FAIL** — 2 個缺失 |

缺少 `vision_of_ghost` 的掌門：
1. **`d/tianxie/npc/daxiedaoren.c`** — 天邪幫大邪道人
2. **`d/hudao/npc/sunyi.c`** — 壺島孫逸

### 總結
- **23 FAIL** 主要來自房間 inherit 缺失和雙向出口不完整
- **2 個 lv50+ 掌門**需要補上 `set_temp("apply/vision_of_ghost", 1)`
- 其餘額外檢查全部通過

需要我修復這些問題嗎？
[0;32m[OK][0m Static validation
[0;34m[21:49:58][0m Pipeline complete: 5 ok, 0 warnings.
