Round 23 - Fri Mar 20 13:02:44 UTC 2026
[0;34m[13:02:44][0m Using git remote: origin
[0;34m[13:02:44][0m Pulling latest changes...
From github.com:Transformer666/es2_mudlib
 * branch            main       -> FETCH_HEAD
Already up to date.

=========================================
  ES2 Agent Pipeline v2
  Phase: all
  Start: 2026-03-20 13:02:44
=========================================

[0;34m[13:02:46][0m === Phase: Analyze ===
[0;34m[13:02:46][0m Step: Scan existing content
掃描完成，摘要如下：

| 類別 | 應有 | 已實作 | 缺少 |
|------|------|--------|------|
| 種族 | 11 | 11 | 0 |
| 職業 | 7 | 9 (含 commoner/fighter) | 0 |
| 門派 | 18 | 18 | 0 |
| 技能 | — | 75 | — |
| 區域 | — | 54 | 22 個地圖地點未建 |
| 房間 | — | 459 | — |
| NPC | — | 268 | — |
| 任務 | 15 | 0 | 15 |

主要缺口：
- **任務系統**：0/15 — 雪亭鎮七謎、五堂鎮六謎、十三靈任務全部未實作
- **8 個 stub 城鎮**待擴展：龍安、京畿、康平、三掩、離、喬陰、百花、衛國
- **22 個地圖地點**未建（真郡大山、太乙殿、風城等）
- **門派子系統**未實作：茅山三觀、天師四衣派

修正了舊版中 tianyue 門派 daemon 標記為缺失的錯誤（實際已存在）。
[0;32m[OK][0m Scan existing content
