Round 1 - Fri Mar 20 10:26:34 UTC 2026
[0;34m[10:26:34][0m Using git remote: origin
[0;34m[10:26:34][0m Pulling latest changes...
From github.com:Transformer666/es2_mudlib
 * branch            main       -> FETCH_HEAD
   2cfee97..1fd583a  main       -> origin/main
Updating 2cfee97..1fd583a
Fast-forward
 automation/run_loop.sh | 7 ++++---
 1 file changed, 4 insertions(+), 3 deletions(-)

=========================================
  ES2 Agent Pipeline v2
  Phase: all
  Start: 2026-03-20 10:26:34
=========================================

[0;34m[10:26:36][0m === Phase: Analyze ===
[0;34m[10:26:36][0m Step: Scan existing content
掃描完成。摘要如下：

| 類別 | 應有 | 已實作 | 缺少 |
|------|------|--------|------|
| 種族 daemon | 11 | 11 | 0 |
| 職業 daemon | 7 | 9 (含 commoner/fighter) | 0 |
| 門派 daemon | 18 | 18 | **1** (tianyue 天月庵 — 區域已建但缺 sect daemon) |
| 技能 daemon | — | 75 | — |
| 區域 | — | 54 | 21 個地圖地點未建 |
| 房間 | — | 459 | — |
| NPC | — | 268 | — |
| NPC 裝備 | — | 124 | — |
| 任務 | 13+ | **0** | 雪亭七謎 + 五堂六謎全缺 |

主要缺口：
- **tianyue (天月庵)** 門派 daemon 不存在（`d/tianyue/` 區域有 6 房間 4 NPC，但 `daemon/sect/tianyue.c` 缺失）
- **任務系統完全未實作**（13 個城鎮謎題 + 主線任務）
- **8 個 stub 城鎮**需要擴充（龍安、京畿、康平、喬陰、三掩、衛國、百花、離）
- **21 個地圖地點**尚未建立（真郡大山、太乙殿、風城等）
[0;32m[OK][0m Scan existing content
