Round 88 - Sat Mar 21 14:01:56 UTC 2026
[0;34m[14:01:56][0m Using git remote: origin
[0;34m[14:01:56][0m Pulling latest changes...
From github.com:Transformer666/es2_mudlib
 * branch            main       -> FETCH_HEAD
Already up to date.

=========================================
  ES2 Agent Pipeline v2
  Phase: all
  Start: 2026-03-21 14:01:56
=========================================

[0;34m[14:01:59][0m === Phase: Analyze (bash-native, no agent) ===
[0;34m[14:01:59][0m Analyze complete:
[0;34m[14:01:59][0m   Races: 11/11 | Classes: 9/7 | Sects: 18/18
[0;34m[14:02:00][0m   Skills: 75 (missing: 40) | Rooms: 483 | NPCs: 287
[0;34m[14:02:00][0m   Quests: 14 | Equipment: 282
[0;34m[14:02:00][0m   Total missing: 40
[0;32m[OK][0m Analyze phase
[0;34m[14:02:00][0m === Phase: Build ===
[0;34m[14:02:00][0m Step: Audit area: stub_towns


All 8 stub towns pass every check. Here's the summary:

## 審查結果：stub_towns 完整性

| 城鎮 | 廣場 | 街道x2 | 客棧(INN) | 商店 | 城門 | 廟(TEMPLE) | 客棧老闆 | 守衛 | 商人(F_VENDOR) | 出口雙向 | NPC引用 |
|------|------|--------|-----------|------|------|------------|----------|------|---------------|----------|---------|
| 龍安 longan | ✓ | ✓ | ✓ | ✓ | ✓ | ✓ | ✓ | ✓ | ✓ | ✓ | ✓ |
| 京畿 jingji | ✓ | ✓ | ✓ | ✓ | ✓ | ✓ | ✓ | ✓ | ✓ | ✓ | ✓ |
| 康平 kangping | ✓ | ✓ | ✓ | ✓ | ✓ | ✓ | ✓ | ✓ | ✓ | ✓ | ✓ |
| 三掩 sanyen | ✓ | ✓ | ✓ | ✓ | ✓ | ✓ | ✓ | ✓ | ✓ | ✓ | ✓ |
| 離(李家村) lee | ✓ | ✓ | ✓ | ✓ | ✓ | ✓* | ✓ | ✓ | ✓ | ✓ | ✓ |
| 喬陰 choyin | ✓ | ✓ | ✓ | ✓ | ✓ | ✓ | ✓ | ✓ | ✓ | ✓ | ✓ |
| 百花 baihua | ✓ | ✓ | ✓ | ✓ | ✓ | ✓* | ✓ | ✓ | ✓ | ✓ | ✓ |
| 衛國 weiguo | ✓ | ✓ | ✓ | ✓ | ✓ | ✓ | ✓ | ✓ | ✓ | ✓ | ✓ |

**備註：**
- *lee* 的廟用 `ancestral_hall.c`（李家祠堂），正確 inherit TEMPLE + replace_program(TEMPLE)
- *baihua* 的廟用 `shrine.c`（土地祠），正確 inherit TEMPLE + replace_program(TEMPLE)
- 所有客棧都正確設置 `inherit INN` + `valid_startroom` + `no_fight`
- 所有內部出口均為雙向連結
- 所有房間的 `set("objects")` 引用的 NPC 檔案皆存在

**stub_towns: complete**
[0;32m[OK][0m Audit area: stub_towns
[0;34m[14:04:39][0m Step: Audit skills
## 技能 Daemon 完整性審查結果

### 1. 門派引用的技能名稱（20 個唯一技能）

從 18 個門派 daemon 中提取的所有技能：

| 門派 | 技能 |
|------|------|
| 封山派 | fengshan sword |
| 冷梅莊 | lengmei sword |
| 哭笑門 | sword |
| 雪吟莊 | sword |
| 天邪派 | phantom sword |
| 虎刀門 | tiger blade |
| 寶蓮寺 | staff |
| 白象寺 | diamond hammer, staff |
| 天師派 | taiyi sword, ziwei neigong |
| 茅山派 | maoshan sword, maoshan neigong, taoshan milu |
| 振武軍營 | tactic, pike |
| 瑯夷 | dagger |
| 隱教 | dagger |
| 步玄派 | three rotations |
| 玄天教 | sword |
| 龍圖 | longttu neigong, needle |
| 劍甲門 | sword, needle |
| 武陀 | five defeat needle, amazing needle |

### 2. 缺少的技能 Daemon

**缺少 0 個** — 所有門派引用的技能都有對應的 `mudlib/daemon/skill/<name>.c` 檔案。

### 3. skill_improved / skill_advanced 檢查

**全部 75 個技能 daemon 都包含** `skill_improved()` 和 `skill_advanced()` — 無缺漏。

### 4. 戰鬥技能 actions 數量檢查

**全部 41 個戰鬥技能都有至少 6 個 actions** — 無不足：
- 6 actions: 35 個技能
- 7 actions: 1 個（pike）
- 8 actions: 3 個（blade, sword, unarmed）

### 總結

| 項目 | 狀態 |
|------|------|
| 缺少的技能 | **0 個** |
| 不完整的技能（缺 skill_improved/advanced） | **0 個** |
| actions 不足的戰鬥技能 | **0 個** |
| 本次建立 | **0 個** |
| 剩餘待處理 | **0 個** |

所有門派引用的技能 daemon 完整，功能齊全，無需建立新檔案。
[0;32m[OK][0m Audit skills
[0;34m[14:07:09][0m Step: Audit quests
All data collected. Here's the complete audit result:

---

## 任務系統完整性審查報告

### 雪亭鎮 7 謎 — 全部已實作 (7/7)

| # | 謎題 | NPC/檔案 | quest flag | 獎勵 | 載入房間 |
|---|------|----------|-----------|------|---------|
| 1 | 阿寶在老榕樹等的人是誰？ | `arbao.c` | `quest/arbao_letter_done` | 80 分 | `square.c` |
| 2 | 瞎眼婆婆的真實身分？ | `gammer.c` | `quest/gammer_identity_done` | 120 分 | `square.c` |
| 3 | 貨棧搬箱子算不算勞動？ | `foreman.c` | `quest/foreman_crate_done` | 50 分 | `store.c` |
| 4 | 驛站遺失了幾封信？ | `postman.c` | `quest/postman_delivery_done` | 100 分 | `post_office.c` |
| 5 | 想不想加入振武軍營？ | `recruiter.c` | `quest/recruiter_enlist_done` | 50 分 | `military_camp.c` |
| 6 | 破舊的老宅裡藏了什麼？ | `manor_cellar.c` | `quest/manor_secret_done` | 60 分 | (房間本身) |
| 7 | 黑袍老人的女兒去了哪裡？ | `darkrobe.c` + `girl.c` | `quest/darkrobe_daughter_done` | 150 分 | `dilapidated_manor.c` / `ruin2.c` |

額外任務（不在 7 謎中）：
- `escort.c` → `quest/escort_guide_done` (30 分) @ `square_s.c`
- `old_beggar.c` → `quest/old_beggar_done` (200 分) @ `square_sw.c`

### 五堂鎮 6 謎 — 全部已實作 (6/6)

| # | 謎題 | NPC/檔案 | quest flag | 獎勵 | 載入房間 |
|---|------|----------|-----------|------|---------|
| 1 | 飲血丟在了哪裡？ | `river_bend.c` + `storyteller.c` | `quest/yinxue_found_done` | 120 分 | (房間本身) / `inn_hall.c` |
| 2 | 巫山之中神秘雕像有何秘密？ | `wushan_secret.c` | `quest/wushan_statue_done` | 200 分 | (房間本身) |
| 3 | 郭布要收的徒弟在哪裡？ | `guobu.c` | `quest/guobu_apprentice_done` | 80 分 | `street1.c` |
| 4 | 鎮天神廟內藏著誰？ | `temple_master.c` | `quest/temple_master_done` | 150 分 | `temple.c` |
| 5 | 別館內的欽差來五堂要做甚麼？ | `inspector.c` | `quest/inspector_case_done` | 80 分 | `court.c` |
| 6 | 過河的船在哪裡？ | `ferryman.c` | `quest/ferryman_guide_done` | 50 分 | `dock.c` |

### 總結

- **已有 15 個任務**（雪亭 9 + 五堂 6），全部使用正確的 `quest/` + `pending/` 模式
- **所有 NPC 均已載入對應房間**
- **所有任務均有 `gain_score("quest", N)` 獎勵**
- **本次新增 0 個** — 「雪亭鎮 7 謎」和「五堂鎮 6 謎」的 13 個謎題全部已有對應任務實作，無缺漏
[0;32m[OK][0m Audit quests
[0;34m[14:08:58][0m === Phase: Validate ===
[0;34m[14:08:58][0m Step: Static validation
## 靜態驗證報告

### 主測試結果
| 項目 | 數量 |
|------|------|
| **PASS** | 3556 |
| **FAIL** | 25 |
| **WARN** | 46 |

### 25 個 FAIL 明細

**Room inherit 缺失 (20)**：多為城隍廟/渡口/銀行等特殊房間未正確 inherit
- `d/longan/temple`, `d/wutang/ferry`, `d/wutang/ferry_back`, `d/wutang/temple`, `d/lee/ancestral_hall`, `d/sanyen/inner_temple`, `d/sanyen/temple`, `d/snow/bazar`, `d/snow/small_temple`, `d/lijun/ferry`, `d/lijun/ferry_back`, `d/lijun/temple`, `d/weiguo/temple`, `d/baihua/shrine`, `d/village/temple`, `d/jingji/bank`, `d/jingji/temple`, `d/choyin/temple`, `d/kangping/temple`, `d/chixiao/temple`

**裝備 setup() 缺失 (1)**：`d/snow/npc/obj/invitation`

**雙向出口缺失 (4)**：
- `ngate`: northwest→entrance 缺 southeast 回程
- `tree`: down→square 缺 up 回程
- `mountain_road2`: west→mountain_path 缺 east 回程
- `gate`: west→watchtower 缺 east 回程

---

### 額外檢查

| 檢查項目 | 結果 |
|----------|------|
| `set("aggressive", 1)` 誤用 | **PASS** — 0 筆，全部正確使用 `attitude` |
| `skill_improved` 存在性 | **PASS** — 全部 76 個 skill daemon 均包含 `skill_improved` |
| lv50+ 掌門 `vision_of_ghost` | **FAIL** — 2 個缺失 |

**缺少 `vision_of_ghost` 的掌門**：
1. `d/tianxie/npc/daxiedaoren.c`
2. `d/hudao/npc/sunyi.c`
[0;32m[OK][0m Static validation
[0;34m[14:15:43][0m Pipeline complete: 5 ok, 0 warnings.
[main 7f3d94c] feat: auto-implement content via pipeline v2 [2026-03-21 14:15:43]
 4 files changed, 379 insertions(+), 1 deletion(-)
 create mode 100644 docs/loop_logs/round_20260321_140156.log
To github.com:Transformer666/es2_mudlib.git
   8c4da17..7f3d94c  main -> main
[0;32m[OK][0m Final commit pushed to origin.

=========================================
  Pipeline complete!
  Completed: 6 | Warnings: 0
  End: 2026-03-21 14:15:43
=========================================
