Round 20 - Sat Mar 21 21:00:53 UTC 2026
[0;34m[21:00:53][0m Using git remote: origin
[0;34m[21:00:53][0m Pulling latest changes...
From github.com:Transformer666/es2_mudlib
 * branch            main       -> FETCH_HEAD
Already up to date.

=========================================
  ES2 Agent Pipeline v2
  Phase: all
  Start: 2026-03-21 21:00:53
=========================================

[0;34m[21:00:55][0m === Phase: Analyze (bash-native, no agent) ===
[0;34m[21:00:56][0m Analyze complete:
[0;34m[21:00:56][0m   Races: 11/11 | Classes: 9/7 | Sects: 18/18
[0;34m[21:00:56][0m   Skills: 75 (missing: 40) | Rooms: 484 | NPCs: 305
[0;34m[21:00:56][0m   Quests: 14 | Equipment: 284
[0;34m[21:00:56][0m   Total missing: 40
[0;32m[OK][0m Analyze phase
[0;34m[21:00:56][0m === Phase: Build ===
[0;34m[21:00:56][0m Step: Audit area: stub_towns
## 審查結果：stub_towns 全部 **COMPLETE**

所有 8 個 stub 城鎮都已具備完整的必要內容：

| 城鎮 | 房間 | NPC | 出口問題 | 物件引用問題 | 判定 |
|------|------|-----|---------|------------|------|
| longan (龍安) | 14 | 12 | 0 | 0 | COMPLETE |
| jingji (京畿) | 13 | 10 | 0 | 0 | COMPLETE |
| kangping (康平) | 13 | 11 | 0 | 0 | COMPLETE |
| sanyen (三掩) | 11 | 8 | 0 | 0 | COMPLETE |
| lee (李家村) | 10 | 7 | 0 | 0 | COMPLETE* |
| choyin (喬陰) | 11 | 8 | 0 | 0 | COMPLETE |
| baihua (百花) | 11 | 8 | 0 | 0 | COMPLETE |
| weiguo (衛國) | 12 | 9 | 0 | 0 | COMPLETE |

每個城鎮都包含：
- 廣場、街道 x2+、客棧 (INN)、商店、城門/入口、城隍廟 (TEMPLE)
- 客棧老闆、守衛、商人 NPC
- 所有出口雙向連結，無斷裂
- 所有 `set("objects")` 引用的 NPC 檔案都存在

唯一小問題是 **lee (李家村)** 的 `r1.c` / `r2.c` 命名不規範（`r2` 實際是村口，功能上沒問題但命名不一致），但不影響功能完整性。

**stub_towns: complete**
[0;32m[OK][0m Audit area: stub_towns
[0;34m[21:04:13][0m Step: Audit skills
## 技能 Daemon 完整性審查結果

### 1. 門派引用的技能（20 個唯一技能）

| 門派 | 引用技能 |
|------|----------|
| 步玄 | three rotations |
| 五毒 | five defeat needle, amazing needle |
| 狼夷 | dagger |
| 冷梅 | lengmei sword |
| 天邪 | phantom sword |
| 百象 | diamond hammer, staff |
| 龍圖 | longttu neigong, needle |
| 血飲 | sword |
| 天師 | taiyi sword, ziwei neigong |
| 蒹葭 | sword, needle |
| 枯嘯 | sword |
| 茅山 | maoshan sword, maoshan neigong, taoshan milu |
| 封山 | fengshan sword |
| 寶蓮 | staff |
| 真武 | tactic, pike |
| 虎刀 | tiger blade |
| 玄天 | sword |
| 銀蛟 | dagger |

### 2. 檔案存在性檢查 — 全部通過

所有 20 個技能都有對應的 `mudlib/daemon/skill/<name>.c` 檔案。

### 3. skill_improved / skill_advanced — 全部通過

所有 75 個 skill daemon（包含 20 個門派引用的）都有 `skill_improved` 和 `skill_advanced`。

### 4. 戰鬥技能 actions 數量 — 全部通過（≥6）

| 技能 | actions 數 |
|------|-----------|
| sword | 8 |
| pike | 7 |
| dagger, needle, staff, three rotations, five defeat needle, amazing needle, lengmei sword, phantom sword, diamond hammer, taiyi sword, maoshan sword, fengshan sword, tactic, tiger blade | 各 6 |

### 5. 內功技能 do_exercise/halt_exercise/exert_function — 全部通過

| 內功 | do_exercise | halt_exercise | exert_function |
|------|:-----------:|:-------------:|:--------------:|
| longttu neigong | ✓ | ✓ | ✓ |
| maoshan neigong | ✓ | ✓ | ✓ |
| ziwei neigong | ✓ | ✓ | ✓ |
| taoshan milu | ✓ | ✓ | ✓ |

---

### 總結

- **缺少：0 個** — 所有門派引用的技能都有對應 daemon
- **不完整：0 個** — 所有 daemon 都有必要函式，戰鬥技能都有 ≥6 招式
- **本次建立：0 個**
- **剩餘待處理：0 個**

所有門派技能 daemon 完整無缺。
[0;32m[OK][0m Audit skills
[0;34m[21:05:28][0m Step: Audit quests
## 任務系統審查結果

### 現有任務總覽

掃描完成，共發現 **15 個任務**，所有任務均有完整的 `pending/` 追蹤 + `quest/` 完成標記 + `gain_score("quest", N)` 獎勵。

#### 雪亭鎮（8 個任務，涵蓋全部 7 謎 + 1 額外）

| # | 謎題 | quest flag | NPC/房間 | 獎勵 |
|---|------|-----------|----------|------|
| 1 | 阿寶在老榕樹等的人是誰？ | `arbao_letter_done` | arbao.c | 80 |
| 2 | 瞎眼婆婆的真實身分？ | `gammer_identity_done` | gammer.c | 120 |
| 3 | 貨棧搬箱子算不算勞動？ | `foreman_crate_done` | foreman.c | 50 |
| 4 | 驛站遺失了幾封信？ | `postman_delivery_done` | postman.c | 100 |
| 5 | 想不想加入振武軍營？ | `escort_guide_done` + `recruiter_enlist_done` | escort.c + recruiter.c | 30+50 |
| 6 | 破舊的老宅裡藏了什麼？ | `manor_secret_done` | manor_cellar.c | 60 |
| 7 | 黑袍老人的女兒去了哪裡？ | `darkrobe_daughter_done` | darkrobe.c + girl.c | 150 |
| - | (額外) 老乞丐任務 | `old_beggar_done` | old_beggar.c | 200 |

#### 五堂鎮（6 個任務，涵蓋全部 6 謎）

| # | 謎題 | quest flag | NPC/房間 | 獎勵 |
|---|------|-----------|----------|------|
| 1 | 飲血丟在了哪裡？ | `yinxue_found_done` | river_bend.c + storyteller.c | 120 |
| 2 | 巫山之中神秘雕像有何秘密？ | `wushan_statue_done` | wushan_secret.c | 200 |
| 3 | 郭布要收的徒弟在哪裡？ | `guobu_apprentice_done` | guobu.c + boy.c | 80 |
| 4 | 鎮天神廟內藏著誰？ | `temple_master_done` | temple_master.c | 150 |
| 5 | 別館內的欽差來五堂要做甚麼？ | `inspector_case_done` | inspector.c + storyteller.c | 80 |
| 6 | 過河的船在哪裡？ | `ferryman_guide_done` | ferryman.c | 50 |

### 結論

- **已有 15 個任務**
- **雪亭鎮 7 謎：7/7 全部實作完成**
- **五堂鎮 6 謎：6/6 全部實作完成**
- **本次新增 0 個**（所有謎題均已有對應任務）

所有任務均遵循標準模式：`init()`/`relay_say()` 觸發 → `pending/<id>` 追蹤進度 → `quest/<id>_done` 標記完成 → `gain_score("quest", N)` 給獎勵。任務總獎勵積分：1,320 分。
[0;32m[OK][0m Audit quests
[0;34m[21:06:34][0m === Phase: Validate ===
[0;34m[21:06:34][0m Step: Static validation
## 靜態驗證報告

### 主測試結果
| 項目 | 數量 |
|------|------|
| **PASS** | 3633 |
| **FAIL** | 22 |
| **WARN** | 48 |

### 額外檢查

| 檢查項目 | 結果 |
|----------|------|
| `set("aggressive", 1)` 誤用 | **PASS** — 0 處（全部正確使用 `attitude`） |
| skill daemon 含 `skill_improved` | **PASS** — 全部 75 個 skill daemon 皆有 `skill_improved`（count=1） |
| lv50+ 掌門含 `vision_of_ghost` | **PASS** — 全部 11 位 lv50+ 掌門皆已設定 |
| 雙向出口 | **PASS** — All exits are bidirectional |

### 22 個 FAIL 項目

主要是部分房間缺少 `inherit` 語句（如 `d/longan/temple`、`d/snow/bazar`、`d/snow/small_temple` 等）。完整報告見 `docs/test_report.md`。

要我修復這 22 個失敗項目嗎？
[0;32m[OK][0m Static validation
[0;34m[21:08:02][0m Pipeline complete: 5 ok, 0 warnings.
