Round 36 - Sun Mar 22 00:42:47 UTC 2026
[0;34m[00:42:47][0m Using git remote: origin
[0;34m[00:42:47][0m Pulling latest changes...
From github.com:Transformer666/es2_mudlib
 * branch            main       -> FETCH_HEAD
Already up to date.

=========================================
  ES2 Agent Pipeline v2
  Phase: all
  Start: 2026-03-22 00:42:47
=========================================

[0;34m[00:42:49][0m === Phase: Analyze (bash-native, no agent) ===
[0;34m[00:42:50][0m Analyze complete:
[0;34m[00:42:50][0m   Races: 11/11 | Classes: 9/7 | Sects: 18/18
[0;34m[00:42:50][0m   Skills: 75 (missing: 40) | Rooms: 485 | NPCs: 308
[0;34m[00:42:50][0m   Quests: 14 | Equipment: 284
[0;34m[00:42:50][0m   Total missing: 40
[0;32m[OK][0m Analyze phase
[0;34m[00:42:50][0m === Phase: Build ===
[0;34m[00:42:50][0m Step: Audit area: stub_towns
所有 8 個 stub 城鎮都具備完整的城鎮設施。

## stub_towns 審查結果

| 區域 | 中文 | 房間 | NPC | 客棧 | 廟 | 城門/入口 | 守衛 | 商人 | 狀態 |
|------|------|------|-----|------|------|-----------|------|------|------|
| longan | 龍安 | 14 | 12 | ✓ | ✓ | entrance.c | ✓ | ✓ | **完整** |
| jingji | 京畿 | 13 | 10 | ✓ | ✓ | entrance.c | ✓ | ✓ | **完整** |
| kangping | 康平 | 13 | 11 | ✓ | ✓ | entrance.c | ✓ | ✓ | **完整** |
| sanyen | 三掩 | 11 | 8 | ✓ | ✓ | entrance.c | ✓ | ✓ | **完整** |
| lee | 李家村 | 10 | 7 | ✓ | ✓ | r2.c (村口) | ✓ | ✓ | **完整** |
| choyin | 喬陰 | 11 | 8 | ✓ | ✓ | ngate.c/sgate.c | ✓ | ✓ | **完整** |
| baihua | 百花 | 11 | 8 | ✓ | ✓ | entrance.c | ✓ | ✓ | **完整** |
| weiguo | 衛國 | 12 | 9 | ✓ | ✓ | entrance.c | ✓ | ✓ | **完整** |

每個城鎮都有：
- 廣場 + 街道 x2+ + 客棧 (INN) + 商店 + 城門/入口 + 城隍廟 (TEMPLE)
- 客棧老闆 + 守衛 + 商人 NPC
- 雙向出口連結（含外部道路連接）

**stub_towns: complete**
[0;32m[OK][0m Audit area: stub_towns
[0;34m[00:45:58][0m Step: Audit skills
## 審查結果

### 1. 門派引用的技能（共 20 個）

| 門派 | 技能 |
|------|------|
| 步玄派 | three rotations |
| 隱教 | dagger |
| 玄天教 | sword |
| 虎刀門 | tiger blade |
| 振武軍營 | tactic, pike |
| 寶蓮寺 | staff |
| 封山派 | fengshan sword |
| 茅山派 | maoshan sword, maoshan neigong, taoshan milu |
| 哭笑門 | sword |
| 劍甲門 | sword, needle |
| 天師派 | taiyi sword, ziwei neigong |
| 雪吟莊 | sword |
| 龍圖 | longttu neigong, needle |
| 白象寺 | diamond hammer, staff |
| 天邪派 | phantom sword |
| 冷梅莊 | lengmei sword |
| 瑯夷 | dagger |
| 武陀 | five defeat needle, amazing needle |

### 2. Daemon 檔案存在性：全部存在 (20/20)

### 3. skill_improved / skill_advanced：全部 75 個 skill daemon 都具備

### 4. 戰鬥技能 actions 數量：全部 >= 6

| 技能 | actions 數 |
|------|-----------|
| sword | 8 |
| pike | 7 |
| 其餘 14 個戰鬥技能 | 各 6 |

### 5. 內功完整性：全部具備 do_exercise / halt_exercise / exert_function

- maoshan_neigong.c ✓
- ziwei_neigong.c ✓
- longttu_neigong.c ✓

### 結論

- **缺少 0 個**技能 daemon
- **本次建立 0 個**
- **剩餘 0 個**待下輪處理

所有門派引用的技能 daemon 皆已存在且完整，無需建立新檔案。
[0;32m[OK][0m Audit skills
[0;34m[00:47:04][0m Step: Audit quests
## 任務系統審查結果

### 已實作的任務清單

**雪亭鎮 7 謎 — 全部完成 (7/7)**

| # | 謎題 | quest flag | 檔案 |
|---|------|-----------|------|
| 1 | 阿寶在老榕樹等的人是誰？ | `quest/arbao_letter_done` | `snow/npc/arbao.c` |
| 2 | 瞎眼婆婆的真實身分？ | `quest/gammer_identity_done` | `snow/npc/gammer.c` |
| 3 | 貨棧搬箱子算不算勞動？ | `quest/foreman_crate_done` | `snow/npc/foreman.c` |
| 4 | 驛站遺失了幾封信？ | `quest/postman_delivery_done` | `snow/npc/postman.c` |
| 5 | 想不想加入振武軍營？ | `quest/recruiter_enlist_done` | `snow/npc/recruiter.c` |
| 6 | 破舊的老宅裡藏了什麼？ | `quest/manor_secret_done` | `snow/manor_cellar.c` |
| 7 | 黑袍老人的女兒去了哪裡？ | `quest/darkrobe_daughter_done` | `snow/npc/darkrobe.c` |

**五堂鎮 6 謎 — 全部完成 (6/6)**

| # | 謎題 | quest flag | 檔案 |
|---|------|-----------|------|
| 1 | 飲血丟在了哪裡？ | `quest/yinxue_found_done` | `wutang/river_bend.c` |
| 2 | 巫山之中神秘雕像有何秘密？ | `quest/wushan_statue_done` | `wutang/wushan_secret.c` |
| 3 | 郭布要收的徒弟在哪裡？ | `quest/guobu_apprentice_done` | `wutang/npc/guobu.c` + `boy.c` |
| 4 | 鎮天神廟內藏著誰？ | `quest/temple_master_done` | `wutang/npc/temple_master.c` |
| 5 | 別館內的欽差來五堂要做甚麼？ | `quest/inspector_case_done` | `wutang/npc/inspector.c` + `storyteller.c` |
| 6 | 過河的船在哪裡？ | `quest/ferryman_guide_done` | `wutang/npc/ferryman.c` |

**額外任務（不在謎題列表中）**

| quest flag | 檔案 | 說明 |
|-----------|------|------|
| `quest/escort_guide_done` | `snow/npc/escort.c` | 護送任務 |
| `quest/old_beggar_done` | `snow/npc/old_beggar.c` | 老乞丐任務 |

### 統計

- **已有 15 個任務**（雪亭 9 個 + 五堂 6 個）
- **13 個謎題全部已實作**，無缺失
- **本次新增 0 個**

所有 `pending/` 追蹤和 `quest/` 完成標記的使用模式一致，任務系統完整。
[0;32m[OK][0m Audit quests
[0;34m[00:47:42][0m === Phase: Validate ===
[0;34m[00:47:42][0m Step: Static validation
## 靜態驗證報告

### 主測試套件
| 結果 | 數量 |
|------|------|
| **PASS** | 3648 |
| **FAIL** | 22 |
| **WARN** | 48 |

### 額外檢查

| 檢查項目 | 結果 |
|----------|------|
| `set("aggressive", 1)` 誤用 | **PASS** — 0 筆（全部正確使用 attitude） |
| skill daemon 含 `skill_improved` | **PASS** — 全部 75 個 daemon 皆有（每個 count=1） |
| lv50+ 掌門有 `vision_of_ghost` | **PASS** — 全部 13 位掌門級 NPC 皆已設定 |

### 22 個 FAIL 主要問題
多數為 Room inherit 缺失，例如：
- `d/longan/temple` — 城隍廟應 inherit TEMPLE
- `d/snow/bazar`、`d/snow/small_temple` — inherit 缺失

完整報告在 `docs/test_report.md`。
[0;32m[OK][0m Static validation
[0;34m[00:49:36][0m Pipeline complete: 5 ok, 0 warnings.
[main 6e31582] feat: auto-implement content via pipeline v2 [2026-03-22 00:49:36]
 4 files changed, 345 insertions(+), 1 deletion(-)
 create mode 100644 docs/loop_logs/round_20260322_004247.log
To github.com:Transformer666/es2_mudlib.git
   4f142c1..6e31582  main -> main
[0;32m[OK][0m Final commit pushed to origin.

=========================================
  Pipeline complete!
  Completed: 6 | Warnings: 0
  End: 2026-03-22 00:49:36
=========================================
