Round 34 - Fri Mar 20 14:22:23 UTC 2026
[0;34m[14:22:23][0m Using git remote: origin
[0;34m[14:22:23][0m Pulling latest changes...
From github.com:Transformer666/es2_mudlib
 * branch            main       -> FETCH_HEAD
Already up to date.

=========================================
  ES2 Agent Pipeline v2
  Phase: all
  Start: 2026-03-20 14:22:23
=========================================

[0;34m[14:22:25][0m === Phase: Analyze ===
[0;34m[14:22:25][0m Step: Scan existing content
`docs/missing_content.json` 已更新。摘要如下：

**總覽**
| 類別 | 需求 | 已實作 | 缺少 |
|------|------|--------|------|
| 種族 | 11 | 11 | 0 |
| 職業 | 7 | 7 (+2 系統) | 0 |
| 門派 | 18 | 18 (但 tianyue 缺 daemon) | 1 |
| 技能 | — | 75 | — |
| 區域 | — | 54 | 22 地圖地點未建 |
| 房間 | — | 459 | — |
| NPC | — | 268 | — |
| 任務 | 15+ | 0 | 全部 |

**關鍵缺口：**
- **天月庵 (tianyue)** — 區域/房間/NPC 都有，但缺少 `daemon/sect/tianyue.c`（天邪派 tianxie 為額外）
- **任務系統** — 完全未實作（雪亭七謎 7 個、五堂六謎 6 個、十三靈 2 個）
- **8 個 stub 城鎮**需要擴展：龍安、京畿、康平、三掩、離、喬陰、百花、衛國
- **22 個世界地圖地點**尚未建造（真郡大山、太乙殿、風城等）
[0;32m[OK][0m Scan existing content
