Round 33 - Fri Mar 20 14:15:07 UTC 2026
[0;34m[14:15:07][0m Using git remote: origin
[0;34m[14:15:07][0m Pulling latest changes...
From github.com:Transformer666/es2_mudlib
 * branch            main       -> FETCH_HEAD
Already up to date.

=========================================
  ES2 Agent Pipeline v2
  Phase: all
  Start: 2026-03-20 14:15:07
=========================================

[0;34m[14:15:09][0m === Phase: Analyze ===
[0;34m[14:15:09][0m Step: Scan existing content
`docs/missing_content.json` 已更新。掃描摘要：

| 類別 | 需求 | 已實作 | 缺少 |
|------|------|--------|------|
| 種族 | 11 | 11 | 0 |
| 職業 | 7 | 9 (含 commoner/fighter) | 0 |
| 門派 | 18 | 18 (但 tianyue 缺 daemon，tianxie 為額外) | 1 |
| 技能 | — | 75 | — |
| 區域 | — | 54 (459 rooms, 268 NPCs, 124 裝備) | — |
| 任務 | 15 | 0 | 15 |
| 地圖未建地點 | 22 | — | 22 |
| Stub 城鎮 | 8 | 8 (需擴展) | — |

主要缺口：
- **tianyue (天月庵)** — 區域已存在但缺 sect daemon (`daemon/sect/tianyue.c`)
- **任務系統** — 0/15 任務已實作（雪亭七謎、五堂六謎、十三靈任務）
- **22 個地圖地點** 尚未建立（真郡大山、太乙殿、風城等）
[0;32m[OK][0m Scan existing content
