Round 7 - Fri Mar 20 11:10:18 UTC 2026
[0;34m[11:10:18][0m Using git remote: origin
[0;34m[11:10:18][0m Pulling latest changes...
From github.com:Transformer666/es2_mudlib
 * branch            main       -> FETCH_HEAD
Already up to date.

=========================================
  ES2 Agent Pipeline v2
  Phase: all
  Start: 2026-03-20 11:10:18
=========================================

[0;34m[11:10:20][0m === Phase: Analyze ===
[0;34m[11:10:20][0m Step: Scan existing content
掃描完成。摘要如下：

| 類別 | 應有 | 已實作 | 缺少 |
|------|------|--------|------|
| 種族 | 11 | 11 | 0 |
| 職業 | 7 | 9 (含 commoner/fighter) | 0 |
| 門派 | 18 | 18 | 1 (tianyue 天月庵缺 sect daemon，但區域已有) |
| 技能 | — | 75 | 無參考清單 |
| 區域 | — | 54 目錄 / 459 房間 / 268 NPC | 21 地圖地點未建 |
| 任務 | 13+ | 0 | 雪亭七謎 + 五堂六謎全未實作 |

主要缺口：
- **tianyue (天月庵)** 缺少 `daemon/sect/tianyue.c`
- **任務系統** 完全未建（13+ 個任務）
- **8 個 stub 城鎮** 需要擴展（龍安、京畿、康平、喬陰、三掩、衛國、百花、離）
- **21 個地圖地點** 尚未建立（真郡大山、太乙殿、風城等）

結果已寫入 `docs/missing_content.json`。
[0;32m[OK][0m Scan existing content
