Round 4 - Fri Mar 20 10:48:34 UTC 2026
[0;34m[10:48:34][0m Using git remote: origin
[0;34m[10:48:34][0m Pulling latest changes...
From github.com:Transformer666/es2_mudlib
 * branch            main       -> FETCH_HEAD
Already up to date.

=========================================
  ES2 Agent Pipeline v2
  Phase: all
  Start: 2026-03-20 10:48:34
=========================================

[0;34m[10:48:37][0m === Phase: Analyze ===
[0;34m[10:48:37][0m Step: Scan existing content
`docs/missing_content.json` 已更新。掃描摘要：

| 類別 | 應有 | 已實作 | 缺少 |
|------|------|--------|------|
| 種族 daemon | 11 | 11 | 0 |
| 職業 daemon | 7 | 9 (含 commoner/fighter) | 0 |
| 門派 daemon | 18 | 18 (缺 tianyue，多 tianxie) | 1 |
| 技能 daemon | — | 75 | — |
| 區域 | — | 54 | 21 個地圖地點未建 |
| 房間 | — | 459 | — |
| NPC | — | 268 | — |
| NPC 裝備 | — | 124 | — |
| 任務 | 13+ | 0 | 13+ |

主要缺口：
- **天月庵 (tianyue)** 門派 daemon 不存在（區域有 6 房間 4 NPC 但無 `daemon/sect/tianyue.c`）
- **任務系統** 完全未實作（雪亭七謎 + 五堂六謎 = 13 個任務）
- **8 個 stub 城鎮** 需要擴展（龍安、京畿、康平、喬陰、三掩、衛國、百花、離）
- **21 個地圖地點** 尚未建造
[0;32m[OK][0m Scan existing content
