Round 56 - Sat Mar 21 06:19:54 UTC 2026
[0;34m[06:19:54][0m Using git remote: origin
[0;34m[06:19:54][0m Pulling latest changes...
From github.com:Transformer666/es2_mudlib
 * branch            main       -> FETCH_HEAD
Already up to date.

=========================================
  ES2 Agent Pipeline v2
  Phase: all
  Start: 2026-03-21 06:19:54
=========================================

[0;34m[06:19:56][0m === Phase: Analyze (bash-native, no agent) ===
[0;34m[06:19:57][0m Analyze complete:
[0;34m[06:19:57][0m   Races: 11/11 | Classes: 9/7 | Sects: 18/18
[0;34m[06:19:57][0m   Skills: 75 (missing: 40) | Rooms: 483 | NPCs: 287
[0;34m[06:19:57][0m   Quests: 14 | Equipment: 282
[0;34m[06:19:57][0m   Total missing: 40
[0;32m[OK][0m Analyze phase
[0;34m[06:19:57][0m === Phase: Build ===
[0;34m[06:19:57][0m Step: Audit area: stub_towns
## 審查結果

**stub_towns: complete**

`stub_towns` 在 pipeline 中定義為「房間數少於 5 個的區域」。目前所有 54 個區域都有 5 個以上的房間，沒有任何 stub town，`docs/missing_content.json` 中的 `stub_towns` 陣列也是空的。

---

如果您希望我進一步審查那些雖有 5+ 房間但仍不完整的區域（例如缺少客棧、廟、商人、大門等），上面的探索發現了以下不足：

- **11 個門派 HQ** 缺少大門、弟子或掌門 NPC（baolian, buxuan, jianjia, kuxiao, langyi, lengmei, longttu, maoshan, wutuo, xueyin, yinjiao）
- **2 個城鎮** 設施不足（tianhan 缺廟/商店, village 缺商店）
- **13 個野外區域** 怪物 NPC 不足
- **特殊區域**（babao, death, hell, jail, temple, road）缺少 NPC

需要我處理這些不完整的區域嗎？
[0;32m[OK][0m Audit area: stub_towns
[0;34m[06:22:53][0m Step: Audit skills
## 技能 Daemon 完整性審查報告

### 1. 門派引用的技能（20 個）

| 門派 | 技能 | Daemon 檔案 | skill_improved | skill_advanced | actions |
|------|------|-------------|---------------|---------------|---------|
| 陰教 yinjiao | dagger | dagger.c | ✅ | ✅ | 6 ✅ |
| 玄天 xuantian | sword | sword.c | ✅ | ✅ | 8 ✅ |
| 虎道 hudao | tiger blade | tiger_blade.c | ✅ | ✅ | 6 ✅ |
| 真武 zhenwu | tactic | tactic.c | ✅ | ✅ | 6 ✅ |
| 真武 zhenwu | pike | pike.c | ✅ | ✅ | 7 ✅ |
| 寶蓮 baolian | staff | staff.c | ✅ | ✅ | 6 ✅ |
| 封山 fengshan | fengshan sword | fengshan_sword.c | ✅ | ✅ | 6 ✅ |
| 茅山 maoshan | maoshan sword | maoshan_sword.c | ✅ | ✅ | 6 ✅ |
| 茅山 maoshan | maoshan neigong | maoshan_neigong.c | ✅ | ✅ | 內功 ✅ |
| 茅山 maoshan | taoshan milu | taoshan_milu.c | ✅ | ✅ | 內功 ✅ |
| 苦簫 kuxiao | sword | sword.c | ✅ | ✅ | 8 ✅ |
| 蒹葭 jianjia | sword | sword.c | ✅ | ✅ | 8 ✅ |
| 蒹葭 jianjia | needle | needle.c | ✅ | ✅ | 6 ✅ |
| 天師 tianshi | taiyi sword | taiyi_sword.c | ✅ | ✅ | 6 ✅ |
| 天師 tianshi | ziwei neigong | ziwei_neigong.c | ✅ | ✅ | 內功 ✅ |
| 雪隱 xueyin | sword | sword.c | ✅ | ✅ | 8 ✅ |
| 龍圖 longttu | longttu neigong | longttu_neigong.c | ✅ | ✅ | 內功 ✅ |
| 龍圖 longttu | needle | needle.c | ✅ | ✅ | 6 ✅ |
| 白象 baixiang | diamond hammer | diamond_hammer.c | ✅ | ✅ | 6 ✅ |
| 白象 baixiang | staff | staff.c | ✅ | ✅ | 6 ✅ |
| 天邪 tianxie | phantom sword | phantom_sword.c | ✅ | ✅ | 6 ✅ |
| 冷梅 lengmei | lengmei sword | lengmei_sword.c | ✅ | ✅ | 6 ✅ |
| 狼疑 langyi | dagger | dagger.c | ✅ | ✅ | 6 ✅ |
| 五毒 wutuo | five defeat needle | five_defeat_needle.c | ✅ | ✅ | 6 ✅ |
| 五毒 wutuo | amazing needle | amazing_needle.c | ✅ | ✅ | 6 ✅ |
| 步玄 buxuan | three rotations | three_rotations.c | ✅ | ✅ | 6 ✅ |

### 2. 整體統計

- 所有 **75 個** skill daemon 都有 `skill_improved` 和 `skill_advanced`
- 所有 **41 個**戰鬥技能都有 6+ 個 actions
- 所有 **4 個**內功技能都有 `do_exercise` + `halt_exercise` + `exert_function`

### 3. 結論

- **缺少：0 個** — 所有門派引用的技能都有對應的 daemon 檔案
- **不完整：0 個** — 所有 daemon 都具備必要函數
- **剩餘：0 個**待下輪處理

技能 daemon 完整性檢查通過，無需建立新檔案。
[0;32m[OK][0m Audit skills
[0;34m[06:24:10][0m Step: Audit quests


## 任務系統完整性審查報告

### 掃描結果

**使用 `quest/` flag 的檔案（排除拜師 master）：** 17 個
**使用 `pending/` flag 的檔案：** 40 個（含拜師系統、任務系統）

---

### 雪亭鎮 7 謎 — 全部已實作 ✅

| # | 謎題 | 對應檔案 | Quest Flag | 獎勵 |
|---|------|---------|------------|------|
| 1 | 阿寶在老榕樹等的人是誰？ | `arbao.c` | `quest/arbao_letter_done` | 80 分 + 50 銅 |
| 2 | 瞎眼婆婆的真實身分？ | `gammer.c` | `quest/gammer_identity_done` | 120 分 |
| 3 | 貨棧搬箱子算不算勞動？ | `foreman.c` | `quest/foreman_crate_done` | 50 分 + 100 銅 |
| 4 | 驛站遺失了幾封信？ | `postman.c` | `quest/postman_delivery_done` | 100 分 + 100 銅 |
| 5 | 想不想加入振武軍營？ | `recruiter.c` | `quest/recruiter_enlist_done` | 50 分 |
| 6 | 破舊的老宅裡藏了什麼？ | `manor_cellar.c` | `quest/manor_secret_done` | 60 分 + 3 銀 + 手札 |
| 7 | 黑袍老人的女兒去了哪裡？ | `darkrobe.c` | `quest/darkrobe_daughter_done` | 150 分 + 5 銀 |

額外任務：`escort.c`（30 分）、`old_beggar.c`（200 分 + 念珠 + 白袍）

---

### 五堂鎮 6 謎 — 全部已實作 ✅

| # | 謎題 | 對應檔案 | Quest Flag | 獎勵 |
|---|------|---------|------------|------|
| 1 | 飲血丟在了哪裡？ | `river_bend.c` | `quest/yinxue_found_done` | 120 分 + 飲血劍 |
| 2 | 巫山之中神秘雕像有何秘密？ | `wushan_secret.c` | `quest/wushan_statue_done` | 200 分 + 古卷 |
| 3 | 郭布要收的徒弟在哪裡？ | `guobu.c` | `quest/guobu_apprentice_done` | 80 分 + 200 銅 |
| 4 | 鎮天神廟內藏著誰？ | `temple_master.c` | `quest/temple_master_done` | 150 分 + 玉牌 |
| 5 | 別館內的欽差來五堂要做甚麼？ | `inspector.c` | `quest/inspector_case_done` | 80 分 + 5 銀 |
| 6 | 過河的船在哪裡？ | `ferryman.c` | `quest/ferryman_guide_done` | 50 分 |

---

### NPC 載入驗證 — 全部正確 ✅

所有 15 個任務 NPC 都已透過 `set("objects", ...)` 載入到對應房間，無遺漏。

---

### 結論

- **已有 15 個任務**（雪亭 9 個 + 五堂 6 個）
- **13 個謎題全部有對應任務**，且每個任務都有完整的觸發→進度追蹤→獎勵流程
- **本次新增 0 個** — 所有謎題均已實作完畢，無缺失任務需要補充
[0;32m[OK][0m Audit quests
[0;34m[06:27:19][0m === Phase: Validate ===
[0;34m[06:27:19][0m Step: Static validation
## 靜態驗證報告

### 主測試套件
- **PASS: 3557** / **FAIL: 24** / **WARN: 46**

主要失敗項目：
- **Room inherit 缺失 (20)**: `d/longan/temple`, `d/snow/bazar`, `d/snow/small_temple` 等房間缺少正確的 inherit 語句
- **雙向出口斷裂 (4)**:
  - `ngate` → northwest → `entrance` 缺少 southeast 回路
  - `tree` → down → `square` 缺少 up 回路
  - `mountain_road2` → west → `mountain_path` 缺少 east 回路
  - `gate` → west → `watchtower` 缺少 east 回路

### 額外檢查

| 檢查項目 | 結果 |
|---------|------|
| `set("aggressive", 1)` 誤用 | **PASS** — 0 筆，全部已正確使用 `set("attitude", "aggressive")` |
| `skill_improved` 存在性 | **PASS** — 全部 75 個 skill daemon 皆包含 `skill_improved` |
| lv50+ 掌門 `vision_of_ghost` | **FAIL** — 2 個缺失：**`daxiedaoren.c`** 和 **`sunyi.c`** |

### 總結
- 3557 PASS / 24 FAIL / 46 WARN
- 需修復：2 個掌門缺少 `vision_of_ghost`、4 個單向出口、若干房間 inherit 缺失
[0;32m[OK][0m Static validation
[0;34m[06:29:05][0m Pipeline complete: 5 ok, 0 warnings.
