Round 23 - Fri Mar 20 22:34:46 UTC 2026
[0;34m[22:34:46][0m Using git remote: origin
[0;34m[22:34:46][0m Pulling latest changes...
From github.com:Transformer666/es2_mudlib
 * branch            main       -> FETCH_HEAD
Already up to date.

=========================================
  ES2 Agent Pipeline v2
  Phase: all
  Start: 2026-03-20 22:34:46
=========================================

[0;34m[22:34:48][0m === Phase: Analyze (bash-native, no agent) ===
[0;34m[22:34:49][0m Analyze complete:
[0;34m[22:34:49][0m   Races: 11/11 | Classes: 9/7 | Sects: 18/18
[0;34m[22:34:49][0m   Skills: 75 (missing: 40) | Rooms: 480 | NPCs: 286
[0;34m[22:34:49][0m   Quests: 14 | Equipment: 282
[0;34m[22:34:49][0m   Total missing: 40
[0;32m[OK][0m Analyze phase
[0;34m[22:34:49][0m === Phase: Build ===
[0;34m[22:34:49][0m Step: Audit area: stub_towns
## 世界地圖連通性分析結果

### 總覽
| 指標 | 數值 |
|------|------|
| 總房間數 | **480** |
| 從雪亭鎮廣場可達 | **451** |
| 不可達房間 | **24** |
| 連通分量 | **8** |

---

### 斷路（目標檔案不存在）— 2 處

| 來源 | 方向 | 目標 | 問題 |
|------|------|------|------|
| `/d/snow/npath2` | north | `/d/month/a1` | 整個 `/d/month/` 區域不存在 |
| `/d/snow/river1` | north | `/d/chixiao/river2` | 檔案不存在 |

---

### 單向出口（缺少反向連結）— 主要 6 處

| 來源 | 方向 | 目標 | 問題 |
|------|------|------|------|
| `hell/entrance` | up | `graveyard/shrine` | shrine 無 "down" 出口 |
| `snow/fireplace` | out | `snow/inn_kitchen` | kitchen 無 "enter" 回 fireplace |
| `snow/mill` | out | `snow/lane2` | lane2 無 "enter" 回 mill |
| `snow/tree` | down | `snow/square` | square 無 "up" 回 tree |
| `zhenwu/watchtower` | west | `zhenwu/gate` | gate 用 "west" 指向 watchtower（方向衝突） |
| `road/mountain_road2` | west | `tianyue/mountain_path` | mountain_path 用 "south" 而非 "east" |

---

### 孤島區域 — 3 個主要群組

**1. 地獄+死亡 (11 間)**：`/d/hell/*` + `/d/death/*`
- 唯一對外連結 `hell/entrance → graveyard/shrine` 缺少反向出口
- 修復：graveyard/shrine 加 `"down": "/d/hell/entrance"`

**2. 冷梅門派 (7 間)**：`/d/lengmei/*` + `/d/lijun/ferry_south`
- 渡船機制未完成，ferry 檔案無出口
- 修復：連接 `lijun/ferry` 到 `lijun/ferry_south`

**3. 雪亭河畔 (3 間)**：`snow/old_house`、`snow/riverbank`、`snow/ruin2`
- 彼此相連但主世界無入口
- 修復：從附近 snow 房間加出口連接

---

### Stub 城鎮審查結果

8 個 stub 城鎮（龍安、京畿、康平、三掩、離、喬陰、百花、衛國）**全部已實作完成**，均可從雪亭鎮到達。每個城鎮都具備：

- 廣場（中心）、街道、城門/入口
- 客棧（inherit INN, valid_startroom, no_fight）
- 城隍廟/神祠（inherit TEMPLE, no_fight）
- 商店/武器店
- 守衛、客棧老闆、商人等 NPC
- NPC 裝備在 `npc/obj/` 子目錄

**stub_towns: complete**

如果需要我修復上述的斷路和單向出口問題，請告知。
[0;32m[OK][0m Audit area: stub_towns
[0;34m[22:43:11][0m Step: Audit skills
## 技能 Daemon 完整性審查結果

### 1. 門派引用的技能（20 個，來自 18 個門派）

| 門派 | 引用技能 |
|------|---------|
| hudao 虎刀門 | tiger blade |
| fengshan 封山派 | fengshan sword |
| lengmei 冷梅莊 | lengmei sword |
| kuxiao 哭笑門 | sword |
| xueyin 雪吟莊 | sword |
| xuantian 玄天教 | sword |
| jianjia 劍甲門 | sword, needle |
| baixiang 白象寺 | diamond hammer, staff |
| baolian 寶蓮寺 | staff |
| zhenwu 振武軍營 | tactic, pike |
| buxuan 步玄派 | three rotations |
| tianxie 天邪派 | phantom sword |
| langyi 瑯夷 | dagger |
| yinjiao 隱教 | dagger |
| longttu 龍圖丹派 | longttu neigong, needle |
| wutuo 武陀 | five defeat needle, amazing needle |
| maoshan 茅山派 | maoshan sword, maoshan neigong, taoshan milu |
| tianshi 天師派 | taiyi sword, ziwei neigong |

### 2. Daemon 檔案對應 — 全部存在

20/20 技能都有對應的 `mudlib/daemon/skill/<name>.c` 檔案。

### 3. skill_improved / skill_advanced — 全部具備

75/75 個 skill daemon 檔案都包含 `skill_improved` 和 `skill_advanced`。

### 4. 戰鬥技能 actions 數量（16 個戰鬥技能）

| 技能 | actions 數 | 狀態 |
|------|-----------|------|
| tiger_blade | 6 | OK |
| staff | 6 | OK |
| fengshan_sword | 6 | OK |
| sword | 8 | OK |
| needle | 6 | OK |
| diamond_hammer | 6 | OK |
| lengmei_sword | 6 | OK |
| dagger | 6 | OK |
| three_rotations | 6 | OK |
| tactic | 6 | OK |
| pike | 7 | OK |
| maoshan_sword | 6 | OK |
| phantom_sword | 6 | OK |
| five_defeat_needle | 6 | OK |
| amazing_needle | 6 | OK |
| taiyi_sword | 6 | OK |

4 個非戰鬥技能（內功/特殊）：longttu_neigong, maoshan_neigong, ziwei_neigong, taoshan_milu — 無需 actions。

### 5. 總結

- **缺少：0 個** — 所有門派引用的技能都有對應 daemon
- **不完整：0 個** — 所有 daemon 都有 skill_improved + skill_advanced，戰鬥技能都有 >= 6 個 actions
- **本次建立：0 個**
- **剩餘待處理：0 個**

所有門派技能 daemon 完整無缺。
[0;32m[OK][0m Audit skills
[0;34m[22:44:27][0m Step: Audit quests
## 任務系統審查結果

### 雪亭鎮 7 謎 — 全部已實作

| # | 謎題 | NPC/檔案 | quest flag | 獎勵分 |
|---|------|----------|-----------|--------|
| 1 | 阿寶在老榕樹等的人是誰？ | `arbao.c` | `arbao_letter_done` | 80 |
| 2 | 瞎眼婆婆的真實身分？ | `gammer.c` | `gammer_identity_done` | 120 |
| 3 | 貨棧搬箱子算不算勞動？ | `foreman.c` | `foreman_crate_done` | 50 |
| 4 | 驛站遺失了幾封信？ | `postman.c` | `postman_delivery_done` | 100 |
| 5 | 想不想加入振武軍營？ | `recruiter.c` | `recruiter_enlist_done` | 50 |
| 6 | 破舊的老宅裡藏了什麼？ | `manor_cellar.c` | `manor_secret_done` | 60 |
| 7 | 黑袍老人的女兒去了哪裡？ | `darkrobe.c` | `darkrobe_daughter_done` | 150 |

### 五堂鎮 6 謎 — 全部已實作

| # | 謎題 | NPC/檔案 | quest flag | 獎勵分 |
|---|------|----------|-----------|--------|
| 1 | 飲血丟在了哪裡？ | `river_bend.c` | `yinxue_found_done` | 120 |
| 2 | 巫山之中神秘雕像有何秘密？ | `wushan_secret.c` | `wushan_statue_done` | 200 |
| 3 | 郭布要收的徒弟在哪裡？ | `guobu.c` + `boy.c` | `guobu_apprentice_done` | 80 |
| 4 | 鎮天神廟內藏著誰？ | `temple_master.c` | `temple_master_done` | 150 |
| 5 | 別館內的欽差來五堂要做甚麼？ | `inspector.c` | `inspector_case_done` | 80 |
| 6 | 過河的船在哪裡？ | `ferryman.c` | `ferryman_guide_done` | 50 |

### 額外任務（不在城鎮謎題中）

| NPC | quest flag | 獎勵分 |
|-----|-----------|--------|
| `escort.c` | `escort_guide_done` | 30 |
| `old_beggar.c` | `old_beggar_done` | 200 |

### 結構完整性

- 所有 15 個任務都使用 `pending/` temp flag 追蹤進度
- 所有 15 個任務都使用 `quest/*_done` 永久 flag 標記完成
- 所有 15 個任務都有 `gain_score("quest", N)` 獎勵
- 所有任務 NPC 已載入到對應房間

**已有 15 個任務，本次新增 0 個** — 雪亭鎮 7 謎和五堂鎮 6 謎全部已實作完成，無缺漏。
[0;32m[OK][0m Audit quests
[0;34m[22:45:31][0m === Phase: Validate ===
[0;34m[22:45:31][0m Step: Static validation
## 靜態驗證報告

### 主測試套件
| | 數量 |
|---|---|
| **PASS** | 3545 |
| **FAIL** | 23 |
| **WARN** | 46 |

### 額外檢查

**1. `set("aggressive", 1)` 誤用** — **PASS** (0 matches, 全部正確使用 `attitude`)

**2. skill daemon 含 `skill_improved`** — **PASS** (全部 75 個 skill daemon 都有 `skill_improved`)

**3. lv50+ 掌門有 `vision_of_ghost`** — **FAIL** (2 個缺失)
- `d/tianxie/npc/daxiedaoren.c` — 缺少 `vision_of_ghost`
- `d/hudao/npc/sunyi.c` — 缺少 `vision_of_ghost`

### 主要失敗項目
- **Room inherit 缺失** (3): `d/longan/temple`, `d/snow/bazar`, `d/snow/small_temple`
- **雙向出口斷裂** (4):
  - `ngate`: northwest→entrance 缺 southeast 回程
  - `tree`: down→square 缺 up 回程
  - `mountain_road2`: west→mountain_path 缺 east 回程
  - `gate`: west→watchtower 缺 east 回程
- 其餘 16 個 FAIL 在完整報告 `docs/test_report.md` 中

需要我修復這些問題嗎？
[0;32m[OK][0m Static validation
[0;34m[22:47:09][0m Pipeline complete: 5 ok, 0 warnings.
[main b181574] feat: auto-implement content via pipeline v2 [2026-03-20 22:47:09]
 4 files changed, 469 insertions(+), 1 deletion(-)
 create mode 100644 docs/loop_logs/round_20260320_223446.log
To github.com:Transformer666/es2_mudlib.git
   4eb867b..b181574  main -> main
[0;32m[OK][0m Final commit pushed to origin.

=========================================
  Pipeline complete!
  Completed: 6 | Warnings: 0
  End: 2026-03-20 22:47:09
=========================================
