Round 32 - Fri Mar 20 14:07:33 UTC 2026
[0;34m[14:07:33][0m Using git remote: origin
[0;34m[14:07:33][0m Pulling latest changes...
From github.com:Transformer666/es2_mudlib
 * branch            main       -> FETCH_HEAD
Already up to date.

=========================================
  ES2 Agent Pipeline v2
  Phase: all
  Start: 2026-03-20 14:07:33
=========================================

[0;34m[14:07:36][0m === Phase: Analyze ===
[0;34m[14:07:36][0m Step: Scan existing content
`docs/missing_content.json` 已更新。掃描摘要：

| 類別 | 應有 | 已有 | 缺少 |
|------|------|------|------|
| 種族 | 11 | 11 | 0 |
| 職業 | 7 | 7+2 | 0 |
| 門派 daemon | 18 | 18 | 1 (天月庵 daemon 缺，區域已有；天邪派為額外) |
| 技能 | — | 75 | — |
| 區域 | — | 54 | 22 個地圖標記未建 |
| 房間 | — | 459 | 8 個 stub 城鎮待擴充 |
| NPC | — | 268 | — |
| 任務 | 15 | 0 | 15 (雪亭7 + 五堂6 + 十三靈2) |

主要缺口：
- **任務系統**完全未實作（0/15）
- **天月庵** sect daemon 缺失（區域和 NPC 已存在）
- **22 個地圖地點**尚無對應區域目錄
- **8 個 stub 城鎮**已有基本框架，需擴充內容
[0;32m[OK][0m Scan existing content
