Round 15 - Fri Mar 20 12:04:35 UTC 2026
[0;34m[12:04:35][0m Using git remote: origin
[0;34m[12:04:35][0m Pulling latest changes...
From github.com:Transformer666/es2_mudlib
 * branch            main       -> FETCH_HEAD
Already up to date.

=========================================
  ES2 Agent Pipeline v2
  Phase: all
  Start: 2026-03-20 12:04:35
=========================================

[0;34m[12:04:38][0m === Phase: Analyze ===
[0;34m[12:04:38][0m Step: Scan existing content
`docs/missing_content.json` 已更新。掃描摘要：

| 類別 | 應有 | 已實作 | 缺少 |
|------|------|--------|------|
| 種族 | 11 | 11 | 0 |
| 職業 | 7 | 9 (含 commoner/fighter) | 0 |
| 門派 | 18 | 18 (但 tianyue daemon 缺) | 1 daemon |
| 技能 | — | 75 | — |
| 區域 | — | 55 (459 rooms, 268 NPCs) | 22 地圖地點未建 |
| 任務 | 15+ | 0 | 全部 |

主要缺口：
- **天月庵 sect daemon** — 區域已有 6 房間 4 NPC，但 `daemon/sect/tianyue.c` 不存在
- **任務系統** — 雪亭七謎、五堂六謎、十三靈任務全未實作
- **22 個地圖地點** — 真郡大山、太乙殿、風城、水月村、羅城等尚未建置
- **8 個 stub 城鎮** — longan/jingji/kangping/sanyen/lee/choyin/baihua/weiguo 有基礎框架但內容較薄
[0;32m[OK][0m Scan existing content
