Round 20 - Fri Mar 20 12:39:14 UTC 2026
[0;34m[12:39:14][0m Using git remote: origin
[0;34m[12:39:14][0m Pulling latest changes...
From github.com:Transformer666/es2_mudlib
 * branch            main       -> FETCH_HEAD
Already up to date.

=========================================
  ES2 Agent Pipeline v2
  Phase: all
  Start: 2026-03-20 12:39:14
=========================================

[0;34m[12:39:17][0m === Phase: Analyze ===
[0;34m[12:39:17][0m Step: Scan existing content
掃描完成，`docs/missing_content.json` 已更新。摘要如下：

| 類別 | 需要 | 已實作 | 缺少 |
|------|------|--------|------|
| 種族 | 11 | 11 | 0 |
| 職業 | 7 | 7+2 | 0 |
| 門派 | 18 | 18 | **1** (天月庵 tianyue — 有區域但缺 sect daemon) |
| 技能 | — | 75 | — |
| 區域 | — | 54 | 22 個地圖位置未建 |
| 房間 | — | 459 | — |
| NPC | — | 268 | — |
| 任務 | 15+ | **0** | 雪亭七謎 + 五堂六謎 + 十三靈任務 |
| Stub 城鎮 | 8 | 8 | 需擴展（龍安/京畿/康平/三掩/離/喬陰/百花/衛國） |

主要缺口：
- **天月庵 sect daemon** — 區域已有 6 房間 4 NPC，但 `daemon/sect/tianyue.c` 不存在
- **任務系統** — 完全未實作（0 個任務）
- **22 個地圖地點** 尚未建設（真郡大山、太乙殿、風城等）
[0;32m[OK][0m Scan existing content
