Round 11 - Fri Mar 20 11:37:33 UTC 2026
[0;34m[11:37:33][0m Using git remote: origin
[0;34m[11:37:33][0m Pulling latest changes...
From github.com:Transformer666/es2_mudlib
 * branch            main       -> FETCH_HEAD
Already up to date.

=========================================
  ES2 Agent Pipeline v2
  Phase: all
  Start: 2026-03-20 11:37:33
=========================================

[0;34m[11:37:36][0m === Phase: Analyze ===
[0;34m[11:37:36][0m Step: Scan existing content
掃描完成，結果與上次一致。摘要如下：

| 類別 | 應有 | 已實作 | 缺少 |
|------|------|--------|------|
| 種族 | 11 | 11 | 0 |
| 職業 | 7 | 9 (+commoner, fighter) | 0 |
| 門派 | 18 | 17 | **1** (天月庵 tianyue) |
| 技能 | — | 75 | — |
| 區域 | — | 54 (459 rooms, 268 NPCs) | — |
| 任務 | 13+ | 0 | **全部** |

主要缺口：
- **天月庵 (tianyue)** — 區域已建 (6 rooms, 4 NPCs)，但 `daemon/sect/tianyue.c` 不存在
- **任務系統** — 雪亭七謎 + 五堂六謎共 13 個任務均未實作
- **8 個 stub 城鎮**需擴展（龍安、京畿、康平、喬陰、三掩、衛國、百花、離）
- **21 個地圖地點**尚未建設（真郡大山、太乙殿、風城等）
[0;32m[OK][0m Scan existing content
