Round 9 - Fri Mar 20 11:23:30 UTC 2026
[0;34m[11:23:30][0m Using git remote: origin
[0;34m[11:23:30][0m Pulling latest changes...
From github.com:Transformer666/es2_mudlib
 * branch            main       -> FETCH_HEAD
Already up to date.

=========================================
  ES2 Agent Pipeline v2
  Phase: all
  Start: 2026-03-20 11:23:30
=========================================

[0;34m[11:23:33][0m === Phase: Analyze ===
[0;34m[11:23:33][0m Step: Scan existing content
`docs/missing_content.json` 已更新。摘要：

| 類別 | 應有 | 已實作 | 缺少 |
|------|------|--------|------|
| 種族 | 11 | 11 | 0 |
| 職業 | 7 | 9 (含 commoner/fighter) | 0 |
| 門派 | 18 | 18 | 0 |
| 技能 | — | 75 | — |
| 區域 | — | 54 (459 房間, 268 NPC) | — |
| 任務 | 13+ | 0 | 13+ |

**主要缺口：**
- **任務系統**：0 個任務實作（雪亭七謎 + 五堂六謎 = 13 個待建）
- **8 個 stub 城鎮**需擴展（龍安、京畿、康平、喬陰、三掩、衛國、百花、離）
- **21 個地圖地點**尚未建置
- 修正：舊檔案誤報 tianyue 門派 daemon 缺失，實際已存在
[0;32m[OK][0m Scan existing content
