Round 1 - Fri Mar 20 03:29:56 UTC 2026
[0;34m[03:29:56][0m Pulling latest changes from origin...
From github.com:Transformer666/es2_mudlib
 * branch            main       -> FETCH_HEAD
Already up to date.
[0;32m[OK][0m Repository updated.

=========================================
  ES2 Agent Pipeline
  Start: 2026-03-20 03:29:56
=========================================

[0;34m[03:29:58][0m Running task: Analyze missing content
All 4 completion conditions are met. The three output files have been created/updated with fresh data from the wiki crawl and mudlib scan.
[0;32m[OK][0m Task done: Analyze missing content

[0;34m[03:39:34][0m Running task: Implement race daemons
All race content is already fully implemented:

- **11/11 race daemon `.c` files** exist in `mudlib/daemon/race/` — all pass static validation
- **11/11 race help files** exist in `mudlib/doc/help/player/races/`
- `docs/missing_content.json` confirms 0 missing for both categories

No work is needed for this task. The races were already implemented in a previous pipeline run. Would you like me to update `docs/implementation_log.md` to reflect this confirmation, or move on to a different task?
[0;32m[OK][0m Task done: Implement race daemons

[0;34m[03:40:28][0m Running task: Implement rooms
## Analysis Complete

After thorough investigation, **there are no missing rooms to implement**:

1. **`missing_content.json` → `missing_rooms`: `[]`** — explicitly empty
2. **All 578 active exit links** resolve to existing `.c` files — no broken links
3. **Snow (雪亭鎮)**: All 45 wiki-listed rooms exist
4. **Wutang (五堂鎮)**: All 29 wiki-listed rooms exist
5. **All 20 sect HQs**: Have 4-7 rooms each, all functional
6. **All 15 other areas** (road, manglin, hell, etc.): All rooms exist and are properly linked

### Only minor observations:

- 3 **commented-out** exits reference unbuilt areas (`d/month/`, `d/newcamp/`, `d/chixiao/river2.c`) — these are future placeholders, not broken links
- **chixiao** (赤魈) has only 4 rooms (the fewest of any sect), but it's a village, not a traditional sect HQ
- A few sects have 5 rooms vs the typical 6-7, but all have functional structures

### Conclusion

All rooms defined in `docs/wiki_content.json` and `docs/missing_content.json` are already implemented. All exit links are bidirectionally correct. There is no work to do for this task — the completion conditions are already met.

Should I update `docs/implementation_log.md` to record this verification, or would you like me to expand any of the sparser areas (like adding quarters/training rooms to the 5-room sect HQs)?
[0;32m[OK][0m Task done: Implement rooms

[0;34m[03:42:55][0m Running task: Implement NPCs
All NPC implementation is already complete. Here's the summary:

## Task 04 Results: NPC Implementation

All completion conditions are already satisfied:

- **All NPCs exist** — 237 NPC files across all areas, 0 missing references from room files
- **All room loads confirmed** — Every NPC referenced in `set("objects")` has a corresponding `.c` file
- **All 19 sects have apprenticeship systems** — Each has `accept_apprentice()` and `init_apprentice()` functions in their master/leader NPC
- **Tianyue (most recently added)** — Has 3 NPCs (`master.c`, `greeter.c`, `novice.c`) with full apprenticeship system

There is nothing to implement for this task — the `missing_npcs` array in `docs/missing_content.json` is empty, and the codebase audit confirms no gaps exist.
[0;32m[OK][0m Task done: Implement NPCs

[0;34m[03:45:45][0m Running task: Implement equipment
The `note.c` file actually exists — the false positive was from my script appending `.c` twice. All equipment references are valid.

## Result

**All equipment is already implemented.** The verification confirms:

- `missing_content.json` reports `equipment_system: {"missing": 0}`
- All 27 legendary weapons in `mudlib/obj/weapon/` exist
- All 10 legendary armors in `mudlib/obj/armor/` exist  
- All 28 stock items in `mudlib/obj/area/obj/` exist
- All 89 region-specific items in `mudlib/d/*/npc/obj/` exist
- Every `__DIR__"obj/..."`, `STOCK_WEAPON()`, and `STOCK_ARMOR()` reference in NPC files resolves to an existing file

There are no missing weapons or armor to implement. All completion conditions are already met.
[0;32m[OK][0m Task done: Implement equipment

[0;34m[03:48:10][0m All tasks completed.
[0;34m[03:48:10][0m Checking for changes to commit...
