Round 13 - Fri Mar 20 11:50:53 UTC 2026
[0;34m[11:50:53][0m Using git remote: origin
[0;34m[11:50:53][0m Pulling latest changes...
From github.com:Transformer666/es2_mudlib
 * branch            main       -> FETCH_HEAD
Already up to date.

=========================================
  ES2 Agent Pipeline v2
  Phase: all
  Start: 2026-03-20 11:50:53
=========================================

[0;34m[11:50:56][0m === Phase: Analyze ===
[0;34m[11:50:56][0m Step: Scan existing content
掃描完成，`docs/missing_content.json` 已更新。摘要如下：

| 類別 | 應有 | 已實作 | 缺少 |
|------|------|--------|------|
| 種族 daemon | 11 | 11 | 0 |
| 職業 daemon | 7 | 9 (含 commoner/fighter) | 0 |
| 門派 daemon | 18 | 18 (缺 tianyue，多 tianxie) | 1 |
| 技能 daemon | — | 75 | — |
| 區域 | — | 54 | — |
| 房間 | — | 459 | — |
| NPC | — | 268 | — |
| NPC 裝備 | — | 124 | — |
| 任務 (Quest) | 13+ | 0 | 全部 |

**主要缺口：**
- **天月庵 (tianyue)** 門派 daemon 未建立（區域和 NPC 已存在）
- **任務系統**完全未實作（雪亭七謎 + 五堂六謎 = 13 個任務）
- **8 個 stub 城鎮**需擴充：龍安、京畿、康平、喬陰、三掩、衛國、百花、離
- **21 個地圖地點**尚未建造（真郡大山、太乙殿、風城等）
[0;32m[OK][0m Scan existing content
