Round 1 - Fri Mar 20 16:36:33 UTC 2026
[0;34m[16:36:33][0m Using git remote: origin
[0;34m[16:36:33][0m Pulling latest changes...
From github.com:Transformer666/es2_mudlib
 * branch            main       -> FETCH_HEAD
Already up to date.

=========================================
  ES2 Agent Pipeline v2
  Phase: all
  Start: 2026-03-20 16:36:33
=========================================

[0;34m[16:36:36][0m === Phase: Analyze (bash-native, no agent) ===
[0;34m[16:36:37][0m Analyze complete:
[0;34m[16:36:37][0m   Races: 11/11 | Classes: 9/7 | Sects: 18/18
[0;34m[16:36:37][0m   Skills: 75 (missing: 40) | Rooms: 459 | NPCs: 268
[0;34m[16:36:37][0m   Quests: 6 | Equipment: 275
[0;34m[16:36:37][0m   Total missing: 40
[0;32m[OK][0m Analyze phase
[0;34m[16:36:37][0m === Phase: Build ===
[0;34m[16:36:37][0m Step: Audit area: stub_towns
Error: Reached max turns (25)[0;32m[OK][0m Audit area: stub_towns
[0;34m[16:44:16][0m Step: Audit area: chixiao
驗證全部通過。以下是完整結果：

## 驗證結果：38 PASS, 0 FAIL

所有房間、NPC、出口雙向連結、物件參照、aggressive 屬性、vision_of_ghost 全部正確。

---

## 建立的檔案清單

**新增房間 (4)：**
| 檔案 | 說明 |
|---|---|
| `mudlib/d/chixiao/street.c` | 赤魈村小路 |
| `mudlib/d/chixiao/back_street.c` | 赤魈村後巷 |
| `mudlib/d/chixiao/shop.c` | 赤魈村雜貨鋪 |
| `mudlib/d/chixiao/temple.c` | 赤魈村城隍廟 (inherit TEMPLE, no_fight) |

**新增 NPC (4)：**
| 檔案 | 說明 |
|---|---|
| `mudlib/d/chixiao/npc/innkeeper.c` | 客棧老闆娘 (F_VILLAGER + F_VENDOR) |
| `mudlib/d/chixiao/npc/guard.c` | 赤魈守衛 (F_SOLDIER, lv12) |
| `mudlib/d/chixiao/npc/merchant.c` | 雜貨攤主 (F_VILLAGER + F_VENDOR) |
| `mudlib/d/chixiao/npc/temple_keeper.c` | 老廟祝 (F_VILLAGER) |

**新增商品 (2)：**
| 檔案 | 說明 |
|---|---|
| `mudlib/d/chixiao/npc/obj/spirit_wine.c` | 靈酒 (15 coin) |
| `mudlib/d/chixiao/npc/obj/talisman.c` | 符紙 (10 coin) |

**修改的既有檔案 (3)：**
- `entrance.c` — 加入 guard NPC
- `inn.c` — 加入 innkeeper NPC
- `village_square.c` — 加入 east 出口至 street

## 最終地圖

```
                    wishing_pool (天靈)
                         |
wild_path2 -- entrance -- village_square (地靈) -- street -- back_street
              (守衛)          |                     |            |
                             inn (客棧老闆娘)       shop(攤主)   temple(廟祝)
```
[0;32m[OK][0m Audit area: chixiao
[main b6ad956] feat: complete area chixiao (rooms + NPCs)
 13 files changed, 294 insertions(+)
 create mode 100644 mudlib/d/chixiao/back_street.c
 create mode 100644 mudlib/d/chixiao/npc/guard.c
 create mode 100644 mudlib/d/chixiao/npc/innkeeper.c
 create mode 100644 mudlib/d/chixiao/npc/merchant.c
 create mode 100644 mudlib/d/chixiao/npc/obj/spirit_wine.c
 create mode 100644 mudlib/d/chixiao/npc/obj/talisman.c
 create mode 100644 mudlib/d/chixiao/npc/temple_keeper.c
 create mode 100644 mudlib/d/chixiao/shop.c
 create mode 100644 mudlib/d/chixiao/street.c
 create mode 100644 mudlib/d/chixiao/temple.c
[0;34m[16:48:25][0m Step: Audit skills
審查結果如下：

## 技能 Daemon 完整性報告

### 1. 門派引用的技能（20 個唯一技能名）

| 門派 | 引用技能 |
|------|----------|
| 白象寺 | diamond hammer, staff |
| 寶蓮寺 | staff |
| 步玄派 | three rotations |
| 封山派 | fengshan sword |
| 虎刀門 | tiger blade |
| 劍甲門 | sword, needle |
| 哭笑門 | sword |
| 瑯夷 | dagger |
| 冷梅莊 | lengmei sword |
| 龍圖 | longttu neigong, needle |
| 茅山派 | maoshan sword, maoshan neigong, taoshan milu |
| 天師派 | taiyi sword, ziwei neigong |
| 天邪派 | phantom sword |
| 武陀 | five defeat needle, amazing needle |
| 玄天教 | sword |
| 雪吟莊 | sword |
| 隱教 | dagger |
| 振武軍營 | tactic, pike |

### 2. 對應 daemon 檔案檢查

**全部 20 個技能都有對應的 `mudlib/daemon/skill/<name>.c` 檔案。** 缺少 0 個。

### 3. skill_improved / skill_advanced 檢查

**全部 78 個 skill daemon 都有 `skill_improved` 和 `skill_advanced`。** 無遺漏。

### 4. 戰鬥技能 actions 數量檢查

所有含 actions 的戰鬥技能都有 >= 6 個招式，無不足。`sword`、`blade`、`unarmed` 各有 8 招，`pike` 有 7 招，其餘戰鬥技能均為 6 招。

### 5. 總結

- **缺少的技能：0 個**
- **不完整的技能：0 個**
- **本次需建立：0 個**
- **剩餘待處理：0 個**

所有門派 `set("skills")` 引用的技能都已有完整的 daemon 實作，且每個 daemon 都包含 `skill_improved`、`skill_advanced`，戰鬥技能的 actions 數量也都符合規範（>= 6 招）。技能系統完整，無需修補。
[0;32m[OK][0m Audit skills
[0;34m[16:49:39][0m Step: Audit quests
## 驗證結果總覽

| 類別 | 檔案數 | PASS | FAIL |
|------|--------|------|------|
| Rooms | 471 | 471 | 0 |
| NPCs | 278 | 278 | 0 |
| Race Daemons | 11 | 11 | 0 |
| Skill Daemons | 75 | 75 | 0 |
| Sect Daemons | 18 | 18 | 0 |
| Class Daemons | 9 | 9 | 0 |
| **Exits (雙向)** | **936** | **922** | **14** |
| **總計** | | **1842** | **14** |

### 出口雙向連結問題 (14 FAIL)

**方向錯配（A→B 但 B 的反向出口指向 C）：**
1. `/d/city/entrance` [south] → road5，但 road5 north → temple/entrance
2. `/d/road/road5` [south] → city/entrance，但 city/entrance north → city/main_street
3. `/d/longan/entrance` [south] → road2，但 road2 north → road3
4. `/d/manglin/entrance` [south] → wutang/ngate，但 ngate north → zhenwu/gate
5. `/d/tianyue/mountain_path` [south] → mountain_road2，但其 north → ice/entrance
6. `/d/zhenwu/watchtower` [west] → zhenwu/gate，但 gate east → road/south_road2

**缺少反向出口：**
7. `/d/hell/entrance` [up] → graveyard/shrine — shrine 無 down
8. `/d/road/mountain_road2` [west] → tianyue/mountain_path — 無 east
9. `/d/road/road2` [west] → longan/entrance — 無 east
10. `/d/snow/fireplace` [out] → inn_kitchen — 無 enter
11. `/d/snow/mill` [out] → lane2 — 無 enter
12. `/d/snow/tree` [down] → square — 無 up
13. `/d/wutang/ngate` [northwest] → manglin/entrance — 無 southeast
14. `/d/zhenwu/gate` [west] → watchtower — 無 east

---

Now back to the quest audit. Here's the complete report:

## 任務系統審查結果

### 雪亭鎮 7 謎

| # | 謎題 | 狀態 | NPC | quest flag | 獎勵 |
|---|------|------|-----|-----------|------|
| 1 | 阿寶在老榕樹等的人是誰？ | **本次新增** | arbao.c | quest/arbao_letter_done | 80分 |
| 2 | 瞎眼婆婆的真實身分？ | ✅ 已有 | old_beggar.c | quest/old_beggar_done | 200分 |
| 3 | 貨棧搬箱子算不算勞動？ | ✅ 已有 | foreman.c | quest/foreman_crate_done | 50分 |
| 4 | 驛站遺失了幾封信？ | ✅ 已有 | postman.c | quest/postman_delivery_done | 100分 |
| 5 | 想不想加入振武軍營？ | ✅ 已有 | escort.c | quest/escort_guide_done | 30分 |
| 6 | 破舊的老宅裡藏了什麼？ | **本次新增** | manor_cellar.c | quest/manor_secret_done | 60分 |
| 7 | 黑袍老人的女兒去了哪裡？ | ✅ 已有 | darkrobe.c | quest/darkrobe_daughter_done | 150分 |

### 五堂鎮 6 謎

| # | 謎題 | 狀態 |
|---|------|------|
| 1 | 飲血丟在了哪裡？ | ❌ 尚缺 |
| 2 | 巫山之中神秘雕像有何秘密？ | ❌ 尚缺 |
| 3 | 郭布要收的徒弟在哪裡？ | ❌ 尚缺 |
| 4 | 鎮天神廟內藏著誰？ | ❌ 尚缺 |
| 5 | 別館內的欽差來五堂要做甚麼？ | ❌ 尚缺 |
| 6 | 過河的船在哪裡？ | ❌ 尚缺 |

### 總結

- **已有任務：5 個**（雪亭鎮 old_beggar、foreman、postman、escort、darkrobe）
- **本次新增：2 個**
  - **阿寶的心事** — 玩家對阿寶說「等人」→ 收到信件 → 送到軍營招兵官 → 帶回回信給阿寶 → 80 quest 分 + 50 文錢
  - **老宅秘密** — 玩家在大宅地窖 `search 符號` → 發現暗格 → 獲得破舊手札 + 3 兩銀子 → 60 quest 分

### 新增/修改的檔案

| 檔案 | 動作 |
|------|------|
| `d/snow/npc/arbao.c` | 修改：加入送信任務邏輯 |
| `d/snow/npc/recruiter.c` | 修改：加入 accept_object 接收阿寶的信 |
| `d/snow/manor_cellar.c` | 修改：加入 search 符號暗格任務 |
| `d/snow/npc/obj/arbao_letter.c` | 新增：阿寶的信（任務物品）|
| `d/snow/npc/obj/recruiter_reply.c` | 新增：招兵官回信（任務物品）|
| `d/snow/npc/obj/old_journal.c` | 新增：破舊手札（任務獎勵）|
[0;32m[OK][0m Audit quests
[main 9bff124] feat: add quests
 31 files changed, 644 insertions(+), 8 deletions(-)
 create mode 100644 mudlib/d/baihua/back_street.c
 create mode 100644 mudlib/d/baihua/npc/guard.c
 create mode 100644 mudlib/d/baihua/npc/innkeeper.c
 create mode 100644 mudlib/d/baihua/square.c
 create mode 100644 mudlib/d/kangping/back_street.c
 create mode 100644 mudlib/d/kangping/npc/merchant.c
 create mode 100644 mudlib/d/kangping/npc/temple_keeper.c
 create mode 100644 mudlib/d/kangping/shop.c
 create mode 100644 mudlib/d/kangping/temple.c
 create mode 100644 mudlib/d/lee/back_street.c
 create mode 100644 mudlib/d/lee/npc/guard.c
 create mode 100644 mudlib/d/snow/npc/obj/arbao_letter.c
 create mode 100644 mudlib/d/snow/npc/obj/old_journal.c
 create mode 100644 mudlib/d/snow/npc/obj/recruiter_reply.c
 create mode 100644 mudlib/d/weiguo/back_street.c
 create mode 100644 mudlib/d/weiguo/npc/temple_keeper.c
 create mode 100644 mudlib/d/weiguo/temple.c
[0;34m[16:57:02][0m === Phase: Validate ===
[0;34m[16:57:02][0m Step: Static validation
## 驗證結果總覽

### 主測試套件
| 項目 | 數量 |
|------|------|
| **PASS** | 3480 |
| **FAIL** | 24 |
| **WARN** | 46 |

### 額外檢查

**1. `set("aggressive", 1)` 誤用** — **PASS** (0 matches, 全部正確使用 `attitude`)

**2. skill daemon 有 `skill_improved`** — **PASS** (75/75 全部有)

**3. lv50+ 掌門有 `vision_of_ghost`** — **FAIL** (2 個缺失)

| NPC 檔案 | 等級 | vision_of_ghost |
|-----------|------|-----------------|
| `d/tianxie/npc/daxiedaoren.c` | 75 | **缺失** |
| `d/hudao/npc/sunyi.c` | 55 | **缺失** |

### 主要 FAIL 項目 (摘要)

- **Room inherit missing** (4): `d/longan/temple`, `d/snow/bazar`, `d/snow/small_temple`, `d/lijun/ferry` — 這些是城隍廟/渡口，可能需要 `inherit TEMPLE` 或特殊 inherit
- **Bidirectional exit missing** (5): `ngate→entrance`, `tree→square`, `mountain_road2→mountain_path`, `road2→entrance`, `gate→watchtower` — 出口缺少反向連結
- 其餘 FAIL 分佈在 NPC 和裝備驗證中

完整報告已寫入 `docs/test_report.md`。
[0;32m[OK][0m Static validation
[0;34m[16:58:49][0m Pipeline complete: 6 ok, 0 warnings.
[main a2ecc6c] feat: auto-implement content via pipeline v2 [2026-03-20 16:58:49]
 61 files changed, 7674 insertions(+), 288 deletions(-)
 create mode 100644 docs/loop_logs/round_20260320_100556.log
 create mode 100644 docs/loop_logs/round_20260320_100955.log
 create mode 100644 docs/loop_logs/round_20260320_102509.log
 create mode 100644 docs/loop_logs/round_20260320_102634.log
 create mode 100644 docs/loop_logs/round_20260320_103400.log
 create mode 100644 docs/loop_logs/round_20260320_104209.log
 create mode 100644 docs/loop_logs/round_20260320_104834.log
 create mode 100644 docs/loop_logs/round_20260320_105542.log
 create mode 100644 docs/loop_logs/round_20260320_110306.log
 create mode 100644 docs/loop_logs/round_20260320_111018.log
 create mode 100644 docs/loop_logs/round_20260320_111654.log
 create mode 100644 docs/loop_logs/round_20260320_112330.log
 create mode 100644 docs/loop_logs/round_20260320_113036.log
 create mode 100644 docs/loop_logs/round_20260320_113733.log
 create mode 100644 docs/loop_logs/round_20260320_114432.log
 create mode 100644 docs/loop_logs/round_20260320_115053.log
 create mode 100644 docs/loop_logs/round_20260320_115739.log
 create mode 100644 docs/loop_logs/round_20260320_120435.log
 create mode 100644 docs/loop_logs/round_20260320_121116.log
 create mode 100644 docs/loop_logs/round_20260320_121925.log
 create mode 100644 docs/loop_logs/round_20260320_122611.log
 create mode 100644 docs/loop_logs/round_20260320_123236.log
 create mode 100644 docs/loop_logs/round_20260320_123914.log
 create mode 100644 docs/loop_logs/round_20260320_124636.log
 create mode 100644 docs/loop_logs/round_20260320_125519.log
 create mode 100644 docs/loop_logs/round_20260320_130244.log
 create mode 100644 docs/loop_logs/round_20260320_130948.log
 create mode 100644 docs/loop_logs/round_20260320_131707.log
 create mode 100644 docs/loop_logs/round_20260320_132437.log
 create mode 100644 docs/loop_logs/round_20260320_133259.log
 create mode 100644 docs/loop_logs/round_20260320_133940.log
 create mode 100644 docs/loop_logs/round_20260320_134555.log
 create mode 100644 docs/loop_logs/round_20260320_135301.log
 create mode 100644 docs/loop_logs/round_20260320_140031.log
 create mode 100644 docs/loop_logs/round_20260320_140733.log
 create mode 100644 docs/loop_logs/round_20260320_141507.log
 create mode 100644 docs/loop_logs/round_20260320_142223.log
 create mode 100644 docs/loop_logs/round_20260320_143107.log
 create mode 100644 docs/loop_logs/round_20260320_143741.log
 create mode 100644 docs/loop_logs/round_20260320_144544.log
 create mode 100644 docs/loop_logs/round_20260320_145224.log
 create mode 100644 docs/loop_logs/round_20260320_145952.log
 create mode 100644 docs/loop_logs/round_20260320_150608.log
 create mode 100644 docs/loop_logs/round_20260320_151349.log
 create mode 100644 docs/loop_logs/round_20260320_152150.log
 create mode 100644 docs/loop_logs/round_20260320_152914.log
 create mode 100644 docs/loop_logs/round_20260320_153607.log
 create mode 100644 docs/loop_logs/round_20260320_154308.log
 create mode 100644 docs/loop_logs/round_20260320_154946.log
 create mode 100644 docs/loop_logs/round_20260320_155611.log
 create mode 100644 docs/loop_logs/round_20260320_160240.log
 create mode 100644 docs/loop_logs/round_20260320_161009.log
 create mode 100644 docs/loop_logs/round_20260320_161722.log
 create mode 100644 docs/loop_logs/round_20260320_162604.log
 create mode 100644 docs/loop_logs/round_20260320_163218.log
 create mode 100644 docs/loop_logs/round_20260320_163455.log
 create mode 100644 docs/loop_logs/round_20260320_163633.log
 rewrite docs/missing_content.json (99%)
 create mode 100644 docs/test_report.md
To github.com:Transformer666/es2_mudlib.git
   6701e82..a2ecc6c  main -> main
[0;32m[OK][0m Final commit pushed to origin.

=========================================
  Pipeline complete!
  Completed: 7 | Warnings: 0
  End: 2026-03-20 16:58:49
=========================================
