Round 42 - Fri Mar 20 15:21:50 UTC 2026
[0;34m[15:21:50][0m Using git remote: origin
[0;34m[15:21:50][0m Pulling latest changes...
From github.com:Transformer666/es2_mudlib
 * branch            main       -> FETCH_HEAD
Already up to date.

=========================================
  ES2 Agent Pipeline v2
  Phase: all
  Start: 2026-03-20 15:21:50
=========================================

[0;34m[15:21:52][0m === Phase: Analyze ===
[0;34m[15:21:52][0m Step: Scan existing content
掃描完成。摘要：

| 類別 | 需求 | 已實作 | 缺少 |
|------|------|--------|------|
| 種族 | 11 | 11 | 0 |
| 職業 | 7 | 7+2 | 0 |
| 門派 daemon | 18 | 18 | 1 (天月庵有區域但無 sect daemon) |
| 技能 | - | 75 | - |
| 區域 | - | 54 | 22 個地圖位置未建 |
| 房間 | - | 459 | - |
| NPC | - | 268 | - |
| NPC 裝備 | - | 124 | - |
| 任務 | 15 | 0 | 15 (雪亭7謎 + 五堂6謎 + 十三靈2) |

主要缺口：
- **天月庵** sect daemon 不存在（區域 `d/tianyue/` 已建好，僅缺 `daemon/sect/tianyue.c`）
- **任務系統**完全未實作（0/15）
- **8 個 stub 城鎮**需要擴展（龍安、京畿、康平、三掩、離、喬陰、百花、衛國）
- **22 個地圖位置**未建（真郡大山、太乙殿、風城、閩島等）
[0;32m[OK][0m Scan existing content
