Round 60 - Sat Mar 21 07:18:33 UTC 2026
[0;34m[07:18:33][0m Using git remote: origin
[0;34m[07:18:33][0m Pulling latest changes...
From github.com:Transformer666/es2_mudlib
 * branch            main       -> FETCH_HEAD
Already up to date.

=========================================
  ES2 Agent Pipeline v2
  Phase: all
  Start: 2026-03-21 07:18:33
=========================================

[0;34m[07:18:35][0m === Phase: Analyze (bash-native, no agent) ===
[0;34m[07:18:36][0m Analyze complete:
[0;34m[07:18:36][0m   Races: 11/11 | Classes: 9/7 | Sects: 18/18
[0;34m[07:18:36][0m   Skills: 75 (missing: 40) | Rooms: 483 | NPCs: 287
[0;34m[07:18:36][0m   Quests: 14 | Equipment: 282
[0;34m[07:18:36][0m   Total missing: 40
[0;32m[OK][0m Analyze phase
[0;34m[07:18:36][0m === Phase: Build ===
[0;34m[07:18:36][0m Step: Audit area: stub_towns
## 結果

**修復了 1 個檔案：**
- `mudlib/d/sanyen/inner_temple.c` — `inherit ROOM` → `inherit TEMPLE`，`replace_program(ROOM)` → `replace_program(TEMPLE)`

**其餘所有 8 個 stub 城鎮均完整，無缺少的房間或 NPC。** 所有出口雙向連結正確，所有 NPC 引用指向存在的檔案。
[0;32m[OK][0m Audit area: stub_towns
[0;34m[07:24:48][0m Step: Audit skills
Now let me verify the cross-reference. The unique skills referenced by all sects (spaces → underscores):

| Skill Name | Expected File | Exists? |
|---|---|---|
| diamond hammer | diamond_hammer.c | ✓ |
| staff | staff.c | ✓ |
| three rotations | three_rotations.c | ✓ |
| fengshan sword | fengshan_sword.c | ✓ |
| tiger blade | tiger_blade.c | ✓ |
| sword | sword.c | ✓ |
| needle | needle.c | ✓ |
| dagger | dagger.c | ✓ |
| lengmei sword | lengmei_sword.c | ✓ |
| longttu neigong | longttu_neigong.c | ✓ |
| maoshan sword | maoshan_sword.c | ✓ |
| maoshan neigong | maoshan_neigong.c | ✓ |
| taoshan milu | taoshan_milu.c | ✓ |
| taiyi sword | taiyi_sword.c | ✓ |
| ziwei neigong | ziwei_neigong.c | ✓ |
| phantom sword | phantom_sword.c | ✓ |
| five defeat needle | five_defeat_needle.c | ✓ |
| amazing needle | amazing_needle.c | ✓ |
| tactic | tactic.c | ✓ |
| pike | pike.c | ✓ |

## 審查結果

### 1. 門派引用技能 vs 技能 Daemon 對照
- 18 個門派共引用 **20 個不重複技能**
- **全部 20 個技能都有對應的 daemon 檔案** — 無缺少

### 2. skill_improved / skill_advanced 完整性
- 全部 **75 個** skill daemon 檔案均包含 `skill_improved()` 和 `skill_advanced()` — 無缺漏

### 3. 戰鬥技能 actions 數量
- **41 個戰鬥技能**全部有 ≥6 個 actions — 無不足
- 分布：35 個有 6 招、1 個有 7 招 (pike)、4 個有 8 招 (blade, sword, unarmed 等)

### 4. 總結

| 項目 | 數量 |
|------|------|
| 門派引用技能（不重複） | 20 |
| 現有 skill daemon | 75 |
| 缺少的技能 daemon | **0** |
| 不完整的技能 daemon | **0** |
| 本次需建立 | **0** |
| 剩餘待處理 | **0** |

所有門派引用的技能都已有完整的 daemon 實作，且每個 daemon 都具備 `skill_improved()`、`skill_advanced()`，戰鬥技能也都有至少 6 個招式。技能系統完整，無需補建。
[0;32m[OK][0m Audit skills
[0;34m[07:26:38][0m Step: Audit quests
Analysis complete. Here's the full audit:

## 任務系統審查結果

### 雪亭鎮 7 謎 — 全部已實作

| # | 謎題 | Quest Flag | 檔案 | 分數 |
|---|------|-----------|------|------|
| 1 | 阿寶在老榕樹等的人是誰？ | `quest/arbao_letter_done` | `snow/npc/arbao.c` | 80 |
| 2 | 瞎眼婆婆的真實身分？ | `quest/gammer_identity_done` | `snow/npc/gammer.c` | 120 |
| 3 | 貨棧搬箱子算不算勞動？ | `quest/foreman_crate_done` | `snow/npc/foreman.c` | 50 |
| 4 | 驛站遺失了幾封信？ | `quest/postman_delivery_done` | `snow/npc/postman.c` | 100 |
| 5 | 想不想加入振武軍營？ | `quest/recruiter_enlist_done` | `snow/npc/recruiter.c` | 50 |
| 6 | 破舊的老宅裡藏了什麼？ | `quest/manor_secret_done` | `snow/manor_cellar.c` | 60 |
| 7 | 黑袍老人的女兒去了哪裡？ | `quest/darkrobe_daughter_done` | `snow/npc/darkrobe.c` | 150 |

額外任務（不在 7 謎之列）：
- `quest/escort_guide_done` — `escort.c` (30 分)
- `quest/old_beggar_done` — `old_beggar.c` (200 分)

### 五堂鎮 6 謎 — 全部已實作

| # | 謎題 | Quest Flag | 檔案 | 分數 |
|---|------|-----------|------|------|
| 1 | 飲血丟在了哪裡？ | `quest/yinxue_found_done` | `wutang/river_bend.c` | 120 |
| 2 | 巫山之中神秘雕像有何秘密？ | `quest/wushan_statue_done` | `wutang/wushan_secret.c` | 200 |
| 3 | 郭布要收的徒弟在哪裡？ | `quest/guobu_apprentice_done` | `wutang/npc/guobu.c` | 80 |
| 4 | 鎮天神廟內藏著誰？ | `quest/temple_master_done` | `wutang/npc/temple_master.c` | 150 |
| 5 | 別館內的欽差來五堂要做甚麼？ | `quest/inspector_case_done` | `wutang/npc/inspector.c` | 80 |
| 6 | 過河的船在哪裡？ | `quest/ferryman_guide_done` | `wutang/npc/ferryman.c` | 50 |

### 任務機制完整性

所有 15 個任務都正確使用了三要素：
- `pending/<quest_id>` — 用 `set_temp`/`query_temp` 追蹤進度階段
- `quest/<quest_id>_done` — 用 `set`/`query` 標記永久完成
- `gain_score("quest", N)` — 給予獎勵分數

### 結論

**已有 15 個任務（雪亭 9 個 + 五堂 6 個），wiki 的 13 謎全部已對應實作，本次新增 0 個。** 任務系統完整，無缺漏。
[0;32m[OK][0m Audit quests
[main 84a8d9f] feat: add quests
 1 file changed, 2 insertions(+), 2 deletions(-)
[0;34m[07:27:32][0m === Phase: Validate ===
[0;34m[07:27:32][0m Step: Static validation
## 靜態驗證報告

### 主測試結果
| 類別 | 數量 |
|------|------|
| **PASS** | 3556 |
| **FAIL** | 25 |
| **WARN** | 46 |

### 額外檢查

**1. `set("aggressive", 1)` 誤用** — **PASS** (0 筆，全部正確使用 `attitude`)

**2. skill daemon 含 `skill_improved`** — **PASS** (全部 76 個 skill daemon 均包含)

**3. lv50+ 掌門 `vision_of_ghost`** — **FAIL** (2 筆缺漏)
- `d/tianxie/npc/daxiedaoren.c` — 缺少 `vision_of_ghost`
- `d/hudao/npc/sunyi.c` — 缺少 `vision_of_ghost`

### FAIL 明細 (25 筆)

**Room inherit 缺漏 (20 筆)** — 主要是 temple/ferry/bank/shrine 類房間未正確 inherit：
- `d/longan/temple`, `d/wutang/ferry`, `d/wutang/ferry_back`, `d/wutang/temple`, `d/lee/ancestral_hall`, `d/sanyen/inner_temple`, `d/sanyen/temple`, `d/snow/bazar`, `d/snow/small_temple`, `d/lijun/ferry`, `d/lijun/ferry_back`, `d/lijun/temple`, `d/weiguo/temple`, `d/baihua/shrine`, `d/village/temple`, `d/jingji/bank`, `d/jingji/temple`, `d/choyin/temple`, `d/kangping/temple`, `d/chixiao/temple`

**裝備 setup() 缺漏 (1 筆)**
- `d/snow/npc/obj/invitation`

**雙向出口缺漏 (4 筆)**
- `ngate`: northwest→entrance 缺 southeast 回程
- `tree`: down→square 缺 up 回程
- `mountain_road2`: west→mountain_path 缺 east 回程
- `gate`: west→watchtower 缺 east 回程
[0;32m[OK][0m Static validation
[0;34m[07:34:00][0m Pipeline complete: 5 ok, 0 warnings.
[main fa0680e] feat: auto-implement content via pipeline v2 [2026-03-21 07:34:00]
 4 files changed, 338 insertions(+), 4 deletions(-)
 create mode 100644 docs/loop_logs/round_20260321_071833.log
To github.com:Transformer666/es2_mudlib.git
   8034242..fa0680e  main -> main
[0;32m[OK][0m Final commit pushed to origin.

=========================================
  Pipeline complete!
  Completed: 6 | Warnings: 0
  End: 2026-03-21 07:34:00
=========================================
