Round 38 - Fri Mar 20 14:52:24 UTC 2026
[0;34m[14:52:24][0m Using git remote: origin
[0;34m[14:52:24][0m Pulling latest changes...
From github.com:Transformer666/es2_mudlib
 * branch            main       -> FETCH_HEAD
Already up to date.

=========================================
  ES2 Agent Pipeline v2
  Phase: all
  Start: 2026-03-20 14:52:24
=========================================

[0;34m[14:52:26][0m === Phase: Analyze ===
[0;34m[14:52:26][0m Step: Scan existing content
`docs/missing_content.json` 已更新。摘要：

| 類別 | 需求 | 已實作 | 缺少 |
|------|------|--------|------|
| 種族 | 11 | 11 | 0 |
| 職業 | 7 | 9 (含 commoner/fighter) | 0 |
| 門派 daemon | 18 | 18 (缺 tianyue, 多 tianxie) | 1 |
| 技能 | — | 75 | — |
| 區域 | — | 54 (459 房間, 268 NPC) | — |
| 任務 | 15 | 0 | 15 |
| 地圖未建地點 | 22 | 0 | 22 |
| Stub 城鎮 | 8 | 8 (需擴充) | — |

主要缺口：
- **天月庵 (tianyue)** sect daemon 未建立（區域已存在）
- **任務系統**完全未實作（雪亭七謎 + 五堂六謎 + 十三靈任務）
- **22 個地圖地點**尚未建造（真郡大山、太乙殿、風城等）
[0;32m[OK][0m Scan existing content
