Round 74 - Sat Mar 21 10:48:03 UTC 2026
[0;34m[10:48:03][0m Using git remote: origin
[0;34m[10:48:03][0m Pulling latest changes...
From github.com:Transformer666/es2_mudlib
 * branch            main       -> FETCH_HEAD
Already up to date.

=========================================
  ES2 Agent Pipeline v2
  Phase: all
  Start: 2026-03-21 10:48:03
=========================================

[0;34m[10:48:05][0m === Phase: Analyze (bash-native, no agent) ===
[0;34m[10:48:06][0m Analyze complete:
[0;34m[10:48:06][0m   Races: 11/11 | Classes: 9/7 | Sects: 18/18
[0;34m[10:48:06][0m   Skills: 75 (missing: 40) | Rooms: 483 | NPCs: 287
[0;34m[10:48:06][0m   Quests: 14 | Equipment: 282
[0;34m[10:48:06][0m   Total missing: 40
[0;32m[OK][0m Analyze phase
[0;34m[10:48:06][0m === Phase: Build ===
[0;34m[10:48:06][0m Step: Audit area: stub_towns
## 審查結果：8 個 stub 城鎮全部完整

| 城鎮 | 廣場 | 街道2+ | 客棧(INN) | 商店 | 城門 | 廟(TEMPLE) | 客棧老闆 | 守衛 | 商人 | 出口雙向 |
|------|------|--------|-----------|------|------|-----------|---------|------|------|---------|
| longan 龍安 | ✓ | ✓ | ✓ | ✓ | ✓ | ✓ | ✓ | ✓ | ✓ | ✓ |
| jingji 京畿 | ✓ | ✓ | ✓ | ✓ | ✓ | ✓ | ✓ | ✓ | ✓ | ✓ |
| kangping 康平 | ✓ | ✓ | ✓ | ✓ | ✓ | ✓ | ✓ | ✓ | ✓ | ✓ |
| sanyen 三掩 | ✓ | ✓ | ✓ | ✓ | ✓ | ✓ | ✓ | ✓ | ✓ | ✓ |
| lee 離 | ✓ | ✓ | ✓ | ✓ | ✓ (r2村口) | ✓ (祠堂) | ✓ | ✓ | ✓ | ✓ |
| choyin 喬陰 | ✓ | ✓ | ✓ | ✓ | ✓ (南北門) | ✓ | ✓ | ✓ | ✓ | ✓ |
| baihua 百花 | ✓ | ✓ | ✓ | ✓ | ✓ | ✓ (祠堂) | ✓ | ✓ | ✓ | ✓ |
| weiguo 衛國 | ✓ | ✓ | ✓ | ✓ | ✓ | ✓ | ✓ | ✓ | ✓ | ✓ |

### 驗證細節

- **Temple**: 全部 8 個城鎮的廟/祠堂都正確使用 `inherit TEMPLE` + `replace_program(TEMPLE)`
- **Inn**: 全部 8 個城鎮的客棧都正確使用 `inherit INN` + `set("valid_startroom", 1)` + `set("no_fight", 1)`
- **出口雙向**: 全部房間的出口都有對應的反向連結
- **NPC 引用**: 所有房間的 `set("objects")` 都指向存在的 NPC 檔案

**stub_towns: complete**
[0;32m[OK][0m Audit area: stub_towns
[0;34m[10:50:20][0m Step: Audit skills
## 技能 Daemon 完整性審查報告

### 1. 門派引用的技能（20 個）

| 門派 | 引用技能 | Daemon 存在 |
|------|----------|:-----------:|
| 封山派 | fengshan sword | ✅ |
| 虎刀門 | tiger blade | ✅ |
| 寶蓮寺 | staff | ✅ |
| 冷梅莊 | lengmei sword | ✅ |
| 天邪派 | phantom sword | ✅ |
| 白象寺 | diamond hammer, staff | ✅ ✅ |
| 龍圖丹派 | longttu neigong, needle | ✅ ✅ |
| 雪吟莊 | sword | ✅ |
| 天師派 | taiyi sword, ziwei neigong | ✅ ✅ |
| 劍甲門 | sword, needle | ✅ ✅ |
| 哭笑門 | sword | ✅ |
| 茅山派 | maoshan sword, maoshan neigong, taoshan milu | ✅ ✅ ✅ |
| 瑯夷 | dagger | ✅ |
| 隱教 | dagger | ✅ |
| 步玄派 | three rotations | ✅ |
| 玄天教 | sword | ✅ |
| 振武軍營 | tactic, pike | ✅ ✅ |
| 武陀 | five defeat needle, amazing needle | ✅ ✅ |

### 2. skill_improved / skill_advanced 檢查

- 全部 **75 個** skill daemon 都有 `skill_improved()` ✅
- 全部 **75 個** skill daemon 都有 `skill_advanced()` ✅

### 3. 戰鬥技能 actions 檢查（>=6 招）

所有門派戰鬥技能的 action 數量：

| 技能 | actions 數 | 狀態 |
|------|:----------:|:----:|
| fengshan_sword | 6 | ✅ |
| tiger_blade | 6 | ✅ |
| staff | 6 | ✅ |
| lengmei_sword | 6 | ✅ |
| phantom_sword | 6 | ✅ |
| diamond_hammer | 6 | ✅ |
| needle | 6 | ✅ |
| sword | 8 | ✅ |
| taiyi_sword | 6 | ✅ |
| maoshan_sword | 6 | ✅ |
| dagger | 6 | ✅ |
| three_rotations | 6 | ✅ |
| tactic | 6 | ✅ |
| pike | 7 | ✅ |
| five_defeat_needle | 6 | ✅ |
| amazing_needle | 6 | ✅ |

內功/特殊技能（無需 actions）：longttu_neigong, ziwei_neigong, maoshan_neigong, taoshan_milu — 皆有 `do_exercise` + `halt_exercise` + `exert_function` ✅

### 4. 總結

- **缺少：0 個** — 所有 20 個門派引用技能皆有對應 daemon
- **不完整：0 個** — 全部 75 個 daemon 皆具備 skill_improved/skill_advanced，戰鬥技能皆 >=6 招
- **本次建立：0 個**
- **剩餘待處理：0 個**

所有技能 daemon 完整無缺，無需建立新檔案。
[0;32m[OK][0m Audit skills
[0;34m[10:52:14][0m Step: Audit quests
## 任務系統審查結果

### 已有 15 個任務，全部完整實作

**雪亭鎮 7 謎 — 全部完成 (7/7)**

| # | 謎題 | NPC/檔案 | quest flag | 獎勵 |
|---|------|----------|-----------|------|
| 1 | 阿寶在老榕樹等的人是誰？ | `arbao.c` | `quest/arbao_letter_done` | 80 分 |
| 2 | 瞎眼婆婆的真實身分？ | `gammer.c` | `quest/gammer_identity_done` | 120 分 |
| 3 | 貨棧搬箱子算不算勞動？ | `foreman.c` | `quest/foreman_crate_done` | 50 分 |
| 4 | 驛站遺失了幾封信？ | `postman.c` | `quest/postman_delivery_done` | 100 分 |
| 5 | 想不想加入振武軍營？ | `recruiter.c` | `quest/recruiter_enlist_done` | 50 分 |
| 6 | 破舊的老宅裡藏了什麼？ | `manor_cellar.c` | `quest/manor_secret_done` | 60 分 |
| 7 | 黑袍老人的女兒去了哪裡？ | `darkrobe.c` | `quest/darkrobe_daughter_done` | 150 分 |

**五堂鎮 6 謎 — 全部完成 (6/6)**

| # | 謎題 | NPC/檔案 | quest flag | 獎勵 |
|---|------|----------|-----------|------|
| 1 | 飲血丟在了哪裡？ | `river_bend.c` | `quest/yinxue_found_done` | 120 分 |
| 2 | 巫山之中神秘雕像有何秘密？ | `wushan_secret.c` | `quest/wushan_statue_done` | 200 分 |
| 3 | 郭布要收的徒弟在哪裡？ | `guobu.c` | `quest/guobu_apprentice_done` | 80 分 |
| 4 | 鎮天神廟內藏著誰？ | `temple_master.c` | `quest/temple_master_done` | 150 分 |
| 5 | 別館內的欽差來五堂要做甚麼？ | `inspector.c` | `quest/inspector_case_done` | 80 分 |
| 6 | 過河的船在哪裡？ | `ferryman.c` | `quest/ferryman_guide_done` | 50 分 |

**額外任務 (2 個)**

| NPC | quest flag | 獎勵 |
|-----|-----------|------|
| `escort.c` (鏢師) | `quest/escort_guide_done` | 30 分 |
| `old_beggar.c` (老乞丐) | `quest/old_beggar_done` | 200 分 |

### 完整性檢查通過

- **pending/ 追蹤**: 所有多階段任務都使用 `pending/` temp flag 追蹤進度
- **quest/ 完成標記**: 15 個任務都有 `quest/*_done` 永久標記
- **gain_score 獎勵**: 15 個任務全部有 `gain_score("quest", N)` 獎勵（30-200 分）
- **NPC 載入房間**: 所有任務 NPC 都已在對應房間的 `set("objects", ...)` 中載入
- **本次新增**: 0 個（全部已實作完畢）
[0;32m[OK][0m Audit quests
[0;34m[10:53:48][0m === Phase: Validate ===
[0;34m[10:53:48][0m Step: Static validation
## 靜態驗證報告

### 主測試套件 (`run_tests.sh all`)
| 結果 | 數量 |
|------|------|
| **PASS** | 3556 |
| **FAIL** | 25 |
| **WARN** | 46 |

最後幾個 FAIL 為雙向出口缺失：
- `d/snow/ngate`: northwest→entrance 缺 southeast 回程
- `d/snow/tree`: down→square 缺 up 回程
- `d/snow/mountain_road2`: west→mountain_path 缺 east 回程
- `d/snow/gate`: west→watchtower 缺 east 回程

完整報告見 `docs/test_report.md`。

---

### 額外檢查

**1. `set("aggressive", 1)` 誤用** — **PASS** (0 matches)
所有 NPC 均正確使用 `set("attitude", "aggressive")`。

**2. skill daemon 含 `skill_improved`** — **PASS** (75/75)
全部 75 個 skill daemon 均包含 `skill_improved`。

**3. lv50+ 掌門含 `vision_of_ghost`** — **2 FAIL**
- `d/tianxie/npc/daxiedaoren.c`: **缺少** vision_of_ghost
- `d/hudao/npc/sunyi.c`: **缺少** vision_of_ghost

其餘 10 個掌門級 NPC 均已正確設定。

---

### 總結

| 檢查項目 | 狀態 |
|----------|------|
| 房間 inherit/short/setup | 25 FAIL / 46 WARN |
| 雙向出口 | 4 FAIL |
| aggressive 誤用 | PASS |
| skill_improved 覆蓋率 | PASS (100%) |
| vision_of_ghost 覆蓋率 | 2 FAIL (`daxiedaoren.c`, `sunyi.c`) |
[0;32m[OK][0m Static validation
[0;34m[10:55:38][0m Pipeline complete: 5 ok, 0 warnings.
[main 6f7e1e3] feat: auto-implement content via pipeline v2 [2026-03-21 10:55:38]
 4 files changed, 413 insertions(+), 1 deletion(-)
 create mode 100644 docs/loop_logs/round_20260321_104803.log
To github.com:Transformer666/es2_mudlib.git
   32d9b92..6f7e1e3  main -> main
[0;32m[OK][0m Final commit pushed to origin.

=========================================
  Pipeline complete!
  Completed: 6 | Warnings: 0
  End: 2026-03-21 10:55:38
=========================================
