Round 59 - Sat Mar 21 07:02:26 UTC 2026
[0;34m[07:02:26][0m Using git remote: origin
[0;34m[07:02:26][0m Pulling latest changes...
From github.com:Transformer666/es2_mudlib
 * branch            main       -> FETCH_HEAD
Already up to date.

=========================================
  ES2 Agent Pipeline v2
  Phase: all
  Start: 2026-03-21 07:02:26
=========================================

[0;34m[07:02:28][0m === Phase: Analyze (bash-native, no agent) ===
[0;34m[07:02:29][0m Analyze complete:
[0;34m[07:02:29][0m   Races: 11/11 | Classes: 9/7 | Sects: 18/18
[0;34m[07:02:29][0m   Skills: 75 (missing: 40) | Rooms: 483 | NPCs: 287
[0;34m[07:02:29][0m   Quests: 14 | Equipment: 282
[0;34m[07:02:29][0m   Total missing: 40
[0;32m[OK][0m Analyze phase
[0;34m[07:02:29][0m === Phase: Build ===
[0;34m[07:02:29][0m Step: Audit area: stub_towns
All 8 stub towns checked. Let me compile the final report.

## stub_towns 審查結果

### 地理位置與類型
所有 8 個 stub towns 均為 **城鎮stub** 類型：
longan(龍安)、jingji(京畿)、kangping(康平)、sanyen(三掩)、lee(離)、choyin(喬陰)、baihua(百花)、weiguo(衛國)

### 城鎮最低要求檢查

| 需求 | longan | jingji | kangping | sanyen | lee | choyin | baihua | weiguo |
|------|--------|--------|----------|--------|-----|--------|--------|--------|
| 廣場 | square | square | square | square | square | square | square | square |
| 街道x2 | street+west_street | street+west_street | street+back_street | street+west_street | street+back_street | nstreet+sstreet | street+back_street | street+back_street |
| 客棧(INN) | inn | inn | inn | inn | inn | inn | inn | inn |
| 商店 | market | market+weapon_shop | shop | market+weapon_shop | shop | shop+bookshop | shop | shop |
| 城門 | entrance | entrance | entrance | entrance | r2(村口) | ngate+sgate | entrance | entrance |
| 廟(TEMPLE) | temple | temple | temple | temple | ancestral_hall | temple | shrine | temple |
| 客棧老闆NPC | innkeeper | innkeeper | innkeeper | innkeeper | innkeeper | innkeeper | innkeeper | innkeeper |
| 守衛NPC | guard | gate_guard+guard | guard | guard | guard | cityguard | guard | sentry |
| 商人NPC | merchant | silk_merchant | merchant | merchant | shopkeeper | merchant | shopkeeper | quartermaster |

### 出口雙向連結
- 所有 stub town 內部出口 **均為雙向** (世界地圖檢查確認無 stub town 內的單向出口)

### 世界連通性
- 所有 8 個 stub town **均可從雪亭鎮到達** (BFS 可達)

### INN/TEMPLE 規範
- 所有客棧均使用 `inherit INN` + `set("valid_startroom", 1)` + `set("no_fight", 1)` ✓
- 所有廟宇均使用 `inherit TEMPLE` ✓

### NPC 檔案完整性
- 所有房間 `set("objects")` 引用的 NPC 檔案均存在 ✓

---

**stub_towns: complete**

所有 8 個城鎮 stub 均具備城鎮類型的全部最低要求，無需建立新檔案。
[0;32m[OK][0m Audit area: stub_towns
[0;34m[07:08:56][0m Step: Audit skills
## 技能 Daemon 完整性審查結果

### 1. 門派引用的技能（20 個唯一技能）

| 門派 | 引用技能 |
|------|---------|
| 封山派 | fengshan sword |
| 虎刀門 | tiger blade |
| 冷梅莊 | lengmei sword |
| 哭笑門 | sword |
| 雪吟莊 | sword |
| 玄天教 | sword |
| 天邪派 | phantom sword |
| 白象寺 | diamond hammer, staff |
| 寶蓮寺 | staff |
| 振武軍營 | tactic, pike |
| 茅山派 | maoshan sword, maoshan neigong, taoshan milu |
| 天師派 | taiyi sword, ziwei neigong |
| 龍圖丹派 | longttu neigong, needle |
| 武陀 | five defeat needle, amazing needle |
| 劍甲門 | sword, needle |
| 步玄派 | three rotations |
| 瑯夷 | dagger |
| 隱教 | dagger |

### 2. Daemon 檔案對應檢查

**全部 20 個技能均有對應的 `mudlib/daemon/skill/<name>.c`** — 無缺漏。

### 3. skill_improved / skill_advanced 檢查

**全部 75 個 skill daemon（含 20 個門派技能）均有 `skill_improved` 和 `skill_advanced`** — 無缺漏。

### 4. 戰鬥技能 actions 數量（需 >= 6）

所有戰鬥技能的 `"action"` 出現次數均 >= 6，全部通過。

### 5. 內功技能函數檢查

| 內功 | do_exercise | halt_exercise | exert_function |
|------|:-----------:|:-------------:|:--------------:|
| maoshan neigong | ✓ | ✓ | ✓ |
| longttu neigong | ✓ | ✓ | ✓ |
| ziwei neigong | ✓ | ✓ | ✓ |
| taoshan milu | ✓ | ✓ | ✓ |

### 結論

- **缺少 0 個**技能 daemon
- **本次建立 0 個**
- **剩餘 0 個**待處理

所有 18 個門派引用的 20 個技能全部有對應的 daemon 檔案，且每個 daemon 都具備完整的 `skill_improved`、`skill_advanced` 函數，戰鬥技能都有 6+ 招式，內功技能都有練功三件套。技能系統完整無缺。
[0;32m[OK][0m Audit skills
[0;34m[07:10:31][0m Step: Audit quests
## 任務系統審查結果

### 雪亭鎮 7 謎 — 全部已實作

| # | 謎題 | 檔案 | quest flag | 獎勵 |
|---|------|------|-----------|------|
| 1 | 阿寶在老榕樹等的人是誰？ | `snow/npc/arbao.c` | `quest/arbao_letter_done` | 80分 |
| 2 | 瞎眼婆婆的真實身分？ | `snow/npc/gammer.c` | `quest/gammer_identity_done` | 120分 |
| 3 | 貨棧搬箱子算不算勞動？ | `snow/npc/foreman.c` | `quest/foreman_crate_done` | 50分 |
| 4 | 驛站遺失了幾封信？ | `snow/npc/postman.c` | `quest/postman_delivery_done` | 100分 |
| 5 | 想不想加入振武軍營？ | `snow/npc/recruiter.c` | `quest/recruiter_enlist_done` | 50分 |
| 6 | 破舊的老宅裡藏了什麼？ | `snow/manor_cellar.c` | `quest/manor_secret_done` | 60分 |
| 7 | 黑袍老人的女兒去了哪裡？ | `snow/npc/darkrobe.c` | `quest/darkrobe_daughter_done` | 150分 |

### 五堂鎮 6 謎 — 全部已實作

| # | 謎題 | 檔案 | quest flag | 獎勵 |
|---|------|------|-----------|------|
| 1 | 飲血丟在了哪裡？ | `wutang/river_bend.c` | `quest/yinxue_found_done` | 120分 |
| 2 | 巫山神秘雕像有何秘密？ | `wutang/wushan_secret.c` | `quest/wushan_statue_done` | 200分 |
| 3 | 郭布要收的徒弟在哪裡？ | `wutang/npc/guobu.c` | `quest/guobu_apprentice_done` | 80分 |
| 4 | 鎮天神廟內藏著誰？ | `wutang/npc/temple_master.c` | `quest/temple_master_done` | 150分 |
| 5 | 欽差來五堂要做甚麼？ | `wutang/npc/inspector.c` | `quest/inspector_case_done` | 80分 |
| 6 | 過河的船在哪裡？ | `wutang/npc/ferryman.c` | `quest/ferryman_guide_done` | 50分 |

### 額外任務（不在 13 謎中）

| 檔案 | quest flag | 獎勵 |
|------|-----------|------|
| `snow/npc/old_beggar.c` | `quest/old_beggar_done` | 200分 |
| `snow/npc/escort.c` | `quest/escort_guide_done` | 30分 |

### 結論

**已有 15 個任務，本次新增 0 個。**

所有 13 謎（雪亭鎮 7 + 五堂鎮 6）均已完整實作，每個任務都具備：
- `pending/` flag 追蹤進度
- `quest/*_done` flag 標記完成
- `gain_score("quest", N)` 獎勵積分
- NPC 已載入對應房間

另有 2 個額外任務（老乞丐、護鏢人）也完整實作。任務系統完備，無缺漏。
[0;32m[OK][0m Audit quests
[0;34m[07:11:48][0m === Phase: Validate ===
[0;34m[07:11:48][0m Step: Static validation
## 靜態驗證報告

### 主測試套件
| | 數量 |
|---|---|
| **PASS** | 3557 |
| **FAIL** | 24 |
| **WARN** | 46 |

### 額外檢查

**1. `set("aggressive", 1)` 誤用** — **PASS** (0 處)
沒有任何檔案使用錯誤的 aggressive 寫法。

**2. skill daemon 含 `skill_improved`** — **PASS** (75/75)
所有 75 個 skill daemon 都包含 `skill_improved`。

**3. lv50+ 掌門 `vision_of_ghost`** — **FAIL** (2 處缺失)

| NPC | 等級 | 狀態 |
|---|---|---|
| `d/tianxie/npc/daxiedaoren.c` | lv75 | **缺少 vision_of_ghost** |
| `d/hudao/npc/sunyi.c` | lv55 | **缺少 vision_of_ghost** |

### 雙向出口 FAIL (4 處)
- `d/snow/ngate`: northwest → entrance 缺少 southeast 回程
- `d/snow/tree`: down → square 缺少 up 回程
- `d/snow/mountain_road2`: west → mountain_path 缺少 east 回程
- `d/snow/gate`: west → watchtower 缺少 east 回程

### 總結
- 主套件：24 FAIL / 46 WARN，需修復的關鍵問題為 4 個雙向出口缺失和 2 個掌門缺少 `vision_of_ghost`。
[0;32m[OK][0m Static validation
[0;34m[07:13:31][0m Pipeline complete: 5 ok, 0 warnings.
