Round 30 - Fri Mar 20 13:53:01 UTC 2026
[0;34m[13:53:01][0m Using git remote: origin
[0;34m[13:53:01][0m Pulling latest changes...
From github.com:Transformer666/es2_mudlib
 * branch            main       -> FETCH_HEAD
Already up to date.

=========================================
  ES2 Agent Pipeline v2
  Phase: all
  Start: 2026-03-20 13:53:01
=========================================

[0;34m[13:53:03][0m === Phase: Analyze ===
[0;34m[13:53:03][0m Step: Scan existing content
`docs/missing_content.json` 已更新。掃描摘要：

| 類別 | 需要 | 已實作 | 缺少 |
|------|------|--------|------|
| 種族 | 11 | 11 | 0 |
| 職業 | 7 | 7+2 | 0 |
| 門派 | 18 | 18 | 1 (tianyue daemon 缺，tianxie 多出) |
| 技能 | — | 75 | — |
| 區域 | — | 54 (459 rooms, 268 NPCs) | 22 地圖位置未建 |
| 任務 | 15 | 0 | 15 |
| Stub 城鎮 | 8 | 8 (已有骨架) | 需擴展 |

主要缺口：
- **tianyue (天月庵)** — 區域/房間/NPC 都有，但缺 sect daemon
- **任務系統** — 0/15，雪亭七謎、五堂六謎、十三靈任務均未實作
- **22 個地圖位置**未建（真郡大山、太乙殿、風城等）
- **茅山/天師子派系**特化未實作
[0;32m[OK][0m Scan existing content
