Round 47 - Sat Mar 21 04:04:36 UTC 2026
[0;34m[04:04:36][0m Using git remote: origin
[0;34m[04:04:36][0m Pulling latest changes...
From github.com:Transformer666/es2_mudlib
 * branch            main       -> FETCH_HEAD
Already up to date.

=========================================
  ES2 Agent Pipeline v2
  Phase: all
  Start: 2026-03-21 04:04:36
=========================================

[0;34m[04:04:38][0m === Phase: Analyze (bash-native, no agent) ===
[0;34m[04:04:39][0m Analyze complete:
[0;34m[04:04:39][0m   Races: 11/11 | Classes: 9/7 | Sects: 18/18
[0;34m[04:04:39][0m   Skills: 75 (missing: 40) | Rooms: 480 | NPCs: 286
[0;34m[04:04:39][0m   Quests: 14 | Equipment: 282
[0;34m[04:04:39][0m   Total missing: 40
[0;32m[OK][0m Analyze phase
[0;34m[04:04:39][0m === Phase: Build ===
[0;34m[04:04:39][0m Step: Audit area: stub_towns
## 審查結果

### Stub 城鎮完整性

所有 8 個 stub 城鎮 **內容完整**，均具備必要元素：

| 城鎮 | 廣場 | 街道x2 | 客棧 | 商店 | 城門/入口 | 廟 | 老闆 | 守衛 | 商人 |
|------|:---:|:------:|:---:|:---:|:--------:|:--:|:---:|:---:|:---:|
| 龍安 longan | ✓ | ✓ | ✓ | ✓ | ✓ | ✓ | ✓ | ✓ | ✓ |
| 京畿 jingji | ✓ | ✓ | ✓ | ✓ | ✓ | ✓ | ✓ | ✓ | ✓ |
| 康平 kangping | ✓ | ✓ | ✓ | ✓ | ✓ | ✓ | ✓ | ✓ | ✓ |
| 三掩 sanyen | ✓ | ✓ | ✓ | ✓ | ✓ | ✓ | ✓ | ✓ | ✓ |
| 李家 lee | ✓ | ✓ | ✓ | ✓ | ✓(村口) | ✓ | ✓ | ✓ | ✓ |
| 喬陰 choyin | ✓ | ✓✓ | ✓ | ✓ | ✓✓ | ✓ | ✓ | ✓ | ✓ |
| 百花 baihua | ✓ | ✓ | ✓ | ✓ | ✓ | ✓ | ✓ | ✓ | ✓ |
| 衛國 weiguo | ✓ | ✓ | ✓ | ✓ | ✓ | ✓ | ✓ | ✓ | ✓ |

所有商店 NPC 都有 `F_VENDOR` + `merchandise`。所有客棧都有 `INN` + `valid_startroom` + `no_fight`。所有廟都用 `TEMPLE`。

### 世界地圖連通性

| 指標 | 數值 |
|------|------|
| 總房間數 | 480 |
| 從雪亭鎮可達 | 453 |
| 不可達房間 | 27（全部為設計上的隱藏區域/渡船/冥界） |
| 損壞出口 | 0 |
| 所有渡船路線 | 正常 |
| 所有門派 HQ | 可達 |

### 發現 4 個方向性 Bug

需要修復的出口方向錯誤：

1. **`/d/zhenwu/watchtower.c`** — `"west"` 應改為 `"east"`（gate 和 watchtower 都指向 west 互相對指）
2. **`/d/city/entrance.c`** — `"south"` 到 road5 與 road5 的 `"south"` 到 city 互相矛盾
3. **`/d/road/mountain_road2.c`** vs **`/d/tianyue/mountain_path.c`** — 方向不匹配（west vs south）
4. **`/d/manglin/entrance.c`** — 應用 `"southeast"` 而非 `"south"` 回到 wutang/ngate

要修復這些 bug 嗎？
[0;32m[OK][0m Audit area: stub_towns
[0;34m[04:12:08][0m Step: Audit skills
## 技能 Daemon 完整性審查結果

### 1. 門派引用的技能清單（20 個唯一技能，來自 18 個門派）

| 門派 | 引用技能 |
|------|---------|
| 封山派 fengshan | fengshan sword |
| 冷梅莊 lengmei | lengmei sword |
| 哭笑門 kuxiao | sword |
| 雪吟莊 xueyin | sword |
| 虎刀門 hudao | tiger blade |
| 振武軍營 zhenwu | tactic, pike |
| 寶蓮寺 baolian | staff |
| 白象寺 baixiang | diamond hammer, staff |
| 天師派 tianshi | taiyi sword, ziwei neigong |
| 茅山派 maoshan | maoshan sword, maoshan neigong, taoshan milu |
| 瑯夷 langyi | dagger |
| 隱教 yinjiao | dagger |
| 天邪派 tianxie | phantom sword |
| 龍圖丹派 longttu | longttu neigong, needle |
| 武陀 wutuo | five defeat needle, amazing needle |
| 劍甲門 jianjia | sword, needle |
| 玄天教 xuantian | sword |
| 步玄派 buxuan | three rotations |

### 2. 技能名稱 → daemon 檔案對應檢查

| 技能名稱 | 預期檔案 | 存在？ |
|----------|---------|--------|
| fengshan sword | fengshan_sword.c | ✅ |
| lengmei sword | lengmei_sword.c | ✅ |
| sword | sword.c | ✅ |
| tiger blade | tiger_blade.c | ✅ |
| tactic | tactic.c | ✅ |
| pike | pike.c | ✅ |
| staff | staff.c | ✅ |
| diamond hammer | diamond_hammer.c | ✅ |
| taiyi sword | taiyi_sword.c | ✅ |
| ziwei neigong | ziwei_neigong.c | ✅ |
| maoshan sword | maoshan_sword.c | ✅ |
| maoshan neigong | maoshan_neigong.c | ✅ |
| taoshan milu | taoshan_milu.c | ✅ |
| dagger | dagger.c | ✅ |
| phantom sword | phantom_sword.c | ✅ |
| longttu neigong | longttu_neigong.c | ✅ |
| needle | needle.c | ✅ |
| five defeat needle | five_defeat_needle.c | ✅ |
| amazing needle | amazing_needle.c | ✅ |
| three rotations | three_rotations.c | ✅ |

**全部 20/20 技能都有對應 daemon 檔案。**

### 3. skill_improved / skill_advanced 檢查

全部 75 個 skill daemon 都包含 `skill_improved()` 和 `skill_advanced()` 函數。✅

### 4. 戰鬥技能 actions 數量檢查

所有含 actions mapping 的戰鬥技能（44 個）都有 **6 個以上** action 條目。✅

（基礎武器技能如 blade 有 9 個、sword 有 8 個、unarmed 有 8 個；門派武功統一為 6 個）

### 5. 總結

| 項目 | 結果 |
|------|------|
| 門派引用的技能總數 | 20 個（去重） |
| 缺少 daemon 的技能 | **0 個** |
| 缺少 skill_improved 的 daemon | **0 個** |
| 缺少 skill_advanced 的 daemon | **0 個** |
| actions 不足 6 個的戰鬥技能 | **0 個** |

**缺少 0 個、本次建立 0 個、剩餘 0 個待處理。** 所有門派引用的技能 daemon 皆完整且符合規範。
[0;32m[OK][0m Audit skills
[0;34m[04:14:07][0m Step: Audit quests
## 任務系統審查結果

### 掃描結果

**已實作的 quest/ flag（排除拜師）：** 15 個任務

### 雪亭鎮 7 謎 — 全部已實作 (7/7)

| # | 謎題 | 檔案 | quest flag | 獎勵 |
|---|------|------|-----------|------|
| 1 | 阿寶在老榕樹等的人是誰？ | `npc/arbao.c` | `quest/arbao_letter_done` | 80 分 |
| 2 | 瞎眼婆婆的真實身分？ | `npc/gammer.c` | `quest/gammer_identity_done` | 120 分 |
| 3 | 貨棧搬箱子算不算勞動？ | `npc/foreman.c` | `quest/foreman_crate_done` | 50 分 |
| 4 | 驛站遺失了幾封信？ | `npc/postman.c` | `quest/postman_delivery_done` | 100 分 |
| 5 | 想不想加入振武軍營？ | `npc/recruiter.c` | `quest/recruiter_enlist_done` | 50 分 |
| 6 | 破舊的老宅裡藏了什麼？ | `manor_cellar.c` | `quest/manor_secret_done` | 60 分 |
| 7 | 黑袍老人的女兒去了哪裡？ | `npc/darkrobe.c` | `quest/darkrobe_daughter_done` | 150 分 |

### 五堂鎮 6 謎 — 全部已實作 (6/6)

| # | 謎題 | 檔案 | quest flag | 獎勵 |
|---|------|------|-----------|------|
| 1 | 飲血丟在了哪裡？ | `river_bend.c` | `quest/yinxue_found_done` | 120 分 |
| 2 | 巫山之中神秘雕像有何秘密？ | `wushan_secret.c` | `quest/wushan_statue_done` | 200 分 |
| 3 | 郭布要收的徒弟在哪裡？ | `npc/guobu.c` | `quest/guobu_apprentice_done` | 80 分 |
| 4 | 鎮天神廟內藏著誰？ | `npc/temple_master.c` | `quest/temple_master_done` | 150 分 |
| 5 | 別館內的欽差來五堂要做甚麼？ | `npc/inspector.c` | `quest/inspector_case_done` | 80 分 |
| 6 | 過河的船在哪裡？ | `npc/ferryman.c` | `quest/ferryman_guide_done` | 50 分 |

### 額外任務（不在 13 謎之內）

| 檔案 | quest flag | 獎勵 |
|------|-----------|------|
| `snow/npc/old_beggar.c` | `quest/old_beggar_done` | 200 分 |
| `snow/npc/escort.c` | `quest/escort_guide_done` | 30 分 |

### pending/ flag 使用統計

掃描到 40 個檔案使用 `pending/` 追蹤進度，其中：
- 15 個為任務進度追蹤（多階段對話流程）
- 其餘為拜師系統（master NPC）和教學系統（teacher/child3）

### 結論

- **已有 15 個任務**（13 個謎題任務 + 2 個額外任務）
- **本次新增 0 個** — 雪亭鎮 7 謎和五堂鎮 6 謎全部已實作完成
- 所有任務均正確使用 `pending/` 追蹤進度、`quest/` 標記完成、`gain_score("quest", N)` 給予獎勵
[0;32m[OK][0m Audit quests
[0;34m[04:15:27][0m === Phase: Validate ===
[0;34m[04:15:27][0m Step: Static validation
## 靜態驗證報告

### 主測試套件
| 項目 | 數量 |
|------|------|
| **PASS** | 3545 |
| **FAIL** | 23 |
| **WARN** | 46 |

### 額外檢查

**1. `set("aggressive", 1)` 違規 — PASS**
- 找到 **0** 筆，全部正確使用 `set("attitude", "aggressive")`

**2. skill daemon 含 `skill_improved` — PASS**
- 全部 **74 個** skill daemon 都包含 `skill_improved`（每個至少 1 次）

**3. lv50+ 掌門 `vision_of_ghost` — FAIL (2 筆缺失)**
- `d/tianxie/npc/daxiedaoren.c` — **缺少** vision_of_ghost
- `d/hudao/npc/sunyi.c` — **缺少** vision_of_ghost

### 主要 FAIL 項目（23 個失敗中的重點）

**房間 inherit 缺失：**
- `d/longan/temple` — 城隍廟未 inherit TEMPLE
- `d/snow/bazar` — 缺少 ROOM inherit
- `d/snow/small_temple` — 城隍廟未 inherit TEMPLE

**雙向出口斷裂：**
- `ngate` → northwest → `entrance`：缺少 southeast 回路
- `tree` → down → `square`：缺少 up 回路
- `mountain_road2` → west → `mountain_path`：缺少 east 回路
- `gate` → west → `watchtower`：缺少 east 回路

完整報告已寫入 `docs/test_report.md`。需要我修復這些問題嗎？
[0;32m[OK][0m Static validation
[0;34m[04:17:27][0m Pipeline complete: 5 ok, 0 warnings.
