Round 78 - Sat Mar 21 11:43:48 UTC 2026
[0;34m[11:43:48][0m Using git remote: origin
[0;34m[11:43:48][0m Pulling latest changes...
From github.com:Transformer666/es2_mudlib
 * branch            main       -> FETCH_HEAD
Already up to date.

=========================================
  ES2 Agent Pipeline v2
  Phase: all
  Start: 2026-03-21 11:43:48
=========================================

[0;34m[11:43:50][0m === Phase: Analyze (bash-native, no agent) ===
[0;34m[11:43:51][0m Analyze complete:
[0;34m[11:43:51][0m   Races: 11/11 | Classes: 9/7 | Sects: 18/18
[0;34m[11:43:51][0m   Skills: 75 (missing: 40) | Rooms: 483 | NPCs: 287
[0;34m[11:43:51][0m   Quests: 14 | Equipment: 282
[0;34m[11:43:51][0m   Total missing: 40
[0;32m[OK][0m Analyze phase
[0;34m[11:43:51][0m === Phase: Build ===
[0;34m[11:43:51][0m Step: Audit area: stub_towns
## stub_towns 審查結果

所有 8 個城鎮stub 已完成審查：

| 區域 | 中文名 | 房間數 | NPC數 | 出口雙向 | 物件參考 | 最低需求 |
|------|--------|--------|-------|---------|---------|---------|
| longan | 龍安 | 14 | 12 | ✓ 全通過 | ✓ 全存在 | ✓ 全滿足 |
| jingji | 京畿 | 13 | 10 | ✓ 全通過 | ✓ 全存在 | ✓ 全滿足 |
| kangping | 康平 | 13 | 11 | ✓ 全通過 | ✓ 全存在 | ✓ 全滿足 |
| sanyen | 三掩 | 11 | 8 | ✓ 全通過 | ✓ 全存在 | ✓ 全滿足 |
| lee | 李家村 | 9 | 6 | ✓ 全通過 | ✓ 全存在 | ✓ 全滿足 |
| choyin | 喬陰 | 11 | 8 | ✓ 全通過 | ✓ 全存在 | ✓ 全滿足 |
| baihua | 百花 | 11 | 8 | ✓ 全通過 | ✓ 全存在 | ✓ 全滿足 |
| weiguo | 衛國 | 12 | 9 | ✓ 全通過 | ✓ 全存在 | ✓ 全滿足 |

### 各城鎮最低需求檢查（廣場/街道x2/客棧/商店/城門/廟/客棧老闆/守衛/商人）

- **longan**: 廣場✓ 街道x5✓ INN✓ 商店x3✓ 城門✓ TEMPLE✓ 客棧老闆✓ 守衛x2✓ 商人x4✓
- **jingji**: 廣場✓ 街道x2✓ INN✓ 商店x2✓ 城門✓ TEMPLE✓ 客棧老闆✓ 守衛x3✓ 商人x2✓ (+銀行BANK, 衙門, 書院)
- **kangping**: 廣場✓ 街道x2✓ INN✓ 商店✓ 城門✓ TEMPLE✓ 客棧老闆✓ 守衛✓ 商人✓
- **sanyen**: 廣場✓ 街道x2✓ INN✓ 商店✓ 城門✓ TEMPLE✓ 客棧老闆✓ 守衛✓ 商人x2✓
- **lee**: 廣場✓ 街道x2✓ INN✓ 商店✓ 村口✓ TEMPLE(祠堂)✓ 客棧老闆✓ 守衛✓ 商人✓
- **choyin**: 廣場✓ 街道x2✓ INN✓ 商店✓ 城門x2✓ TEMPLE✓ 客棧老闆✓ 守衛x3✓ 商人x3✓
- **baihua**: 廣場✓ 街道x2✓ INN✓ 商店✓ 村口✓ TEMPLE(祠堂)✓ 客棧老闆✓ 守衛✓ 商人x4✓
- **weiguo**: 廣場✓ 街道x2✓ INN✓ 商店✓ 城門✓ TEMPLE✓ 客棧老闆✓ 守衛x2✓ 商人x3✓ (+營房, 軍械庫, 馬廄)

**stub_towns: complete**

所有 8 個城鎮stub 均已滿足最低需求，出口全部雙向連結，NPC 參考全部指向存在的檔案。無需建立任何新檔案。
[0;32m[OK][0m Audit area: stub_towns
[0;34m[11:45:40][0m Step: Audit skills
## 技能 Daemon 完整性審查報告

### 1. 門派引用的技能（20 個唯一技能）

| 門派 | 引用技能 |
|------|---------|
| 封山 fengshan | fengshan sword |
| 冷梅 lengmei | lengmei sword |
| 哭笑 kuxiao | sword |
| 雪吟 xueyin | sword |
| 虎刀 hudao | tiger blade |
| 天邪 tianxie | phantom sword |
| 白象 baixiang | diamond hammer, staff |
| 寶蓮 baolian | staff |
| 天師 tianshi | taiyi sword, ziwei neigong |
| 茅山 maoshan | maoshan sword, maoshan neigong, taoshan milu |
| 龍圖 longttu | longttu neigong, needle |
| 武陀 wutuo | five defeat needle, amazing needle |
| 劍甲 jianjia | sword, needle |
| 步玄 buxuan | three rotations |
| 玄天 xuantian | sword |
| 振武 zhenwu | tactic, pike |
| 瑯夷 langyi | dagger |
| 隱教 yinjiao | dagger |

### 2. 技能檔案對應檢查

所有 20 個門派引用技能 → 全部有對應的 `mudlib/daemon/skill/<name>.c` 檔案。 **0 缺少。**

### 3. skill_improved / skill_advanced 檢查

全部 75 個技能 daemon 都有 `skill_improved` 和 `skill_advanced`。 **0 缺少。**

### 4. 戰鬥技能 actions 數量檢查

所有 41 個戰鬥技能都有 >= 6 個 actions：
- 8 actions: blade, sword, unarmed
- 7 actions: pike
- 6 actions: 其餘 37 個（含所有門派武功）

**0 個不足。**

### 5. 內功技能函數檢查

門派引用的 4 個內功技能全部完整：

| 技能 | do_exercise | halt_exercise | exert_function |
|------|:-----------:|:-------------:|:--------------:|
| longttu_neigong | ✓ | ✓ | ✓ |
| maoshan_neigong | ✓ | ✓ | ✓ |
| ziwei_neigong | ✓ | ✓ | ✓ |
| taoshan_milu | ✓ | ✓ | ✓ |

---

### 結論

- **缺少：0 個** — 所有門派引用的技能都有對應 daemon
- **不完整：0 個** — 所有 daemon 都有 skill_improved/skill_advanced，戰鬥技能都有 >= 6 actions，內功都有 do_exercise/halt_exercise/exert_function
- **本次建立：0 個**
- **剩餘待處理：0 個**

技能 daemon 系統完全健全，無需修補。
[0;32m[OK][0m Audit skills
[0;34m[11:47:57][0m Step: Audit quests
No quests exist outside snow and wutang. Now let me compile the full analysis.

## 任務系統審查結果

### 已有任務總覽：15 個任務

**雪亭鎮 7 謎 — 全部已實作 ✓**

| # | 謎題 | 檔案 | quest flag | 獎勵 |
|---|------|------|-----------|------|
| 1 | 阿寶在老榕樹等的人是誰？ | `arbao.c` | `quest/arbao_letter_done` | 80 分 |
| 2 | 瞎眼婆婆的真實身分？ | `gammer.c` | `quest/gammer_identity_done` | 120 分 |
| 3 | 貨棧搬箱子算不算勞動？ | `foreman.c` | `quest/foreman_crate_done` | 50 分 |
| 4 | 驛站遺失了幾封信？ | `postman.c` | `quest/postman_delivery_done` | 100 分 |
| 5 | 想不想加入振武軍營？ | `recruiter.c` | `quest/recruiter_enlist_done` | 50 分 |
| 6 | 破舊的老宅裡藏了什麼？ | `manor_cellar.c` | `quest/manor_secret_done` | 60 分 |
| 7 | 黑袍老人的女兒去了哪裡？ | `darkrobe.c` | `quest/darkrobe_daughter_done` | 150 分 |

**雪亭鎮額外任務（非謎題）：**
- `old_beggar.c` → `quest/old_beggar_done` (200 分)
- `escort.c` → `quest/escort_guide_done` (30 分)

**五堂鎮 6 謎 — 全部已實作 ✓**

| # | 謎題 | 檔案 | quest flag | 獎勵 |
|---|------|------|-----------|------|
| 1 | 飲血丟在了哪裡？ | `river_bend.c` | `quest/yinxue_found_done` | 120 分 |
| 2 | 巫山之中神秘雕像有何秘密？ | `wushan_secret.c` | `quest/wushan_statue_done` | 200 分 |
| 3 | 郭布要收的徒弟在哪裡？ | `guobu.c` | `quest/guobu_apprentice_done` | 80 分 |
| 4 | 鎮天神廟內藏著誰？ | `temple_master.c` | `quest/temple_master_done` | 150 分 |
| 5 | 別館內的欽差來五堂要做甚麼？ | `inspector.c` | `quest/inspector_case_done` | 80 分 |
| 6 | 過河的船在哪裡？ | `ferryman.c` | `quest/ferryman_guide_done` | 50 分 |

### 任務結構完整性

所有 15 個任務均具備：
- `pending/<id>` 追蹤進度（多階段任務使用數值 1, 2, 3...）
- `quest/<id>_done` 標記完成（防重複領獎）
- `gain_score("quest", N)` 獎勵分數
- NPC 已載入對應房間

輔助 NPC（`girl.c`、`boy.c`、`storyteller.c`）無獨立 quest flag，它們是其他任務的中間環節，設計正確。

### 結論

**已有 15 個任務，本次新增 0 個。** 雪亭鎮 7 謎和五堂鎮 6 謎全部已有對應任務實作，無缺漏。其他區域（門派等）目前只有拜師系統的 `pending/` flag，尚無獨立任務。
[0;32m[OK][0m Audit quests
[0;34m[11:49:19][0m === Phase: Validate ===
[0;34m[11:49:19][0m Step: Static validation
## 靜態驗證報告

### 主測試套件
| 結果 | 數量 |
|------|------|
| **PASS** | 3556 |
| **FAIL** | 25 |
| **WARN** | 46 |

主要失敗項目包含：
- **Room inherit 缺失**：`d/longan/temple`、`d/snow/bazar`、`d/snow/small_temple` 等
- **雙向出口斷裂** (4 處)：
  - `ngate`: northwest→entrance 缺 southeast 回路
  - `tree`: down→square 缺 up 回路
  - `mountain_road2`: west→mountain_path 缺 east 回路
  - `gate`: west→watchtower 缺 east 回路

---

### 額外檢查

**1. `set("aggressive", 1)` 誤用 — PASS**
找到 0 處。全部正確使用 `set("attitude", "aggressive")`。

**2. skill daemon 含 `skill_improved` — PASS**
全部 75 個 skill daemon 均包含 `skill_improved`（每檔各 1 處）。

**3. lv50+ 掌門 `vision_of_ghost` — 2 FAIL**

| NPC | 等級 | vision_of_ghost |
|-----|------|-----------------|
| `d/tianxie/npc/daxiedaoren.c` | 75 | **缺失** |
| `d/hudao/npc/sunyi.c` | 55 | **缺失** |

其餘 11 位 lv50+ 掌門級 NPC 均已設定。

---

### 總結
- 主測試：**3556 PASS / 25 FAIL / 46 WARN**
- 額外檢查 1 (aggressive)：**PASS**
- 額外檢查 2 (skill_improved)：**PASS** (75/75)
- 額外檢查 3 (vision_of_ghost)：**2 FAIL** — `daxiedaoren.c` 和 `sunyi.c` 需補上
[0;32m[OK][0m Static validation
[0;34m[11:51:13][0m Pipeline complete: 5 ok, 0 warnings.
