Round 35 - Fri Mar 20 14:31:07 UTC 2026
[0;34m[14:31:07][0m Using git remote: origin
[0;34m[14:31:07][0m Pulling latest changes...
From github.com:Transformer666/es2_mudlib
 * branch            main       -> FETCH_HEAD
Already up to date.

=========================================
  ES2 Agent Pipeline v2
  Phase: all
  Start: 2026-03-20 14:31:07
=========================================

[0;34m[14:31:10][0m === Phase: Analyze ===
[0;34m[14:31:10][0m Step: Scan existing content
掃描完成，結果與現有 `docs/missing_content.json` 一致，已更新時間戳。摘要：

| 類別 | 需求 | 已實作 | 缺少 |
|------|------|--------|------|
| 種族 | 11 | 11 | 0 |
| 職業 | 7 | 7+2 | 0 |
| 門派 daemon | 18 | 18 | 1 (tianyue 天月庵缺 daemon，但有區域) |
| 技能 | — | 75 | — |
| 區域 | — | 54 | 22 個地圖位置未建 |
| 房間 | — | 459 | — |
| NPC | — | 268 | — |
| NPC 裝備 | — | 124 | — |
| 任務 | 15+ | 0 | 全部（雪亭七謎、五堂六謎、十三靈） |
| Stub 城鎮 | 8 | 8 | 需擴展（龍安、京畿、康平、三掩、離、喬陰、百花、衛國） |
[0;32m[OK][0m Scan existing content
