Round 7 - Sat Mar 21 18:03:19 UTC 2026
[0;34m[18:03:19][0m Using git remote: origin
[0;34m[18:03:19][0m Pulling latest changes...
From github.com:Transformer666/es2_mudlib
 * branch            main       -> FETCH_HEAD
Already up to date.

=========================================
  ES2 Agent Pipeline v2
  Phase: all
  Start: 2026-03-21 18:03:19
=========================================

[0;34m[18:03:21][0m === Phase: Analyze (bash-native, no agent) ===
[0;34m[18:03:22][0m Analyze complete:
[0;34m[18:03:22][0m   Races: 11/11 | Classes: 9/7 | Sects: 18/18
[0;34m[18:03:22][0m   Skills: 75 (missing: 40) | Rooms: 484 | NPCs: 288
[0;34m[18:03:22][0m   Quests: 14 | Equipment: 282
[0;34m[18:03:22][0m   Total missing: 40
[0;32m[OK][0m Analyze phase
[0;34m[18:03:22][0m === Phase: Build ===
[0;34m[18:03:22][0m Step: Audit area: stub_towns
## 審查結果：全部 8 個 stub 城鎮均完整

所有 8 個城鎮stub區域已通過完整性審查，無需建立任何新檔案。

### 各城鎮狀態總覽

| 區域 | 中文名 | 房間數 | NPC數 | 出口雙向 | Inn | Temple | 最低需求 |
|------|--------|--------|-------|---------|-----|--------|---------|
| longan | 龍安 | 14 | 12 | 全通過 | OK | OK (龍安寺) | 全滿足 |
| jingji | 京畿 | 13 | 10 | 全通過 | OK | OK (皇家寺院) | 全滿足 |
| kangping | 康平 | 13 | 11 | 全通過 | OK | OK (土地廟) | 全滿足 |
| sanyen | 三掩 | 11 | 8 | 全通過 | OK | OK (伏魔寺) | 全滿足 |
| lee | 離 | 10 | 7 | 全通過 | OK | OK (土地廟) | 全滿足 |
| choyin | 喬陰 | 11 | 9 | 全通過 | OK | OK (城隍廟) | 全滿足 |
| baihua | 百花 | 11 | 7 | 全通過 | OK | OK (小祠堂) | 全滿足 |
| weiguo | 衛國 | 12 | 10 | 全通過 | OK | OK (城隍廟) | 全滿足 |

### 各城鎮最低需求檢查（城鎮類型）

每個城鎮都具備：
- **廣場** (square)
- **街道 x2+** (streets)
- **客棧** (inn) — 全部正確使用 `inherit INN` + `valid_startroom` + `no_fight`
- **商店** (shop/market)
- **城門** (entrance/gate)
- **廟** (temple) — 全部正確使用 `inherit TEMPLE` + `replace_program(TEMPLE)`
- **NPC**: 客棧老闆、守衛、商人 — 全部存在且被房間 `set("objects")` 正確引用

### 出口連通性

所有城鎮內部出口均為雙向連結，無單向出口。外部出口（連接到 `/d/road/` 等區域）也經抽查確認為雙向。

### 備註

廟宇名稱各有不同（城隍廟、土地廟、寺院、祠堂），但功能上全部正確使用 `inherit TEMPLE` + `replace_program(TEMPLE)`，符合技術要求。

**stub_towns: complete**
[0;32m[OK][0m Audit area: stub_towns
[0;34m[18:05:43][0m Step: Audit skills
## 技能 Daemon 審查結果

### 總覽

- **門派數量**: 18 個門派
- **引用的技能總數**: 22 個唯一技能名稱
- **缺少的技能 daemon**: 0 個
- **不完整的技能 daemon**: 0 個

### 完整性檢查

| 檢查項目 | 結果 |
|----------|------|
| 所有 sect 引用的技能都有對應 .c 檔 | 通過 |
| 所有 skill daemon 都有 `skill_improved` | 通過 |
| 所有 skill daemon 都有 `skill_advanced` | 通過 |
| 所有戰鬥技能都有 >= 6 個 actions | 通過 |
| 所有內功都有 `do_exercise` / `halt_exercise` / `exert_function` | 通過 |

### 備註

- 多數門派武功的 actions 中使用 `"damae"` 而非 `"damage"` — 這是已知的歷史拼法，依規範保持一致，不算缺陷。

---

**缺少 0 個、本次建立 0 個、剩餘 0 個待下輪處理。**

所有技能 daemon 均已存在且結構完整，無需建立新檔案。
[0;32m[OK][0m Audit skills
[0;34m[18:07:18][0m Step: Audit quests
## 任務系統審查結果

### 現有任務統計：共 15 個任務

**雪亭鎮 — 9 個任務：**

| # | 任務 | NPC/房間 | Quest Flag | 獎勵 |
|---|------|----------|-----------|------|
| 1 | 阿寶送信 | arbao.c | `quest/arbao_letter_done` | 80 分 + 50 coins |
| 2 | 瞎眼婆婆身分 | gammer.c | `quest/gammer_identity_done` | 120 分 + coins |
| 3 | 搬貨箱 | foreman.c | `quest/foreman_crate_done` | 50 分 + 100 coins |
| 4 | 驛站送信 | postman.c | `quest/postman_delivery_done` | 100 分 + 100 coins |
| 5 | 加入軍營 | recruiter.c | `quest/recruiter_enlist_done` | 50 分 |
| 6 | 老宅密室 | manor_cellar.c | `quest/manor_secret_done` | 60 分 + 3 silver |
| 7 | 黑袍女兒 | darkrobe.c | `quest/darkrobe_daughter_done` | 150 分 + 5 silver |
| 8 | 老乞婆 | old_beggar.c | `quest/old_beggar_done` | 200 分 + 念珠 + 白袍 |
| 9 | 老鏢師指引 | escort.c | `quest/escort_guide_done` | 30 分 + 50 coins |

**五堂鎮 — 6 個任務：**

| # | 任務 | NPC/房間 | Quest Flag | 獎勵 |
|---|------|----------|-----------|------|
| 1 | 飲血劍 | river_bend.c | `quest/yinxue_found_done` | 120 分 + 飲血劍 |
| 2 | 巫山密室 | wushan_secret.c | `quest/wushan_statue_done` | 200 分 + 古卷 |
| 3 | 郭布收徒 | guobu.c | `quest/guobu_apprentice_done` | 80 分 + 200 coins |
| 4 | 神殿住持 | temple_master.c | `quest/temple_master_done` | 150 分 + 玉牌 |
| 5 | 欽差案件 | inspector.c | `quest/inspector_case_done` | 80 分 + 5 silver |
| 6 | 渡船指引 | ferryman.c | `quest/ferryman_guide_done` | 50 分 |

### 謎題對應檢查

**雪亭鎮 7 謎 — 全部完成：**
1. 阿寶在老榕樹等的人是誰？ → arbao.c
2. 瞎眼婆婆的真實身分？ → gammer.c
3. 貨棧搬箱子算不算勞動？ → foreman.c
4. 驛站遺失了幾封信？ → postman.c
5. 想不想加入振武軍營？ → recruiter.c
6. 破舊的老宅裡藏了什麼？ → manor_cellar.c
7. 黑袍老人的女兒去了哪裡？ → darkrobe.c

**五堂鎮 6 謎 — 全部完成：**
1. 飲血丟在了哪裡？ → river_bend.c
2. 巫山之中神秘雕像有何秘密？ → wushan_secret.c
3. 郭布要收的徒弟在哪裡？ → guobu.c
4. 鎮天神廟內藏著誰？ → temple_master.c
5. 別館內的欽差來五堂要做甚麼？ → inspector.c
6. 過河的船在哪裡？ → ferryman.c

### 任務架構一致性

所有任務統一使用：
- `quest/<id>_done` 標記完成（存入玩家永久資料）
- `pending/<id>` 追蹤進度階段（暫存 temp 資料）
- `relay_say()` 或房間動作觸發
- `gain_score("quest", N)` 發放獎勵
- NPC 都已透過房間 `set("objects", ...)` 載入

### 結論

**已有 15 個任務，13 個謎題全部已有對應任務實作，本次新增 0 個。** 任務系統完整，無缺漏。
[0;32m[OK][0m Audit quests
[0;34m[18:10:01][0m === Phase: Validate ===
[0;34m[18:10:01][0m Step: Static validation
## 靜態驗證報告

### 主測試套件 (`run_tests.sh all`)
| 結果 | 數量 |
|------|------|
| **PASS** | 3562 |
| **FAIL** | 26 |
| **WARN** | 46 |

完整報告已寫入 `docs/test_report.md`。

---

### 額外檢查

#### 1. `set("aggressive", 1)` 誤用檢查
**PASS** — `mudlib/d/` 下找到 **0** 筆，全部已正確使用 `set("attitude", "aggressive")`。

#### 2. `skill_improved` 檢查
**PASS** — 全部 **75 個** skill daemon 均包含 `skill_improved`（每個檔案至少 1 處）。

#### 3. lv50+ NPC `vision_of_ghost` 檢查
**FAIL** — 共 **61 個** lv50+ NPC，其中 **20 個缺少** `vision_of_ghost`：

| NPC | 等級 |
|-----|------|
| `d/wutang/npc/chong_baihu.c` | 55 |
| `d/wutang/npc/sima_lei.c` | 50 |
| `d/wutang/npc/ma_zhongsheng.c` | 60 |
| `d/manglin/npc/evil_hydra.c` | 55 |
| `d/manglin/npc/qiyong.c` | 50 |
| `d/tianxie/npc/evil_daoist.c` | 75 |
| `d/tianxie/npc/daxiedaoren.c` | 75 |
| `d/ice/npc/ice_guardian.c` | 50 |
| `d/baiyao/npc/chilong.c` | 70 |
| `d/green/npc/godly_dog.c` | 50 |
| `d/hudao/npc/sunyi.c` | 55 |
| `d/death/npc/hundunshou.c` | 80 |
| `d/tianyue/npc/canyi.c` | 70 |
| `d/latemoon/npc/mieyu.c` | 55 |
| `d/latemoon/npc/miexin.c` | 55 |
| `d/latemoon/npc/shenwei.c` | 55 |
| `d/latemoon/npc/mieming.c` | 55 |
| `d/zhenwu/npc/luxinian.c` | 55 |
| `d/zhenwu/npc/biyong.c` | 50 |
| `d/waterfog/npc/centipede.c` | 60 |

---

### 總結
- 主套件 26 個 FAIL 主要是房間 inherit 缺失（城隍廟/小廟未用 TEMPLE inherit）和 4 個單向出口問題
- `aggressive` 用法全部合規
- Skill daemon 全部合規
- **20 個 lv50+ NPC 需要補上 `set_temp("apply/vision_of_ghost", 1)`**
[0;32m[OK][0m Static validation
[0;34m[18:11:46][0m Pipeline complete: 5 ok, 0 warnings.
