Round 9 - Sat Mar 21 18:28:48 UTC 2026
[0;34m[18:28:48][0m Using git remote: origin
[0;34m[18:28:48][0m Pulling latest changes...
From github.com:Transformer666/es2_mudlib
 * branch            main       -> FETCH_HEAD
Already up to date.

=========================================
  ES2 Agent Pipeline v2
  Phase: all
  Start: 2026-03-21 18:28:48
=========================================

[0;34m[18:28:50][0m === Phase: Analyze (bash-native, no agent) ===
[0;34m[18:28:51][0m Analyze complete:
[0;34m[18:28:51][0m   Races: 11/11 | Classes: 9/7 | Sects: 18/18
[0;34m[18:28:51][0m   Skills: 75 (missing: 40) | Rooms: 484 | NPCs: 288
[0;34m[18:28:51][0m   Quests: 14 | Equipment: 282
[0;34m[18:28:51][0m   Total missing: 40
[0;32m[OK][0m Analyze phase
[0;34m[18:28:51][0m === Phase: Build ===
[0;34m[18:28:51][0m Step: Audit area: stub_towns


**stub_towns: complete**

所有 8 個城鎮 stub 區域都已通過審查，沒有缺少的內容：

| 城鎮 | 廣場 | 街道x2 | 客棧(INN) | 商店 | 城門 | 城隍廟(TEMPLE) | 客棧老闆 | 守衛 | 商人 |
|------|------|--------|-----------|------|------|----------------|----------|------|------|
| 龍安 (longan) | ✓ | ✓ (3) | ✓ | ✓ | ✓ | ✓ | ✓ | ✓ | ✓ |
| 京畿 (jingji) | ✓ | ✓ (2) | ✓ | ✓ | ✓ | ✓ | ✓ | ✓ | ✓ |
| 康平 (kangping) | ✓ | ✓ (2) | ✓ | ✓ | ✓ | ✓ | ✓ | ✓ | ✓ |
| 三掩 (sanyen) | ✓ | ✓ (2) | ✓ | ✓ | ✓ | ✓ | ✓ | ✓ | ✓ |
| 喬陰 (choyin) | ✓ | ✓ (2) | ✓ | ✓ | ✓ (2門) | ✓ | ✓ | ✓ | ✓ |
| 離/李家村 (lee) | ✓ | ✓ (2) | ✓ | ✓ | ✓ (r2.c) | ✓ | ✓ | ✓ | ✓ |
| 百花 (baihua) | ✓ | ✓ (2) | ✓ | ✓ | ✓ | ✓ (shrine.c) | ✓ | ✓ | ✓ |
| 衛國 (weiguo) | ✓ | ✓ (2) | ✓ | ✓ | ✓ | ✓ | ✓ | ✓ | ✓ |

驗證項目：
- 所有客棧正確 `inherit INN` 且設有 `valid_startroom` 和 `no_fight`
- 所有城隍廟/祠堂正確 `inherit TEMPLE`
- 所有出口雙向連結正常
- 所有 `set("objects")` 引用的 NPC 檔案都存在

不需要建立任何新檔案。
[0;32m[OK][0m Audit area: stub_towns
[0;34m[18:31:25][0m Step: Audit skills
## 審查結果

### 1. 門派技能引用 vs 技能 Daemon 對照

| 技能名稱 | 門派 | Daemon 檔案 | 狀態 |
|----------|------|------------|------|
| amazing needle | 武陀 | amazing_needle.c | ✅ |
| dagger | 瑯夷/隱教 | dagger.c | ✅ |
| diamond hammer | 白象寺 | diamond_hammer.c | ✅ |
| fengshan sword | 封山派 | fengshan_sword.c | ✅ |
| five defeat needle | 武陀 | five_defeat_needle.c | ✅ |
| lengmei sword | 冷梅莊 | lengmei_sword.c | ✅ |
| longttu neigong | 龍圖 | longttu_neigong.c | ✅ |
| maoshan neigong | 茅山派 | maoshan_neigong.c | ✅ |
| maoshan sword | 茅山派 | maoshan_sword.c | ✅ |
| needle | 劍甲門/龍圖 | needle.c | ✅ |
| phantom sword | 天邪派 | phantom_sword.c | ✅ |
| pike | 振武軍營 | pike.c | ✅ |
| staff | 寶蓮寺/白象寺 | staff.c | ✅ |
| sword | 哭笑門/劍甲門/玄天教/雪吟莊 | sword.c | ✅ |
| tactic | 振武軍營 | tactic.c | ✅ |
| taiyi sword | 天師派 | taiyi_sword.c | ✅ |
| taoshan milu | 茅山派 | taoshan_milu.c | ✅ |
| three rotations | 步玄派 | three_rotations.c | ✅ |
| tiger blade | 虎刀門 | tiger_blade.c | ✅ |
| ziwei neigong | 天師派 | ziwei_neigong.c | ✅ |

### 2. 完整性檢查

- **skill_improved**: 全部 75 個 skill daemon 皆有 ✅
- **skill_advanced**: 全部 75 個 skill daemon 皆有 ✅
- **戰鬥技能 actions >= 6**: 全部 16 個門派戰鬥技能皆達標 ✅
- **內功函數** (do_exercise/halt_exercise/exert_function): 3 個內功皆完整 ✅

### 3. 總結

- **缺少的技能: 0 個** — 所有 20 個門派引用的技能都有對應的 daemon 檔案
- **不完整的技能: 0 個** — 所有 daemon 都通過完整性檢查
- **本次建立: 0 個**
- **剩餘待處理: 0 個**

所有門派的技能 daemon 完整無缺，無需建立新檔案。
[0;32m[OK][0m Audit skills
[0;34m[18:32:21][0m Step: Audit quests
## 任務系統完整性審查結果

### 現有任務統計

共有 **15 個任務** 已完整實作（含 quest flag + gain_score + pending 追蹤）：

#### 雪亭鎮 — 9 個任務（含 7 謎全部完成 + 2 額外）

| # | 謎題 | quest flag | NPC/房間 | 獎勵 |
|---|------|-----------|---------|------|
| 1 | 阿寶在老榕樹等的人是誰？ | `arbao_letter_done` | arbao.c | 80 分 |
| 2 | 瞎眼婆婆的真實身分？ | `gammer_identity_done` | gammer.c | 120 分 |
| 3 | 貨棧搬箱子算不算勞動？ | `foreman_crate_done` | foreman.c | 50 分 |
| 4 | 驛站遺失了幾封信？ | `postman_delivery_done` | postman.c | 100 分 |
| 5 | 想不想加入振武軍營？ | `recruiter_enlist_done` | recruiter.c | 50 分 |
| 6 | 破舊的老宅裡藏了什麼？ | `manor_secret_done` | manor_cellar.c | 60 分 |
| 7 | 黑袍老人的女兒去了哪裡？ | `darkrobe_daughter_done` | darkrobe.c + girl.c | 150 分 |
| - | 老乞丐（額外任務） | `old_beggar_done` | old_beggar.c | 200 分 |
| - | 護鏢（額外任務） | `escort_guide_done` | escort.c | 30 分 |

#### 五堂鎮 — 6 個任務（6 謎全部完成）

| # | 謎題 | quest flag | NPC/房間 | 獎勵 |
|---|------|-----------|---------|------|
| 1 | 飲血丟在了哪裡？ | `yinxue_found_done` | river_bend.c | 120 分 |
| 2 | 巫山之中神秘雕像有何秘密？ | `wushan_statue_done` | wushan_secret.c | 200 分 |
| 3 | 郭布要收的徒弟在哪裡？ | `guobu_apprentice_done` | guobu.c + boy.c | 80 分 |
| 4 | 鎮天神廟內藏著誰？ | `temple_master_done` | temple_master.c | 150 分 |
| 5 | 別館內的欽差來五堂要做甚麼？ | `inspector_case_done` | inspector.c + storyteller.c | 80 分 |
| 6 | 過河的船在哪裡？ | `ferryman_guide_done` | ferryman.c | 50 分 |

### 任務架構一致性

所有 15 個任務都遵循統一模式：
- `pending/<quest_id>` (set_temp) 追蹤進度階段
- `quest/<quest_id>_done` (set) 標記永久完成
- `gain_score("quest", N)` 給予獎勵
- NPC 透過 `init()` 或 `relay_say()` 觸發對話
- NPC 均已透過 `set("objects", ...)` 載入對應房間

### 結論

**已有 15 個任務，雪亭鎮 7 謎 + 五堂鎮 6 謎全部已實作完成，本次新增 0 個。** 任務系統完整，無缺漏。
[0;32m[OK][0m Audit quests
[0;34m[18:33:37][0m === Phase: Validate ===
[0;34m[18:33:37][0m Step: Static validation
## 靜態驗證報告

### 主測試結果
- **PASS: 3562** / **FAIL: 26** / **WARN: 46**

### 額外檢查

| 檢查項目 | 結果 |
|---|---|
| `set("aggressive", 1)` 誤用 | **PASS** — 0 個匹配，全部正確使用 `attitude` |
| `skill_improved` 存在於所有 skill daemon | **PASS** — 75/75 skill daemon 均有 `skill_improved` |
| lv50+ 掌門有 `vision_of_ghost` | **FAIL** — 2 個缺失（見下方） |

### 需要修復的問題

**Room inherit 缺失 (部分):**
- `d/longan/temple` — 城隍廟應 inherit TEMPLE
- `d/snow/bazar` — 缺少 Room inherit
- `d/snow/small_temple` — 缺少 Room inherit

**雙向出口斷裂 (4 處):**
- `d/snow/ngate`: northwest→entrance 缺少 southeast 回來
- `d/snow/tree`: down→square 缺少 up 回來
- `d/snow/mountain_road2`: west→mountain_path 缺少 east 回來
- `d/snow/gate`: west→watchtower 缺少 east 回來

**lv50+ 掌門缺少 `vision_of_ghost` (2 處):**
- `d/hudao/npc/sunyi.c` (lv55)
- `d/tianxie/npc/daxiedaoren.c` (lv75)
[0;32m[OK][0m Static validation
[0;34m[18:35:25][0m Pipeline complete: 5 ok, 0 warnings.
[main 325aa4e] feat: auto-implement content via pipeline v2 [2026-03-21 18:35:25]
 4 files changed, 351 insertions(+), 1 deletion(-)
 create mode 100644 docs/loop_logs/round_20260321_182848.log
To github.com:Transformer666/es2_mudlib.git
   0d1f9c4..325aa4e  main -> main
[0;32m[OK][0m Final commit pushed to origin.

=========================================
  Pipeline complete!
  Completed: 6 | Warnings: 0
  End: 2026-03-21 18:35:25
=========================================
