Round 45 - Fri Mar 20 15:43:08 UTC 2026
[0;34m[15:43:08][0m Using git remote: origin
[0;34m[15:43:08][0m Pulling latest changes...
From github.com:Transformer666/es2_mudlib
 * branch            main       -> FETCH_HEAD
Already up to date.

=========================================
  ES2 Agent Pipeline v2
  Phase: all
  Start: 2026-03-20 15:43:08
=========================================

[0;34m[15:43:10][0m === Phase: Analyze ===
[0;34m[15:43:10][0m Step: Scan existing content
掃描完成。以下是摘要：

| 類別 | 需求 | 已有 | 缺少 |
|------|------|------|------|
| 種族 | 11 | 11 | 0 |
| 職業 | 7 | 7+2 | 0 |
| 門派 daemon | 18 | 18 | tianyue (天月庵) daemon 未建 |
| 技能 | — | 75 | — |
| 區域 | — | 54 | 22 個地圖地點未建 |
| 房間 | — | 459 | — |
| NPC | — | 268 | — |
| NPC 裝備 | — | 124 | — |
| 任務 | 15 | 0 | 全部（雪亭7謎 + 五堂6謎 + 十三靈2） |

主要缺口：
- **tianyue 門派 daemon** — 區域和 NPC 都存在，只缺 `daemon/sect/tianyue.c`
- **任務系統** — 0/15 任務已實作
- **8 個 stub 城鎮**需要擴充（longan, jingji, kangping, sanyen, lee, choyin, baihua, weiguo）
- **22 個地圖地點**尚未建置（真郡大山、太乙殿、風城等）
[0;32m[OK][0m Scan existing content
