Round 83 - Sat Mar 21 12:56:03 UTC 2026
[0;34m[12:56:03][0m Using git remote: origin
[0;34m[12:56:03][0m Pulling latest changes...
From github.com:Transformer666/es2_mudlib
 * branch            main       -> FETCH_HEAD
Already up to date.

=========================================
  ES2 Agent Pipeline v2
  Phase: all
  Start: 2026-03-21 12:56:03
=========================================

[0;34m[12:56:06][0m === Phase: Analyze (bash-native, no agent) ===
[0;34m[12:56:07][0m Analyze complete:
[0;34m[12:56:07][0m   Races: 11/11 | Classes: 9/7 | Sects: 18/18
[0;34m[12:56:07][0m   Skills: 75 (missing: 40) | Rooms: 483 | NPCs: 287
[0;34m[12:56:07][0m   Quests: 14 | Equipment: 282
[0;34m[12:56:07][0m   Total missing: 40
[0;32m[OK][0m Analyze phase
[0;34m[12:56:07][0m === Phase: Build ===
[0;34m[12:56:07][0m Step: Audit area: stub_towns
## stub towns: complete

所有 8 個 stub 城鎮都已具備完整內容。以下是審查摘要：

### 城鎮需求檢查表

| 城鎮 | 廣場 | 街道x2 | 客棧(INN) | 商店 | 城門 | 廟(TEMPLE) | 客棧老闆 | 守衛 | 商人(VENDOR) |
|------|:----:|:------:|:---------:|:----:|:----:|:----------:|:--------:|:----:|:------------:|
| longan 龍安 | ✅ | ✅ | ✅ | ✅ | ✅ | ✅ | ✅ | ✅ | ✅ x4 |
| jingji 京畿 | ✅ | ✅ | ✅ | ✅ | ✅ | ✅ | ✅ | ✅ | ✅ x2 |
| kangping 康平 | ✅ | ✅ | ✅ | ✅ | ✅ | ✅ | ✅ | ✅ | ✅ x2 |
| sanyen 三掩 | ✅ | ✅ | ✅ | ✅ | ✅ | ✅ | ✅ | ✅ | ✅ x3 |
| lee 李家村 | ✅ | ✅ | ✅ | ✅ | ✅ | ✅ | ✅ | ✅ | ✅ x2 |
| choyin 喬陰 | ✅ | ✅ | ✅ | ✅ | ✅ | ✅ | ✅ | ✅ | ✅ x3 |
| baihua 百花 | ✅ | ✅ | ✅ | ✅ | ✅ | ✅ | ✅ | ✅ | ✅ x4 |
| weiguo 衛國 | ✅ | ✅ | ✅ | ✅ | ✅ | ✅ | ✅ | ✅ | ✅ x3 |

### 統計

| 城鎮 | 房間數 | NPC數 | 物品數 |
|------|:------:|:-----:|:------:|
| longan | 14 | 12 | 2 |
| jingji | 13 | 10 | 3 |
| kangping | 13 | 11 | 0 |
| sanyen | 11 | 8 | 2 |
| lee | 9 | 6 | 2 |
| choyin | 11 | 8 | 4 |
| baihua | 11 | 8 | 3 |
| weiguo | 12 | 9 | 3 |

### 出口雙向連結
- 所有內部房間出口：✅ 雙向連結
- 所有外部連接（road、oldpine、heifeng、snow、wutang、jail、baolian）：✅ 雙向連結

所有 8 個 stub 城鎮均符合城鎮類型要求，無需建立新檔案。
[0;32m[OK][0m Audit area: stub_towns
[0;34m[12:59:39][0m Step: Audit skills
## 技能 Daemon 完整性審查結果

### 1. 門派引用的技能（20 個唯一技能）

| 門派 | 引用技能 |
|------|---------|
| 虎刀門 | tiger blade |
| 寶蓮寺 | staff |
| 封山派 | fengshan sword |
| 哭笑門 | sword |
| 劍甲門 | sword, needle |
| 龍圖 | longttu neigong, needle |
| 白象寺 | diamond hammer, staff |
| 冷梅莊 | lengmei sword |
| 瑯夷 | dagger |
| 步玄派 | three rotations |
| 隱教 | dagger |
| 玄天教 | sword |
| 振武軍營 | tactic, pike |
| 茅山派 | maoshan sword, maoshan neigong, taoshan milu |
| 天師派 | taiyi sword, ziwei neigong |
| 雪吟莊 | sword |
| 天邪派 | phantom sword |
| 武陀 | five defeat needle, amazing needle |

### 2. Daemon 檔案對應檢查

全部 20 個技能皆有對應的 `mudlib/daemon/skill/<name>.c` 檔案。

### 3. skill_improved / skill_advanced 檢查

全部 78 個 skill daemon 均包含 `skill_improved()` 和 `skill_advanced()` 函數。

### 4. 戰鬥技能 actions 數量檢查

所有戰鬥技能均有 **6 個以上** actions（最多 8 個），符合規範。內功/被動技能（如 neigong、force、steps 等）不需要 actions，為 0 是正確的。

### 5. 審查結論

- **缺少：0 個** — 所有門派引用的技能都有對應 daemon
- **不完整：0 個** — 所有 daemon 都有 skill_improved 和 skill_advanced，戰鬥技能都有 ≥6 actions
- **本次建立：0 個**
- **剩餘待處理：0 個**

技能 daemon 系統完整，無需修補。
[0;32m[OK][0m Audit skills
[0;34m[13:01:18][0m Step: Audit quests
## 任務系統完整性審查結果

### 現有 Quest Flag 總覽

掃描所有 `quest/` flag，排除拜師系統：

**雪亭鎮（9 個任務）：**

| # | 謎題 | Quest Flag | NPC/檔案 | 狀態 |
|---|------|-----------|----------|------|
| 1 | 阿寶在老榕樹等的人是誰？ | `quest/arbao_letter_done` | arbao.c | ✓ 已實作 |
| 2 | 瞎眼婆婆的真實身分？ | `quest/gammer_identity_done` | gammer.c | ✓ 已實作 |
| 3 | 貨棧搬箱子算不算勞動？ | `quest/foreman_crate_done` | foreman.c | ✓ 已實作 |
| 4 | 驛站遺失了幾封信？ | `quest/postman_delivery_done` | postman.c | ✓ 已實作 |
| 5 | 想不想加入振武軍營？ | `quest/recruiter_enlist_done` | recruiter.c | ✓ 已實作 |
| 6 | 破舊的老宅裡藏了什麼？ | `quest/manor_secret_done` | manor_cellar.c | ✓ 已實作 |
| 7 | 黑袍老人的女兒去了哪裡？ | `quest/darkrobe_daughter_done` | darkrobe.c + girl.c | ✓ 已實作 |
| - | （額外）老乞婆三物品任務 | `quest/old_beggar_done` | old_beggar.c | ✓ 已實作 |
| - | （額外）老鏢師指引任務 | `quest/escort_guide_done` | escort.c | ✓ 已實作 |

**五堂鎮（6 個任務）：**

| # | 謎題 | Quest Flag | NPC/檔案 | 狀態 |
|---|------|-----------|----------|------|
| 1 | 飲血丟在了哪裡？ | `quest/yinxue_found_done` | river_bend.c | ✓ 已實作 |
| 2 | 巫山之中神秘雕像有何秘密？ | `quest/wushan_statue_done` | wushan_secret.c | ✓ 已實作 |
| 3 | 郭布要收的徒弟在哪裡？ | `quest/guobu_apprentice_done` | guobu.c + boy.c | ✓ 已實作 |
| 4 | 鎮天神廟內藏著誰？ | `quest/temple_master_done` | temple_master.c | ✓ 已實作 |
| 5 | 別館內的欽差來五堂要做甚麼？ | `quest/inspector_case_done` | inspector.c + storyteller.c | ✓ 已實作 |
| 6 | 過河的船在哪裡？ | `quest/ferryman_guide_done` | ferryman.c | ✓ 已實作 |

### 任務機制驗證

所有任務都正確使用了標準模式：
- `pending/<quest_id>` — 追蹤進度階段
- `quest/<quest_id>_done` — 標記完成
- `gain_score("quest", N)` — 給予獎勵分數
- NPC 通過 `relay_say` / `init` / `accept_object` 觸發

### 結論

- **已有 15 個任務**（雪亭鎮 7 謎 + 2 額外 = 9，五堂鎮 6 謎 = 6）
- **本次新增 0 個** — wiki 中「雪亭鎮 7 謎」和「五堂鎮 6 謎」全部已有對應任務實作，無缺漏。
[0;32m[OK][0m Audit quests
[0;34m[13:02:37][0m === Phase: Validate ===
[0;34m[13:02:37][0m Step: Static validation
## 靜態驗證報告

### 主測試套件
| 項目 | 數量 |
|------|------|
| **PASS** | 3556 |
| **FAIL** | 25 |
| **WARN** | 46 |

### 額外檢查

**1. `set("aggressive", 1)` 誤用** — **PASS** (0 matches)
所有 NPC 皆正確使用 `set("attitude", "aggressive")`。

**2. skill daemon 含 `skill_improved`** — **PASS** (75/75)
全部 75 個 skill daemon 都包含 `skill_improved`。

**3. lv50+ 掌門含 `vision_of_ghost`** — **FAIL** (2 缺失)

| NPC | 等級 | vision_of_ghost |
|-----|------|-----------------|
| `d/tianxie/npc/daxiedaoren.c` | 75 | **缺失** |
| `d/hudao/npc/sunyi.c` | 55 | **缺失** |

其餘 16 位 lv50+ 掌門皆已設定。

### 主要 FAIL 項目摘要（25 failures）
主要集中在：
- **Room inherit missing** — 部分房間（如 `d/longan/temple`、`d/snow/bazar`、`d/snow/small_temple`）缺少正確的 inherit
- **雙向出口缺失** — 4 個單向出口未正確回連（`ngate→entrance`、`tree→square`、`mountain_road2→mountain_path`、`gate→watchtower`）

完整報告已寫入 `docs/test_report.md`。
[0;32m[OK][0m Static validation
[0;34m[13:04:31][0m Pipeline complete: 5 ok, 0 warnings.
