Round 57 - Sat Mar 21 06:34:07 UTC 2026
[0;34m[06:34:07][0m Using git remote: origin
[0;34m[06:34:07][0m Pulling latest changes...
From github.com:Transformer666/es2_mudlib
 * branch            main       -> FETCH_HEAD
Already up to date.

=========================================
  ES2 Agent Pipeline v2
  Phase: all
  Start: 2026-03-21 06:34:07
=========================================

[0;34m[06:34:10][0m === Phase: Analyze (bash-native, no agent) ===
[0;34m[06:34:10][0m Analyze complete:
[0;34m[06:34:10][0m   Races: 11/11 | Classes: 9/7 | Sects: 18/18
[0;34m[06:34:10][0m   Skills: 75 (missing: 40) | Rooms: 483 | NPCs: 287
[0;34m[06:34:10][0m   Quests: 14 | Equipment: 282
[0;34m[06:34:10][0m   Total missing: 40
[0;32m[OK][0m Analyze phase
[0;34m[06:34:10][0m === Phase: Build ===
[0;34m[06:34:10][0m Step: Audit area: stub_towns
`stub_towns` 不是一個實際的目錄 — 它是 pipeline 中的概念，指「已有目錄但內容不完整的城鎮」。根據 `docs/missing_content.json` 第 17 行：

```json
"areas": { "implemented": 54, "stub_towns": [] }
```

**`stub_towns` 列表為空** — pipeline 認為目前沒有不完整的城鎮區域。

`mudlib/d/stub_towns/` 這個目錄也不存在。

如果你想要我審查某個特定區域（例如 `snow`、`wutang`、`choyin` 等）的完整性，請告訴我要審查哪個區域。或者我可以掃描所有城鎮區域找出實際缺少內容的。
[0;32m[OK][0m Audit area: stub_towns
[0;34m[06:34:44][0m Step: Audit skills
## 技能 Daemon 完整性審查結果

### 1. 門派引用的技能（20 個）

全部 20 個技能都有對應的 daemon 檔案。

### 2. 完整性檢查

| 技能 | 門派 | 類型 | skill_improved | skill_advanced | actions |
|------|------|------|:-:|:-:|:-:|
| amazing_needle | 武陀 | 戰鬥 | OK | OK | 6 |
| dagger | 瑯夷/隱教 | 戰鬥 | OK | OK | 6 |
| diamond_hammer | 白象寺 | 戰鬥 | OK | OK | 6 |
| fengshan_sword | 封山派 | 戰鬥 | OK | OK | 6 |
| five_defeat_needle | 武陀 | 戰鬥 | OK | OK | 6 |
| lengmei_sword | 冷梅莊 | 戰鬥 | OK | OK | 6 |
| maoshan_sword | 茅山派 | 戰鬥 | OK | OK | 6 |
| needle | 劍甲/龍圖 | 戰鬥 | OK | OK | 6 |
| phantom_sword | 天邪派 | 戰鬥 | OK | OK | 6 |
| pike | 振武 | 戰鬥 | OK | OK | 7 |
| staff | 白象/寶蓮 | 戰鬥 | OK | OK | 6 |
| sword | 多門派共用 | 戰鬥 | OK | OK | 8 |
| tactic | 振武 | 戰鬥 | OK | OK | 6 |
| taiyi_sword | 天師派 | 戰鬥 | OK | OK | 6 |
| three_rotations | 步玄派 | 戰鬥 | OK | OK | 6 |
| tiger_blade | 虎刀門 | 戰鬥 | OK | OK | 6 |
| longttu_neigong | 龍圖丹派 | 內功 | OK | OK | N/A |
| maoshan_neigong | 茅山派 | 內功 | OK | OK | N/A |
| taoshan_milu | 茅山派 | 內功 | OK | OK | N/A |
| ziwei_neigong | 天師派 | 內功 | OK | OK | N/A |

### 3. 結論

- **缺少：0 個** — 所有門派引用的技能都有對應 daemon
- **不完整：0 個** — 所有 daemon 都有 `skill_improved` + `skill_advanced`，所有戰鬥技能都有 ≥6 個 actions
- **本次建立：0 個**
- **剩餘待處理：0 個**

所有門派技能 daemon 完整無缺。
[0;32m[OK][0m Audit skills
[0;34m[06:36:10][0m Step: Audit quests
## 任務系統審查結果

### 掃描完成

**quest/ flag 使用統計：**

| 區域 | quest flag | NPC/房間 |
|------|-----------|---------|
| 雪亭鎮 | `quest/arbao_letter_done` | arbao.c (阿寶送信) |
| | `quest/gammer_identity_done` | gammer.c (瞎眼婆婆身份) |
| | `quest/foreman_crate_done` | foreman.c (搬箱子) |
| | `quest/postman_delivery_done` | postman.c (驛站送信) |
| | `quest/recruiter_enlist_done` | recruiter.c (軍營招兵) |
| | `quest/manor_secret_done` | manor_cellar.c (老宅暗格) |
| | `quest/darkrobe_daughter_done` | darkrobe.c + girl.c (黑袍老人女兒) |
| | `quest/old_beggar_done` | old_beggar.c (老乞婆三階段跑腿) |
| | `quest/escort_guide_done` | escort.c (老鏢師指路) |
| 五堂鎮 | `quest/ferryman_guide_done` | ferryman.c (渡船) |
| | `quest/guobu_apprentice_done` | guobu.c + boy.c (收徒) |
| | `quest/inspector_case_done` | inspector.c + storyteller.c (欽差查案) |
| | `quest/wushan_statue_done` | wushan_secret.c (巫山雕像) |
| | `quest/yinxue_found_done` | river_bend.c + storyteller.c (飲血) |
| | `quest/temple_master_done` | temple_master.c (神殿住持) |

**pending/ flag 使用：** 所有 pending flag 均用於兩類用途：
1. **拜師系統** — 各門派 master 的 `pending/<master_id>` (xueyin, longttu, lengmei, fengshan, tianxie, buxuan, jianjia, baolian, tianshi, yinjiao, recruiter)
2. **任務進度追蹤** — 上述 15 個任務的多階段 pending 標記

---

### 謎題比對

**雪亭鎮 7 謎 — 全部已實作：**
1. 阿寶在老榕樹等的人是誰？ → `arbao_letter_done` (80 pts)
2. 瞎眼婆婆的真實身分？ → `gammer_identity_done` (120 pts)
3. 貨棧搬箱子算不算勞動？ → `foreman_crate_done` (50 pts)
4. 驛站遺失了幾封信？ → `postman_delivery_done` (100 pts)
5. 想不想加入振武軍營？ → `recruiter_enlist_done` (50 pts)
6. 破舊的老宅裡藏了什麼？ → `manor_secret_done` (60 pts)
7. 黑袍老人的女兒去了哪裡？ → `darkrobe_daughter_done` (150 pts)

**五堂鎮 6 謎 — 全部已實作：**
1. 飲血丟在了哪裡？ → `yinxue_found_done` (120 pts)
2. 巫山之中神秘雕像有何秘密？ → `wushan_statue_done` (200 pts)
3. 郭布要收的徒弟在哪裡？ → `guobu_apprentice_done` (80 pts)
4. 鎮天神廟內藏著誰？ → `temple_master_done` (150 pts)
5. 別館內的欽差來五堂要做甚麼？ → `inspector_case_done` (80 pts)
6. 過河的船在哪裡？ → `ferryman_guide_done` (50 pts)

---

### 結論

**已有 15 個任務，本次新增 0 個。**

所有 13 個城鎮謎題均已有對應的任務實作，另外還有 2 個額外任務（老乞婆、老鏢師）。每個任務都遵循正確的模式：
- `pending/<id>` 追蹤進度
- `quest/<id>_done` 標記完成
- `gain_score("quest", N)` 給予獎勵（30-200 分不等）
- NPC 已載入到對應房間

任務系統完整，無缺漏。
[0;32m[OK][0m Audit quests
[0;34m[06:37:43][0m === Phase: Validate ===
[0;34m[06:37:43][0m Step: Static validation
## 靜態驗證報告

### 主測試套件
| 項目 | 數量 |
|------|------|
| **PASS** | 3557 |
| **FAIL** | 24 |
| **WARN** | 46 |

主要失敗項包括：
- **Room inherit 缺失**：`d/longan/temple`、`d/snow/bazar`、`d/snow/small_temple` 等
- **雙向出口缺失**（4 個）：
  - `ngate`: northwest → entrance 缺 southeast 回程
  - `tree`: down → square 缺 up 回程
  - `mountain_road2`: west → mountain_path 缺 east 回程
  - `gate`: west → watchtower 缺 east 回程

### 額外檢查

| 檢查項 | 結果 |
|--------|------|
| `set("aggressive", 1)` 誤用 | **PASS** — 0 筆，全部正確使用 attitude |
| skill daemon 含 `skill_improved` | **PASS** — 全部 75 個 daemon 皆有（count ≥ 1）|
| lv50+ 掌門有 `vision_of_ghost` | **FAIL** — 2 個缺失 |

### 缺少 vision_of_ghost 的掌門

1. **`d/tianxie/npc/daxiedaoren.c`** — lv75，無 `vision_of_ghost`
2. **`d/hudao/npc/sunyi.c`** — lv55，無 `vision_of_ghost`

完整報告已輸出至 `docs/test_report.md`。
[0;32m[OK][0m Static validation
[0;34m[06:39:33][0m Pipeline complete: 5 ok, 0 warnings.
